[2025-10-20T19:12:06.783+0000] {taskinstance.py:1083} INFO - Dependencies all met for <TaskInstance: global_earthquake_tsunami_risk_assessment.evaluate_optimal_cluster_elbow manual__2025-10-20T19:11:59.545205+00:00 [queued]>
[2025-10-20T19:12:06.786+0000] {taskinstance.py:1083} INFO - Dependencies all met for <TaskInstance: global_earthquake_tsunami_risk_assessment.evaluate_optimal_cluster_elbow manual__2025-10-20T19:11:59.545205+00:00 [queued]>
[2025-10-20T19:12:06.786+0000] {taskinstance.py:1279} INFO - 
--------------------------------------------------------------------------------
[2025-10-20T19:12:06.786+0000] {taskinstance.py:1280} INFO - Starting attempt 1 of 1
[2025-10-20T19:12:06.786+0000] {taskinstance.py:1281} INFO - 
--------------------------------------------------------------------------------
[2025-10-20T19:12:06.791+0000] {taskinstance.py:1300} INFO - Executing <Task(PythonOperator): evaluate_optimal_cluster_elbow> on 2025-10-20 19:11:59.545205+00:00
[2025-10-20T19:12:06.793+0000] {standard_task_runner.py:55} INFO - Started process 853 to run task
[2025-10-20T19:12:06.795+0000] {standard_task_runner.py:82} INFO - Running: ['***', 'tasks', 'run', 'global_earthquake_tsunami_risk_assessment', 'evaluate_optimal_cluster_elbow', 'manual__2025-10-20T19:11:59.545205+00:00', '--job-id', '6', '--raw', '--subdir', 'DAGS_FOLDER/***.py', '--cfg-path', '/tmp/tmp5a02jgr4']
[2025-10-20T19:12:06.796+0000] {standard_task_runner.py:83} INFO - Job 6: Subtask evaluate_optimal_cluster_elbow
[2025-10-20T19:12:06.817+0000] {task_command.py:388} INFO - Running <TaskInstance: global_earthquake_tsunami_risk_assessment.evaluate_optimal_cluster_elbow manual__2025-10-20T19:11:59.545205+00:00 [running]> on host d4ec3fac2311
[2025-10-20T19:12:06.842+0000] {taskinstance.py:1509} INFO - Exporting the following env vars:
AIRFLOW_CTX_DAG_OWNER=sreevarshan
AIRFLOW_CTX_DAG_ID=global_earthquake_tsunami_risk_assessment
AIRFLOW_CTX_TASK_ID=evaluate_optimal_cluster_elbow
AIRFLOW_CTX_EXECUTION_DATE=2025-10-20T19:11:59.545205+00:00
AIRFLOW_CTX_TRY_NUMBER=1
AIRFLOW_CTX_DAG_RUN_ID=manual__2025-10-20T19:11:59.545205+00:00
[2025-10-20T19:12:06.843+0000] {python.py:177} INFO - Done. Returned value was: 3
[2025-10-20T19:12:06.850+0000] {taskinstance.py:1323} INFO - Marking task as SUCCESS. dag_id=global_earthquake_tsunami_risk_assessment, task_id=evaluate_optimal_cluster_elbow, execution_date=20251020T191159, start_date=20251020T191206, end_date=20251020T191206
[2025-10-20T19:12:06.891+0000] {local_task_job.py:208} INFO - Task exited with return code 0
[2025-10-20T19:12:06.899+0000] {taskinstance.py:2578} INFO - 0 downstream tasks scheduled from follow-on schedule check
