[2025-10-20T18:38:21.607+0000] {taskinstance.py:1083} INFO - Dependencies all met for <TaskInstance: your_python_dag.load_model_elbow manual__2025-10-20T18:38:14.846603+00:00 [queued]>
[2025-10-20T18:38:21.611+0000] {taskinstance.py:1083} INFO - Dependencies all met for <TaskInstance: your_python_dag.load_model_elbow manual__2025-10-20T18:38:14.846603+00:00 [queued]>
[2025-10-20T18:38:21.611+0000] {taskinstance.py:1279} INFO - 
--------------------------------------------------------------------------------
[2025-10-20T18:38:21.611+0000] {taskinstance.py:1280} INFO - Starting attempt 1 of 1
[2025-10-20T18:38:21.611+0000] {taskinstance.py:1281} INFO - 
--------------------------------------------------------------------------------
[2025-10-20T18:38:21.616+0000] {taskinstance.py:1300} INFO - Executing <Task(PythonOperator): load_model_elbow> on 2025-10-20 18:38:14.846603+00:00
[2025-10-20T18:38:21.618+0000] {standard_task_runner.py:55} INFO - Started process 1399 to run task
[2025-10-20T18:38:21.620+0000] {standard_task_runner.py:82} INFO - Running: ['***', 'tasks', 'run', 'your_python_dag', 'load_model_elbow', 'manual__2025-10-20T18:38:14.846603+00:00', '--job-id', '16', '--raw', '--subdir', 'DAGS_FOLDER/***.py', '--cfg-path', '/tmp/tmpsyzbvgaf']
[2025-10-20T18:38:21.622+0000] {standard_task_runner.py:83} INFO - Job 16: Subtask load_model_elbow
[2025-10-20T18:38:21.642+0000] {task_command.py:388} INFO - Running <TaskInstance: your_python_dag.load_model_elbow manual__2025-10-20T18:38:14.846603+00:00 [running]> on host a5e1af053224
[2025-10-20T18:38:21.669+0000] {taskinstance.py:1509} INFO - Exporting the following env vars:
AIRFLOW_CTX_DAG_OWNER=sreevarshan
AIRFLOW_CTX_DAG_ID=your_python_dag
AIRFLOW_CTX_TASK_ID=load_model_elbow
AIRFLOW_CTX_EXECUTION_DATE=2025-10-20T18:38:14.846603+00:00
AIRFLOW_CTX_TRY_NUMBER=1
AIRFLOW_CTX_DAG_RUN_ID=manual__2025-10-20T18:38:14.846603+00:00
[2025-10-20T18:38:21.670+0000] {python.py:177} INFO - Done. Returned value was: 3
[2025-10-20T18:38:21.678+0000] {taskinstance.py:1323} INFO - Marking task as SUCCESS. dag_id=your_python_dag, task_id=load_model_elbow, execution_date=20251020T183814, start_date=20251020T183821, end_date=20251020T183821
[2025-10-20T18:38:21.718+0000] {local_task_job.py:208} INFO - Task exited with return code 0
[2025-10-20T18:38:21.726+0000] {taskinstance.py:2578} INFO - 0 downstream tasks scheduled from follow-on schedule check
