[2025-10-20T18:38:17.806+0000] {taskinstance.py:1083} INFO - Dependencies all met for <TaskInstance: your_python_dag.build_save_model manual__2025-10-20T18:38:14.846603+00:00 [queued]>
[2025-10-20T18:38:17.809+0000] {taskinstance.py:1083} INFO - Dependencies all met for <TaskInstance: your_python_dag.build_save_model manual__2025-10-20T18:38:14.846603+00:00 [queued]>
[2025-10-20T18:38:17.809+0000] {taskinstance.py:1279} INFO - 
--------------------------------------------------------------------------------
[2025-10-20T18:38:17.809+0000] {taskinstance.py:1280} INFO - Starting attempt 1 of 1
[2025-10-20T18:38:17.809+0000] {taskinstance.py:1281} INFO - 
--------------------------------------------------------------------------------
[2025-10-20T18:38:17.814+0000] {taskinstance.py:1300} INFO - Executing <Task(PythonOperator): build_save_model> on 2025-10-20 18:38:14.846603+00:00
[2025-10-20T18:38:17.816+0000] {standard_task_runner.py:55} INFO - Started process 776 to run task
[2025-10-20T18:38:17.817+0000] {standard_task_runner.py:82} INFO - Running: ['***', 'tasks', 'run', 'your_python_dag', 'build_save_model', 'manual__2025-10-20T18:38:14.846603+00:00', '--job-id', '15', '--raw', '--subdir', 'DAGS_FOLDER/***.py', '--cfg-path', '/tmp/tmp3aq5co4h']
[2025-10-20T18:38:17.819+0000] {standard_task_runner.py:83} INFO - Job 15: Subtask build_save_model
[2025-10-20T18:38:17.847+0000] {task_command.py:388} INFO - Running <TaskInstance: your_python_dag.build_save_model manual__2025-10-20T18:38:14.846603+00:00 [running]> on host a5e1af053224
[2025-10-20T18:38:17.882+0000] {taskinstance.py:1509} INFO - Exporting the following env vars:
AIRFLOW_CTX_DAG_OWNER=sreevarshan
AIRFLOW_CTX_DAG_ID=your_python_dag
AIRFLOW_CTX_TASK_ID=build_save_model
AIRFLOW_CTX_EXECUTION_DATE=2025-10-20T18:38:14.846603+00:00
AIRFLOW_CTX_TRY_NUMBER=1
AIRFLOW_CTX_DAG_RUN_ID=manual__2025-10-20T18:38:14.846603+00:00
[2025-10-20T18:38:20.165+0000] {python.py:177} INFO - Done. Returned value was: [156764324.94559473, 100453288.90463684, 63079673.7039036, 52009749.864297196, 42276264.38900691, 36766117.74983503, 32494830.116813954, 28692270.335501783, 24842666.940346602, 21883740.44239084]
[2025-10-20T18:38:20.186+0000] {taskinstance.py:1323} INFO - Marking task as SUCCESS. dag_id=your_python_dag, task_id=build_save_model, execution_date=20251020T183814, start_date=20251020T183817, end_date=20251020T183820
[2025-10-20T18:38:20.252+0000] {local_task_job.py:208} INFO - Task exited with return code 0
[2025-10-20T18:38:20.263+0000] {taskinstance.py:2578} INFO - 1 downstream tasks scheduled from follow-on schedule check
