[2025-10-20T18:53:16.883+0000] {taskinstance.py:1083} INFO - Dependencies all met for <TaskInstance: global_earthquake_tsunami_risk_assessment.build_kmeans_risk_clusters manual__2025-10-20T18:53:14.083611+00:00 [queued]>
[2025-10-20T18:53:16.886+0000] {taskinstance.py:1083} INFO - Dependencies all met for <TaskInstance: global_earthquake_tsunami_risk_assessment.build_kmeans_risk_clusters manual__2025-10-20T18:53:14.083611+00:00 [queued]>
[2025-10-20T18:53:16.887+0000] {taskinstance.py:1279} INFO - 
--------------------------------------------------------------------------------
[2025-10-20T18:53:16.887+0000] {taskinstance.py:1280} INFO - Starting attempt 1 of 1
[2025-10-20T18:53:16.887+0000] {taskinstance.py:1281} INFO - 
--------------------------------------------------------------------------------
[2025-10-20T18:53:16.891+0000] {taskinstance.py:1300} INFO - Executing <Task(PythonOperator): build_kmeans_risk_clusters> on 2025-10-20 18:53:14.083611+00:00
[2025-10-20T18:53:16.894+0000] {standard_task_runner.py:55} INFO - Started process 123 to run task
[2025-10-20T18:53:16.895+0000] {standard_task_runner.py:82} INFO - Running: ['***', 'tasks', 'run', 'global_earthquake_tsunami_risk_assessment', 'build_kmeans_risk_clusters', 'manual__2025-10-20T18:53:14.083611+00:00', '--job-id', '29', '--raw', '--subdir', 'DAGS_FOLDER/***.py', '--cfg-path', '/tmp/tmpnsjxxin9']
[2025-10-20T18:53:16.897+0000] {standard_task_runner.py:83} INFO - Job 29: Subtask build_kmeans_risk_clusters
[2025-10-20T18:53:16.917+0000] {task_command.py:388} INFO - Running <TaskInstance: global_earthquake_tsunami_risk_assessment.build_kmeans_risk_clusters manual__2025-10-20T18:53:14.083611+00:00 [running]> on host a5e1af053224
[2025-10-20T18:53:16.951+0000] {taskinstance.py:1509} INFO - Exporting the following env vars:
AIRFLOW_CTX_DAG_OWNER=sreevarshan
AIRFLOW_CTX_DAG_ID=global_earthquake_tsunami_risk_assessment
AIRFLOW_CTX_TASK_ID=build_kmeans_risk_clusters
AIRFLOW_CTX_EXECUTION_DATE=2025-10-20T18:53:14.083611+00:00
AIRFLOW_CTX_TRY_NUMBER=1
AIRFLOW_CTX_DAG_RUN_ID=manual__2025-10-20T18:53:14.083611+00:00
[2025-10-20T18:53:19.974+0000] {python.py:177} INFO - Done. Returned value was: [156764324.94559473, 100453288.90463683, 63079673.70390361, 52009749.8642972, 42276264.389006905, 36766117.74983504, 32494830.116813954, 28692270.335501783, 24842666.940346602, 21883740.442390844]
[2025-10-20T18:53:19.995+0000] {taskinstance.py:1323} INFO - Marking task as SUCCESS. dag_id=global_earthquake_tsunami_risk_assessment, task_id=build_kmeans_risk_clusters, execution_date=20251020T185314, start_date=20251020T185316, end_date=20251020T185319
[2025-10-20T18:53:20.068+0000] {local_task_job.py:208} INFO - Task exited with return code 0
[2025-10-20T18:53:20.087+0000] {taskinstance.py:2578} INFO - 1 downstream tasks scheduled from follow-on schedule check
