[2025-10-20T18:48:48.034+0000] {taskinstance.py:1083} INFO - Dependencies all met for <TaskInstance: global_earthquake_tsunami_risk_assessment.load_model_elbow manual__2025-10-20T18:48:39.645312+00:00 [queued]>
[2025-10-20T18:48:48.037+0000] {taskinstance.py:1083} INFO - Dependencies all met for <TaskInstance: global_earthquake_tsunami_risk_assessment.load_model_elbow manual__2025-10-20T18:48:39.645312+00:00 [queued]>
[2025-10-20T18:48:48.037+0000] {taskinstance.py:1279} INFO - 
--------------------------------------------------------------------------------
[2025-10-20T18:48:48.037+0000] {taskinstance.py:1280} INFO - Starting attempt 1 of 1
[2025-10-20T18:48:48.037+0000] {taskinstance.py:1281} INFO - 
--------------------------------------------------------------------------------
[2025-10-20T18:48:48.042+0000] {taskinstance.py:1300} INFO - Executing <Task(PythonOperator): load_model_elbow> on 2025-10-20 18:48:39.645312+00:00
[2025-10-20T18:48:48.044+0000] {standard_task_runner.py:55} INFO - Started process 723 to run task
[2025-10-20T18:48:48.046+0000] {standard_task_runner.py:82} INFO - Running: ['***', 'tasks', 'run', 'global_earthquake_tsunami_risk_assessment', 'load_model_elbow', 'manual__2025-10-20T18:48:39.645312+00:00', '--job-id', '22', '--raw', '--subdir', 'DAGS_FOLDER/***.py', '--cfg-path', '/tmp/tmpw6lpoxrd']
[2025-10-20T18:48:48.046+0000] {standard_task_runner.py:83} INFO - Job 22: Subtask load_model_elbow
[2025-10-20T18:48:48.067+0000] {task_command.py:388} INFO - Running <TaskInstance: global_earthquake_tsunami_risk_assessment.load_model_elbow manual__2025-10-20T18:48:39.645312+00:00 [running]> on host a5e1af053224
[2025-10-20T18:48:48.091+0000] {taskinstance.py:1509} INFO - Exporting the following env vars:
AIRFLOW_CTX_DAG_OWNER=sreevarshan
AIRFLOW_CTX_DAG_ID=global_earthquake_tsunami_risk_assessment
AIRFLOW_CTX_TASK_ID=load_model_elbow
AIRFLOW_CTX_EXECUTION_DATE=2025-10-20T18:48:39.645312+00:00
AIRFLOW_CTX_TRY_NUMBER=1
AIRFLOW_CTX_DAG_RUN_ID=manual__2025-10-20T18:48:39.645312+00:00
[2025-10-20T18:48:48.093+0000] {python.py:177} INFO - Done. Returned value was: 3
[2025-10-20T18:48:48.099+0000] {taskinstance.py:1323} INFO - Marking task as SUCCESS. dag_id=global_earthquake_tsunami_risk_assessment, task_id=load_model_elbow, execution_date=20251020T184839, start_date=20251020T184848, end_date=20251020T184848
[2025-10-20T18:48:48.143+0000] {local_task_job.py:208} INFO - Task exited with return code 0
[2025-10-20T18:48:48.150+0000] {taskinstance.py:2578} INFO - 0 downstream tasks scheduled from follow-on schedule check
