[2025-10-20T18:00:10.837+0000] {processor.py:153} INFO - Started process (PID=42) to work on /home/airflow/.local/lib/python3.7/site-packages/airflow/example_dags/example_latest_only.py
[2025-10-20T18:00:10.837+0000] {processor.py:743} INFO - Processing file /home/airflow/.local/lib/python3.7/site-packages/airflow/example_dags/example_latest_only.py for tasks to queue
[2025-10-20T18:00:10.837+0000] {logging_mixin.py:137} INFO - [2025-10-20T18:00:10.837+0000] {dagbag.py:538} INFO - Filling up the DagBag from /home/airflow/.local/lib/python3.7/site-packages/airflow/example_dags/example_latest_only.py
[2025-10-20T18:00:10.843+0000] {processor.py:753} INFO - DAG(s) dict_keys(['latest_only']) retrieved from /home/airflow/.local/lib/python3.7/site-packages/airflow/example_dags/example_latest_only.py
[2025-10-20T18:00:10.848+0000] {logging_mixin.py:137} INFO - [2025-10-20T18:00:10.848+0000] {dag.py:2690} INFO - Sync 1 DAGs
[2025-10-20T18:00:10.859+0000] {logging_mixin.py:137} INFO - [2025-10-20T18:00:10.859+0000] {dag.py:3441} INFO - Setting next_dagrun for latest_only to 2025-10-20T14:00:10.859465+00:00, run_after=2025-10-20T18:00:10.859465+00:00
[2025-10-20T18:00:10.866+0000] {processor.py:175} INFO - Processing /home/airflow/.local/lib/python3.7/site-packages/airflow/example_dags/example_latest_only.py took 0.031 seconds
[2025-10-20T18:00:41.343+0000] {processor.py:153} INFO - Started process (PID=135) to work on /home/airflow/.local/lib/python3.7/site-packages/airflow/example_dags/example_latest_only.py
[2025-10-20T18:00:41.344+0000] {processor.py:743} INFO - Processing file /home/airflow/.local/lib/python3.7/site-packages/airflow/example_dags/example_latest_only.py for tasks to queue
[2025-10-20T18:00:41.344+0000] {logging_mixin.py:137} INFO - [2025-10-20T18:00:41.344+0000] {dagbag.py:538} INFO - Filling up the DagBag from /home/airflow/.local/lib/python3.7/site-packages/airflow/example_dags/example_latest_only.py
[2025-10-20T18:00:41.349+0000] {processor.py:753} INFO - DAG(s) dict_keys(['latest_only']) retrieved from /home/airflow/.local/lib/python3.7/site-packages/airflow/example_dags/example_latest_only.py
[2025-10-20T18:00:41.357+0000] {logging_mixin.py:137} INFO - [2025-10-20T18:00:41.357+0000] {dag.py:2690} INFO - Sync 1 DAGs
[2025-10-20T18:00:41.365+0000] {logging_mixin.py:137} INFO - [2025-10-20T18:00:41.365+0000] {dag.py:3441} INFO - Setting next_dagrun for latest_only to 2025-10-20T14:00:41.365405+00:00, run_after=2025-10-20T18:00:41.365405+00:00
[2025-10-20T18:00:41.371+0000] {processor.py:175} INFO - Processing /home/airflow/.local/lib/python3.7/site-packages/airflow/example_dags/example_latest_only.py took 0.029 seconds
[2025-10-20T18:01:11.574+0000] {processor.py:153} INFO - Started process (PID=210) to work on /home/airflow/.local/lib/python3.7/site-packages/airflow/example_dags/example_latest_only.py
[2025-10-20T18:01:11.575+0000] {processor.py:743} INFO - Processing file /home/airflow/.local/lib/python3.7/site-packages/airflow/example_dags/example_latest_only.py for tasks to queue
[2025-10-20T18:01:11.575+0000] {logging_mixin.py:137} INFO - [2025-10-20T18:01:11.575+0000] {dagbag.py:538} INFO - Filling up the DagBag from /home/airflow/.local/lib/python3.7/site-packages/airflow/example_dags/example_latest_only.py
[2025-10-20T18:01:11.581+0000] {processor.py:753} INFO - DAG(s) dict_keys(['latest_only']) retrieved from /home/airflow/.local/lib/python3.7/site-packages/airflow/example_dags/example_latest_only.py
[2025-10-20T18:01:11.590+0000] {logging_mixin.py:137} INFO - [2025-10-20T18:01:11.590+0000] {dag.py:2690} INFO - Sync 1 DAGs
[2025-10-20T18:01:11.600+0000] {logging_mixin.py:137} INFO - [2025-10-20T18:01:11.600+0000] {dag.py:3441} INFO - Setting next_dagrun for latest_only to 2025-10-20T14:01:11.600696+00:00, run_after=2025-10-20T18:01:11.600696+00:00
[2025-10-20T18:01:11.607+0000] {processor.py:175} INFO - Processing /home/airflow/.local/lib/python3.7/site-packages/airflow/example_dags/example_latest_only.py took 0.034 seconds
[2025-10-20T18:01:42.172+0000] {processor.py:153} INFO - Started process (PID=303) to work on /home/airflow/.local/lib/python3.7/site-packages/airflow/example_dags/example_latest_only.py
[2025-10-20T18:01:42.173+0000] {processor.py:743} INFO - Processing file /home/airflow/.local/lib/python3.7/site-packages/airflow/example_dags/example_latest_only.py for tasks to queue
[2025-10-20T18:01:42.173+0000] {logging_mixin.py:137} INFO - [2025-10-20T18:01:42.173+0000] {dagbag.py:538} INFO - Filling up the DagBag from /home/airflow/.local/lib/python3.7/site-packages/airflow/example_dags/example_latest_only.py
[2025-10-20T18:01:42.179+0000] {processor.py:753} INFO - DAG(s) dict_keys(['latest_only']) retrieved from /home/airflow/.local/lib/python3.7/site-packages/airflow/example_dags/example_latest_only.py
[2025-10-20T18:01:42.190+0000] {logging_mixin.py:137} INFO - [2025-10-20T18:01:42.190+0000] {dag.py:2690} INFO - Sync 1 DAGs
[2025-10-20T18:01:42.200+0000] {logging_mixin.py:137} INFO - [2025-10-20T18:01:42.200+0000] {dag.py:3441} INFO - Setting next_dagrun for latest_only to 2025-10-20T14:01:42.200145+00:00, run_after=2025-10-20T18:01:42.200145+00:00
[2025-10-20T18:01:42.207+0000] {processor.py:175} INFO - Processing /home/airflow/.local/lib/python3.7/site-packages/airflow/example_dags/example_latest_only.py took 0.036 seconds
[2025-10-20T18:02:12.333+0000] {processor.py:153} INFO - Started process (PID=396) to work on /home/airflow/.local/lib/python3.7/site-packages/airflow/example_dags/example_latest_only.py
[2025-10-20T18:02:12.333+0000] {processor.py:743} INFO - Processing file /home/airflow/.local/lib/python3.7/site-packages/airflow/example_dags/example_latest_only.py for tasks to queue
[2025-10-20T18:02:12.333+0000] {logging_mixin.py:137} INFO - [2025-10-20T18:02:12.333+0000] {dagbag.py:538} INFO - Filling up the DagBag from /home/airflow/.local/lib/python3.7/site-packages/airflow/example_dags/example_latest_only.py
[2025-10-20T18:02:12.338+0000] {processor.py:753} INFO - DAG(s) dict_keys(['latest_only']) retrieved from /home/airflow/.local/lib/python3.7/site-packages/airflow/example_dags/example_latest_only.py
[2025-10-20T18:02:12.347+0000] {logging_mixin.py:137} INFO - [2025-10-20T18:02:12.347+0000] {dag.py:2690} INFO - Sync 1 DAGs
[2025-10-20T18:02:12.355+0000] {logging_mixin.py:137} INFO - [2025-10-20T18:02:12.355+0000] {dag.py:3441} INFO - Setting next_dagrun for latest_only to 2025-10-20T14:02:12.355546+00:00, run_after=2025-10-20T18:02:12.355546+00:00
[2025-10-20T18:02:12.361+0000] {processor.py:175} INFO - Processing /home/airflow/.local/lib/python3.7/site-packages/airflow/example_dags/example_latest_only.py took 0.030 seconds
[2025-10-20T18:02:42.581+0000] {processor.py:153} INFO - Started process (PID=489) to work on /home/airflow/.local/lib/python3.7/site-packages/airflow/example_dags/example_latest_only.py
[2025-10-20T18:02:42.581+0000] {processor.py:743} INFO - Processing file /home/airflow/.local/lib/python3.7/site-packages/airflow/example_dags/example_latest_only.py for tasks to queue
[2025-10-20T18:02:42.581+0000] {logging_mixin.py:137} INFO - [2025-10-20T18:02:42.581+0000] {dagbag.py:538} INFO - Filling up the DagBag from /home/airflow/.local/lib/python3.7/site-packages/airflow/example_dags/example_latest_only.py
[2025-10-20T18:02:42.587+0000] {processor.py:753} INFO - DAG(s) dict_keys(['latest_only']) retrieved from /home/airflow/.local/lib/python3.7/site-packages/airflow/example_dags/example_latest_only.py
[2025-10-20T18:02:42.596+0000] {logging_mixin.py:137} INFO - [2025-10-20T18:02:42.596+0000] {dag.py:2690} INFO - Sync 1 DAGs
[2025-10-20T18:02:42.605+0000] {logging_mixin.py:137} INFO - [2025-10-20T18:02:42.605+0000] {dag.py:3441} INFO - Setting next_dagrun for latest_only to 2025-10-20T14:02:42.605507+00:00, run_after=2025-10-20T18:02:42.605507+00:00
[2025-10-20T18:02:42.612+0000] {processor.py:175} INFO - Processing /home/airflow/.local/lib/python3.7/site-packages/airflow/example_dags/example_latest_only.py took 0.033 seconds
[2025-10-20T18:03:12.800+0000] {processor.py:153} INFO - Started process (PID=581) to work on /home/airflow/.local/lib/python3.7/site-packages/airflow/example_dags/example_latest_only.py
[2025-10-20T18:03:12.800+0000] {processor.py:743} INFO - Processing file /home/airflow/.local/lib/python3.7/site-packages/airflow/example_dags/example_latest_only.py for tasks to queue
[2025-10-20T18:03:12.801+0000] {logging_mixin.py:137} INFO - [2025-10-20T18:03:12.801+0000] {dagbag.py:538} INFO - Filling up the DagBag from /home/airflow/.local/lib/python3.7/site-packages/airflow/example_dags/example_latest_only.py
[2025-10-20T18:03:12.806+0000] {processor.py:753} INFO - DAG(s) dict_keys(['latest_only']) retrieved from /home/airflow/.local/lib/python3.7/site-packages/airflow/example_dags/example_latest_only.py
[2025-10-20T18:03:12.816+0000] {logging_mixin.py:137} INFO - [2025-10-20T18:03:12.816+0000] {dag.py:2690} INFO - Sync 1 DAGs
[2025-10-20T18:03:12.827+0000] {logging_mixin.py:137} INFO - [2025-10-20T18:03:12.827+0000] {dag.py:3441} INFO - Setting next_dagrun for latest_only to 2025-10-20T14:03:12.826938+00:00, run_after=2025-10-20T18:03:12.826938+00:00
[2025-10-20T18:03:12.834+0000] {processor.py:175} INFO - Processing /home/airflow/.local/lib/python3.7/site-packages/airflow/example_dags/example_latest_only.py took 0.035 seconds
[2025-10-20T18:03:43.083+0000] {processor.py:153} INFO - Started process (PID=656) to work on /home/airflow/.local/lib/python3.7/site-packages/airflow/example_dags/example_latest_only.py
[2025-10-20T18:03:43.083+0000] {processor.py:743} INFO - Processing file /home/airflow/.local/lib/python3.7/site-packages/airflow/example_dags/example_latest_only.py for tasks to queue
[2025-10-20T18:03:43.083+0000] {logging_mixin.py:137} INFO - [2025-10-20T18:03:43.083+0000] {dagbag.py:538} INFO - Filling up the DagBag from /home/airflow/.local/lib/python3.7/site-packages/airflow/example_dags/example_latest_only.py
[2025-10-20T18:03:43.089+0000] {processor.py:753} INFO - DAG(s) dict_keys(['latest_only']) retrieved from /home/airflow/.local/lib/python3.7/site-packages/airflow/example_dags/example_latest_only.py
[2025-10-20T18:03:43.097+0000] {logging_mixin.py:137} INFO - [2025-10-20T18:03:43.097+0000] {dag.py:2690} INFO - Sync 1 DAGs
[2025-10-20T18:03:43.106+0000] {logging_mixin.py:137} INFO - [2025-10-20T18:03:43.106+0000] {dag.py:3441} INFO - Setting next_dagrun for latest_only to 2025-10-20T14:03:43.106400+00:00, run_after=2025-10-20T18:03:43.106400+00:00
[2025-10-20T18:03:43.112+0000] {processor.py:175} INFO - Processing /home/airflow/.local/lib/python3.7/site-packages/airflow/example_dags/example_latest_only.py took 0.030 seconds
[2025-10-20T18:04:13.314+0000] {processor.py:153} INFO - Started process (PID=749) to work on /home/airflow/.local/lib/python3.7/site-packages/airflow/example_dags/example_latest_only.py
[2025-10-20T18:04:13.315+0000] {processor.py:743} INFO - Processing file /home/airflow/.local/lib/python3.7/site-packages/airflow/example_dags/example_latest_only.py for tasks to queue
[2025-10-20T18:04:13.315+0000] {logging_mixin.py:137} INFO - [2025-10-20T18:04:13.315+0000] {dagbag.py:538} INFO - Filling up the DagBag from /home/airflow/.local/lib/python3.7/site-packages/airflow/example_dags/example_latest_only.py
[2025-10-20T18:04:13.320+0000] {processor.py:753} INFO - DAG(s) dict_keys(['latest_only']) retrieved from /home/airflow/.local/lib/python3.7/site-packages/airflow/example_dags/example_latest_only.py
[2025-10-20T18:04:13.328+0000] {logging_mixin.py:137} INFO - [2025-10-20T18:04:13.328+0000] {dag.py:2690} INFO - Sync 1 DAGs
[2025-10-20T18:04:13.336+0000] {logging_mixin.py:137} INFO - [2025-10-20T18:04:13.336+0000] {dag.py:3441} INFO - Setting next_dagrun for latest_only to 2025-10-20T14:04:13.336819+00:00, run_after=2025-10-20T18:04:13.336819+00:00
[2025-10-20T18:04:13.342+0000] {processor.py:175} INFO - Processing /home/airflow/.local/lib/python3.7/site-packages/airflow/example_dags/example_latest_only.py took 0.029 seconds
[2025-10-20T18:04:43.592+0000] {processor.py:153} INFO - Started process (PID=842) to work on /home/airflow/.local/lib/python3.7/site-packages/airflow/example_dags/example_latest_only.py
[2025-10-20T18:04:43.593+0000] {processor.py:743} INFO - Processing file /home/airflow/.local/lib/python3.7/site-packages/airflow/example_dags/example_latest_only.py for tasks to queue
[2025-10-20T18:04:43.593+0000] {logging_mixin.py:137} INFO - [2025-10-20T18:04:43.593+0000] {dagbag.py:538} INFO - Filling up the DagBag from /home/airflow/.local/lib/python3.7/site-packages/airflow/example_dags/example_latest_only.py
[2025-10-20T18:04:43.598+0000] {processor.py:753} INFO - DAG(s) dict_keys(['latest_only']) retrieved from /home/airflow/.local/lib/python3.7/site-packages/airflow/example_dags/example_latest_only.py
[2025-10-20T18:04:43.606+0000] {logging_mixin.py:137} INFO - [2025-10-20T18:04:43.606+0000] {dag.py:2690} INFO - Sync 1 DAGs
[2025-10-20T18:04:43.614+0000] {logging_mixin.py:137} INFO - [2025-10-20T18:04:43.614+0000] {dag.py:3441} INFO - Setting next_dagrun for latest_only to 2025-10-20T14:04:43.614542+00:00, run_after=2025-10-20T18:04:43.614542+00:00
[2025-10-20T18:04:43.620+0000] {processor.py:175} INFO - Processing /home/airflow/.local/lib/python3.7/site-packages/airflow/example_dags/example_latest_only.py took 0.029 seconds
[2025-10-20T18:05:13.813+0000] {processor.py:153} INFO - Started process (PID=935) to work on /home/airflow/.local/lib/python3.7/site-packages/airflow/example_dags/example_latest_only.py
[2025-10-20T18:05:13.814+0000] {processor.py:743} INFO - Processing file /home/airflow/.local/lib/python3.7/site-packages/airflow/example_dags/example_latest_only.py for tasks to queue
[2025-10-20T18:05:13.814+0000] {logging_mixin.py:137} INFO - [2025-10-20T18:05:13.814+0000] {dagbag.py:538} INFO - Filling up the DagBag from /home/airflow/.local/lib/python3.7/site-packages/airflow/example_dags/example_latest_only.py
[2025-10-20T18:05:13.819+0000] {processor.py:753} INFO - DAG(s) dict_keys(['latest_only']) retrieved from /home/airflow/.local/lib/python3.7/site-packages/airflow/example_dags/example_latest_only.py
[2025-10-20T18:05:13.829+0000] {logging_mixin.py:137} INFO - [2025-10-20T18:05:13.829+0000] {dag.py:2690} INFO - Sync 1 DAGs
[2025-10-20T18:05:13.838+0000] {logging_mixin.py:137} INFO - [2025-10-20T18:05:13.838+0000] {dag.py:3441} INFO - Setting next_dagrun for latest_only to 2025-10-20T14:05:13.838509+00:00, run_after=2025-10-20T18:05:13.838509+00:00
[2025-10-20T18:05:13.845+0000] {processor.py:175} INFO - Processing /home/airflow/.local/lib/python3.7/site-packages/airflow/example_dags/example_latest_only.py took 0.032 seconds
[2025-10-20T18:05:44.197+0000] {processor.py:153} INFO - Started process (PID=1010) to work on /home/airflow/.local/lib/python3.7/site-packages/airflow/example_dags/example_latest_only.py
[2025-10-20T18:05:44.198+0000] {processor.py:743} INFO - Processing file /home/airflow/.local/lib/python3.7/site-packages/airflow/example_dags/example_latest_only.py for tasks to queue
[2025-10-20T18:05:44.198+0000] {logging_mixin.py:137} INFO - [2025-10-20T18:05:44.198+0000] {dagbag.py:538} INFO - Filling up the DagBag from /home/airflow/.local/lib/python3.7/site-packages/airflow/example_dags/example_latest_only.py
[2025-10-20T18:05:44.204+0000] {processor.py:753} INFO - DAG(s) dict_keys(['latest_only']) retrieved from /home/airflow/.local/lib/python3.7/site-packages/airflow/example_dags/example_latest_only.py
[2025-10-20T18:05:44.218+0000] {logging_mixin.py:137} INFO - [2025-10-20T18:05:44.217+0000] {dag.py:2690} INFO - Sync 1 DAGs
[2025-10-20T18:05:44.232+0000] {logging_mixin.py:137} INFO - [2025-10-20T18:05:44.232+0000] {dag.py:3441} INFO - Setting next_dagrun for latest_only to 2025-10-20T14:05:44.231857+00:00, run_after=2025-10-20T18:05:44.231857+00:00
[2025-10-20T18:05:44.241+0000] {processor.py:175} INFO - Processing /home/airflow/.local/lib/python3.7/site-packages/airflow/example_dags/example_latest_only.py took 0.047 seconds
[2025-10-20T18:06:14.486+0000] {processor.py:153} INFO - Started process (PID=1103) to work on /home/airflow/.local/lib/python3.7/site-packages/airflow/example_dags/example_latest_only.py
[2025-10-20T18:06:14.486+0000] {processor.py:743} INFO - Processing file /home/airflow/.local/lib/python3.7/site-packages/airflow/example_dags/example_latest_only.py for tasks to queue
[2025-10-20T18:06:14.487+0000] {logging_mixin.py:137} INFO - [2025-10-20T18:06:14.487+0000] {dagbag.py:538} INFO - Filling up the DagBag from /home/airflow/.local/lib/python3.7/site-packages/airflow/example_dags/example_latest_only.py
[2025-10-20T18:06:14.492+0000] {processor.py:753} INFO - DAG(s) dict_keys(['latest_only']) retrieved from /home/airflow/.local/lib/python3.7/site-packages/airflow/example_dags/example_latest_only.py
[2025-10-20T18:06:14.500+0000] {logging_mixin.py:137} INFO - [2025-10-20T18:06:14.500+0000] {dag.py:2690} INFO - Sync 1 DAGs
[2025-10-20T18:06:14.508+0000] {logging_mixin.py:137} INFO - [2025-10-20T18:06:14.508+0000] {dag.py:3441} INFO - Setting next_dagrun for latest_only to 2025-10-20T14:06:14.508549+00:00, run_after=2025-10-20T18:06:14.508549+00:00
[2025-10-20T18:06:14.514+0000] {processor.py:175} INFO - Processing /home/airflow/.local/lib/python3.7/site-packages/airflow/example_dags/example_latest_only.py took 0.029 seconds
[2025-10-20T18:06:44.709+0000] {processor.py:153} INFO - Started process (PID=1196) to work on /home/airflow/.local/lib/python3.7/site-packages/airflow/example_dags/example_latest_only.py
[2025-10-20T18:06:44.710+0000] {processor.py:743} INFO - Processing file /home/airflow/.local/lib/python3.7/site-packages/airflow/example_dags/example_latest_only.py for tasks to queue
[2025-10-20T18:06:44.710+0000] {logging_mixin.py:137} INFO - [2025-10-20T18:06:44.710+0000] {dagbag.py:538} INFO - Filling up the DagBag from /home/airflow/.local/lib/python3.7/site-packages/airflow/example_dags/example_latest_only.py
[2025-10-20T18:06:44.715+0000] {processor.py:753} INFO - DAG(s) dict_keys(['latest_only']) retrieved from /home/airflow/.local/lib/python3.7/site-packages/airflow/example_dags/example_latest_only.py
[2025-10-20T18:06:44.725+0000] {logging_mixin.py:137} INFO - [2025-10-20T18:06:44.725+0000] {dag.py:2690} INFO - Sync 1 DAGs
[2025-10-20T18:06:44.734+0000] {logging_mixin.py:137} INFO - [2025-10-20T18:06:44.734+0000] {dag.py:3441} INFO - Setting next_dagrun for latest_only to 2025-10-20T14:06:44.734234+00:00, run_after=2025-10-20T18:06:44.734234+00:00
[2025-10-20T18:06:44.747+0000] {processor.py:175} INFO - Processing /home/airflow/.local/lib/python3.7/site-packages/airflow/example_dags/example_latest_only.py took 0.039 seconds
[2025-10-20T18:07:15.082+0000] {processor.py:153} INFO - Started process (PID=1289) to work on /home/airflow/.local/lib/python3.7/site-packages/airflow/example_dags/example_latest_only.py
[2025-10-20T18:07:15.083+0000] {processor.py:743} INFO - Processing file /home/airflow/.local/lib/python3.7/site-packages/airflow/example_dags/example_latest_only.py for tasks to queue
[2025-10-20T18:07:15.083+0000] {logging_mixin.py:137} INFO - [2025-10-20T18:07:15.083+0000] {dagbag.py:538} INFO - Filling up the DagBag from /home/airflow/.local/lib/python3.7/site-packages/airflow/example_dags/example_latest_only.py
[2025-10-20T18:07:15.088+0000] {processor.py:753} INFO - DAG(s) dict_keys(['latest_only']) retrieved from /home/airflow/.local/lib/python3.7/site-packages/airflow/example_dags/example_latest_only.py
[2025-10-20T18:07:15.097+0000] {logging_mixin.py:137} INFO - [2025-10-20T18:07:15.097+0000] {dag.py:2690} INFO - Sync 1 DAGs
[2025-10-20T18:07:15.105+0000] {logging_mixin.py:137} INFO - [2025-10-20T18:07:15.105+0000] {dag.py:3441} INFO - Setting next_dagrun for latest_only to 2025-10-20T14:07:15.105107+00:00, run_after=2025-10-20T18:07:15.105107+00:00
[2025-10-20T18:07:15.111+0000] {processor.py:175} INFO - Processing /home/airflow/.local/lib/python3.7/site-packages/airflow/example_dags/example_latest_only.py took 0.030 seconds
[2025-10-20T18:07:45.252+0000] {processor.py:153} INFO - Started process (PID=1364) to work on /home/airflow/.local/lib/python3.7/site-packages/airflow/example_dags/example_latest_only.py
[2025-10-20T18:07:45.252+0000] {processor.py:743} INFO - Processing file /home/airflow/.local/lib/python3.7/site-packages/airflow/example_dags/example_latest_only.py for tasks to queue
[2025-10-20T18:07:45.252+0000] {logging_mixin.py:137} INFO - [2025-10-20T18:07:45.252+0000] {dagbag.py:538} INFO - Filling up the DagBag from /home/airflow/.local/lib/python3.7/site-packages/airflow/example_dags/example_latest_only.py
[2025-10-20T18:07:45.258+0000] {processor.py:753} INFO - DAG(s) dict_keys(['latest_only']) retrieved from /home/airflow/.local/lib/python3.7/site-packages/airflow/example_dags/example_latest_only.py
[2025-10-20T18:07:45.266+0000] {logging_mixin.py:137} INFO - [2025-10-20T18:07:45.266+0000] {dag.py:2690} INFO - Sync 1 DAGs
[2025-10-20T18:07:45.275+0000] {logging_mixin.py:137} INFO - [2025-10-20T18:07:45.274+0000] {dag.py:3441} INFO - Setting next_dagrun for latest_only to 2025-10-20T14:07:45.274869+00:00, run_after=2025-10-20T18:07:45.274869+00:00
[2025-10-20T18:07:45.280+0000] {processor.py:175} INFO - Processing /home/airflow/.local/lib/python3.7/site-packages/airflow/example_dags/example_latest_only.py took 0.029 seconds
[2025-10-20T18:08:15.530+0000] {processor.py:153} INFO - Started process (PID=1457) to work on /home/airflow/.local/lib/python3.7/site-packages/airflow/example_dags/example_latest_only.py
[2025-10-20T18:08:15.530+0000] {processor.py:743} INFO - Processing file /home/airflow/.local/lib/python3.7/site-packages/airflow/example_dags/example_latest_only.py for tasks to queue
[2025-10-20T18:08:15.530+0000] {logging_mixin.py:137} INFO - [2025-10-20T18:08:15.530+0000] {dagbag.py:538} INFO - Filling up the DagBag from /home/airflow/.local/lib/python3.7/site-packages/airflow/example_dags/example_latest_only.py
[2025-10-20T18:08:15.536+0000] {processor.py:753} INFO - DAG(s) dict_keys(['latest_only']) retrieved from /home/airflow/.local/lib/python3.7/site-packages/airflow/example_dags/example_latest_only.py
[2025-10-20T18:08:15.544+0000] {logging_mixin.py:137} INFO - [2025-10-20T18:08:15.544+0000] {dag.py:2690} INFO - Sync 1 DAGs
[2025-10-20T18:08:15.553+0000] {logging_mixin.py:137} INFO - [2025-10-20T18:08:15.553+0000] {dag.py:3441} INFO - Setting next_dagrun for latest_only to 2025-10-20T14:08:15.552892+00:00, run_after=2025-10-20T18:08:15.552892+00:00
[2025-10-20T18:08:15.559+0000] {processor.py:175} INFO - Processing /home/airflow/.local/lib/python3.7/site-packages/airflow/example_dags/example_latest_only.py took 0.032 seconds
[2025-10-20T18:08:45.817+0000] {processor.py:153} INFO - Started process (PID=1550) to work on /home/airflow/.local/lib/python3.7/site-packages/airflow/example_dags/example_latest_only.py
[2025-10-20T18:08:45.817+0000] {processor.py:743} INFO - Processing file /home/airflow/.local/lib/python3.7/site-packages/airflow/example_dags/example_latest_only.py for tasks to queue
[2025-10-20T18:08:45.818+0000] {logging_mixin.py:137} INFO - [2025-10-20T18:08:45.818+0000] {dagbag.py:538} INFO - Filling up the DagBag from /home/airflow/.local/lib/python3.7/site-packages/airflow/example_dags/example_latest_only.py
[2025-10-20T18:08:45.823+0000] {processor.py:753} INFO - DAG(s) dict_keys(['latest_only']) retrieved from /home/airflow/.local/lib/python3.7/site-packages/airflow/example_dags/example_latest_only.py
[2025-10-20T18:08:45.831+0000] {logging_mixin.py:137} INFO - [2025-10-20T18:08:45.831+0000] {dag.py:2690} INFO - Sync 1 DAGs
[2025-10-20T18:08:45.840+0000] {logging_mixin.py:137} INFO - [2025-10-20T18:08:45.840+0000] {dag.py:3441} INFO - Setting next_dagrun for latest_only to 2025-10-20T14:08:45.840279+00:00, run_after=2025-10-20T18:08:45.840279+00:00
[2025-10-20T18:08:45.846+0000] {processor.py:175} INFO - Processing /home/airflow/.local/lib/python3.7/site-packages/airflow/example_dags/example_latest_only.py took 0.030 seconds
