[2025-10-20T18:00:10.873+0000] {processor.py:153} INFO - Started process (PID=43) to work on /home/airflow/.local/lib/python3.7/site-packages/airflow/example_dags/example_sla_dag.py
[2025-10-20T18:00:10.874+0000] {processor.py:743} INFO - Processing file /home/airflow/.local/lib/python3.7/site-packages/airflow/example_dags/example_sla_dag.py for tasks to queue
[2025-10-20T18:00:10.874+0000] {logging_mixin.py:137} INFO - [2025-10-20T18:00:10.874+0000] {dagbag.py:538} INFO - Filling up the DagBag from /home/airflow/.local/lib/python3.7/site-packages/airflow/example_dags/example_sla_dag.py
[2025-10-20T18:00:10.884+0000] {processor.py:753} INFO - DAG(s) dict_keys(['example_sla_dag']) retrieved from /home/airflow/.local/lib/python3.7/site-packages/airflow/example_dags/example_sla_dag.py
[2025-10-20T18:00:10.890+0000] {logging_mixin.py:137} INFO - [2025-10-20T18:00:10.889+0000] {dag.py:2690} INFO - Sync 1 DAGs
[2025-10-20T18:00:10.907+0000] {logging_mixin.py:137} INFO - [2025-10-20T18:00:10.907+0000] {dag.py:3441} INFO - Setting next_dagrun for example_sla_dag to 2025-10-20T17:58:00+00:00, run_after=2025-10-20T18:00:00+00:00
[2025-10-20T18:00:10.915+0000] {processor.py:175} INFO - Processing /home/airflow/.local/lib/python3.7/site-packages/airflow/example_dags/example_sla_dag.py took 0.043 seconds
[2025-10-20T18:00:41.378+0000] {processor.py:153} INFO - Started process (PID=136) to work on /home/airflow/.local/lib/python3.7/site-packages/airflow/example_dags/example_sla_dag.py
[2025-10-20T18:00:41.378+0000] {processor.py:743} INFO - Processing file /home/airflow/.local/lib/python3.7/site-packages/airflow/example_dags/example_sla_dag.py for tasks to queue
[2025-10-20T18:00:41.379+0000] {logging_mixin.py:137} INFO - [2025-10-20T18:00:41.378+0000] {dagbag.py:538} INFO - Filling up the DagBag from /home/airflow/.local/lib/python3.7/site-packages/airflow/example_dags/example_sla_dag.py
[2025-10-20T18:00:41.389+0000] {processor.py:753} INFO - DAG(s) dict_keys(['example_sla_dag']) retrieved from /home/airflow/.local/lib/python3.7/site-packages/airflow/example_dags/example_sla_dag.py
[2025-10-20T18:00:41.398+0000] {logging_mixin.py:137} INFO - [2025-10-20T18:00:41.398+0000] {dag.py:2690} INFO - Sync 1 DAGs
[2025-10-20T18:00:41.408+0000] {logging_mixin.py:137} INFO - [2025-10-20T18:00:41.408+0000] {dag.py:3441} INFO - Setting next_dagrun for example_sla_dag to 2025-10-20T17:58:00+00:00, run_after=2025-10-20T18:00:00+00:00
[2025-10-20T18:00:41.414+0000] {processor.py:175} INFO - Processing /home/airflow/.local/lib/python3.7/site-packages/airflow/example_dags/example_sla_dag.py took 0.038 seconds
[2025-10-20T18:01:11.575+0000] {processor.py:153} INFO - Started process (PID=211) to work on /home/airflow/.local/lib/python3.7/site-packages/airflow/example_dags/example_sla_dag.py
[2025-10-20T18:01:11.576+0000] {processor.py:743} INFO - Processing file /home/airflow/.local/lib/python3.7/site-packages/airflow/example_dags/example_sla_dag.py for tasks to queue
[2025-10-20T18:01:11.576+0000] {logging_mixin.py:137} INFO - [2025-10-20T18:01:11.576+0000] {dagbag.py:538} INFO - Filling up the DagBag from /home/airflow/.local/lib/python3.7/site-packages/airflow/example_dags/example_sla_dag.py
[2025-10-20T18:01:11.585+0000] {processor.py:753} INFO - DAG(s) dict_keys(['example_sla_dag']) retrieved from /home/airflow/.local/lib/python3.7/site-packages/airflow/example_dags/example_sla_dag.py
[2025-10-20T18:01:11.595+0000] {logging_mixin.py:137} INFO - [2025-10-20T18:01:11.595+0000] {dag.py:2690} INFO - Sync 1 DAGs
[2025-10-20T18:01:11.605+0000] {logging_mixin.py:137} INFO - [2025-10-20T18:01:11.605+0000] {dag.py:3441} INFO - Setting next_dagrun for example_sla_dag to 2025-10-20T17:58:00+00:00, run_after=2025-10-20T18:00:00+00:00
[2025-10-20T18:01:11.612+0000] {processor.py:175} INFO - Processing /home/airflow/.local/lib/python3.7/site-packages/airflow/example_dags/example_sla_dag.py took 0.038 seconds
[2025-10-20T18:01:42.173+0000] {processor.py:153} INFO - Started process (PID=304) to work on /home/airflow/.local/lib/python3.7/site-packages/airflow/example_dags/example_sla_dag.py
[2025-10-20T18:01:42.174+0000] {processor.py:743} INFO - Processing file /home/airflow/.local/lib/python3.7/site-packages/airflow/example_dags/example_sla_dag.py for tasks to queue
[2025-10-20T18:01:42.174+0000] {logging_mixin.py:137} INFO - [2025-10-20T18:01:42.174+0000] {dagbag.py:538} INFO - Filling up the DagBag from /home/airflow/.local/lib/python3.7/site-packages/airflow/example_dags/example_sla_dag.py
[2025-10-20T18:01:42.185+0000] {processor.py:753} INFO - DAG(s) dict_keys(['example_sla_dag']) retrieved from /home/airflow/.local/lib/python3.7/site-packages/airflow/example_dags/example_sla_dag.py
[2025-10-20T18:01:42.195+0000] {logging_mixin.py:137} INFO - [2025-10-20T18:01:42.195+0000] {dag.py:2690} INFO - Sync 1 DAGs
[2025-10-20T18:01:42.205+0000] {logging_mixin.py:137} INFO - [2025-10-20T18:01:42.205+0000] {dag.py:3441} INFO - Setting next_dagrun for example_sla_dag to 2025-10-20T17:58:00+00:00, run_after=2025-10-20T18:00:00+00:00
[2025-10-20T18:01:42.211+0000] {processor.py:175} INFO - Processing /home/airflow/.local/lib/python3.7/site-packages/airflow/example_dags/example_sla_dag.py took 0.039 seconds
[2025-10-20T18:02:12.369+0000] {processor.py:153} INFO - Started process (PID=397) to work on /home/airflow/.local/lib/python3.7/site-packages/airflow/example_dags/example_sla_dag.py
[2025-10-20T18:02:12.369+0000] {processor.py:743} INFO - Processing file /home/airflow/.local/lib/python3.7/site-packages/airflow/example_dags/example_sla_dag.py for tasks to queue
[2025-10-20T18:02:12.369+0000] {logging_mixin.py:137} INFO - [2025-10-20T18:02:12.369+0000] {dagbag.py:538} INFO - Filling up the DagBag from /home/airflow/.local/lib/python3.7/site-packages/airflow/example_dags/example_sla_dag.py
[2025-10-20T18:02:12.381+0000] {processor.py:753} INFO - DAG(s) dict_keys(['example_sla_dag']) retrieved from /home/airflow/.local/lib/python3.7/site-packages/airflow/example_dags/example_sla_dag.py
[2025-10-20T18:02:12.390+0000] {logging_mixin.py:137} INFO - [2025-10-20T18:02:12.390+0000] {dag.py:2690} INFO - Sync 1 DAGs
[2025-10-20T18:02:12.400+0000] {logging_mixin.py:137} INFO - [2025-10-20T18:02:12.400+0000] {dag.py:3441} INFO - Setting next_dagrun for example_sla_dag to 2025-10-20T18:00:00+00:00, run_after=2025-10-20T18:02:00+00:00
[2025-10-20T18:02:12.406+0000] {processor.py:175} INFO - Processing /home/airflow/.local/lib/python3.7/site-packages/airflow/example_dags/example_sla_dag.py took 0.038 seconds
[2025-10-20T18:02:42.581+0000] {processor.py:153} INFO - Started process (PID=490) to work on /home/airflow/.local/lib/python3.7/site-packages/airflow/example_dags/example_sla_dag.py
[2025-10-20T18:02:42.582+0000] {processor.py:743} INFO - Processing file /home/airflow/.local/lib/python3.7/site-packages/airflow/example_dags/example_sla_dag.py for tasks to queue
[2025-10-20T18:02:42.582+0000] {logging_mixin.py:137} INFO - [2025-10-20T18:02:42.582+0000] {dagbag.py:538} INFO - Filling up the DagBag from /home/airflow/.local/lib/python3.7/site-packages/airflow/example_dags/example_sla_dag.py
[2025-10-20T18:02:42.591+0000] {processor.py:753} INFO - DAG(s) dict_keys(['example_sla_dag']) retrieved from /home/airflow/.local/lib/python3.7/site-packages/airflow/example_dags/example_sla_dag.py
[2025-10-20T18:02:42.600+0000] {logging_mixin.py:137} INFO - [2025-10-20T18:02:42.600+0000] {dag.py:2690} INFO - Sync 1 DAGs
[2025-10-20T18:02:42.610+0000] {logging_mixin.py:137} INFO - [2025-10-20T18:02:42.609+0000] {dag.py:3441} INFO - Setting next_dagrun for example_sla_dag to 2025-10-20T18:00:00+00:00, run_after=2025-10-20T18:02:00+00:00
[2025-10-20T18:02:42.616+0000] {processor.py:175} INFO - Processing /home/airflow/.local/lib/python3.7/site-packages/airflow/example_dags/example_sla_dag.py took 0.035 seconds
[2025-10-20T18:03:12.842+0000] {processor.py:153} INFO - Started process (PID=582) to work on /home/airflow/.local/lib/python3.7/site-packages/airflow/example_dags/example_sla_dag.py
[2025-10-20T18:03:12.843+0000] {processor.py:743} INFO - Processing file /home/airflow/.local/lib/python3.7/site-packages/airflow/example_dags/example_sla_dag.py for tasks to queue
[2025-10-20T18:03:12.843+0000] {logging_mixin.py:137} INFO - [2025-10-20T18:03:12.843+0000] {dagbag.py:538} INFO - Filling up the DagBag from /home/airflow/.local/lib/python3.7/site-packages/airflow/example_dags/example_sla_dag.py
[2025-10-20T18:03:12.853+0000] {processor.py:753} INFO - DAG(s) dict_keys(['example_sla_dag']) retrieved from /home/airflow/.local/lib/python3.7/site-packages/airflow/example_dags/example_sla_dag.py
[2025-10-20T18:03:12.864+0000] {logging_mixin.py:137} INFO - [2025-10-20T18:03:12.864+0000] {dag.py:2690} INFO - Sync 1 DAGs
[2025-10-20T18:03:12.876+0000] {logging_mixin.py:137} INFO - [2025-10-20T18:03:12.876+0000] {dag.py:3441} INFO - Setting next_dagrun for example_sla_dag to 2025-10-20T18:00:00+00:00, run_after=2025-10-20T18:02:00+00:00
[2025-10-20T18:03:12.883+0000] {processor.py:175} INFO - Processing /home/airflow/.local/lib/python3.7/site-packages/airflow/example_dags/example_sla_dag.py took 0.042 seconds
[2025-10-20T18:03:43.118+0000] {processor.py:153} INFO - Started process (PID=657) to work on /home/airflow/.local/lib/python3.7/site-packages/airflow/example_dags/example_sla_dag.py
[2025-10-20T18:03:43.119+0000] {processor.py:743} INFO - Processing file /home/airflow/.local/lib/python3.7/site-packages/airflow/example_dags/example_sla_dag.py for tasks to queue
[2025-10-20T18:03:43.119+0000] {logging_mixin.py:137} INFO - [2025-10-20T18:03:43.119+0000] {dagbag.py:538} INFO - Filling up the DagBag from /home/airflow/.local/lib/python3.7/site-packages/airflow/example_dags/example_sla_dag.py
[2025-10-20T18:03:43.127+0000] {processor.py:753} INFO - DAG(s) dict_keys(['example_sla_dag']) retrieved from /home/airflow/.local/lib/python3.7/site-packages/airflow/example_dags/example_sla_dag.py
[2025-10-20T18:03:43.137+0000] {logging_mixin.py:137} INFO - [2025-10-20T18:03:43.137+0000] {dag.py:2690} INFO - Sync 1 DAGs
[2025-10-20T18:03:43.146+0000] {logging_mixin.py:137} INFO - [2025-10-20T18:03:43.146+0000] {dag.py:3441} INFO - Setting next_dagrun for example_sla_dag to 2025-10-20T18:00:00+00:00, run_after=2025-10-20T18:02:00+00:00
[2025-10-20T18:03:43.152+0000] {processor.py:175} INFO - Processing /home/airflow/.local/lib/python3.7/site-packages/airflow/example_dags/example_sla_dag.py took 0.035 seconds
[2025-10-20T18:04:13.349+0000] {processor.py:153} INFO - Started process (PID=750) to work on /home/airflow/.local/lib/python3.7/site-packages/airflow/example_dags/example_sla_dag.py
[2025-10-20T18:04:13.349+0000] {processor.py:743} INFO - Processing file /home/airflow/.local/lib/python3.7/site-packages/airflow/example_dags/example_sla_dag.py for tasks to queue
[2025-10-20T18:04:13.350+0000] {logging_mixin.py:137} INFO - [2025-10-20T18:04:13.349+0000] {dagbag.py:538} INFO - Filling up the DagBag from /home/airflow/.local/lib/python3.7/site-packages/airflow/example_dags/example_sla_dag.py
[2025-10-20T18:04:13.359+0000] {processor.py:753} INFO - DAG(s) dict_keys(['example_sla_dag']) retrieved from /home/airflow/.local/lib/python3.7/site-packages/airflow/example_dags/example_sla_dag.py
[2025-10-20T18:04:13.369+0000] {logging_mixin.py:137} INFO - [2025-10-20T18:04:13.369+0000] {dag.py:2690} INFO - Sync 1 DAGs
[2025-10-20T18:04:13.378+0000] {logging_mixin.py:137} INFO - [2025-10-20T18:04:13.378+0000] {dag.py:3441} INFO - Setting next_dagrun for example_sla_dag to 2025-10-20T18:02:00+00:00, run_after=2025-10-20T18:04:00+00:00
[2025-10-20T18:04:13.385+0000] {processor.py:175} INFO - Processing /home/airflow/.local/lib/python3.7/site-packages/airflow/example_dags/example_sla_dag.py took 0.038 seconds
[2025-10-20T18:04:43.627+0000] {processor.py:153} INFO - Started process (PID=843) to work on /home/airflow/.local/lib/python3.7/site-packages/airflow/example_dags/example_sla_dag.py
[2025-10-20T18:04:43.627+0000] {processor.py:743} INFO - Processing file /home/airflow/.local/lib/python3.7/site-packages/airflow/example_dags/example_sla_dag.py for tasks to queue
[2025-10-20T18:04:43.627+0000] {logging_mixin.py:137} INFO - [2025-10-20T18:04:43.627+0000] {dagbag.py:538} INFO - Filling up the DagBag from /home/airflow/.local/lib/python3.7/site-packages/airflow/example_dags/example_sla_dag.py
[2025-10-20T18:04:43.636+0000] {processor.py:753} INFO - DAG(s) dict_keys(['example_sla_dag']) retrieved from /home/airflow/.local/lib/python3.7/site-packages/airflow/example_dags/example_sla_dag.py
[2025-10-20T18:04:43.646+0000] {logging_mixin.py:137} INFO - [2025-10-20T18:04:43.646+0000] {dag.py:2690} INFO - Sync 1 DAGs
[2025-10-20T18:04:43.656+0000] {logging_mixin.py:137} INFO - [2025-10-20T18:04:43.656+0000] {dag.py:3441} INFO - Setting next_dagrun for example_sla_dag to 2025-10-20T18:02:00+00:00, run_after=2025-10-20T18:04:00+00:00
[2025-10-20T18:04:43.661+0000] {processor.py:175} INFO - Processing /home/airflow/.local/lib/python3.7/site-packages/airflow/example_dags/example_sla_dag.py took 0.036 seconds
[2025-10-20T18:05:13.852+0000] {processor.py:153} INFO - Started process (PID=936) to work on /home/airflow/.local/lib/python3.7/site-packages/airflow/example_dags/example_sla_dag.py
[2025-10-20T18:05:13.853+0000] {processor.py:743} INFO - Processing file /home/airflow/.local/lib/python3.7/site-packages/airflow/example_dags/example_sla_dag.py for tasks to queue
[2025-10-20T18:05:13.853+0000] {logging_mixin.py:137} INFO - [2025-10-20T18:05:13.853+0000] {dagbag.py:538} INFO - Filling up the DagBag from /home/airflow/.local/lib/python3.7/site-packages/airflow/example_dags/example_sla_dag.py
[2025-10-20T18:05:13.862+0000] {processor.py:753} INFO - DAG(s) dict_keys(['example_sla_dag']) retrieved from /home/airflow/.local/lib/python3.7/site-packages/airflow/example_dags/example_sla_dag.py
[2025-10-20T18:05:13.873+0000] {logging_mixin.py:137} INFO - [2025-10-20T18:05:13.872+0000] {dag.py:2690} INFO - Sync 1 DAGs
[2025-10-20T18:05:13.883+0000] {logging_mixin.py:137} INFO - [2025-10-20T18:05:13.883+0000] {dag.py:3441} INFO - Setting next_dagrun for example_sla_dag to 2025-10-20T18:02:00+00:00, run_after=2025-10-20T18:04:00+00:00
[2025-10-20T18:05:13.890+0000] {processor.py:175} INFO - Processing /home/airflow/.local/lib/python3.7/site-packages/airflow/example_dags/example_sla_dag.py took 0.039 seconds
[2025-10-20T18:05:44.256+0000] {processor.py:153} INFO - Started process (PID=1011) to work on /home/airflow/.local/lib/python3.7/site-packages/airflow/example_dags/example_sla_dag.py
[2025-10-20T18:05:44.256+0000] {processor.py:743} INFO - Processing file /home/airflow/.local/lib/python3.7/site-packages/airflow/example_dags/example_sla_dag.py for tasks to queue
[2025-10-20T18:05:44.257+0000] {logging_mixin.py:137} INFO - [2025-10-20T18:05:44.257+0000] {dagbag.py:538} INFO - Filling up the DagBag from /home/airflow/.local/lib/python3.7/site-packages/airflow/example_dags/example_sla_dag.py
[2025-10-20T18:05:44.271+0000] {processor.py:753} INFO - DAG(s) dict_keys(['example_sla_dag']) retrieved from /home/airflow/.local/lib/python3.7/site-packages/airflow/example_dags/example_sla_dag.py
[2025-10-20T18:05:44.285+0000] {logging_mixin.py:137} INFO - [2025-10-20T18:05:44.285+0000] {dag.py:2690} INFO - Sync 1 DAGs
[2025-10-20T18:05:44.302+0000] {logging_mixin.py:137} INFO - [2025-10-20T18:05:44.302+0000] {dag.py:3441} INFO - Setting next_dagrun for example_sla_dag to 2025-10-20T18:02:00+00:00, run_after=2025-10-20T18:04:00+00:00
[2025-10-20T18:05:44.319+0000] {processor.py:175} INFO - Processing /home/airflow/.local/lib/python3.7/site-packages/airflow/example_dags/example_sla_dag.py took 0.066 seconds
[2025-10-20T18:06:14.521+0000] {processor.py:153} INFO - Started process (PID=1104) to work on /home/airflow/.local/lib/python3.7/site-packages/airflow/example_dags/example_sla_dag.py
[2025-10-20T18:06:14.522+0000] {processor.py:743} INFO - Processing file /home/airflow/.local/lib/python3.7/site-packages/airflow/example_dags/example_sla_dag.py for tasks to queue
[2025-10-20T18:06:14.522+0000] {logging_mixin.py:137} INFO - [2025-10-20T18:06:14.522+0000] {dagbag.py:538} INFO - Filling up the DagBag from /home/airflow/.local/lib/python3.7/site-packages/airflow/example_dags/example_sla_dag.py
[2025-10-20T18:06:14.531+0000] {processor.py:753} INFO - DAG(s) dict_keys(['example_sla_dag']) retrieved from /home/airflow/.local/lib/python3.7/site-packages/airflow/example_dags/example_sla_dag.py
[2025-10-20T18:06:14.540+0000] {logging_mixin.py:137} INFO - [2025-10-20T18:06:14.540+0000] {dag.py:2690} INFO - Sync 1 DAGs
[2025-10-20T18:06:14.551+0000] {logging_mixin.py:137} INFO - [2025-10-20T18:06:14.550+0000] {dag.py:3441} INFO - Setting next_dagrun for example_sla_dag to 2025-10-20T18:04:00+00:00, run_after=2025-10-20T18:06:00+00:00
[2025-10-20T18:06:14.557+0000] {processor.py:175} INFO - Processing /home/airflow/.local/lib/python3.7/site-packages/airflow/example_dags/example_sla_dag.py took 0.037 seconds
[2025-10-20T18:06:44.760+0000] {processor.py:153} INFO - Started process (PID=1197) to work on /home/airflow/.local/lib/python3.7/site-packages/airflow/example_dags/example_sla_dag.py
[2025-10-20T18:06:44.760+0000] {processor.py:743} INFO - Processing file /home/airflow/.local/lib/python3.7/site-packages/airflow/example_dags/example_sla_dag.py for tasks to queue
[2025-10-20T18:06:44.760+0000] {logging_mixin.py:137} INFO - [2025-10-20T18:06:44.760+0000] {dagbag.py:538} INFO - Filling up the DagBag from /home/airflow/.local/lib/python3.7/site-packages/airflow/example_dags/example_sla_dag.py
[2025-10-20T18:06:44.770+0000] {processor.py:753} INFO - DAG(s) dict_keys(['example_sla_dag']) retrieved from /home/airflow/.local/lib/python3.7/site-packages/airflow/example_dags/example_sla_dag.py
[2025-10-20T18:06:44.782+0000] {logging_mixin.py:137} INFO - [2025-10-20T18:06:44.782+0000] {dag.py:2690} INFO - Sync 1 DAGs
[2025-10-20T18:06:44.795+0000] {logging_mixin.py:137} INFO - [2025-10-20T18:06:44.795+0000] {dag.py:3441} INFO - Setting next_dagrun for example_sla_dag to 2025-10-20T18:04:00+00:00, run_after=2025-10-20T18:06:00+00:00
[2025-10-20T18:06:44.803+0000] {processor.py:175} INFO - Processing /home/airflow/.local/lib/python3.7/site-packages/airflow/example_dags/example_sla_dag.py took 0.045 seconds
[2025-10-20T18:07:15.119+0000] {processor.py:153} INFO - Started process (PID=1290) to work on /home/airflow/.local/lib/python3.7/site-packages/airflow/example_dags/example_sla_dag.py
[2025-10-20T18:07:15.119+0000] {processor.py:743} INFO - Processing file /home/airflow/.local/lib/python3.7/site-packages/airflow/example_dags/example_sla_dag.py for tasks to queue
[2025-10-20T18:07:15.119+0000] {logging_mixin.py:137} INFO - [2025-10-20T18:07:15.119+0000] {dagbag.py:538} INFO - Filling up the DagBag from /home/airflow/.local/lib/python3.7/site-packages/airflow/example_dags/example_sla_dag.py
[2025-10-20T18:07:15.128+0000] {processor.py:753} INFO - DAG(s) dict_keys(['example_sla_dag']) retrieved from /home/airflow/.local/lib/python3.7/site-packages/airflow/example_dags/example_sla_dag.py
[2025-10-20T18:07:15.137+0000] {logging_mixin.py:137} INFO - [2025-10-20T18:07:15.137+0000] {dag.py:2690} INFO - Sync 1 DAGs
[2025-10-20T18:07:15.147+0000] {logging_mixin.py:137} INFO - [2025-10-20T18:07:15.147+0000] {dag.py:3441} INFO - Setting next_dagrun for example_sla_dag to 2025-10-20T18:04:00+00:00, run_after=2025-10-20T18:06:00+00:00
[2025-10-20T18:07:15.154+0000] {processor.py:175} INFO - Processing /home/airflow/.local/lib/python3.7/site-packages/airflow/example_dags/example_sla_dag.py took 0.036 seconds
[2025-10-20T18:07:45.287+0000] {processor.py:153} INFO - Started process (PID=1365) to work on /home/airflow/.local/lib/python3.7/site-packages/airflow/example_dags/example_sla_dag.py
[2025-10-20T18:07:45.287+0000] {processor.py:743} INFO - Processing file /home/airflow/.local/lib/python3.7/site-packages/airflow/example_dags/example_sla_dag.py for tasks to queue
[2025-10-20T18:07:45.287+0000] {logging_mixin.py:137} INFO - [2025-10-20T18:07:45.287+0000] {dagbag.py:538} INFO - Filling up the DagBag from /home/airflow/.local/lib/python3.7/site-packages/airflow/example_dags/example_sla_dag.py
[2025-10-20T18:07:45.296+0000] {processor.py:753} INFO - DAG(s) dict_keys(['example_sla_dag']) retrieved from /home/airflow/.local/lib/python3.7/site-packages/airflow/example_dags/example_sla_dag.py
[2025-10-20T18:07:45.305+0000] {logging_mixin.py:137} INFO - [2025-10-20T18:07:45.305+0000] {dag.py:2690} INFO - Sync 1 DAGs
[2025-10-20T18:07:45.315+0000] {logging_mixin.py:137} INFO - [2025-10-20T18:07:45.315+0000] {dag.py:3441} INFO - Setting next_dagrun for example_sla_dag to 2025-10-20T18:04:00+00:00, run_after=2025-10-20T18:06:00+00:00
[2025-10-20T18:07:45.321+0000] {processor.py:175} INFO - Processing /home/airflow/.local/lib/python3.7/site-packages/airflow/example_dags/example_sla_dag.py took 0.035 seconds
[2025-10-20T18:08:15.567+0000] {processor.py:153} INFO - Started process (PID=1458) to work on /home/airflow/.local/lib/python3.7/site-packages/airflow/example_dags/example_sla_dag.py
[2025-10-20T18:08:15.568+0000] {processor.py:743} INFO - Processing file /home/airflow/.local/lib/python3.7/site-packages/airflow/example_dags/example_sla_dag.py for tasks to queue
[2025-10-20T18:08:15.568+0000] {logging_mixin.py:137} INFO - [2025-10-20T18:08:15.568+0000] {dagbag.py:538} INFO - Filling up the DagBag from /home/airflow/.local/lib/python3.7/site-packages/airflow/example_dags/example_sla_dag.py
[2025-10-20T18:08:15.578+0000] {processor.py:753} INFO - DAG(s) dict_keys(['example_sla_dag']) retrieved from /home/airflow/.local/lib/python3.7/site-packages/airflow/example_dags/example_sla_dag.py
[2025-10-20T18:08:15.589+0000] {logging_mixin.py:137} INFO - [2025-10-20T18:08:15.589+0000] {dag.py:2690} INFO - Sync 1 DAGs
[2025-10-20T18:08:15.602+0000] {logging_mixin.py:137} INFO - [2025-10-20T18:08:15.602+0000] {dag.py:3441} INFO - Setting next_dagrun for example_sla_dag to 2025-10-20T18:06:00+00:00, run_after=2025-10-20T18:08:00+00:00
[2025-10-20T18:08:15.608+0000] {processor.py:175} INFO - Processing /home/airflow/.local/lib/python3.7/site-packages/airflow/example_dags/example_sla_dag.py took 0.043 seconds
[2025-10-20T18:08:45.853+0000] {processor.py:153} INFO - Started process (PID=1551) to work on /home/airflow/.local/lib/python3.7/site-packages/airflow/example_dags/example_sla_dag.py
[2025-10-20T18:08:45.853+0000] {processor.py:743} INFO - Processing file /home/airflow/.local/lib/python3.7/site-packages/airflow/example_dags/example_sla_dag.py for tasks to queue
[2025-10-20T18:08:45.854+0000] {logging_mixin.py:137} INFO - [2025-10-20T18:08:45.853+0000] {dagbag.py:538} INFO - Filling up the DagBag from /home/airflow/.local/lib/python3.7/site-packages/airflow/example_dags/example_sla_dag.py
[2025-10-20T18:08:45.862+0000] {processor.py:753} INFO - DAG(s) dict_keys(['example_sla_dag']) retrieved from /home/airflow/.local/lib/python3.7/site-packages/airflow/example_dags/example_sla_dag.py
[2025-10-20T18:08:45.872+0000] {logging_mixin.py:137} INFO - [2025-10-20T18:08:45.872+0000] {dag.py:2690} INFO - Sync 1 DAGs
[2025-10-20T18:08:45.882+0000] {logging_mixin.py:137} INFO - [2025-10-20T18:08:45.882+0000] {dag.py:3441} INFO - Setting next_dagrun for example_sla_dag to 2025-10-20T18:06:00+00:00, run_after=2025-10-20T18:08:00+00:00
[2025-10-20T18:08:45.888+0000] {processor.py:175} INFO - Processing /home/airflow/.local/lib/python3.7/site-packages/airflow/example_dags/example_sla_dag.py took 0.037 seconds
