[2025-10-20T18:00:11.124+0000] {processor.py:153} INFO - Started process (PID=52) to work on /home/airflow/.local/lib/python3.7/site-packages/airflow/example_dags/example_branch_day_of_week_operator.py
[2025-10-20T18:00:11.125+0000] {processor.py:743} INFO - Processing file /home/airflow/.local/lib/python3.7/site-packages/airflow/example_dags/example_branch_day_of_week_operator.py for tasks to queue
[2025-10-20T18:00:11.125+0000] {logging_mixin.py:137} INFO - [2025-10-20T18:00:11.125+0000] {dagbag.py:538} INFO - Filling up the DagBag from /home/airflow/.local/lib/python3.7/site-packages/airflow/example_dags/example_branch_day_of_week_operator.py
[2025-10-20T18:00:11.138+0000] {processor.py:753} INFO - DAG(s) dict_keys(['example_weekday_branch_operator']) retrieved from /home/airflow/.local/lib/python3.7/site-packages/airflow/example_dags/example_branch_day_of_week_operator.py
[2025-10-20T18:00:11.144+0000] {logging_mixin.py:137} INFO - [2025-10-20T18:00:11.144+0000] {dag.py:2690} INFO - Sync 1 DAGs
[2025-10-20T18:00:11.160+0000] {logging_mixin.py:137} INFO - [2025-10-20T18:00:11.160+0000] {dag.py:3441} INFO - Setting next_dagrun for example_weekday_branch_operator to 2025-10-19T00:00:00+00:00, run_after=2025-10-20T00:00:00+00:00
[2025-10-20T18:00:11.177+0000] {processor.py:175} INFO - Processing /home/airflow/.local/lib/python3.7/site-packages/airflow/example_dags/example_branch_day_of_week_operator.py took 0.054 seconds
[2025-10-20T18:00:41.582+0000] {processor.py:153} INFO - Started process (PID=145) to work on /home/airflow/.local/lib/python3.7/site-packages/airflow/example_dags/example_branch_day_of_week_operator.py
[2025-10-20T18:00:41.582+0000] {processor.py:743} INFO - Processing file /home/airflow/.local/lib/python3.7/site-packages/airflow/example_dags/example_branch_day_of_week_operator.py for tasks to queue
[2025-10-20T18:00:41.582+0000] {logging_mixin.py:137} INFO - [2025-10-20T18:00:41.582+0000] {dagbag.py:538} INFO - Filling up the DagBag from /home/airflow/.local/lib/python3.7/site-packages/airflow/example_dags/example_branch_day_of_week_operator.py
[2025-10-20T18:00:41.589+0000] {processor.py:753} INFO - DAG(s) dict_keys(['example_weekday_branch_operator']) retrieved from /home/airflow/.local/lib/python3.7/site-packages/airflow/example_dags/example_branch_day_of_week_operator.py
[2025-10-20T18:00:41.598+0000] {logging_mixin.py:137} INFO - [2025-10-20T18:00:41.598+0000] {dag.py:2690} INFO - Sync 1 DAGs
[2025-10-20T18:00:41.611+0000] {logging_mixin.py:137} INFO - [2025-10-20T18:00:41.611+0000] {dag.py:3441} INFO - Setting next_dagrun for example_weekday_branch_operator to 2025-10-19T00:00:00+00:00, run_after=2025-10-20T00:00:00+00:00
[2025-10-20T18:00:41.617+0000] {processor.py:175} INFO - Processing /home/airflow/.local/lib/python3.7/site-packages/airflow/example_dags/example_branch_day_of_week_operator.py took 0.037 seconds
[2025-10-20T18:01:11.883+0000] {processor.py:153} INFO - Started process (PID=229) to work on /home/airflow/.local/lib/python3.7/site-packages/airflow/example_dags/example_branch_day_of_week_operator.py
[2025-10-20T18:01:11.884+0000] {processor.py:743} INFO - Processing file /home/airflow/.local/lib/python3.7/site-packages/airflow/example_dags/example_branch_day_of_week_operator.py for tasks to queue
[2025-10-20T18:01:11.884+0000] {logging_mixin.py:137} INFO - [2025-10-20T18:01:11.884+0000] {dagbag.py:538} INFO - Filling up the DagBag from /home/airflow/.local/lib/python3.7/site-packages/airflow/example_dags/example_branch_day_of_week_operator.py
[2025-10-20T18:01:11.891+0000] {processor.py:753} INFO - DAG(s) dict_keys(['example_weekday_branch_operator']) retrieved from /home/airflow/.local/lib/python3.7/site-packages/airflow/example_dags/example_branch_day_of_week_operator.py
[2025-10-20T18:01:11.903+0000] {logging_mixin.py:137} INFO - [2025-10-20T18:01:11.903+0000] {dag.py:2690} INFO - Sync 1 DAGs
[2025-10-20T18:01:11.914+0000] {logging_mixin.py:137} INFO - [2025-10-20T18:01:11.913+0000] {dag.py:3441} INFO - Setting next_dagrun for example_weekday_branch_operator to 2025-10-19T00:00:00+00:00, run_after=2025-10-20T00:00:00+00:00
[2025-10-20T18:01:11.926+0000] {processor.py:175} INFO - Processing /home/airflow/.local/lib/python3.7/site-packages/airflow/example_dags/example_branch_day_of_week_operator.py took 0.044 seconds
[2025-10-20T18:01:42.422+0000] {processor.py:153} INFO - Started process (PID=313) to work on /home/airflow/.local/lib/python3.7/site-packages/airflow/example_dags/example_branch_day_of_week_operator.py
[2025-10-20T18:01:42.424+0000] {processor.py:743} INFO - Processing file /home/airflow/.local/lib/python3.7/site-packages/airflow/example_dags/example_branch_day_of_week_operator.py for tasks to queue
[2025-10-20T18:01:42.424+0000] {logging_mixin.py:137} INFO - [2025-10-20T18:01:42.424+0000] {dagbag.py:538} INFO - Filling up the DagBag from /home/airflow/.local/lib/python3.7/site-packages/airflow/example_dags/example_branch_day_of_week_operator.py
[2025-10-20T18:01:42.431+0000] {processor.py:753} INFO - DAG(s) dict_keys(['example_weekday_branch_operator']) retrieved from /home/airflow/.local/lib/python3.7/site-packages/airflow/example_dags/example_branch_day_of_week_operator.py
[2025-10-20T18:01:42.444+0000] {logging_mixin.py:137} INFO - [2025-10-20T18:01:42.444+0000] {dag.py:2690} INFO - Sync 1 DAGs
[2025-10-20T18:01:42.453+0000] {logging_mixin.py:137} INFO - [2025-10-20T18:01:42.453+0000] {dag.py:3441} INFO - Setting next_dagrun for example_weekday_branch_operator to 2025-10-19T00:00:00+00:00, run_after=2025-10-20T00:00:00+00:00
[2025-10-20T18:01:42.460+0000] {processor.py:175} INFO - Processing /home/airflow/.local/lib/python3.7/site-packages/airflow/example_dags/example_branch_day_of_week_operator.py took 0.040 seconds
[2025-10-20T18:02:12.608+0000] {processor.py:153} INFO - Started process (PID=406) to work on /home/airflow/.local/lib/python3.7/site-packages/airflow/example_dags/example_branch_day_of_week_operator.py
[2025-10-20T18:02:12.609+0000] {processor.py:743} INFO - Processing file /home/airflow/.local/lib/python3.7/site-packages/airflow/example_dags/example_branch_day_of_week_operator.py for tasks to queue
[2025-10-20T18:02:12.609+0000] {logging_mixin.py:137} INFO - [2025-10-20T18:02:12.609+0000] {dagbag.py:538} INFO - Filling up the DagBag from /home/airflow/.local/lib/python3.7/site-packages/airflow/example_dags/example_branch_day_of_week_operator.py
[2025-10-20T18:02:12.614+0000] {processor.py:753} INFO - DAG(s) dict_keys(['example_weekday_branch_operator']) retrieved from /home/airflow/.local/lib/python3.7/site-packages/airflow/example_dags/example_branch_day_of_week_operator.py
[2025-10-20T18:02:12.623+0000] {logging_mixin.py:137} INFO - [2025-10-20T18:02:12.623+0000] {dag.py:2690} INFO - Sync 1 DAGs
[2025-10-20T18:02:12.631+0000] {logging_mixin.py:137} INFO - [2025-10-20T18:02:12.631+0000] {dag.py:3441} INFO - Setting next_dagrun for example_weekday_branch_operator to 2025-10-19T00:00:00+00:00, run_after=2025-10-20T00:00:00+00:00
[2025-10-20T18:02:12.636+0000] {processor.py:175} INFO - Processing /home/airflow/.local/lib/python3.7/site-packages/airflow/example_dags/example_branch_day_of_week_operator.py took 0.029 seconds
[2025-10-20T18:02:42.784+0000] {processor.py:153} INFO - Started process (PID=499) to work on /home/airflow/.local/lib/python3.7/site-packages/airflow/example_dags/example_branch_day_of_week_operator.py
[2025-10-20T18:02:42.784+0000] {processor.py:743} INFO - Processing file /home/airflow/.local/lib/python3.7/site-packages/airflow/example_dags/example_branch_day_of_week_operator.py for tasks to queue
[2025-10-20T18:02:42.785+0000] {logging_mixin.py:137} INFO - [2025-10-20T18:02:42.785+0000] {dagbag.py:538} INFO - Filling up the DagBag from /home/airflow/.local/lib/python3.7/site-packages/airflow/example_dags/example_branch_day_of_week_operator.py
[2025-10-20T18:02:42.791+0000] {processor.py:753} INFO - DAG(s) dict_keys(['example_weekday_branch_operator']) retrieved from /home/airflow/.local/lib/python3.7/site-packages/airflow/example_dags/example_branch_day_of_week_operator.py
[2025-10-20T18:02:42.801+0000] {logging_mixin.py:137} INFO - [2025-10-20T18:02:42.801+0000] {dag.py:2690} INFO - Sync 1 DAGs
[2025-10-20T18:02:42.811+0000] {logging_mixin.py:137} INFO - [2025-10-20T18:02:42.810+0000] {dag.py:3441} INFO - Setting next_dagrun for example_weekday_branch_operator to 2025-10-19T00:00:00+00:00, run_after=2025-10-20T00:00:00+00:00
[2025-10-20T18:02:42.817+0000] {processor.py:175} INFO - Processing /home/airflow/.local/lib/python3.7/site-packages/airflow/example_dags/example_branch_day_of_week_operator.py took 0.035 seconds
[2025-10-20T18:03:13.115+0000] {processor.py:153} INFO - Started process (PID=591) to work on /home/airflow/.local/lib/python3.7/site-packages/airflow/example_dags/example_branch_day_of_week_operator.py
[2025-10-20T18:03:13.116+0000] {processor.py:743} INFO - Processing file /home/airflow/.local/lib/python3.7/site-packages/airflow/example_dags/example_branch_day_of_week_operator.py for tasks to queue
[2025-10-20T18:03:13.116+0000] {logging_mixin.py:137} INFO - [2025-10-20T18:03:13.116+0000] {dagbag.py:538} INFO - Filling up the DagBag from /home/airflow/.local/lib/python3.7/site-packages/airflow/example_dags/example_branch_day_of_week_operator.py
[2025-10-20T18:03:13.126+0000] {processor.py:753} INFO - DAG(s) dict_keys(['example_weekday_branch_operator']) retrieved from /home/airflow/.local/lib/python3.7/site-packages/airflow/example_dags/example_branch_day_of_week_operator.py
[2025-10-20T18:03:13.139+0000] {logging_mixin.py:137} INFO - [2025-10-20T18:03:13.139+0000] {dag.py:2690} INFO - Sync 1 DAGs
[2025-10-20T18:03:13.151+0000] {logging_mixin.py:137} INFO - [2025-10-20T18:03:13.151+0000] {dag.py:3441} INFO - Setting next_dagrun for example_weekday_branch_operator to 2025-10-19T00:00:00+00:00, run_after=2025-10-20T00:00:00+00:00
[2025-10-20T18:03:13.159+0000] {processor.py:175} INFO - Processing /home/airflow/.local/lib/python3.7/site-packages/airflow/example_dags/example_branch_day_of_week_operator.py took 0.046 seconds
[2025-10-20T18:03:43.346+0000] {processor.py:153} INFO - Started process (PID=666) to work on /home/airflow/.local/lib/python3.7/site-packages/airflow/example_dags/example_branch_day_of_week_operator.py
[2025-10-20T18:03:43.347+0000] {processor.py:743} INFO - Processing file /home/airflow/.local/lib/python3.7/site-packages/airflow/example_dags/example_branch_day_of_week_operator.py for tasks to queue
[2025-10-20T18:03:43.347+0000] {logging_mixin.py:137} INFO - [2025-10-20T18:03:43.347+0000] {dagbag.py:538} INFO - Filling up the DagBag from /home/airflow/.local/lib/python3.7/site-packages/airflow/example_dags/example_branch_day_of_week_operator.py
[2025-10-20T18:03:43.353+0000] {processor.py:753} INFO - DAG(s) dict_keys(['example_weekday_branch_operator']) retrieved from /home/airflow/.local/lib/python3.7/site-packages/airflow/example_dags/example_branch_day_of_week_operator.py
[2025-10-20T18:03:43.363+0000] {logging_mixin.py:137} INFO - [2025-10-20T18:03:43.362+0000] {dag.py:2690} INFO - Sync 1 DAGs
[2025-10-20T18:03:43.371+0000] {logging_mixin.py:137} INFO - [2025-10-20T18:03:43.371+0000] {dag.py:3441} INFO - Setting next_dagrun for example_weekday_branch_operator to 2025-10-19T00:00:00+00:00, run_after=2025-10-20T00:00:00+00:00
[2025-10-20T18:03:43.378+0000] {processor.py:175} INFO - Processing /home/airflow/.local/lib/python3.7/site-packages/airflow/example_dags/example_branch_day_of_week_operator.py took 0.032 seconds
[2025-10-20T18:04:13.580+0000] {processor.py:153} INFO - Started process (PID=759) to work on /home/airflow/.local/lib/python3.7/site-packages/airflow/example_dags/example_branch_day_of_week_operator.py
[2025-10-20T18:04:13.580+0000] {processor.py:743} INFO - Processing file /home/airflow/.local/lib/python3.7/site-packages/airflow/example_dags/example_branch_day_of_week_operator.py for tasks to queue
[2025-10-20T18:04:13.581+0000] {logging_mixin.py:137} INFO - [2025-10-20T18:04:13.581+0000] {dagbag.py:538} INFO - Filling up the DagBag from /home/airflow/.local/lib/python3.7/site-packages/airflow/example_dags/example_branch_day_of_week_operator.py
[2025-10-20T18:04:13.587+0000] {processor.py:753} INFO - DAG(s) dict_keys(['example_weekday_branch_operator']) retrieved from /home/airflow/.local/lib/python3.7/site-packages/airflow/example_dags/example_branch_day_of_week_operator.py
[2025-10-20T18:04:13.596+0000] {logging_mixin.py:137} INFO - [2025-10-20T18:04:13.596+0000] {dag.py:2690} INFO - Sync 1 DAGs
[2025-10-20T18:04:13.605+0000] {logging_mixin.py:137} INFO - [2025-10-20T18:04:13.605+0000] {dag.py:3441} INFO - Setting next_dagrun for example_weekday_branch_operator to 2025-10-19T00:00:00+00:00, run_after=2025-10-20T00:00:00+00:00
[2025-10-20T18:04:13.611+0000] {processor.py:175} INFO - Processing /home/airflow/.local/lib/python3.7/site-packages/airflow/example_dags/example_branch_day_of_week_operator.py took 0.033 seconds
[2025-10-20T18:04:43.855+0000] {processor.py:153} INFO - Started process (PID=852) to work on /home/airflow/.local/lib/python3.7/site-packages/airflow/example_dags/example_branch_day_of_week_operator.py
[2025-10-20T18:04:43.856+0000] {processor.py:743} INFO - Processing file /home/airflow/.local/lib/python3.7/site-packages/airflow/example_dags/example_branch_day_of_week_operator.py for tasks to queue
[2025-10-20T18:04:43.856+0000] {logging_mixin.py:137} INFO - [2025-10-20T18:04:43.856+0000] {dagbag.py:538} INFO - Filling up the DagBag from /home/airflow/.local/lib/python3.7/site-packages/airflow/example_dags/example_branch_day_of_week_operator.py
[2025-10-20T18:04:43.862+0000] {processor.py:753} INFO - DAG(s) dict_keys(['example_weekday_branch_operator']) retrieved from /home/airflow/.local/lib/python3.7/site-packages/airflow/example_dags/example_branch_day_of_week_operator.py
[2025-10-20T18:04:43.871+0000] {logging_mixin.py:137} INFO - [2025-10-20T18:04:43.871+0000] {dag.py:2690} INFO - Sync 1 DAGs
[2025-10-20T18:04:43.880+0000] {logging_mixin.py:137} INFO - [2025-10-20T18:04:43.880+0000] {dag.py:3441} INFO - Setting next_dagrun for example_weekday_branch_operator to 2025-10-19T00:00:00+00:00, run_after=2025-10-20T00:00:00+00:00
[2025-10-20T18:04:43.886+0000] {processor.py:175} INFO - Processing /home/airflow/.local/lib/python3.7/site-packages/airflow/example_dags/example_branch_day_of_week_operator.py took 0.032 seconds
[2025-10-20T18:05:14.054+0000] {processor.py:153} INFO - Started process (PID=945) to work on /home/airflow/.local/lib/python3.7/site-packages/airflow/example_dags/example_branch_day_of_week_operator.py
[2025-10-20T18:05:14.055+0000] {processor.py:743} INFO - Processing file /home/airflow/.local/lib/python3.7/site-packages/airflow/example_dags/example_branch_day_of_week_operator.py for tasks to queue
[2025-10-20T18:05:14.055+0000] {logging_mixin.py:137} INFO - [2025-10-20T18:05:14.055+0000] {dagbag.py:538} INFO - Filling up the DagBag from /home/airflow/.local/lib/python3.7/site-packages/airflow/example_dags/example_branch_day_of_week_operator.py
[2025-10-20T18:05:14.061+0000] {processor.py:753} INFO - DAG(s) dict_keys(['example_weekday_branch_operator']) retrieved from /home/airflow/.local/lib/python3.7/site-packages/airflow/example_dags/example_branch_day_of_week_operator.py
[2025-10-20T18:05:14.070+0000] {logging_mixin.py:137} INFO - [2025-10-20T18:05:14.070+0000] {dag.py:2690} INFO - Sync 1 DAGs
[2025-10-20T18:05:14.079+0000] {logging_mixin.py:137} INFO - [2025-10-20T18:05:14.079+0000] {dag.py:3441} INFO - Setting next_dagrun for example_weekday_branch_operator to 2025-10-19T00:00:00+00:00, run_after=2025-10-20T00:00:00+00:00
[2025-10-20T18:05:14.084+0000] {processor.py:175} INFO - Processing /home/airflow/.local/lib/python3.7/site-packages/airflow/example_dags/example_branch_day_of_week_operator.py took 0.031 seconds
[2025-10-20T18:05:44.546+0000] {processor.py:153} INFO - Started process (PID=1020) to work on /home/airflow/.local/lib/python3.7/site-packages/airflow/example_dags/example_branch_day_of_week_operator.py
[2025-10-20T18:05:44.547+0000] {processor.py:743} INFO - Processing file /home/airflow/.local/lib/python3.7/site-packages/airflow/example_dags/example_branch_day_of_week_operator.py for tasks to queue
[2025-10-20T18:05:44.547+0000] {logging_mixin.py:137} INFO - [2025-10-20T18:05:44.547+0000] {dagbag.py:538} INFO - Filling up the DagBag from /home/airflow/.local/lib/python3.7/site-packages/airflow/example_dags/example_branch_day_of_week_operator.py
[2025-10-20T18:05:44.556+0000] {processor.py:753} INFO - DAG(s) dict_keys(['example_weekday_branch_operator']) retrieved from /home/airflow/.local/lib/python3.7/site-packages/airflow/example_dags/example_branch_day_of_week_operator.py
[2025-10-20T18:05:44.568+0000] {logging_mixin.py:137} INFO - [2025-10-20T18:05:44.568+0000] {dag.py:2690} INFO - Sync 1 DAGs
[2025-10-20T18:05:44.580+0000] {logging_mixin.py:137} INFO - [2025-10-20T18:05:44.580+0000] {dag.py:3441} INFO - Setting next_dagrun for example_weekday_branch_operator to 2025-10-19T00:00:00+00:00, run_after=2025-10-20T00:00:00+00:00
[2025-10-20T18:05:44.588+0000] {processor.py:175} INFO - Processing /home/airflow/.local/lib/python3.7/site-packages/airflow/example_dags/example_branch_day_of_week_operator.py took 0.044 seconds
[2025-10-20T18:06:14.758+0000] {processor.py:153} INFO - Started process (PID=1113) to work on /home/airflow/.local/lib/python3.7/site-packages/airflow/example_dags/example_branch_day_of_week_operator.py
[2025-10-20T18:06:14.758+0000] {processor.py:743} INFO - Processing file /home/airflow/.local/lib/python3.7/site-packages/airflow/example_dags/example_branch_day_of_week_operator.py for tasks to queue
[2025-10-20T18:06:14.758+0000] {logging_mixin.py:137} INFO - [2025-10-20T18:06:14.758+0000] {dagbag.py:538} INFO - Filling up the DagBag from /home/airflow/.local/lib/python3.7/site-packages/airflow/example_dags/example_branch_day_of_week_operator.py
[2025-10-20T18:06:14.764+0000] {processor.py:753} INFO - DAG(s) dict_keys(['example_weekday_branch_operator']) retrieved from /home/airflow/.local/lib/python3.7/site-packages/airflow/example_dags/example_branch_day_of_week_operator.py
[2025-10-20T18:06:14.773+0000] {logging_mixin.py:137} INFO - [2025-10-20T18:06:14.773+0000] {dag.py:2690} INFO - Sync 1 DAGs
[2025-10-20T18:06:14.783+0000] {logging_mixin.py:137} INFO - [2025-10-20T18:06:14.783+0000] {dag.py:3441} INFO - Setting next_dagrun for example_weekday_branch_operator to 2025-10-19T00:00:00+00:00, run_after=2025-10-20T00:00:00+00:00
[2025-10-20T18:06:14.789+0000] {processor.py:175} INFO - Processing /home/airflow/.local/lib/python3.7/site-packages/airflow/example_dags/example_branch_day_of_week_operator.py took 0.033 seconds
[2025-10-20T18:06:45.055+0000] {processor.py:153} INFO - Started process (PID=1206) to work on /home/airflow/.local/lib/python3.7/site-packages/airflow/example_dags/example_branch_day_of_week_operator.py
[2025-10-20T18:06:45.056+0000] {processor.py:743} INFO - Processing file /home/airflow/.local/lib/python3.7/site-packages/airflow/example_dags/example_branch_day_of_week_operator.py for tasks to queue
[2025-10-20T18:06:45.056+0000] {logging_mixin.py:137} INFO - [2025-10-20T18:06:45.056+0000] {dagbag.py:538} INFO - Filling up the DagBag from /home/airflow/.local/lib/python3.7/site-packages/airflow/example_dags/example_branch_day_of_week_operator.py
[2025-10-20T18:06:45.071+0000] {processor.py:753} INFO - DAG(s) dict_keys(['example_weekday_branch_operator']) retrieved from /home/airflow/.local/lib/python3.7/site-packages/airflow/example_dags/example_branch_day_of_week_operator.py
[2025-10-20T18:06:45.086+0000] {logging_mixin.py:137} INFO - [2025-10-20T18:06:45.086+0000] {dag.py:2690} INFO - Sync 1 DAGs
[2025-10-20T18:06:45.098+0000] {logging_mixin.py:137} INFO - [2025-10-20T18:06:45.097+0000] {dag.py:3441} INFO - Setting next_dagrun for example_weekday_branch_operator to 2025-10-19T00:00:00+00:00, run_after=2025-10-20T00:00:00+00:00
[2025-10-20T18:06:45.105+0000] {processor.py:175} INFO - Processing /home/airflow/.local/lib/python3.7/site-packages/airflow/example_dags/example_branch_day_of_week_operator.py took 0.052 seconds
[2025-10-20T18:07:15.350+0000] {processor.py:153} INFO - Started process (PID=1299) to work on /home/airflow/.local/lib/python3.7/site-packages/airflow/example_dags/example_branch_day_of_week_operator.py
[2025-10-20T18:07:15.350+0000] {processor.py:743} INFO - Processing file /home/airflow/.local/lib/python3.7/site-packages/airflow/example_dags/example_branch_day_of_week_operator.py for tasks to queue
[2025-10-20T18:07:15.350+0000] {logging_mixin.py:137} INFO - [2025-10-20T18:07:15.350+0000] {dagbag.py:538} INFO - Filling up the DagBag from /home/airflow/.local/lib/python3.7/site-packages/airflow/example_dags/example_branch_day_of_week_operator.py
[2025-10-20T18:07:15.356+0000] {processor.py:753} INFO - DAG(s) dict_keys(['example_weekday_branch_operator']) retrieved from /home/airflow/.local/lib/python3.7/site-packages/airflow/example_dags/example_branch_day_of_week_operator.py
[2025-10-20T18:07:15.366+0000] {logging_mixin.py:137} INFO - [2025-10-20T18:07:15.365+0000] {dag.py:2690} INFO - Sync 1 DAGs
[2025-10-20T18:07:15.375+0000] {logging_mixin.py:137} INFO - [2025-10-20T18:07:15.375+0000] {dag.py:3441} INFO - Setting next_dagrun for example_weekday_branch_operator to 2025-10-19T00:00:00+00:00, run_after=2025-10-20T00:00:00+00:00
[2025-10-20T18:07:15.380+0000] {processor.py:175} INFO - Processing /home/airflow/.local/lib/python3.7/site-packages/airflow/example_dags/example_branch_day_of_week_operator.py took 0.032 seconds
[2025-10-20T18:07:45.480+0000] {processor.py:153} INFO - Started process (PID=1374) to work on /home/airflow/.local/lib/python3.7/site-packages/airflow/example_dags/example_branch_day_of_week_operator.py
[2025-10-20T18:07:45.480+0000] {processor.py:743} INFO - Processing file /home/airflow/.local/lib/python3.7/site-packages/airflow/example_dags/example_branch_day_of_week_operator.py for tasks to queue
[2025-10-20T18:07:45.480+0000] {logging_mixin.py:137} INFO - [2025-10-20T18:07:45.480+0000] {dagbag.py:538} INFO - Filling up the DagBag from /home/airflow/.local/lib/python3.7/site-packages/airflow/example_dags/example_branch_day_of_week_operator.py
[2025-10-20T18:07:45.486+0000] {processor.py:753} INFO - DAG(s) dict_keys(['example_weekday_branch_operator']) retrieved from /home/airflow/.local/lib/python3.7/site-packages/airflow/example_dags/example_branch_day_of_week_operator.py
[2025-10-20T18:07:45.495+0000] {logging_mixin.py:137} INFO - [2025-10-20T18:07:45.495+0000] {dag.py:2690} INFO - Sync 1 DAGs
[2025-10-20T18:07:45.503+0000] {logging_mixin.py:137} INFO - [2025-10-20T18:07:45.503+0000] {dag.py:3441} INFO - Setting next_dagrun for example_weekday_branch_operator to 2025-10-19T00:00:00+00:00, run_after=2025-10-20T00:00:00+00:00
[2025-10-20T18:07:45.509+0000] {processor.py:175} INFO - Processing /home/airflow/.local/lib/python3.7/site-packages/airflow/example_dags/example_branch_day_of_week_operator.py took 0.031 seconds
[2025-10-20T18:08:15.800+0000] {processor.py:153} INFO - Started process (PID=1467) to work on /home/airflow/.local/lib/python3.7/site-packages/airflow/example_dags/example_branch_day_of_week_operator.py
[2025-10-20T18:08:15.801+0000] {processor.py:743} INFO - Processing file /home/airflow/.local/lib/python3.7/site-packages/airflow/example_dags/example_branch_day_of_week_operator.py for tasks to queue
[2025-10-20T18:08:15.801+0000] {logging_mixin.py:137} INFO - [2025-10-20T18:08:15.801+0000] {dagbag.py:538} INFO - Filling up the DagBag from /home/airflow/.local/lib/python3.7/site-packages/airflow/example_dags/example_branch_day_of_week_operator.py
[2025-10-20T18:08:15.808+0000] {processor.py:753} INFO - DAG(s) dict_keys(['example_weekday_branch_operator']) retrieved from /home/airflow/.local/lib/python3.7/site-packages/airflow/example_dags/example_branch_day_of_week_operator.py
[2025-10-20T18:08:15.818+0000] {logging_mixin.py:137} INFO - [2025-10-20T18:08:15.818+0000] {dag.py:2690} INFO - Sync 1 DAGs
[2025-10-20T18:08:15.827+0000] {logging_mixin.py:137} INFO - [2025-10-20T18:08:15.827+0000] {dag.py:3441} INFO - Setting next_dagrun for example_weekday_branch_operator to 2025-10-19T00:00:00+00:00, run_after=2025-10-20T00:00:00+00:00
[2025-10-20T18:08:15.834+0000] {processor.py:175} INFO - Processing /home/airflow/.local/lib/python3.7/site-packages/airflow/example_dags/example_branch_day_of_week_operator.py took 0.036 seconds
[2025-10-20T18:08:46.092+0000] {processor.py:153} INFO - Started process (PID=1560) to work on /home/airflow/.local/lib/python3.7/site-packages/airflow/example_dags/example_branch_day_of_week_operator.py
[2025-10-20T18:08:46.092+0000] {processor.py:743} INFO - Processing file /home/airflow/.local/lib/python3.7/site-packages/airflow/example_dags/example_branch_day_of_week_operator.py for tasks to queue
[2025-10-20T18:08:46.093+0000] {logging_mixin.py:137} INFO - [2025-10-20T18:08:46.093+0000] {dagbag.py:538} INFO - Filling up the DagBag from /home/airflow/.local/lib/python3.7/site-packages/airflow/example_dags/example_branch_day_of_week_operator.py
[2025-10-20T18:08:46.101+0000] {processor.py:753} INFO - DAG(s) dict_keys(['example_weekday_branch_operator']) retrieved from /home/airflow/.local/lib/python3.7/site-packages/airflow/example_dags/example_branch_day_of_week_operator.py
[2025-10-20T18:08:46.113+0000] {logging_mixin.py:137} INFO - [2025-10-20T18:08:46.113+0000] {dag.py:2690} INFO - Sync 1 DAGs
[2025-10-20T18:08:46.125+0000] {logging_mixin.py:137} INFO - [2025-10-20T18:08:46.125+0000] {dag.py:3441} INFO - Setting next_dagrun for example_weekday_branch_operator to 2025-10-19T00:00:00+00:00, run_after=2025-10-20T00:00:00+00:00
[2025-10-20T18:08:46.133+0000] {processor.py:175} INFO - Processing /home/airflow/.local/lib/python3.7/site-packages/airflow/example_dags/example_branch_day_of_week_operator.py took 0.043 seconds
