[2025-10-20T18:00:11.191+0000] {processor.py:153} INFO - Started process (PID=54) to work on /home/airflow/.local/lib/python3.7/site-packages/airflow/example_dags/example_branch_operator.py
[2025-10-20T18:00:11.192+0000] {processor.py:743} INFO - Processing file /home/airflow/.local/lib/python3.7/site-packages/airflow/example_dags/example_branch_operator.py for tasks to queue
[2025-10-20T18:00:11.193+0000] {logging_mixin.py:137} INFO - [2025-10-20T18:00:11.193+0000] {dagbag.py:538} INFO - Filling up the DagBag from /home/airflow/.local/lib/python3.7/site-packages/airflow/example_dags/example_branch_operator.py
[2025-10-20T18:00:11.205+0000] {processor.py:753} INFO - DAG(s) dict_keys(['example_branch_operator']) retrieved from /home/airflow/.local/lib/python3.7/site-packages/airflow/example_dags/example_branch_operator.py
[2025-10-20T18:00:11.218+0000] {logging_mixin.py:137} INFO - [2025-10-20T18:00:11.218+0000] {dag.py:2690} INFO - Sync 1 DAGs
[2025-10-20T18:00:11.234+0000] {logging_mixin.py:137} INFO - [2025-10-20T18:00:11.234+0000] {dag.py:3441} INFO - Setting next_dagrun for example_branch_operator to 2025-10-19T00:00:00+00:00, run_after=2025-10-20T00:00:00+00:00
[2025-10-20T18:00:11.245+0000] {processor.py:175} INFO - Processing /home/airflow/.local/lib/python3.7/site-packages/airflow/example_dags/example_branch_operator.py took 0.055 seconds
[2025-10-20T18:00:41.625+0000] {processor.py:153} INFO - Started process (PID=147) to work on /home/airflow/.local/lib/python3.7/site-packages/airflow/example_dags/example_branch_operator.py
[2025-10-20T18:00:41.625+0000] {processor.py:743} INFO - Processing file /home/airflow/.local/lib/python3.7/site-packages/airflow/example_dags/example_branch_operator.py for tasks to queue
[2025-10-20T18:00:41.625+0000] {logging_mixin.py:137} INFO - [2025-10-20T18:00:41.625+0000] {dagbag.py:538} INFO - Filling up the DagBag from /home/airflow/.local/lib/python3.7/site-packages/airflow/example_dags/example_branch_operator.py
[2025-10-20T18:00:41.633+0000] {processor.py:753} INFO - DAG(s) dict_keys(['example_branch_operator']) retrieved from /home/airflow/.local/lib/python3.7/site-packages/airflow/example_dags/example_branch_operator.py
[2025-10-20T18:00:41.643+0000] {logging_mixin.py:137} INFO - [2025-10-20T18:00:41.643+0000] {dag.py:2690} INFO - Sync 1 DAGs
[2025-10-20T18:00:41.654+0000] {logging_mixin.py:137} INFO - [2025-10-20T18:00:41.653+0000] {dag.py:3441} INFO - Setting next_dagrun for example_branch_operator to 2025-10-19T00:00:00+00:00, run_after=2025-10-20T00:00:00+00:00
[2025-10-20T18:00:41.662+0000] {processor.py:175} INFO - Processing /home/airflow/.local/lib/python3.7/site-packages/airflow/example_dags/example_branch_operator.py took 0.039 seconds
[2025-10-20T18:01:11.981+0000] {processor.py:153} INFO - Started process (PID=231) to work on /home/airflow/.local/lib/python3.7/site-packages/airflow/example_dags/example_branch_operator.py
[2025-10-20T18:01:11.982+0000] {processor.py:743} INFO - Processing file /home/airflow/.local/lib/python3.7/site-packages/airflow/example_dags/example_branch_operator.py for tasks to queue
[2025-10-20T18:01:11.982+0000] {logging_mixin.py:137} INFO - [2025-10-20T18:01:11.982+0000] {dagbag.py:538} INFO - Filling up the DagBag from /home/airflow/.local/lib/python3.7/site-packages/airflow/example_dags/example_branch_operator.py
[2025-10-20T18:01:11.990+0000] {processor.py:753} INFO - DAG(s) dict_keys(['example_branch_operator']) retrieved from /home/airflow/.local/lib/python3.7/site-packages/airflow/example_dags/example_branch_operator.py
[2025-10-20T18:01:12.001+0000] {logging_mixin.py:137} INFO - [2025-10-20T18:01:12.001+0000] {dag.py:2690} INFO - Sync 1 DAGs
[2025-10-20T18:01:12.012+0000] {logging_mixin.py:137} INFO - [2025-10-20T18:01:12.012+0000] {dag.py:3441} INFO - Setting next_dagrun for example_branch_operator to 2025-10-19T00:00:00+00:00, run_after=2025-10-20T00:00:00+00:00
[2025-10-20T18:01:12.019+0000] {processor.py:175} INFO - Processing /home/airflow/.local/lib/python3.7/site-packages/airflow/example_dags/example_branch_operator.py took 0.040 seconds
[2025-10-20T18:01:42.468+0000] {processor.py:153} INFO - Started process (PID=315) to work on /home/airflow/.local/lib/python3.7/site-packages/airflow/example_dags/example_branch_operator.py
[2025-10-20T18:01:42.468+0000] {processor.py:743} INFO - Processing file /home/airflow/.local/lib/python3.7/site-packages/airflow/example_dags/example_branch_operator.py for tasks to queue
[2025-10-20T18:01:42.469+0000] {logging_mixin.py:137} INFO - [2025-10-20T18:01:42.469+0000] {dagbag.py:538} INFO - Filling up the DagBag from /home/airflow/.local/lib/python3.7/site-packages/airflow/example_dags/example_branch_operator.py
[2025-10-20T18:01:42.476+0000] {processor.py:753} INFO - DAG(s) dict_keys(['example_branch_operator']) retrieved from /home/airflow/.local/lib/python3.7/site-packages/airflow/example_dags/example_branch_operator.py
[2025-10-20T18:01:42.487+0000] {logging_mixin.py:137} INFO - [2025-10-20T18:01:42.486+0000] {dag.py:2690} INFO - Sync 1 DAGs
[2025-10-20T18:01:42.496+0000] {logging_mixin.py:137} INFO - [2025-10-20T18:01:42.496+0000] {dag.py:3441} INFO - Setting next_dagrun for example_branch_operator to 2025-10-19T00:00:00+00:00, run_after=2025-10-20T00:00:00+00:00
[2025-10-20T18:01:42.502+0000] {processor.py:175} INFO - Processing /home/airflow/.local/lib/python3.7/site-packages/airflow/example_dags/example_branch_operator.py took 0.036 seconds
[2025-10-20T18:02:12.644+0000] {processor.py:153} INFO - Started process (PID=408) to work on /home/airflow/.local/lib/python3.7/site-packages/airflow/example_dags/example_branch_operator.py
[2025-10-20T18:02:12.644+0000] {processor.py:743} INFO - Processing file /home/airflow/.local/lib/python3.7/site-packages/airflow/example_dags/example_branch_operator.py for tasks to queue
[2025-10-20T18:02:12.644+0000] {logging_mixin.py:137} INFO - [2025-10-20T18:02:12.644+0000] {dagbag.py:538} INFO - Filling up the DagBag from /home/airflow/.local/lib/python3.7/site-packages/airflow/example_dags/example_branch_operator.py
[2025-10-20T18:02:12.650+0000] {processor.py:753} INFO - DAG(s) dict_keys(['example_branch_operator']) retrieved from /home/airflow/.local/lib/python3.7/site-packages/airflow/example_dags/example_branch_operator.py
[2025-10-20T18:02:12.660+0000] {logging_mixin.py:137} INFO - [2025-10-20T18:02:12.660+0000] {dag.py:2690} INFO - Sync 1 DAGs
[2025-10-20T18:02:12.668+0000] {logging_mixin.py:137} INFO - [2025-10-20T18:02:12.668+0000] {dag.py:3441} INFO - Setting next_dagrun for example_branch_operator to 2025-10-19T00:00:00+00:00, run_after=2025-10-20T00:00:00+00:00
[2025-10-20T18:02:12.675+0000] {processor.py:175} INFO - Processing /home/airflow/.local/lib/python3.7/site-packages/airflow/example_dags/example_branch_operator.py took 0.032 seconds
[2025-10-20T18:02:42.824+0000] {processor.py:153} INFO - Started process (PID=501) to work on /home/airflow/.local/lib/python3.7/site-packages/airflow/example_dags/example_branch_operator.py
[2025-10-20T18:02:42.825+0000] {processor.py:743} INFO - Processing file /home/airflow/.local/lib/python3.7/site-packages/airflow/example_dags/example_branch_operator.py for tasks to queue
[2025-10-20T18:02:42.825+0000] {logging_mixin.py:137} INFO - [2025-10-20T18:02:42.825+0000] {dagbag.py:538} INFO - Filling up the DagBag from /home/airflow/.local/lib/python3.7/site-packages/airflow/example_dags/example_branch_operator.py
[2025-10-20T18:02:42.832+0000] {processor.py:753} INFO - DAG(s) dict_keys(['example_branch_operator']) retrieved from /home/airflow/.local/lib/python3.7/site-packages/airflow/example_dags/example_branch_operator.py
[2025-10-20T18:02:42.842+0000] {logging_mixin.py:137} INFO - [2025-10-20T18:02:42.842+0000] {dag.py:2690} INFO - Sync 1 DAGs
[2025-10-20T18:02:42.852+0000] {logging_mixin.py:137} INFO - [2025-10-20T18:02:42.852+0000] {dag.py:3441} INFO - Setting next_dagrun for example_branch_operator to 2025-10-19T00:00:00+00:00, run_after=2025-10-20T00:00:00+00:00
[2025-10-20T18:02:42.858+0000] {processor.py:175} INFO - Processing /home/airflow/.local/lib/python3.7/site-packages/airflow/example_dags/example_branch_operator.py took 0.035 seconds
[2025-10-20T18:03:13.168+0000] {processor.py:153} INFO - Started process (PID=593) to work on /home/airflow/.local/lib/python3.7/site-packages/airflow/example_dags/example_branch_operator.py
[2025-10-20T18:03:13.169+0000] {processor.py:743} INFO - Processing file /home/airflow/.local/lib/python3.7/site-packages/airflow/example_dags/example_branch_operator.py for tasks to queue
[2025-10-20T18:03:13.170+0000] {logging_mixin.py:137} INFO - [2025-10-20T18:03:13.170+0000] {dagbag.py:538} INFO - Filling up the DagBag from /home/airflow/.local/lib/python3.7/site-packages/airflow/example_dags/example_branch_operator.py
[2025-10-20T18:03:13.181+0000] {processor.py:753} INFO - DAG(s) dict_keys(['example_branch_operator']) retrieved from /home/airflow/.local/lib/python3.7/site-packages/airflow/example_dags/example_branch_operator.py
[2025-10-20T18:03:13.195+0000] {logging_mixin.py:137} INFO - [2025-10-20T18:03:13.195+0000] {dag.py:2690} INFO - Sync 1 DAGs
[2025-10-20T18:03:13.207+0000] {logging_mixin.py:137} INFO - [2025-10-20T18:03:13.207+0000] {dag.py:3441} INFO - Setting next_dagrun for example_branch_operator to 2025-10-19T00:00:00+00:00, run_after=2025-10-20T00:00:00+00:00
[2025-10-20T18:03:13.215+0000] {processor.py:175} INFO - Processing /home/airflow/.local/lib/python3.7/site-packages/airflow/example_dags/example_branch_operator.py took 0.048 seconds
[2025-10-20T18:03:43.385+0000] {processor.py:153} INFO - Started process (PID=668) to work on /home/airflow/.local/lib/python3.7/site-packages/airflow/example_dags/example_branch_operator.py
[2025-10-20T18:03:43.385+0000] {processor.py:743} INFO - Processing file /home/airflow/.local/lib/python3.7/site-packages/airflow/example_dags/example_branch_operator.py for tasks to queue
[2025-10-20T18:03:43.385+0000] {logging_mixin.py:137} INFO - [2025-10-20T18:03:43.385+0000] {dagbag.py:538} INFO - Filling up the DagBag from /home/airflow/.local/lib/python3.7/site-packages/airflow/example_dags/example_branch_operator.py
[2025-10-20T18:03:43.391+0000] {processor.py:753} INFO - DAG(s) dict_keys(['example_branch_operator']) retrieved from /home/airflow/.local/lib/python3.7/site-packages/airflow/example_dags/example_branch_operator.py
[2025-10-20T18:03:43.400+0000] {logging_mixin.py:137} INFO - [2025-10-20T18:03:43.400+0000] {dag.py:2690} INFO - Sync 1 DAGs
[2025-10-20T18:03:43.409+0000] {logging_mixin.py:137} INFO - [2025-10-20T18:03:43.409+0000] {dag.py:3441} INFO - Setting next_dagrun for example_branch_operator to 2025-10-19T00:00:00+00:00, run_after=2025-10-20T00:00:00+00:00
[2025-10-20T18:03:43.414+0000] {processor.py:175} INFO - Processing /home/airflow/.local/lib/python3.7/site-packages/airflow/example_dags/example_branch_operator.py took 0.031 seconds
[2025-10-20T18:04:13.619+0000] {processor.py:153} INFO - Started process (PID=761) to work on /home/airflow/.local/lib/python3.7/site-packages/airflow/example_dags/example_branch_operator.py
[2025-10-20T18:04:13.619+0000] {processor.py:743} INFO - Processing file /home/airflow/.local/lib/python3.7/site-packages/airflow/example_dags/example_branch_operator.py for tasks to queue
[2025-10-20T18:04:13.619+0000] {logging_mixin.py:137} INFO - [2025-10-20T18:04:13.619+0000] {dagbag.py:538} INFO - Filling up the DagBag from /home/airflow/.local/lib/python3.7/site-packages/airflow/example_dags/example_branch_operator.py
[2025-10-20T18:04:13.625+0000] {processor.py:753} INFO - DAG(s) dict_keys(['example_branch_operator']) retrieved from /home/airflow/.local/lib/python3.7/site-packages/airflow/example_dags/example_branch_operator.py
[2025-10-20T18:04:13.634+0000] {logging_mixin.py:137} INFO - [2025-10-20T18:04:13.634+0000] {dag.py:2690} INFO - Sync 1 DAGs
[2025-10-20T18:04:13.642+0000] {logging_mixin.py:137} INFO - [2025-10-20T18:04:13.642+0000] {dag.py:3441} INFO - Setting next_dagrun for example_branch_operator to 2025-10-19T00:00:00+00:00, run_after=2025-10-20T00:00:00+00:00
[2025-10-20T18:04:13.648+0000] {processor.py:175} INFO - Processing /home/airflow/.local/lib/python3.7/site-packages/airflow/example_dags/example_branch_operator.py took 0.030 seconds
[2025-10-20T18:04:43.893+0000] {processor.py:153} INFO - Started process (PID=854) to work on /home/airflow/.local/lib/python3.7/site-packages/airflow/example_dags/example_branch_operator.py
[2025-10-20T18:04:43.893+0000] {processor.py:743} INFO - Processing file /home/airflow/.local/lib/python3.7/site-packages/airflow/example_dags/example_branch_operator.py for tasks to queue
[2025-10-20T18:04:43.893+0000] {logging_mixin.py:137} INFO - [2025-10-20T18:04:43.893+0000] {dagbag.py:538} INFO - Filling up the DagBag from /home/airflow/.local/lib/python3.7/site-packages/airflow/example_dags/example_branch_operator.py
[2025-10-20T18:04:43.899+0000] {processor.py:753} INFO - DAG(s) dict_keys(['example_branch_operator']) retrieved from /home/airflow/.local/lib/python3.7/site-packages/airflow/example_dags/example_branch_operator.py
[2025-10-20T18:04:43.909+0000] {logging_mixin.py:137} INFO - [2025-10-20T18:04:43.909+0000] {dag.py:2690} INFO - Sync 1 DAGs
[2025-10-20T18:04:43.918+0000] {logging_mixin.py:137} INFO - [2025-10-20T18:04:43.918+0000] {dag.py:3441} INFO - Setting next_dagrun for example_branch_operator to 2025-10-19T00:00:00+00:00, run_after=2025-10-20T00:00:00+00:00
[2025-10-20T18:04:43.923+0000] {processor.py:175} INFO - Processing /home/airflow/.local/lib/python3.7/site-packages/airflow/example_dags/example_branch_operator.py took 0.032 seconds
[2025-10-20T18:05:14.092+0000] {processor.py:153} INFO - Started process (PID=947) to work on /home/airflow/.local/lib/python3.7/site-packages/airflow/example_dags/example_branch_operator.py
[2025-10-20T18:05:14.092+0000] {processor.py:743} INFO - Processing file /home/airflow/.local/lib/python3.7/site-packages/airflow/example_dags/example_branch_operator.py for tasks to queue
[2025-10-20T18:05:14.092+0000] {logging_mixin.py:137} INFO - [2025-10-20T18:05:14.092+0000] {dagbag.py:538} INFO - Filling up the DagBag from /home/airflow/.local/lib/python3.7/site-packages/airflow/example_dags/example_branch_operator.py
[2025-10-20T18:05:14.098+0000] {processor.py:753} INFO - DAG(s) dict_keys(['example_branch_operator']) retrieved from /home/airflow/.local/lib/python3.7/site-packages/airflow/example_dags/example_branch_operator.py
[2025-10-20T18:05:14.108+0000] {logging_mixin.py:137} INFO - [2025-10-20T18:05:14.108+0000] {dag.py:2690} INFO - Sync 1 DAGs
[2025-10-20T18:05:14.117+0000] {logging_mixin.py:137} INFO - [2025-10-20T18:05:14.117+0000] {dag.py:3441} INFO - Setting next_dagrun for example_branch_operator to 2025-10-19T00:00:00+00:00, run_after=2025-10-20T00:00:00+00:00
[2025-10-20T18:05:14.123+0000] {processor.py:175} INFO - Processing /home/airflow/.local/lib/python3.7/site-packages/airflow/example_dags/example_branch_operator.py took 0.032 seconds
[2025-10-20T18:05:44.646+0000] {processor.py:153} INFO - Started process (PID=1022) to work on /home/airflow/.local/lib/python3.7/site-packages/airflow/example_dags/example_branch_operator.py
[2025-10-20T18:05:44.646+0000] {processor.py:743} INFO - Processing file /home/airflow/.local/lib/python3.7/site-packages/airflow/example_dags/example_branch_operator.py for tasks to queue
[2025-10-20T18:05:44.647+0000] {logging_mixin.py:137} INFO - [2025-10-20T18:05:44.646+0000] {dagbag.py:538} INFO - Filling up the DagBag from /home/airflow/.local/lib/python3.7/site-packages/airflow/example_dags/example_branch_operator.py
[2025-10-20T18:05:44.655+0000] {processor.py:753} INFO - DAG(s) dict_keys(['example_branch_operator']) retrieved from /home/airflow/.local/lib/python3.7/site-packages/airflow/example_dags/example_branch_operator.py
[2025-10-20T18:05:44.668+0000] {logging_mixin.py:137} INFO - [2025-10-20T18:05:44.668+0000] {dag.py:2690} INFO - Sync 1 DAGs
[2025-10-20T18:05:44.679+0000] {logging_mixin.py:137} INFO - [2025-10-20T18:05:44.679+0000] {dag.py:3441} INFO - Setting next_dagrun for example_branch_operator to 2025-10-19T00:00:00+00:00, run_after=2025-10-20T00:00:00+00:00
[2025-10-20T18:05:44.686+0000] {processor.py:175} INFO - Processing /home/airflow/.local/lib/python3.7/site-packages/airflow/example_dags/example_branch_operator.py took 0.042 seconds
[2025-10-20T18:06:14.796+0000] {processor.py:153} INFO - Started process (PID=1115) to work on /home/airflow/.local/lib/python3.7/site-packages/airflow/example_dags/example_branch_operator.py
[2025-10-20T18:06:14.796+0000] {processor.py:743} INFO - Processing file /home/airflow/.local/lib/python3.7/site-packages/airflow/example_dags/example_branch_operator.py for tasks to queue
[2025-10-20T18:06:14.797+0000] {logging_mixin.py:137} INFO - [2025-10-20T18:06:14.797+0000] {dagbag.py:538} INFO - Filling up the DagBag from /home/airflow/.local/lib/python3.7/site-packages/airflow/example_dags/example_branch_operator.py
[2025-10-20T18:06:14.802+0000] {processor.py:753} INFO - DAG(s) dict_keys(['example_branch_operator']) retrieved from /home/airflow/.local/lib/python3.7/site-packages/airflow/example_dags/example_branch_operator.py
[2025-10-20T18:06:14.811+0000] {logging_mixin.py:137} INFO - [2025-10-20T18:06:14.811+0000] {dag.py:2690} INFO - Sync 1 DAGs
[2025-10-20T18:06:14.820+0000] {logging_mixin.py:137} INFO - [2025-10-20T18:06:14.820+0000] {dag.py:3441} INFO - Setting next_dagrun for example_branch_operator to 2025-10-19T00:00:00+00:00, run_after=2025-10-20T00:00:00+00:00
[2025-10-20T18:06:14.826+0000] {processor.py:175} INFO - Processing /home/airflow/.local/lib/python3.7/site-packages/airflow/example_dags/example_branch_operator.py took 0.031 seconds
[2025-10-20T18:06:45.122+0000] {processor.py:153} INFO - Started process (PID=1208) to work on /home/airflow/.local/lib/python3.7/site-packages/airflow/example_dags/example_branch_operator.py
[2025-10-20T18:06:45.123+0000] {processor.py:743} INFO - Processing file /home/airflow/.local/lib/python3.7/site-packages/airflow/example_dags/example_branch_operator.py for tasks to queue
[2025-10-20T18:06:45.123+0000] {logging_mixin.py:137} INFO - [2025-10-20T18:06:45.123+0000] {dagbag.py:538} INFO - Filling up the DagBag from /home/airflow/.local/lib/python3.7/site-packages/airflow/example_dags/example_branch_operator.py
[2025-10-20T18:06:45.131+0000] {processor.py:753} INFO - DAG(s) dict_keys(['example_branch_operator']) retrieved from /home/airflow/.local/lib/python3.7/site-packages/airflow/example_dags/example_branch_operator.py
[2025-10-20T18:06:45.142+0000] {logging_mixin.py:137} INFO - [2025-10-20T18:06:45.142+0000] {dag.py:2690} INFO - Sync 1 DAGs
[2025-10-20T18:06:45.153+0000] {logging_mixin.py:137} INFO - [2025-10-20T18:06:45.153+0000] {dag.py:3441} INFO - Setting next_dagrun for example_branch_operator to 2025-10-19T00:00:00+00:00, run_after=2025-10-20T00:00:00+00:00
[2025-10-20T18:06:45.160+0000] {processor.py:175} INFO - Processing /home/airflow/.local/lib/python3.7/site-packages/airflow/example_dags/example_branch_operator.py took 0.039 seconds
[2025-10-20T18:07:15.387+0000] {processor.py:153} INFO - Started process (PID=1301) to work on /home/airflow/.local/lib/python3.7/site-packages/airflow/example_dags/example_branch_operator.py
[2025-10-20T18:07:15.387+0000] {processor.py:743} INFO - Processing file /home/airflow/.local/lib/python3.7/site-packages/airflow/example_dags/example_branch_operator.py for tasks to queue
[2025-10-20T18:07:15.388+0000] {logging_mixin.py:137} INFO - [2025-10-20T18:07:15.388+0000] {dagbag.py:538} INFO - Filling up the DagBag from /home/airflow/.local/lib/python3.7/site-packages/airflow/example_dags/example_branch_operator.py
[2025-10-20T18:07:15.393+0000] {processor.py:753} INFO - DAG(s) dict_keys(['example_branch_operator']) retrieved from /home/airflow/.local/lib/python3.7/site-packages/airflow/example_dags/example_branch_operator.py
[2025-10-20T18:07:15.403+0000] {logging_mixin.py:137} INFO - [2025-10-20T18:07:15.403+0000] {dag.py:2690} INFO - Sync 1 DAGs
[2025-10-20T18:07:15.411+0000] {logging_mixin.py:137} INFO - [2025-10-20T18:07:15.411+0000] {dag.py:3441} INFO - Setting next_dagrun for example_branch_operator to 2025-10-19T00:00:00+00:00, run_after=2025-10-20T00:00:00+00:00
[2025-10-20T18:07:15.417+0000] {processor.py:175} INFO - Processing /home/airflow/.local/lib/python3.7/site-packages/airflow/example_dags/example_branch_operator.py took 0.031 seconds
[2025-10-20T18:07:45.551+0000] {processor.py:153} INFO - Started process (PID=1376) to work on /home/airflow/.local/lib/python3.7/site-packages/airflow/example_dags/example_branch_operator.py
[2025-10-20T18:07:45.552+0000] {processor.py:743} INFO - Processing file /home/airflow/.local/lib/python3.7/site-packages/airflow/example_dags/example_branch_operator.py for tasks to queue
[2025-10-20T18:07:45.552+0000] {logging_mixin.py:137} INFO - [2025-10-20T18:07:45.552+0000] {dagbag.py:538} INFO - Filling up the DagBag from /home/airflow/.local/lib/python3.7/site-packages/airflow/example_dags/example_branch_operator.py
[2025-10-20T18:07:45.558+0000] {processor.py:753} INFO - DAG(s) dict_keys(['example_branch_operator']) retrieved from /home/airflow/.local/lib/python3.7/site-packages/airflow/example_dags/example_branch_operator.py
[2025-10-20T18:07:45.568+0000] {logging_mixin.py:137} INFO - [2025-10-20T18:07:45.568+0000] {dag.py:2690} INFO - Sync 1 DAGs
[2025-10-20T18:07:45.577+0000] {logging_mixin.py:137} INFO - [2025-10-20T18:07:45.577+0000] {dag.py:3441} INFO - Setting next_dagrun for example_branch_operator to 2025-10-19T00:00:00+00:00, run_after=2025-10-20T00:00:00+00:00
[2025-10-20T18:07:45.583+0000] {processor.py:175} INFO - Processing /home/airflow/.local/lib/python3.7/site-packages/airflow/example_dags/example_branch_operator.py took 0.033 seconds
[2025-10-20T18:08:15.843+0000] {processor.py:153} INFO - Started process (PID=1469) to work on /home/airflow/.local/lib/python3.7/site-packages/airflow/example_dags/example_branch_operator.py
[2025-10-20T18:08:15.844+0000] {processor.py:743} INFO - Processing file /home/airflow/.local/lib/python3.7/site-packages/airflow/example_dags/example_branch_operator.py for tasks to queue
[2025-10-20T18:08:15.844+0000] {logging_mixin.py:137} INFO - [2025-10-20T18:08:15.844+0000] {dagbag.py:538} INFO - Filling up the DagBag from /home/airflow/.local/lib/python3.7/site-packages/airflow/example_dags/example_branch_operator.py
[2025-10-20T18:08:15.851+0000] {processor.py:753} INFO - DAG(s) dict_keys(['example_branch_operator']) retrieved from /home/airflow/.local/lib/python3.7/site-packages/airflow/example_dags/example_branch_operator.py
[2025-10-20T18:08:15.863+0000] {logging_mixin.py:137} INFO - [2025-10-20T18:08:15.863+0000] {dag.py:2690} INFO - Sync 1 DAGs
[2025-10-20T18:08:15.873+0000] {logging_mixin.py:137} INFO - [2025-10-20T18:08:15.873+0000] {dag.py:3441} INFO - Setting next_dagrun for example_branch_operator to 2025-10-19T00:00:00+00:00, run_after=2025-10-20T00:00:00+00:00
[2025-10-20T18:08:15.880+0000] {processor.py:175} INFO - Processing /home/airflow/.local/lib/python3.7/site-packages/airflow/example_dags/example_branch_operator.py took 0.038 seconds
[2025-10-20T18:08:46.140+0000] {processor.py:153} INFO - Started process (PID=1562) to work on /home/airflow/.local/lib/python3.7/site-packages/airflow/example_dags/example_branch_operator.py
[2025-10-20T18:08:46.140+0000] {processor.py:743} INFO - Processing file /home/airflow/.local/lib/python3.7/site-packages/airflow/example_dags/example_branch_operator.py for tasks to queue
[2025-10-20T18:08:46.141+0000] {logging_mixin.py:137} INFO - [2025-10-20T18:08:46.141+0000] {dagbag.py:538} INFO - Filling up the DagBag from /home/airflow/.local/lib/python3.7/site-packages/airflow/example_dags/example_branch_operator.py
[2025-10-20T18:08:46.146+0000] {processor.py:753} INFO - DAG(s) dict_keys(['example_branch_operator']) retrieved from /home/airflow/.local/lib/python3.7/site-packages/airflow/example_dags/example_branch_operator.py
[2025-10-20T18:08:46.156+0000] {logging_mixin.py:137} INFO - [2025-10-20T18:08:46.156+0000] {dag.py:2690} INFO - Sync 1 DAGs
[2025-10-20T18:08:46.165+0000] {logging_mixin.py:137} INFO - [2025-10-20T18:08:46.165+0000] {dag.py:3441} INFO - Setting next_dagrun for example_branch_operator to 2025-10-19T00:00:00+00:00, run_after=2025-10-20T00:00:00+00:00
[2025-10-20T18:08:46.171+0000] {processor.py:175} INFO - Processing /home/airflow/.local/lib/python3.7/site-packages/airflow/example_dags/example_branch_operator.py took 0.032 seconds
