[2025-10-20T18:00:11.604+0000] {processor.py:153} INFO - Started process (PID=67) to work on /home/airflow/.local/lib/python3.7/site-packages/airflow/example_dags/example_short_circuit_decorator.py
[2025-10-20T18:00:11.604+0000] {processor.py:743} INFO - Processing file /home/airflow/.local/lib/python3.7/site-packages/airflow/example_dags/example_short_circuit_decorator.py for tasks to queue
[2025-10-20T18:00:11.604+0000] {logging_mixin.py:137} INFO - [2025-10-20T18:00:11.604+0000] {dagbag.py:538} INFO - Filling up the DagBag from /home/airflow/.local/lib/python3.7/site-packages/airflow/example_dags/example_short_circuit_decorator.py
[2025-10-20T18:00:11.616+0000] {processor.py:753} INFO - DAG(s) dict_keys(['example_short_circuit_decorator']) retrieved from /home/airflow/.local/lib/python3.7/site-packages/airflow/example_dags/example_short_circuit_decorator.py
[2025-10-20T18:00:11.622+0000] {logging_mixin.py:137} INFO - [2025-10-20T18:00:11.622+0000] {dag.py:2690} INFO - Sync 1 DAGs
[2025-10-20T18:00:11.633+0000] {logging_mixin.py:137} INFO - [2025-10-20T18:00:11.633+0000] {dag.py:3441} INFO - Setting next_dagrun for example_short_circuit_decorator to 2025-10-19T18:00:11.633198+00:00, run_after=2025-10-20T18:00:11.633198+00:00
[2025-10-20T18:00:11.646+0000] {processor.py:175} INFO - Processing /home/airflow/.local/lib/python3.7/site-packages/airflow/example_dags/example_short_circuit_decorator.py took 0.044 seconds
[2025-10-20T18:00:41.934+0000] {processor.py:153} INFO - Started process (PID=160) to work on /home/airflow/.local/lib/python3.7/site-packages/airflow/example_dags/example_short_circuit_decorator.py
[2025-10-20T18:00:41.935+0000] {processor.py:743} INFO - Processing file /home/airflow/.local/lib/python3.7/site-packages/airflow/example_dags/example_short_circuit_decorator.py for tasks to queue
[2025-10-20T18:00:41.935+0000] {logging_mixin.py:137} INFO - [2025-10-20T18:00:41.935+0000] {dagbag.py:538} INFO - Filling up the DagBag from /home/airflow/.local/lib/python3.7/site-packages/airflow/example_dags/example_short_circuit_decorator.py
[2025-10-20T18:00:41.945+0000] {processor.py:753} INFO - DAG(s) dict_keys(['example_short_circuit_decorator']) retrieved from /home/airflow/.local/lib/python3.7/site-packages/airflow/example_dags/example_short_circuit_decorator.py
[2025-10-20T18:00:41.954+0000] {logging_mixin.py:137} INFO - [2025-10-20T18:00:41.954+0000] {dag.py:2690} INFO - Sync 1 DAGs
[2025-10-20T18:00:41.964+0000] {logging_mixin.py:137} INFO - [2025-10-20T18:00:41.964+0000] {dag.py:3441} INFO - Setting next_dagrun for example_short_circuit_decorator to 2025-10-19T18:00:41.964625+00:00, run_after=2025-10-20T18:00:41.964625+00:00
[2025-10-20T18:00:41.971+0000] {processor.py:175} INFO - Processing /home/airflow/.local/lib/python3.7/site-packages/airflow/example_dags/example_short_circuit_decorator.py took 0.038 seconds
[2025-10-20T18:01:12.493+0000] {processor.py:153} INFO - Started process (PID=253) to work on /home/airflow/.local/lib/python3.7/site-packages/airflow/example_dags/example_short_circuit_decorator.py
[2025-10-20T18:01:12.493+0000] {processor.py:743} INFO - Processing file /home/airflow/.local/lib/python3.7/site-packages/airflow/example_dags/example_short_circuit_decorator.py for tasks to queue
[2025-10-20T18:01:12.494+0000] {logging_mixin.py:137} INFO - [2025-10-20T18:01:12.494+0000] {dagbag.py:538} INFO - Filling up the DagBag from /home/airflow/.local/lib/python3.7/site-packages/airflow/example_dags/example_short_circuit_decorator.py
[2025-10-20T18:01:12.508+0000] {processor.py:753} INFO - DAG(s) dict_keys(['example_short_circuit_decorator']) retrieved from /home/airflow/.local/lib/python3.7/site-packages/airflow/example_dags/example_short_circuit_decorator.py
[2025-10-20T18:01:12.521+0000] {logging_mixin.py:137} INFO - [2025-10-20T18:01:12.521+0000] {dag.py:2690} INFO - Sync 1 DAGs
[2025-10-20T18:01:12.532+0000] {logging_mixin.py:137} INFO - [2025-10-20T18:01:12.532+0000] {dag.py:3441} INFO - Setting next_dagrun for example_short_circuit_decorator to 2025-10-19T18:01:12.532151+00:00, run_after=2025-10-20T18:01:12.532151+00:00
[2025-10-20T18:01:12.540+0000] {processor.py:175} INFO - Processing /home/airflow/.local/lib/python3.7/site-packages/airflow/example_dags/example_short_circuit_decorator.py took 0.049 seconds
[2025-10-20T18:01:42.749+0000] {processor.py:153} INFO - Started process (PID=328) to work on /home/airflow/.local/lib/python3.7/site-packages/airflow/example_dags/example_short_circuit_decorator.py
[2025-10-20T18:01:42.750+0000] {processor.py:743} INFO - Processing file /home/airflow/.local/lib/python3.7/site-packages/airflow/example_dags/example_short_circuit_decorator.py for tasks to queue
[2025-10-20T18:01:42.750+0000] {logging_mixin.py:137} INFO - [2025-10-20T18:01:42.750+0000] {dagbag.py:538} INFO - Filling up the DagBag from /home/airflow/.local/lib/python3.7/site-packages/airflow/example_dags/example_short_circuit_decorator.py
[2025-10-20T18:01:42.759+0000] {processor.py:753} INFO - DAG(s) dict_keys(['example_short_circuit_decorator']) retrieved from /home/airflow/.local/lib/python3.7/site-packages/airflow/example_dags/example_short_circuit_decorator.py
[2025-10-20T18:01:42.769+0000] {logging_mixin.py:137} INFO - [2025-10-20T18:01:42.769+0000] {dag.py:2690} INFO - Sync 1 DAGs
[2025-10-20T18:01:42.778+0000] {logging_mixin.py:137} INFO - [2025-10-20T18:01:42.778+0000] {dag.py:3441} INFO - Setting next_dagrun for example_short_circuit_decorator to 2025-10-19T18:01:42.778713+00:00, run_after=2025-10-20T18:01:42.778713+00:00
[2025-10-20T18:01:42.785+0000] {processor.py:175} INFO - Processing /home/airflow/.local/lib/python3.7/site-packages/airflow/example_dags/example_short_circuit_decorator.py took 0.037 seconds
[2025-10-20T18:02:12.976+0000] {processor.py:153} INFO - Started process (PID=421) to work on /home/airflow/.local/lib/python3.7/site-packages/airflow/example_dags/example_short_circuit_decorator.py
[2025-10-20T18:02:12.977+0000] {processor.py:743} INFO - Processing file /home/airflow/.local/lib/python3.7/site-packages/airflow/example_dags/example_short_circuit_decorator.py for tasks to queue
[2025-10-20T18:02:12.977+0000] {logging_mixin.py:137} INFO - [2025-10-20T18:02:12.977+0000] {dagbag.py:538} INFO - Filling up the DagBag from /home/airflow/.local/lib/python3.7/site-packages/airflow/example_dags/example_short_circuit_decorator.py
[2025-10-20T18:02:12.986+0000] {processor.py:753} INFO - DAG(s) dict_keys(['example_short_circuit_decorator']) retrieved from /home/airflow/.local/lib/python3.7/site-packages/airflow/example_dags/example_short_circuit_decorator.py
[2025-10-20T18:02:12.995+0000] {logging_mixin.py:137} INFO - [2025-10-20T18:02:12.995+0000] {dag.py:2690} INFO - Sync 1 DAGs
[2025-10-20T18:02:13.005+0000] {logging_mixin.py:137} INFO - [2025-10-20T18:02:13.005+0000] {dag.py:3441} INFO - Setting next_dagrun for example_short_circuit_decorator to 2025-10-19T18:02:13.005555+00:00, run_after=2025-10-20T18:02:13.005555+00:00
[2025-10-20T18:02:13.012+0000] {processor.py:175} INFO - Processing /home/airflow/.local/lib/python3.7/site-packages/airflow/example_dags/example_short_circuit_decorator.py took 0.037 seconds
[2025-10-20T18:02:43.154+0000] {processor.py:153} INFO - Started process (PID=514) to work on /home/airflow/.local/lib/python3.7/site-packages/airflow/example_dags/example_short_circuit_decorator.py
[2025-10-20T18:02:43.154+0000] {processor.py:743} INFO - Processing file /home/airflow/.local/lib/python3.7/site-packages/airflow/example_dags/example_short_circuit_decorator.py for tasks to queue
[2025-10-20T18:02:43.154+0000] {logging_mixin.py:137} INFO - [2025-10-20T18:02:43.154+0000] {dagbag.py:538} INFO - Filling up the DagBag from /home/airflow/.local/lib/python3.7/site-packages/airflow/example_dags/example_short_circuit_decorator.py
[2025-10-20T18:02:43.163+0000] {processor.py:753} INFO - DAG(s) dict_keys(['example_short_circuit_decorator']) retrieved from /home/airflow/.local/lib/python3.7/site-packages/airflow/example_dags/example_short_circuit_decorator.py
[2025-10-20T18:02:43.172+0000] {logging_mixin.py:137} INFO - [2025-10-20T18:02:43.172+0000] {dag.py:2690} INFO - Sync 1 DAGs
[2025-10-20T18:02:43.180+0000] {logging_mixin.py:137} INFO - [2025-10-20T18:02:43.180+0000] {dag.py:3441} INFO - Setting next_dagrun for example_short_circuit_decorator to 2025-10-19T18:02:43.180710+00:00, run_after=2025-10-20T18:02:43.180710+00:00
[2025-10-20T18:02:43.186+0000] {processor.py:175} INFO - Processing /home/airflow/.local/lib/python3.7/site-packages/airflow/example_dags/example_short_circuit_decorator.py took 0.033 seconds
[2025-10-20T18:03:13.474+0000] {processor.py:153} INFO - Started process (PID=606) to work on /home/airflow/.local/lib/python3.7/site-packages/airflow/example_dags/example_short_circuit_decorator.py
[2025-10-20T18:03:13.475+0000] {processor.py:743} INFO - Processing file /home/airflow/.local/lib/python3.7/site-packages/airflow/example_dags/example_short_circuit_decorator.py for tasks to queue
[2025-10-20T18:03:13.475+0000] {logging_mixin.py:137} INFO - [2025-10-20T18:03:13.475+0000] {dagbag.py:538} INFO - Filling up the DagBag from /home/airflow/.local/lib/python3.7/site-packages/airflow/example_dags/example_short_circuit_decorator.py
[2025-10-20T18:03:13.484+0000] {processor.py:753} INFO - DAG(s) dict_keys(['example_short_circuit_decorator']) retrieved from /home/airflow/.local/lib/python3.7/site-packages/airflow/example_dags/example_short_circuit_decorator.py
[2025-10-20T18:03:13.494+0000] {logging_mixin.py:137} INFO - [2025-10-20T18:03:13.494+0000] {dag.py:2690} INFO - Sync 1 DAGs
[2025-10-20T18:03:13.503+0000] {logging_mixin.py:137} INFO - [2025-10-20T18:03:13.503+0000] {dag.py:3441} INFO - Setting next_dagrun for example_short_circuit_decorator to 2025-10-19T18:03:13.503681+00:00, run_after=2025-10-20T18:03:13.503681+00:00
[2025-10-20T18:03:13.510+0000] {processor.py:175} INFO - Processing /home/airflow/.local/lib/python3.7/site-packages/airflow/example_dags/example_short_circuit_decorator.py took 0.037 seconds
[2025-10-20T18:03:43.681+0000] {processor.py:153} INFO - Started process (PID=681) to work on /home/airflow/.local/lib/python3.7/site-packages/airflow/example_dags/example_short_circuit_decorator.py
[2025-10-20T18:03:43.682+0000] {processor.py:743} INFO - Processing file /home/airflow/.local/lib/python3.7/site-packages/airflow/example_dags/example_short_circuit_decorator.py for tasks to queue
[2025-10-20T18:03:43.682+0000] {logging_mixin.py:137} INFO - [2025-10-20T18:03:43.682+0000] {dagbag.py:538} INFO - Filling up the DagBag from /home/airflow/.local/lib/python3.7/site-packages/airflow/example_dags/example_short_circuit_decorator.py
[2025-10-20T18:03:43.692+0000] {processor.py:753} INFO - DAG(s) dict_keys(['example_short_circuit_decorator']) retrieved from /home/airflow/.local/lib/python3.7/site-packages/airflow/example_dags/example_short_circuit_decorator.py
[2025-10-20T18:03:43.701+0000] {logging_mixin.py:137} INFO - [2025-10-20T18:03:43.701+0000] {dag.py:2690} INFO - Sync 1 DAGs
[2025-10-20T18:03:43.710+0000] {logging_mixin.py:137} INFO - [2025-10-20T18:03:43.710+0000] {dag.py:3441} INFO - Setting next_dagrun for example_short_circuit_decorator to 2025-10-19T18:03:43.710354+00:00, run_after=2025-10-20T18:03:43.710354+00:00
[2025-10-20T18:03:43.717+0000] {processor.py:175} INFO - Processing /home/airflow/.local/lib/python3.7/site-packages/airflow/example_dags/example_short_circuit_decorator.py took 0.038 seconds
[2025-10-20T18:04:13.916+0000] {processor.py:153} INFO - Started process (PID=774) to work on /home/airflow/.local/lib/python3.7/site-packages/airflow/example_dags/example_short_circuit_decorator.py
[2025-10-20T18:04:13.916+0000] {processor.py:743} INFO - Processing file /home/airflow/.local/lib/python3.7/site-packages/airflow/example_dags/example_short_circuit_decorator.py for tasks to queue
[2025-10-20T18:04:13.916+0000] {logging_mixin.py:137} INFO - [2025-10-20T18:04:13.916+0000] {dagbag.py:538} INFO - Filling up the DagBag from /home/airflow/.local/lib/python3.7/site-packages/airflow/example_dags/example_short_circuit_decorator.py
[2025-10-20T18:04:13.925+0000] {processor.py:753} INFO - DAG(s) dict_keys(['example_short_circuit_decorator']) retrieved from /home/airflow/.local/lib/python3.7/site-packages/airflow/example_dags/example_short_circuit_decorator.py
[2025-10-20T18:04:13.934+0000] {logging_mixin.py:137} INFO - [2025-10-20T18:04:13.934+0000] {dag.py:2690} INFO - Sync 1 DAGs
[2025-10-20T18:04:13.943+0000] {logging_mixin.py:137} INFO - [2025-10-20T18:04:13.943+0000] {dag.py:3441} INFO - Setting next_dagrun for example_short_circuit_decorator to 2025-10-19T18:04:13.943378+00:00, run_after=2025-10-20T18:04:13.943378+00:00
[2025-10-20T18:04:13.952+0000] {processor.py:175} INFO - Processing /home/airflow/.local/lib/python3.7/site-packages/airflow/example_dags/example_short_circuit_decorator.py took 0.038 seconds
[2025-10-20T18:04:44.217+0000] {processor.py:153} INFO - Started process (PID=867) to work on /home/airflow/.local/lib/python3.7/site-packages/airflow/example_dags/example_short_circuit_decorator.py
[2025-10-20T18:04:44.217+0000] {processor.py:743} INFO - Processing file /home/airflow/.local/lib/python3.7/site-packages/airflow/example_dags/example_short_circuit_decorator.py for tasks to queue
[2025-10-20T18:04:44.217+0000] {logging_mixin.py:137} INFO - [2025-10-20T18:04:44.217+0000] {dagbag.py:538} INFO - Filling up the DagBag from /home/airflow/.local/lib/python3.7/site-packages/airflow/example_dags/example_short_circuit_decorator.py
[2025-10-20T18:04:44.226+0000] {processor.py:753} INFO - DAG(s) dict_keys(['example_short_circuit_decorator']) retrieved from /home/airflow/.local/lib/python3.7/site-packages/airflow/example_dags/example_short_circuit_decorator.py
[2025-10-20T18:04:44.235+0000] {logging_mixin.py:137} INFO - [2025-10-20T18:04:44.235+0000] {dag.py:2690} INFO - Sync 1 DAGs
[2025-10-20T18:04:44.244+0000] {logging_mixin.py:137} INFO - [2025-10-20T18:04:44.244+0000] {dag.py:3441} INFO - Setting next_dagrun for example_short_circuit_decorator to 2025-10-19T18:04:44.244465+00:00, run_after=2025-10-20T18:04:44.244465+00:00
[2025-10-20T18:04:44.250+0000] {processor.py:175} INFO - Processing /home/airflow/.local/lib/python3.7/site-packages/airflow/example_dags/example_short_circuit_decorator.py took 0.035 seconds
[2025-10-20T18:05:14.404+0000] {processor.py:153} INFO - Started process (PID=960) to work on /home/airflow/.local/lib/python3.7/site-packages/airflow/example_dags/example_short_circuit_decorator.py
[2025-10-20T18:05:14.404+0000] {processor.py:743} INFO - Processing file /home/airflow/.local/lib/python3.7/site-packages/airflow/example_dags/example_short_circuit_decorator.py for tasks to queue
[2025-10-20T18:05:14.404+0000] {logging_mixin.py:137} INFO - [2025-10-20T18:05:14.404+0000] {dagbag.py:538} INFO - Filling up the DagBag from /home/airflow/.local/lib/python3.7/site-packages/airflow/example_dags/example_short_circuit_decorator.py
[2025-10-20T18:05:14.413+0000] {processor.py:753} INFO - DAG(s) dict_keys(['example_short_circuit_decorator']) retrieved from /home/airflow/.local/lib/python3.7/site-packages/airflow/example_dags/example_short_circuit_decorator.py
[2025-10-20T18:05:14.424+0000] {logging_mixin.py:137} INFO - [2025-10-20T18:05:14.423+0000] {dag.py:2690} INFO - Sync 1 DAGs
[2025-10-20T18:05:14.433+0000] {logging_mixin.py:137} INFO - [2025-10-20T18:05:14.433+0000] {dag.py:3441} INFO - Setting next_dagrun for example_short_circuit_decorator to 2025-10-19T18:05:14.433695+00:00, run_after=2025-10-20T18:05:14.433695+00:00
[2025-10-20T18:05:14.440+0000] {processor.py:175} INFO - Processing /home/airflow/.local/lib/python3.7/site-packages/airflow/example_dags/example_short_circuit_decorator.py took 0.038 seconds
[2025-10-20T18:05:45.329+0000] {processor.py:153} INFO - Started process (PID=1042) to work on /home/airflow/.local/lib/python3.7/site-packages/airflow/example_dags/example_short_circuit_decorator.py
[2025-10-20T18:05:45.330+0000] {processor.py:743} INFO - Processing file /home/airflow/.local/lib/python3.7/site-packages/airflow/example_dags/example_short_circuit_decorator.py for tasks to queue
[2025-10-20T18:05:45.331+0000] {logging_mixin.py:137} INFO - [2025-10-20T18:05:45.331+0000] {dagbag.py:538} INFO - Filling up the DagBag from /home/airflow/.local/lib/python3.7/site-packages/airflow/example_dags/example_short_circuit_decorator.py
[2025-10-20T18:05:45.354+0000] {processor.py:753} INFO - DAG(s) dict_keys(['example_short_circuit_decorator']) retrieved from /home/airflow/.local/lib/python3.7/site-packages/airflow/example_dags/example_short_circuit_decorator.py
[2025-10-20T18:05:45.376+0000] {logging_mixin.py:137} INFO - [2025-10-20T18:05:45.376+0000] {dag.py:2690} INFO - Sync 1 DAGs
[2025-10-20T18:05:45.399+0000] {logging_mixin.py:137} INFO - [2025-10-20T18:05:45.399+0000] {dag.py:3441} INFO - Setting next_dagrun for example_short_circuit_decorator to 2025-10-19T18:05:45.399249+00:00, run_after=2025-10-20T18:05:45.399249+00:00
[2025-10-20T18:05:45.421+0000] {processor.py:175} INFO - Processing /home/airflow/.local/lib/python3.7/site-packages/airflow/example_dags/example_short_circuit_decorator.py took 0.095 seconds
[2025-10-20T18:06:16.150+0000] {processor.py:153} INFO - Started process (PID=1128) to work on /home/airflow/.local/lib/python3.7/site-packages/airflow/example_dags/example_short_circuit_decorator.py
[2025-10-20T18:06:16.151+0000] {processor.py:743} INFO - Processing file /home/airflow/.local/lib/python3.7/site-packages/airflow/example_dags/example_short_circuit_decorator.py for tasks to queue
[2025-10-20T18:06:16.151+0000] {logging_mixin.py:137} INFO - [2025-10-20T18:06:16.151+0000] {dagbag.py:538} INFO - Filling up the DagBag from /home/airflow/.local/lib/python3.7/site-packages/airflow/example_dags/example_short_circuit_decorator.py
[2025-10-20T18:06:16.162+0000] {processor.py:753} INFO - DAG(s) dict_keys(['example_short_circuit_decorator']) retrieved from /home/airflow/.local/lib/python3.7/site-packages/airflow/example_dags/example_short_circuit_decorator.py
[2025-10-20T18:06:16.172+0000] {logging_mixin.py:137} INFO - [2025-10-20T18:06:16.172+0000] {dag.py:2690} INFO - Sync 1 DAGs
[2025-10-20T18:06:16.182+0000] {logging_mixin.py:137} INFO - [2025-10-20T18:06:16.182+0000] {dag.py:3441} INFO - Setting next_dagrun for example_short_circuit_decorator to 2025-10-19T18:06:16.181917+00:00, run_after=2025-10-20T18:06:16.181917+00:00
[2025-10-20T18:06:16.188+0000] {processor.py:175} INFO - Processing /home/airflow/.local/lib/python3.7/site-packages/airflow/example_dags/example_short_circuit_decorator.py took 0.040 seconds
[2025-10-20T18:06:46.521+0000] {processor.py:153} INFO - Started process (PID=1221) to work on /home/airflow/.local/lib/python3.7/site-packages/airflow/example_dags/example_short_circuit_decorator.py
[2025-10-20T18:06:46.522+0000] {processor.py:743} INFO - Processing file /home/airflow/.local/lib/python3.7/site-packages/airflow/example_dags/example_short_circuit_decorator.py for tasks to queue
[2025-10-20T18:06:46.523+0000] {logging_mixin.py:137} INFO - [2025-10-20T18:06:46.523+0000] {dagbag.py:538} INFO - Filling up the DagBag from /home/airflow/.local/lib/python3.7/site-packages/airflow/example_dags/example_short_circuit_decorator.py
[2025-10-20T18:06:46.533+0000] {processor.py:753} INFO - DAG(s) dict_keys(['example_short_circuit_decorator']) retrieved from /home/airflow/.local/lib/python3.7/site-packages/airflow/example_dags/example_short_circuit_decorator.py
[2025-10-20T18:06:46.542+0000] {logging_mixin.py:137} INFO - [2025-10-20T18:06:46.542+0000] {dag.py:2690} INFO - Sync 1 DAGs
[2025-10-20T18:06:46.552+0000] {logging_mixin.py:137} INFO - [2025-10-20T18:06:46.552+0000] {dag.py:3441} INFO - Setting next_dagrun for example_short_circuit_decorator to 2025-10-19T18:06:46.552097+00:00, run_after=2025-10-20T18:06:46.552097+00:00
[2025-10-20T18:06:46.558+0000] {processor.py:175} INFO - Processing /home/airflow/.local/lib/python3.7/site-packages/airflow/example_dags/example_short_circuit_decorator.py took 0.038 seconds
[2025-10-20T18:07:16.719+0000] {processor.py:153} INFO - Started process (PID=1314) to work on /home/airflow/.local/lib/python3.7/site-packages/airflow/example_dags/example_short_circuit_decorator.py
[2025-10-20T18:07:16.719+0000] {processor.py:743} INFO - Processing file /home/airflow/.local/lib/python3.7/site-packages/airflow/example_dags/example_short_circuit_decorator.py for tasks to queue
[2025-10-20T18:07:16.719+0000] {logging_mixin.py:137} INFO - [2025-10-20T18:07:16.719+0000] {dagbag.py:538} INFO - Filling up the DagBag from /home/airflow/.local/lib/python3.7/site-packages/airflow/example_dags/example_short_circuit_decorator.py
[2025-10-20T18:07:16.730+0000] {processor.py:753} INFO - DAG(s) dict_keys(['example_short_circuit_decorator']) retrieved from /home/airflow/.local/lib/python3.7/site-packages/airflow/example_dags/example_short_circuit_decorator.py
[2025-10-20T18:07:16.740+0000] {logging_mixin.py:137} INFO - [2025-10-20T18:07:16.740+0000] {dag.py:2690} INFO - Sync 1 DAGs
[2025-10-20T18:07:16.748+0000] {logging_mixin.py:137} INFO - [2025-10-20T18:07:16.748+0000] {dag.py:3441} INFO - Setting next_dagrun for example_short_circuit_decorator to 2025-10-19T18:07:16.748625+00:00, run_after=2025-10-20T18:07:16.748625+00:00
[2025-10-20T18:07:16.754+0000] {processor.py:175} INFO - Processing /home/airflow/.local/lib/python3.7/site-packages/airflow/example_dags/example_short_circuit_decorator.py took 0.037 seconds
[2025-10-20T18:07:46.862+0000] {processor.py:153} INFO - Started process (PID=1398) to work on /home/airflow/.local/lib/python3.7/site-packages/airflow/example_dags/example_short_circuit_decorator.py
[2025-10-20T18:07:46.862+0000] {processor.py:743} INFO - Processing file /home/airflow/.local/lib/python3.7/site-packages/airflow/example_dags/example_short_circuit_decorator.py for tasks to queue
[2025-10-20T18:07:46.862+0000] {logging_mixin.py:137} INFO - [2025-10-20T18:07:46.862+0000] {dagbag.py:538} INFO - Filling up the DagBag from /home/airflow/.local/lib/python3.7/site-packages/airflow/example_dags/example_short_circuit_decorator.py
[2025-10-20T18:07:46.877+0000] {processor.py:753} INFO - DAG(s) dict_keys(['example_short_circuit_decorator']) retrieved from /home/airflow/.local/lib/python3.7/site-packages/airflow/example_dags/example_short_circuit_decorator.py
[2025-10-20T18:07:46.888+0000] {logging_mixin.py:137} INFO - [2025-10-20T18:07:46.888+0000] {dag.py:2690} INFO - Sync 1 DAGs
[2025-10-20T18:07:46.898+0000] {logging_mixin.py:137} INFO - [2025-10-20T18:07:46.897+0000] {dag.py:3441} INFO - Setting next_dagrun for example_short_circuit_decorator to 2025-10-19T18:07:46.897871+00:00, run_after=2025-10-20T18:07:46.897871+00:00
[2025-10-20T18:07:46.906+0000] {processor.py:175} INFO - Processing /home/airflow/.local/lib/python3.7/site-packages/airflow/example_dags/example_short_circuit_decorator.py took 0.045 seconds
[2025-10-20T18:08:17.173+0000] {processor.py:153} INFO - Started process (PID=1482) to work on /home/airflow/.local/lib/python3.7/site-packages/airflow/example_dags/example_short_circuit_decorator.py
[2025-10-20T18:08:17.173+0000] {processor.py:743} INFO - Processing file /home/airflow/.local/lib/python3.7/site-packages/airflow/example_dags/example_short_circuit_decorator.py for tasks to queue
[2025-10-20T18:08:17.173+0000] {logging_mixin.py:137} INFO - [2025-10-20T18:08:17.173+0000] {dagbag.py:538} INFO - Filling up the DagBag from /home/airflow/.local/lib/python3.7/site-packages/airflow/example_dags/example_short_circuit_decorator.py
[2025-10-20T18:08:17.182+0000] {processor.py:753} INFO - DAG(s) dict_keys(['example_short_circuit_decorator']) retrieved from /home/airflow/.local/lib/python3.7/site-packages/airflow/example_dags/example_short_circuit_decorator.py
[2025-10-20T18:08:17.191+0000] {logging_mixin.py:137} INFO - [2025-10-20T18:08:17.191+0000] {dag.py:2690} INFO - Sync 1 DAGs
[2025-10-20T18:08:17.200+0000] {logging_mixin.py:137} INFO - [2025-10-20T18:08:17.200+0000] {dag.py:3441} INFO - Setting next_dagrun for example_short_circuit_decorator to 2025-10-19T18:08:17.200014+00:00, run_after=2025-10-20T18:08:17.200014+00:00
[2025-10-20T18:08:17.205+0000] {processor.py:175} INFO - Processing /home/airflow/.local/lib/python3.7/site-packages/airflow/example_dags/example_short_circuit_decorator.py took 0.034 seconds
[2025-10-20T18:08:47.489+0000] {processor.py:153} INFO - Started process (PID=1575) to work on /home/airflow/.local/lib/python3.7/site-packages/airflow/example_dags/example_short_circuit_decorator.py
[2025-10-20T18:08:47.490+0000] {processor.py:743} INFO - Processing file /home/airflow/.local/lib/python3.7/site-packages/airflow/example_dags/example_short_circuit_decorator.py for tasks to queue
[2025-10-20T18:08:47.490+0000] {logging_mixin.py:137} INFO - [2025-10-20T18:08:47.490+0000] {dagbag.py:538} INFO - Filling up the DagBag from /home/airflow/.local/lib/python3.7/site-packages/airflow/example_dags/example_short_circuit_decorator.py
[2025-10-20T18:08:47.501+0000] {processor.py:753} INFO - DAG(s) dict_keys(['example_short_circuit_decorator']) retrieved from /home/airflow/.local/lib/python3.7/site-packages/airflow/example_dags/example_short_circuit_decorator.py
[2025-10-20T18:08:47.511+0000] {logging_mixin.py:137} INFO - [2025-10-20T18:08:47.511+0000] {dag.py:2690} INFO - Sync 1 DAGs
[2025-10-20T18:08:47.520+0000] {logging_mixin.py:137} INFO - [2025-10-20T18:08:47.520+0000] {dag.py:3441} INFO - Setting next_dagrun for example_short_circuit_decorator to 2025-10-19T18:08:47.520027+00:00, run_after=2025-10-20T18:08:47.520027+00:00
[2025-10-20T18:08:47.526+0000] {processor.py:175} INFO - Processing /home/airflow/.local/lib/python3.7/site-packages/airflow/example_dags/example_short_circuit_decorator.py took 0.038 seconds
