[2025-10-20T18:00:10.758+0000] {processor.py:153} INFO - Started process (PID=40) to work on /home/airflow/.local/lib/python3.7/site-packages/airflow/example_dags/example_kubernetes_executor.py
[2025-10-20T18:00:10.759+0000] {processor.py:743} INFO - Processing file /home/airflow/.local/lib/python3.7/site-packages/airflow/example_dags/example_kubernetes_executor.py for tasks to queue
[2025-10-20T18:00:10.760+0000] {logging_mixin.py:137} INFO - [2025-10-20T18:00:10.760+0000] {dagbag.py:538} INFO - Filling up the DagBag from /home/airflow/.local/lib/python3.7/site-packages/airflow/example_dags/example_kubernetes_executor.py
[2025-10-20T18:00:10.798+0000] {processor.py:753} INFO - DAG(s) dict_keys(['example_kubernetes_executor']) retrieved from /home/airflow/.local/lib/python3.7/site-packages/airflow/example_dags/example_kubernetes_executor.py
[2025-10-20T18:00:10.809+0000] {logging_mixin.py:137} INFO - [2025-10-20T18:00:10.809+0000] {dag.py:2690} INFO - Sync 1 DAGs
[2025-10-20T18:00:10.821+0000] {logging_mixin.py:137} INFO - [2025-10-20T18:00:10.820+0000] {dag.py:3441} INFO - Setting next_dagrun for example_kubernetes_executor to None, run_after=None
[2025-10-20T18:00:10.828+0000] {processor.py:175} INFO - Processing /home/airflow/.local/lib/python3.7/site-packages/airflow/example_dags/example_kubernetes_executor.py took 0.072 seconds
[2025-10-20T18:00:41.273+0000] {processor.py:153} INFO - Started process (PID=133) to work on /home/airflow/.local/lib/python3.7/site-packages/airflow/example_dags/example_kubernetes_executor.py
[2025-10-20T18:00:41.275+0000] {processor.py:743} INFO - Processing file /home/airflow/.local/lib/python3.7/site-packages/airflow/example_dags/example_kubernetes_executor.py for tasks to queue
[2025-10-20T18:00:41.275+0000] {logging_mixin.py:137} INFO - [2025-10-20T18:00:41.275+0000] {dagbag.py:538} INFO - Filling up the DagBag from /home/airflow/.local/lib/python3.7/site-packages/airflow/example_dags/example_kubernetes_executor.py
[2025-10-20T18:00:41.306+0000] {processor.py:753} INFO - DAG(s) dict_keys(['example_kubernetes_executor']) retrieved from /home/airflow/.local/lib/python3.7/site-packages/airflow/example_dags/example_kubernetes_executor.py
[2025-10-20T18:00:41.321+0000] {logging_mixin.py:137} INFO - [2025-10-20T18:00:41.321+0000] {dag.py:2690} INFO - Sync 1 DAGs
[2025-10-20T18:00:41.331+0000] {logging_mixin.py:137} INFO - [2025-10-20T18:00:41.331+0000] {dag.py:3441} INFO - Setting next_dagrun for example_kubernetes_executor to None, run_after=None
[2025-10-20T18:00:41.337+0000] {processor.py:175} INFO - Processing /home/airflow/.local/lib/python3.7/site-packages/airflow/example_dags/example_kubernetes_executor.py took 0.070 seconds
[2025-10-20T18:01:11.518+0000] {processor.py:153} INFO - Started process (PID=208) to work on /home/airflow/.local/lib/python3.7/site-packages/airflow/example_dags/example_kubernetes_executor.py
[2025-10-20T18:01:11.523+0000] {processor.py:743} INFO - Processing file /home/airflow/.local/lib/python3.7/site-packages/airflow/example_dags/example_kubernetes_executor.py for tasks to queue
[2025-10-20T18:01:11.524+0000] {logging_mixin.py:137} INFO - [2025-10-20T18:01:11.524+0000] {dagbag.py:538} INFO - Filling up the DagBag from /home/airflow/.local/lib/python3.7/site-packages/airflow/example_dags/example_kubernetes_executor.py
[2025-10-20T18:01:11.539+0000] {processor.py:753} INFO - DAG(s) dict_keys(['example_kubernetes_executor']) retrieved from /home/airflow/.local/lib/python3.7/site-packages/airflow/example_dags/example_kubernetes_executor.py
[2025-10-20T18:01:11.550+0000] {logging_mixin.py:137} INFO - [2025-10-20T18:01:11.550+0000] {dag.py:2690} INFO - Sync 1 DAGs
[2025-10-20T18:01:11.559+0000] {logging_mixin.py:137} INFO - [2025-10-20T18:01:11.559+0000] {dag.py:3441} INFO - Setting next_dagrun for example_kubernetes_executor to None, run_after=None
[2025-10-20T18:01:11.567+0000] {processor.py:175} INFO - Processing /home/airflow/.local/lib/python3.7/site-packages/airflow/example_dags/example_kubernetes_executor.py took 0.051 seconds
[2025-10-20T18:01:42.098+0000] {processor.py:153} INFO - Started process (PID=301) to work on /home/airflow/.local/lib/python3.7/site-packages/airflow/example_dags/example_kubernetes_executor.py
[2025-10-20T18:01:42.099+0000] {processor.py:743} INFO - Processing file /home/airflow/.local/lib/python3.7/site-packages/airflow/example_dags/example_kubernetes_executor.py for tasks to queue
[2025-10-20T18:01:42.100+0000] {logging_mixin.py:137} INFO - [2025-10-20T18:01:42.099+0000] {dagbag.py:538} INFO - Filling up the DagBag from /home/airflow/.local/lib/python3.7/site-packages/airflow/example_dags/example_kubernetes_executor.py
[2025-10-20T18:01:42.127+0000] {processor.py:753} INFO - DAG(s) dict_keys(['example_kubernetes_executor']) retrieved from /home/airflow/.local/lib/python3.7/site-packages/airflow/example_dags/example_kubernetes_executor.py
[2025-10-20T18:01:42.145+0000] {logging_mixin.py:137} INFO - [2025-10-20T18:01:42.145+0000] {dag.py:2690} INFO - Sync 1 DAGs
[2025-10-20T18:01:42.156+0000] {logging_mixin.py:137} INFO - [2025-10-20T18:01:42.156+0000] {dag.py:3441} INFO - Setting next_dagrun for example_kubernetes_executor to None, run_after=None
[2025-10-20T18:01:42.164+0000] {processor.py:175} INFO - Processing /home/airflow/.local/lib/python3.7/site-packages/airflow/example_dags/example_kubernetes_executor.py took 0.071 seconds
[2025-10-20T18:02:12.271+0000] {processor.py:153} INFO - Started process (PID=394) to work on /home/airflow/.local/lib/python3.7/site-packages/airflow/example_dags/example_kubernetes_executor.py
[2025-10-20T18:02:12.273+0000] {processor.py:743} INFO - Processing file /home/airflow/.local/lib/python3.7/site-packages/airflow/example_dags/example_kubernetes_executor.py for tasks to queue
[2025-10-20T18:02:12.274+0000] {logging_mixin.py:137} INFO - [2025-10-20T18:02:12.273+0000] {dagbag.py:538} INFO - Filling up the DagBag from /home/airflow/.local/lib/python3.7/site-packages/airflow/example_dags/example_kubernetes_executor.py
[2025-10-20T18:02:12.296+0000] {processor.py:753} INFO - DAG(s) dict_keys(['example_kubernetes_executor']) retrieved from /home/airflow/.local/lib/python3.7/site-packages/airflow/example_dags/example_kubernetes_executor.py
[2025-10-20T18:02:12.309+0000] {logging_mixin.py:137} INFO - [2025-10-20T18:02:12.309+0000] {dag.py:2690} INFO - Sync 1 DAGs
[2025-10-20T18:02:12.319+0000] {logging_mixin.py:137} INFO - [2025-10-20T18:02:12.319+0000] {dag.py:3441} INFO - Setting next_dagrun for example_kubernetes_executor to None, run_after=None
[2025-10-20T18:02:12.326+0000] {processor.py:175} INFO - Processing /home/airflow/.local/lib/python3.7/site-packages/airflow/example_dags/example_kubernetes_executor.py took 0.060 seconds
[2025-10-20T18:02:42.516+0000] {processor.py:153} INFO - Started process (PID=487) to work on /home/airflow/.local/lib/python3.7/site-packages/airflow/example_dags/example_kubernetes_executor.py
[2025-10-20T18:02:42.519+0000] {processor.py:743} INFO - Processing file /home/airflow/.local/lib/python3.7/site-packages/airflow/example_dags/example_kubernetes_executor.py for tasks to queue
[2025-10-20T18:02:42.520+0000] {logging_mixin.py:137} INFO - [2025-10-20T18:02:42.520+0000] {dagbag.py:538} INFO - Filling up the DagBag from /home/airflow/.local/lib/python3.7/site-packages/airflow/example_dags/example_kubernetes_executor.py
[2025-10-20T18:02:42.542+0000] {processor.py:753} INFO - DAG(s) dict_keys(['example_kubernetes_executor']) retrieved from /home/airflow/.local/lib/python3.7/site-packages/airflow/example_dags/example_kubernetes_executor.py
[2025-10-20T18:02:42.556+0000] {logging_mixin.py:137} INFO - [2025-10-20T18:02:42.556+0000] {dag.py:2690} INFO - Sync 1 DAGs
[2025-10-20T18:02:42.567+0000] {logging_mixin.py:137} INFO - [2025-10-20T18:02:42.566+0000] {dag.py:3441} INFO - Setting next_dagrun for example_kubernetes_executor to None, run_after=None
[2025-10-20T18:02:42.573+0000] {processor.py:175} INFO - Processing /home/airflow/.local/lib/python3.7/site-packages/airflow/example_dags/example_kubernetes_executor.py took 0.061 seconds
[2025-10-20T18:03:12.712+0000] {processor.py:153} INFO - Started process (PID=579) to work on /home/airflow/.local/lib/python3.7/site-packages/airflow/example_dags/example_kubernetes_executor.py
[2025-10-20T18:03:12.720+0000] {processor.py:743} INFO - Processing file /home/airflow/.local/lib/python3.7/site-packages/airflow/example_dags/example_kubernetes_executor.py for tasks to queue
[2025-10-20T18:03:12.721+0000] {logging_mixin.py:137} INFO - [2025-10-20T18:03:12.721+0000] {dagbag.py:538} INFO - Filling up the DagBag from /home/airflow/.local/lib/python3.7/site-packages/airflow/example_dags/example_kubernetes_executor.py
[2025-10-20T18:03:12.766+0000] {processor.py:753} INFO - DAG(s) dict_keys(['example_kubernetes_executor']) retrieved from /home/airflow/.local/lib/python3.7/site-packages/airflow/example_dags/example_kubernetes_executor.py
[2025-10-20T18:03:12.777+0000] {logging_mixin.py:137} INFO - [2025-10-20T18:03:12.777+0000] {dag.py:2690} INFO - Sync 1 DAGs
[2025-10-20T18:03:12.786+0000] {logging_mixin.py:137} INFO - [2025-10-20T18:03:12.786+0000] {dag.py:3441} INFO - Setting next_dagrun for example_kubernetes_executor to None, run_after=None
[2025-10-20T18:03:12.793+0000] {processor.py:175} INFO - Processing /home/airflow/.local/lib/python3.7/site-packages/airflow/example_dags/example_kubernetes_executor.py took 0.086 seconds
[2025-10-20T18:03:43.020+0000] {processor.py:153} INFO - Started process (PID=654) to work on /home/airflow/.local/lib/python3.7/site-packages/airflow/example_dags/example_kubernetes_executor.py
[2025-10-20T18:03:43.022+0000] {processor.py:743} INFO - Processing file /home/airflow/.local/lib/python3.7/site-packages/airflow/example_dags/example_kubernetes_executor.py for tasks to queue
[2025-10-20T18:03:43.023+0000] {logging_mixin.py:137} INFO - [2025-10-20T18:03:43.023+0000] {dagbag.py:538} INFO - Filling up the DagBag from /home/airflow/.local/lib/python3.7/site-packages/airflow/example_dags/example_kubernetes_executor.py
[2025-10-20T18:03:43.045+0000] {processor.py:753} INFO - DAG(s) dict_keys(['example_kubernetes_executor']) retrieved from /home/airflow/.local/lib/python3.7/site-packages/airflow/example_dags/example_kubernetes_executor.py
[2025-10-20T18:03:43.059+0000] {logging_mixin.py:137} INFO - [2025-10-20T18:03:43.059+0000] {dag.py:2690} INFO - Sync 1 DAGs
[2025-10-20T18:03:43.069+0000] {logging_mixin.py:137} INFO - [2025-10-20T18:03:43.069+0000] {dag.py:3441} INFO - Setting next_dagrun for example_kubernetes_executor to None, run_after=None
[2025-10-20T18:03:43.076+0000] {processor.py:175} INFO - Processing /home/airflow/.local/lib/python3.7/site-packages/airflow/example_dags/example_kubernetes_executor.py took 0.060 seconds
[2025-10-20T18:04:13.253+0000] {processor.py:153} INFO - Started process (PID=747) to work on /home/airflow/.local/lib/python3.7/site-packages/airflow/example_dags/example_kubernetes_executor.py
[2025-10-20T18:04:13.256+0000] {processor.py:743} INFO - Processing file /home/airflow/.local/lib/python3.7/site-packages/airflow/example_dags/example_kubernetes_executor.py for tasks to queue
[2025-10-20T18:04:13.256+0000] {logging_mixin.py:137} INFO - [2025-10-20T18:04:13.256+0000] {dagbag.py:538} INFO - Filling up the DagBag from /home/airflow/.local/lib/python3.7/site-packages/airflow/example_dags/example_kubernetes_executor.py
[2025-10-20T18:04:13.277+0000] {processor.py:753} INFO - DAG(s) dict_keys(['example_kubernetes_executor']) retrieved from /home/airflow/.local/lib/python3.7/site-packages/airflow/example_dags/example_kubernetes_executor.py
[2025-10-20T18:04:13.290+0000] {logging_mixin.py:137} INFO - [2025-10-20T18:04:13.290+0000] {dag.py:2690} INFO - Sync 1 DAGs
[2025-10-20T18:04:13.300+0000] {logging_mixin.py:137} INFO - [2025-10-20T18:04:13.300+0000] {dag.py:3441} INFO - Setting next_dagrun for example_kubernetes_executor to None, run_after=None
[2025-10-20T18:04:13.307+0000] {processor.py:175} INFO - Processing /home/airflow/.local/lib/python3.7/site-packages/airflow/example_dags/example_kubernetes_executor.py took 0.058 seconds
[2025-10-20T18:04:43.523+0000] {processor.py:153} INFO - Started process (PID=840) to work on /home/airflow/.local/lib/python3.7/site-packages/airflow/example_dags/example_kubernetes_executor.py
[2025-10-20T18:04:43.524+0000] {processor.py:743} INFO - Processing file /home/airflow/.local/lib/python3.7/site-packages/airflow/example_dags/example_kubernetes_executor.py for tasks to queue
[2025-10-20T18:04:43.525+0000] {logging_mixin.py:137} INFO - [2025-10-20T18:04:43.525+0000] {dagbag.py:538} INFO - Filling up the DagBag from /home/airflow/.local/lib/python3.7/site-packages/airflow/example_dags/example_kubernetes_executor.py
[2025-10-20T18:04:43.552+0000] {processor.py:753} INFO - DAG(s) dict_keys(['example_kubernetes_executor']) retrieved from /home/airflow/.local/lib/python3.7/site-packages/airflow/example_dags/example_kubernetes_executor.py
[2025-10-20T18:04:43.567+0000] {logging_mixin.py:137} INFO - [2025-10-20T18:04:43.567+0000] {dag.py:2690} INFO - Sync 1 DAGs
[2025-10-20T18:04:43.578+0000] {logging_mixin.py:137} INFO - [2025-10-20T18:04:43.578+0000] {dag.py:3441} INFO - Setting next_dagrun for example_kubernetes_executor to None, run_after=None
[2025-10-20T18:04:43.586+0000] {processor.py:175} INFO - Processing /home/airflow/.local/lib/python3.7/site-packages/airflow/example_dags/example_kubernetes_executor.py took 0.068 seconds
[2025-10-20T18:05:13.745+0000] {processor.py:153} INFO - Started process (PID=933) to work on /home/airflow/.local/lib/python3.7/site-packages/airflow/example_dags/example_kubernetes_executor.py
[2025-10-20T18:05:13.747+0000] {processor.py:743} INFO - Processing file /home/airflow/.local/lib/python3.7/site-packages/airflow/example_dags/example_kubernetes_executor.py for tasks to queue
[2025-10-20T18:05:13.749+0000] {logging_mixin.py:137} INFO - [2025-10-20T18:05:13.748+0000] {dagbag.py:538} INFO - Filling up the DagBag from /home/airflow/.local/lib/python3.7/site-packages/airflow/example_dags/example_kubernetes_executor.py
[2025-10-20T18:05:13.771+0000] {processor.py:753} INFO - DAG(s) dict_keys(['example_kubernetes_executor']) retrieved from /home/airflow/.local/lib/python3.7/site-packages/airflow/example_dags/example_kubernetes_executor.py
[2025-10-20T18:05:13.788+0000] {logging_mixin.py:137} INFO - [2025-10-20T18:05:13.788+0000] {dag.py:2690} INFO - Sync 1 DAGs
[2025-10-20T18:05:13.798+0000] {logging_mixin.py:137} INFO - [2025-10-20T18:05:13.798+0000] {dag.py:3441} INFO - Setting next_dagrun for example_kubernetes_executor to None, run_after=None
[2025-10-20T18:05:13.806+0000] {processor.py:175} INFO - Processing /home/airflow/.local/lib/python3.7/site-packages/airflow/example_dags/example_kubernetes_executor.py took 0.064 seconds
[2025-10-20T18:05:44.023+0000] {processor.py:153} INFO - Started process (PID=1008) to work on /home/airflow/.local/lib/python3.7/site-packages/airflow/example_dags/example_kubernetes_executor.py
[2025-10-20T18:05:44.027+0000] {processor.py:743} INFO - Processing file /home/airflow/.local/lib/python3.7/site-packages/airflow/example_dags/example_kubernetes_executor.py for tasks to queue
[2025-10-20T18:05:44.028+0000] {logging_mixin.py:137} INFO - [2025-10-20T18:05:44.028+0000] {dagbag.py:538} INFO - Filling up the DagBag from /home/airflow/.local/lib/python3.7/site-packages/airflow/example_dags/example_kubernetes_executor.py
[2025-10-20T18:05:44.073+0000] {processor.py:753} INFO - DAG(s) dict_keys(['example_kubernetes_executor']) retrieved from /home/airflow/.local/lib/python3.7/site-packages/airflow/example_dags/example_kubernetes_executor.py
[2025-10-20T18:05:44.133+0000] {logging_mixin.py:137} INFO - [2025-10-20T18:05:44.133+0000] {dag.py:2690} INFO - Sync 1 DAGs
[2025-10-20T18:05:44.164+0000] {logging_mixin.py:137} INFO - [2025-10-20T18:05:44.163+0000] {dag.py:3441} INFO - Setting next_dagrun for example_kubernetes_executor to None, run_after=None
[2025-10-20T18:05:44.182+0000] {processor.py:175} INFO - Processing /home/airflow/.local/lib/python3.7/site-packages/airflow/example_dags/example_kubernetes_executor.py took 0.168 seconds
[2025-10-20T18:06:14.424+0000] {processor.py:153} INFO - Started process (PID=1101) to work on /home/airflow/.local/lib/python3.7/site-packages/airflow/example_dags/example_kubernetes_executor.py
[2025-10-20T18:06:14.425+0000] {processor.py:743} INFO - Processing file /home/airflow/.local/lib/python3.7/site-packages/airflow/example_dags/example_kubernetes_executor.py for tasks to queue
[2025-10-20T18:06:14.427+0000] {logging_mixin.py:137} INFO - [2025-10-20T18:06:14.426+0000] {dagbag.py:538} INFO - Filling up the DagBag from /home/airflow/.local/lib/python3.7/site-packages/airflow/example_dags/example_kubernetes_executor.py
[2025-10-20T18:06:14.448+0000] {processor.py:753} INFO - DAG(s) dict_keys(['example_kubernetes_executor']) retrieved from /home/airflow/.local/lib/python3.7/site-packages/airflow/example_dags/example_kubernetes_executor.py
[2025-10-20T18:06:14.462+0000] {logging_mixin.py:137} INFO - [2025-10-20T18:06:14.462+0000] {dag.py:2690} INFO - Sync 1 DAGs
[2025-10-20T18:06:14.472+0000] {logging_mixin.py:137} INFO - [2025-10-20T18:06:14.472+0000] {dag.py:3441} INFO - Setting next_dagrun for example_kubernetes_executor to None, run_after=None
[2025-10-20T18:06:14.479+0000] {processor.py:175} INFO - Processing /home/airflow/.local/lib/python3.7/site-packages/airflow/example_dags/example_kubernetes_executor.py took 0.060 seconds
[2025-10-20T18:06:44.650+0000] {processor.py:153} INFO - Started process (PID=1194) to work on /home/airflow/.local/lib/python3.7/site-packages/airflow/example_dags/example_kubernetes_executor.py
[2025-10-20T18:06:44.652+0000] {processor.py:743} INFO - Processing file /home/airflow/.local/lib/python3.7/site-packages/airflow/example_dags/example_kubernetes_executor.py for tasks to queue
[2025-10-20T18:06:44.653+0000] {logging_mixin.py:137} INFO - [2025-10-20T18:06:44.653+0000] {dagbag.py:538} INFO - Filling up the DagBag from /home/airflow/.local/lib/python3.7/site-packages/airflow/example_dags/example_kubernetes_executor.py
[2025-10-20T18:06:44.669+0000] {processor.py:753} INFO - DAG(s) dict_keys(['example_kubernetes_executor']) retrieved from /home/airflow/.local/lib/python3.7/site-packages/airflow/example_dags/example_kubernetes_executor.py
[2025-10-20T18:06:44.685+0000] {logging_mixin.py:137} INFO - [2025-10-20T18:06:44.684+0000] {dag.py:2690} INFO - Sync 1 DAGs
[2025-10-20T18:06:44.695+0000] {logging_mixin.py:137} INFO - [2025-10-20T18:06:44.695+0000] {dag.py:3441} INFO - Setting next_dagrun for example_kubernetes_executor to None, run_after=None
[2025-10-20T18:06:44.702+0000] {processor.py:175} INFO - Processing /home/airflow/.local/lib/python3.7/site-packages/airflow/example_dags/example_kubernetes_executor.py took 0.055 seconds
[2025-10-20T18:07:15.021+0000] {processor.py:153} INFO - Started process (PID=1287) to work on /home/airflow/.local/lib/python3.7/site-packages/airflow/example_dags/example_kubernetes_executor.py
[2025-10-20T18:07:15.022+0000] {processor.py:743} INFO - Processing file /home/airflow/.local/lib/python3.7/site-packages/airflow/example_dags/example_kubernetes_executor.py for tasks to queue
[2025-10-20T18:07:15.023+0000] {logging_mixin.py:137} INFO - [2025-10-20T18:07:15.023+0000] {dagbag.py:538} INFO - Filling up the DagBag from /home/airflow/.local/lib/python3.7/site-packages/airflow/example_dags/example_kubernetes_executor.py
[2025-10-20T18:07:15.044+0000] {processor.py:753} INFO - DAG(s) dict_keys(['example_kubernetes_executor']) retrieved from /home/airflow/.local/lib/python3.7/site-packages/airflow/example_dags/example_kubernetes_executor.py
[2025-10-20T18:07:15.059+0000] {logging_mixin.py:137} INFO - [2025-10-20T18:07:15.059+0000] {dag.py:2690} INFO - Sync 1 DAGs
[2025-10-20T18:07:15.068+0000] {logging_mixin.py:137} INFO - [2025-10-20T18:07:15.068+0000] {dag.py:3441} INFO - Setting next_dagrun for example_kubernetes_executor to None, run_after=None
[2025-10-20T18:07:15.075+0000] {processor.py:175} INFO - Processing /home/airflow/.local/lib/python3.7/site-packages/airflow/example_dags/example_kubernetes_executor.py took 0.057 seconds
[2025-10-20T18:07:45.192+0000] {processor.py:153} INFO - Started process (PID=1362) to work on /home/airflow/.local/lib/python3.7/site-packages/airflow/example_dags/example_kubernetes_executor.py
[2025-10-20T18:07:45.193+0000] {processor.py:743} INFO - Processing file /home/airflow/.local/lib/python3.7/site-packages/airflow/example_dags/example_kubernetes_executor.py for tasks to queue
[2025-10-20T18:07:45.194+0000] {logging_mixin.py:137} INFO - [2025-10-20T18:07:45.194+0000] {dagbag.py:538} INFO - Filling up the DagBag from /home/airflow/.local/lib/python3.7/site-packages/airflow/example_dags/example_kubernetes_executor.py
[2025-10-20T18:07:45.214+0000] {processor.py:753} INFO - DAG(s) dict_keys(['example_kubernetes_executor']) retrieved from /home/airflow/.local/lib/python3.7/site-packages/airflow/example_dags/example_kubernetes_executor.py
[2025-10-20T18:07:45.228+0000] {logging_mixin.py:137} INFO - [2025-10-20T18:07:45.228+0000] {dag.py:2690} INFO - Sync 1 DAGs
[2025-10-20T18:07:45.238+0000] {logging_mixin.py:137} INFO - [2025-10-20T18:07:45.238+0000] {dag.py:3441} INFO - Setting next_dagrun for example_kubernetes_executor to None, run_after=None
[2025-10-20T18:07:45.246+0000] {processor.py:175} INFO - Processing /home/airflow/.local/lib/python3.7/site-packages/airflow/example_dags/example_kubernetes_executor.py took 0.059 seconds
[2025-10-20T18:08:15.453+0000] {processor.py:153} INFO - Started process (PID=1455) to work on /home/airflow/.local/lib/python3.7/site-packages/airflow/example_dags/example_kubernetes_executor.py
[2025-10-20T18:08:15.455+0000] {processor.py:743} INFO - Processing file /home/airflow/.local/lib/python3.7/site-packages/airflow/example_dags/example_kubernetes_executor.py for tasks to queue
[2025-10-20T18:08:15.456+0000] {logging_mixin.py:137} INFO - [2025-10-20T18:08:15.456+0000] {dagbag.py:538} INFO - Filling up the DagBag from /home/airflow/.local/lib/python3.7/site-packages/airflow/example_dags/example_kubernetes_executor.py
[2025-10-20T18:08:15.480+0000] {processor.py:753} INFO - DAG(s) dict_keys(['example_kubernetes_executor']) retrieved from /home/airflow/.local/lib/python3.7/site-packages/airflow/example_dags/example_kubernetes_executor.py
[2025-10-20T18:08:15.502+0000] {logging_mixin.py:137} INFO - [2025-10-20T18:08:15.502+0000] {dag.py:2690} INFO - Sync 1 DAGs
[2025-10-20T18:08:15.514+0000] {logging_mixin.py:137} INFO - [2025-10-20T18:08:15.514+0000] {dag.py:3441} INFO - Setting next_dagrun for example_kubernetes_executor to None, run_after=None
[2025-10-20T18:08:15.521+0000] {processor.py:175} INFO - Processing /home/airflow/.local/lib/python3.7/site-packages/airflow/example_dags/example_kubernetes_executor.py took 0.074 seconds
[2025-10-20T18:08:45.751+0000] {processor.py:153} INFO - Started process (PID=1548) to work on /home/airflow/.local/lib/python3.7/site-packages/airflow/example_dags/example_kubernetes_executor.py
[2025-10-20T18:08:45.753+0000] {processor.py:743} INFO - Processing file /home/airflow/.local/lib/python3.7/site-packages/airflow/example_dags/example_kubernetes_executor.py for tasks to queue
[2025-10-20T18:08:45.754+0000] {logging_mixin.py:137} INFO - [2025-10-20T18:08:45.754+0000] {dagbag.py:538} INFO - Filling up the DagBag from /home/airflow/.local/lib/python3.7/site-packages/airflow/example_dags/example_kubernetes_executor.py
[2025-10-20T18:08:45.777+0000] {processor.py:753} INFO - DAG(s) dict_keys(['example_kubernetes_executor']) retrieved from /home/airflow/.local/lib/python3.7/site-packages/airflow/example_dags/example_kubernetes_executor.py
[2025-10-20T18:08:45.793+0000] {logging_mixin.py:137} INFO - [2025-10-20T18:08:45.793+0000] {dag.py:2690} INFO - Sync 1 DAGs
[2025-10-20T18:08:45.804+0000] {logging_mixin.py:137} INFO - [2025-10-20T18:08:45.804+0000] {dag.py:3441} INFO - Setting next_dagrun for example_kubernetes_executor to None, run_after=None
[2025-10-20T18:08:45.810+0000] {processor.py:175} INFO - Processing /home/airflow/.local/lib/python3.7/site-packages/airflow/example_dags/example_kubernetes_executor.py took 0.063 seconds
