[2025-10-20T18:00:11.258+0000] {processor.py:153} INFO - Started process (PID=56) to work on /home/airflow/.local/lib/python3.7/site-packages/airflow/example_dags/example_task_group_decorator.py
[2025-10-20T18:00:11.259+0000] {processor.py:743} INFO - Processing file /home/airflow/.local/lib/python3.7/site-packages/airflow/example_dags/example_task_group_decorator.py for tasks to queue
[2025-10-20T18:00:11.260+0000] {logging_mixin.py:137} INFO - [2025-10-20T18:00:11.260+0000] {dagbag.py:538} INFO - Filling up the DagBag from /home/airflow/.local/lib/python3.7/site-packages/airflow/example_dags/example_task_group_decorator.py
[2025-10-20T18:00:11.282+0000] {processor.py:753} INFO - DAG(s) dict_keys(['example_task_group_decorator']) retrieved from /home/airflow/.local/lib/python3.7/site-packages/airflow/example_dags/example_task_group_decorator.py
[2025-10-20T18:00:11.290+0000] {logging_mixin.py:137} INFO - [2025-10-20T18:00:11.290+0000] {dag.py:2690} INFO - Sync 1 DAGs
[2025-10-20T18:00:11.308+0000] {logging_mixin.py:137} INFO - [2025-10-20T18:00:11.308+0000] {dag.py:3441} INFO - Setting next_dagrun for example_task_group_decorator to 2025-10-19T18:00:11.307951+00:00, run_after=2025-10-20T18:00:11.307951+00:00
[2025-10-20T18:00:11.317+0000] {processor.py:175} INFO - Processing /home/airflow/.local/lib/python3.7/site-packages/airflow/example_dags/example_task_group_decorator.py took 0.062 seconds
[2025-10-20T18:00:41.672+0000] {processor.py:153} INFO - Started process (PID=149) to work on /home/airflow/.local/lib/python3.7/site-packages/airflow/example_dags/example_task_group_decorator.py
[2025-10-20T18:00:41.673+0000] {processor.py:743} INFO - Processing file /home/airflow/.local/lib/python3.7/site-packages/airflow/example_dags/example_task_group_decorator.py for tasks to queue
[2025-10-20T18:00:41.674+0000] {logging_mixin.py:137} INFO - [2025-10-20T18:00:41.674+0000] {dagbag.py:538} INFO - Filling up the DagBag from /home/airflow/.local/lib/python3.7/site-packages/airflow/example_dags/example_task_group_decorator.py
[2025-10-20T18:00:41.694+0000] {processor.py:753} INFO - DAG(s) dict_keys(['example_task_group_decorator']) retrieved from /home/airflow/.local/lib/python3.7/site-packages/airflow/example_dags/example_task_group_decorator.py
[2025-10-20T18:00:41.704+0000] {logging_mixin.py:137} INFO - [2025-10-20T18:00:41.704+0000] {dag.py:2690} INFO - Sync 1 DAGs
[2025-10-20T18:00:41.714+0000] {logging_mixin.py:137} INFO - [2025-10-20T18:00:41.714+0000] {dag.py:3441} INFO - Setting next_dagrun for example_task_group_decorator to 2025-10-19T18:00:41.714407+00:00, run_after=2025-10-20T18:00:41.714407+00:00
[2025-10-20T18:00:41.721+0000] {processor.py:175} INFO - Processing /home/airflow/.local/lib/python3.7/site-packages/airflow/example_dags/example_task_group_decorator.py took 0.051 seconds
[2025-10-20T18:01:12.027+0000] {processor.py:153} INFO - Started process (PID=233) to work on /home/airflow/.local/lib/python3.7/site-packages/airflow/example_dags/example_task_group_decorator.py
[2025-10-20T18:01:12.028+0000] {processor.py:743} INFO - Processing file /home/airflow/.local/lib/python3.7/site-packages/airflow/example_dags/example_task_group_decorator.py for tasks to queue
[2025-10-20T18:01:12.028+0000] {logging_mixin.py:137} INFO - [2025-10-20T18:01:12.028+0000] {dagbag.py:538} INFO - Filling up the DagBag from /home/airflow/.local/lib/python3.7/site-packages/airflow/example_dags/example_task_group_decorator.py
[2025-10-20T18:01:12.039+0000] {processor.py:753} INFO - DAG(s) dict_keys(['example_task_group_decorator']) retrieved from /home/airflow/.local/lib/python3.7/site-packages/airflow/example_dags/example_task_group_decorator.py
[2025-10-20T18:01:12.050+0000] {logging_mixin.py:137} INFO - [2025-10-20T18:01:12.050+0000] {dag.py:2690} INFO - Sync 1 DAGs
[2025-10-20T18:01:12.060+0000] {logging_mixin.py:137} INFO - [2025-10-20T18:01:12.060+0000] {dag.py:3441} INFO - Setting next_dagrun for example_task_group_decorator to 2025-10-19T18:01:12.060204+00:00, run_after=2025-10-20T18:01:12.060204+00:00
[2025-10-20T18:01:12.067+0000] {processor.py:175} INFO - Processing /home/airflow/.local/lib/python3.7/site-packages/airflow/example_dags/example_task_group_decorator.py took 0.041 seconds
[2025-10-20T18:01:42.510+0000] {processor.py:153} INFO - Started process (PID=317) to work on /home/airflow/.local/lib/python3.7/site-packages/airflow/example_dags/example_task_group_decorator.py
[2025-10-20T18:01:42.511+0000] {processor.py:743} INFO - Processing file /home/airflow/.local/lib/python3.7/site-packages/airflow/example_dags/example_task_group_decorator.py for tasks to queue
[2025-10-20T18:01:42.511+0000] {logging_mixin.py:137} INFO - [2025-10-20T18:01:42.511+0000] {dagbag.py:538} INFO - Filling up the DagBag from /home/airflow/.local/lib/python3.7/site-packages/airflow/example_dags/example_task_group_decorator.py
[2025-10-20T18:01:42.524+0000] {processor.py:753} INFO - DAG(s) dict_keys(['example_task_group_decorator']) retrieved from /home/airflow/.local/lib/python3.7/site-packages/airflow/example_dags/example_task_group_decorator.py
[2025-10-20T18:01:42.533+0000] {logging_mixin.py:137} INFO - [2025-10-20T18:01:42.533+0000] {dag.py:2690} INFO - Sync 1 DAGs
[2025-10-20T18:01:42.542+0000] {logging_mixin.py:137} INFO - [2025-10-20T18:01:42.542+0000] {dag.py:3441} INFO - Setting next_dagrun for example_task_group_decorator to 2025-10-19T18:01:42.542345+00:00, run_after=2025-10-20T18:01:42.542345+00:00
[2025-10-20T18:01:42.549+0000] {processor.py:175} INFO - Processing /home/airflow/.local/lib/python3.7/site-packages/airflow/example_dags/example_task_group_decorator.py took 0.040 seconds
[2025-10-20T18:02:12.717+0000] {processor.py:153} INFO - Started process (PID=410) to work on /home/airflow/.local/lib/python3.7/site-packages/airflow/example_dags/example_task_group_decorator.py
[2025-10-20T18:02:12.718+0000] {processor.py:743} INFO - Processing file /home/airflow/.local/lib/python3.7/site-packages/airflow/example_dags/example_task_group_decorator.py for tasks to queue
[2025-10-20T18:02:12.718+0000] {logging_mixin.py:137} INFO - [2025-10-20T18:02:12.718+0000] {dagbag.py:538} INFO - Filling up the DagBag from /home/airflow/.local/lib/python3.7/site-packages/airflow/example_dags/example_task_group_decorator.py
[2025-10-20T18:02:12.728+0000] {processor.py:753} INFO - DAG(s) dict_keys(['example_task_group_decorator']) retrieved from /home/airflow/.local/lib/python3.7/site-packages/airflow/example_dags/example_task_group_decorator.py
[2025-10-20T18:02:12.737+0000] {logging_mixin.py:137} INFO - [2025-10-20T18:02:12.737+0000] {dag.py:2690} INFO - Sync 1 DAGs
[2025-10-20T18:02:12.745+0000] {logging_mixin.py:137} INFO - [2025-10-20T18:02:12.745+0000] {dag.py:3441} INFO - Setting next_dagrun for example_task_group_decorator to 2025-10-19T18:02:12.745610+00:00, run_after=2025-10-20T18:02:12.745610+00:00
[2025-10-20T18:02:12.751+0000] {processor.py:175} INFO - Processing /home/airflow/.local/lib/python3.7/site-packages/airflow/example_dags/example_task_group_decorator.py took 0.035 seconds
[2025-10-20T18:02:42.866+0000] {processor.py:153} INFO - Started process (PID=503) to work on /home/airflow/.local/lib/python3.7/site-packages/airflow/example_dags/example_task_group_decorator.py
[2025-10-20T18:02:42.866+0000] {processor.py:743} INFO - Processing file /home/airflow/.local/lib/python3.7/site-packages/airflow/example_dags/example_task_group_decorator.py for tasks to queue
[2025-10-20T18:02:42.866+0000] {logging_mixin.py:137} INFO - [2025-10-20T18:02:42.866+0000] {dagbag.py:538} INFO - Filling up the DagBag from /home/airflow/.local/lib/python3.7/site-packages/airflow/example_dags/example_task_group_decorator.py
[2025-10-20T18:02:42.877+0000] {processor.py:753} INFO - DAG(s) dict_keys(['example_task_group_decorator']) retrieved from /home/airflow/.local/lib/python3.7/site-packages/airflow/example_dags/example_task_group_decorator.py
[2025-10-20T18:02:42.886+0000] {logging_mixin.py:137} INFO - [2025-10-20T18:02:42.886+0000] {dag.py:2690} INFO - Sync 1 DAGs
[2025-10-20T18:02:42.896+0000] {logging_mixin.py:137} INFO - [2025-10-20T18:02:42.896+0000] {dag.py:3441} INFO - Setting next_dagrun for example_task_group_decorator to 2025-10-19T18:02:42.896165+00:00, run_after=2025-10-20T18:02:42.896165+00:00
[2025-10-20T18:02:42.902+0000] {processor.py:175} INFO - Processing /home/airflow/.local/lib/python3.7/site-packages/airflow/example_dags/example_task_group_decorator.py took 0.038 seconds
[2025-10-20T18:03:13.226+0000] {processor.py:153} INFO - Started process (PID=595) to work on /home/airflow/.local/lib/python3.7/site-packages/airflow/example_dags/example_task_group_decorator.py
[2025-10-20T18:03:13.226+0000] {processor.py:743} INFO - Processing file /home/airflow/.local/lib/python3.7/site-packages/airflow/example_dags/example_task_group_decorator.py for tasks to queue
[2025-10-20T18:03:13.227+0000] {logging_mixin.py:137} INFO - [2025-10-20T18:03:13.227+0000] {dagbag.py:538} INFO - Filling up the DagBag from /home/airflow/.local/lib/python3.7/site-packages/airflow/example_dags/example_task_group_decorator.py
[2025-10-20T18:03:13.242+0000] {processor.py:753} INFO - DAG(s) dict_keys(['example_task_group_decorator']) retrieved from /home/airflow/.local/lib/python3.7/site-packages/airflow/example_dags/example_task_group_decorator.py
[2025-10-20T18:03:13.255+0000] {logging_mixin.py:137} INFO - [2025-10-20T18:03:13.255+0000] {dag.py:2690} INFO - Sync 1 DAGs
[2025-10-20T18:03:13.267+0000] {logging_mixin.py:137} INFO - [2025-10-20T18:03:13.267+0000] {dag.py:3441} INFO - Setting next_dagrun for example_task_group_decorator to 2025-10-19T18:03:13.267355+00:00, run_after=2025-10-20T18:03:13.267355+00:00
[2025-10-20T18:03:13.273+0000] {processor.py:175} INFO - Processing /home/airflow/.local/lib/python3.7/site-packages/airflow/example_dags/example_task_group_decorator.py took 0.050 seconds
[2025-10-20T18:03:43.455+0000] {processor.py:153} INFO - Started process (PID=670) to work on /home/airflow/.local/lib/python3.7/site-packages/airflow/example_dags/example_task_group_decorator.py
[2025-10-20T18:03:43.455+0000] {processor.py:743} INFO - Processing file /home/airflow/.local/lib/python3.7/site-packages/airflow/example_dags/example_task_group_decorator.py for tasks to queue
[2025-10-20T18:03:43.456+0000] {logging_mixin.py:137} INFO - [2025-10-20T18:03:43.456+0000] {dagbag.py:538} INFO - Filling up the DagBag from /home/airflow/.local/lib/python3.7/site-packages/airflow/example_dags/example_task_group_decorator.py
[2025-10-20T18:03:43.466+0000] {processor.py:753} INFO - DAG(s) dict_keys(['example_task_group_decorator']) retrieved from /home/airflow/.local/lib/python3.7/site-packages/airflow/example_dags/example_task_group_decorator.py
[2025-10-20T18:03:43.476+0000] {logging_mixin.py:137} INFO - [2025-10-20T18:03:43.476+0000] {dag.py:2690} INFO - Sync 1 DAGs
[2025-10-20T18:03:43.484+0000] {logging_mixin.py:137} INFO - [2025-10-20T18:03:43.484+0000] {dag.py:3441} INFO - Setting next_dagrun for example_task_group_decorator to 2025-10-19T18:03:43.484591+00:00, run_after=2025-10-20T18:03:43.484591+00:00
[2025-10-20T18:03:43.491+0000] {processor.py:175} INFO - Processing /home/airflow/.local/lib/python3.7/site-packages/airflow/example_dags/example_task_group_decorator.py took 0.037 seconds
[2025-10-20T18:04:13.689+0000] {processor.py:153} INFO - Started process (PID=763) to work on /home/airflow/.local/lib/python3.7/site-packages/airflow/example_dags/example_task_group_decorator.py
[2025-10-20T18:04:13.690+0000] {processor.py:743} INFO - Processing file /home/airflow/.local/lib/python3.7/site-packages/airflow/example_dags/example_task_group_decorator.py for tasks to queue
[2025-10-20T18:04:13.690+0000] {logging_mixin.py:137} INFO - [2025-10-20T18:04:13.690+0000] {dagbag.py:538} INFO - Filling up the DagBag from /home/airflow/.local/lib/python3.7/site-packages/airflow/example_dags/example_task_group_decorator.py
[2025-10-20T18:04:13.701+0000] {processor.py:753} INFO - DAG(s) dict_keys(['example_task_group_decorator']) retrieved from /home/airflow/.local/lib/python3.7/site-packages/airflow/example_dags/example_task_group_decorator.py
[2025-10-20T18:04:13.711+0000] {logging_mixin.py:137} INFO - [2025-10-20T18:04:13.710+0000] {dag.py:2690} INFO - Sync 1 DAGs
[2025-10-20T18:04:13.719+0000] {logging_mixin.py:137} INFO - [2025-10-20T18:04:13.719+0000] {dag.py:3441} INFO - Setting next_dagrun for example_task_group_decorator to 2025-10-19T18:04:13.719465+00:00, run_after=2025-10-20T18:04:13.719465+00:00
[2025-10-20T18:04:13.726+0000] {processor.py:175} INFO - Processing /home/airflow/.local/lib/python3.7/site-packages/airflow/example_dags/example_task_group_decorator.py took 0.038 seconds
[2025-10-20T18:04:43.931+0000] {processor.py:153} INFO - Started process (PID=856) to work on /home/airflow/.local/lib/python3.7/site-packages/airflow/example_dags/example_task_group_decorator.py
[2025-10-20T18:04:43.931+0000] {processor.py:743} INFO - Processing file /home/airflow/.local/lib/python3.7/site-packages/airflow/example_dags/example_task_group_decorator.py for tasks to queue
[2025-10-20T18:04:43.931+0000] {logging_mixin.py:137} INFO - [2025-10-20T18:04:43.931+0000] {dagbag.py:538} INFO - Filling up the DagBag from /home/airflow/.local/lib/python3.7/site-packages/airflow/example_dags/example_task_group_decorator.py
[2025-10-20T18:04:43.942+0000] {processor.py:753} INFO - DAG(s) dict_keys(['example_task_group_decorator']) retrieved from /home/airflow/.local/lib/python3.7/site-packages/airflow/example_dags/example_task_group_decorator.py
[2025-10-20T18:04:43.951+0000] {logging_mixin.py:137} INFO - [2025-10-20T18:04:43.951+0000] {dag.py:2690} INFO - Sync 1 DAGs
[2025-10-20T18:04:43.961+0000] {logging_mixin.py:137} INFO - [2025-10-20T18:04:43.960+0000] {dag.py:3441} INFO - Setting next_dagrun for example_task_group_decorator to 2025-10-19T18:04:43.960892+00:00, run_after=2025-10-20T18:04:43.960892+00:00
[2025-10-20T18:04:43.967+0000] {processor.py:175} INFO - Processing /home/airflow/.local/lib/python3.7/site-packages/airflow/example_dags/example_task_group_decorator.py took 0.037 seconds
[2025-10-20T18:05:14.166+0000] {processor.py:153} INFO - Started process (PID=949) to work on /home/airflow/.local/lib/python3.7/site-packages/airflow/example_dags/example_task_group_decorator.py
[2025-10-20T18:05:14.166+0000] {processor.py:743} INFO - Processing file /home/airflow/.local/lib/python3.7/site-packages/airflow/example_dags/example_task_group_decorator.py for tasks to queue
[2025-10-20T18:05:14.166+0000] {logging_mixin.py:137} INFO - [2025-10-20T18:05:14.166+0000] {dagbag.py:538} INFO - Filling up the DagBag from /home/airflow/.local/lib/python3.7/site-packages/airflow/example_dags/example_task_group_decorator.py
[2025-10-20T18:05:14.177+0000] {processor.py:753} INFO - DAG(s) dict_keys(['example_task_group_decorator']) retrieved from /home/airflow/.local/lib/python3.7/site-packages/airflow/example_dags/example_task_group_decorator.py
[2025-10-20T18:05:14.187+0000] {logging_mixin.py:137} INFO - [2025-10-20T18:05:14.187+0000] {dag.py:2690} INFO - Sync 1 DAGs
[2025-10-20T18:05:14.196+0000] {logging_mixin.py:137} INFO - [2025-10-20T18:05:14.196+0000] {dag.py:3441} INFO - Setting next_dagrun for example_task_group_decorator to 2025-10-19T18:05:14.196363+00:00, run_after=2025-10-20T18:05:14.196363+00:00
[2025-10-20T18:05:14.202+0000] {processor.py:175} INFO - Processing /home/airflow/.local/lib/python3.7/site-packages/airflow/example_dags/example_task_group_decorator.py took 0.038 seconds
[2025-10-20T18:05:44.694+0000] {processor.py:153} INFO - Started process (PID=1024) to work on /home/airflow/.local/lib/python3.7/site-packages/airflow/example_dags/example_task_group_decorator.py
[2025-10-20T18:05:44.694+0000] {processor.py:743} INFO - Processing file /home/airflow/.local/lib/python3.7/site-packages/airflow/example_dags/example_task_group_decorator.py for tasks to queue
[2025-10-20T18:05:44.695+0000] {logging_mixin.py:137} INFO - [2025-10-20T18:05:44.695+0000] {dagbag.py:538} INFO - Filling up the DagBag from /home/airflow/.local/lib/python3.7/site-packages/airflow/example_dags/example_task_group_decorator.py
[2025-10-20T18:05:44.706+0000] {processor.py:753} INFO - DAG(s) dict_keys(['example_task_group_decorator']) retrieved from /home/airflow/.local/lib/python3.7/site-packages/airflow/example_dags/example_task_group_decorator.py
[2025-10-20T18:05:44.717+0000] {logging_mixin.py:137} INFO - [2025-10-20T18:05:44.717+0000] {dag.py:2690} INFO - Sync 1 DAGs
[2025-10-20T18:05:44.726+0000] {logging_mixin.py:137} INFO - [2025-10-20T18:05:44.726+0000] {dag.py:3441} INFO - Setting next_dagrun for example_task_group_decorator to 2025-10-19T18:05:44.726356+00:00, run_after=2025-10-20T18:05:44.726356+00:00
[2025-10-20T18:05:44.732+0000] {processor.py:175} INFO - Processing /home/airflow/.local/lib/python3.7/site-packages/airflow/example_dags/example_task_group_decorator.py took 0.039 seconds
[2025-10-20T18:06:14.867+0000] {processor.py:153} INFO - Started process (PID=1117) to work on /home/airflow/.local/lib/python3.7/site-packages/airflow/example_dags/example_task_group_decorator.py
[2025-10-20T18:06:14.867+0000] {processor.py:743} INFO - Processing file /home/airflow/.local/lib/python3.7/site-packages/airflow/example_dags/example_task_group_decorator.py for tasks to queue
[2025-10-20T18:06:14.868+0000] {logging_mixin.py:137} INFO - [2025-10-20T18:06:14.868+0000] {dagbag.py:538} INFO - Filling up the DagBag from /home/airflow/.local/lib/python3.7/site-packages/airflow/example_dags/example_task_group_decorator.py
[2025-10-20T18:06:14.878+0000] {processor.py:753} INFO - DAG(s) dict_keys(['example_task_group_decorator']) retrieved from /home/airflow/.local/lib/python3.7/site-packages/airflow/example_dags/example_task_group_decorator.py
[2025-10-20T18:06:14.888+0000] {logging_mixin.py:137} INFO - [2025-10-20T18:06:14.888+0000] {dag.py:2690} INFO - Sync 1 DAGs
[2025-10-20T18:06:14.897+0000] {logging_mixin.py:137} INFO - [2025-10-20T18:06:14.897+0000] {dag.py:3441} INFO - Setting next_dagrun for example_task_group_decorator to 2025-10-19T18:06:14.897430+00:00, run_after=2025-10-20T18:06:14.897430+00:00
[2025-10-20T18:06:14.903+0000] {processor.py:175} INFO - Processing /home/airflow/.local/lib/python3.7/site-packages/airflow/example_dags/example_task_group_decorator.py took 0.038 seconds
[2025-10-20T18:06:45.169+0000] {processor.py:153} INFO - Started process (PID=1210) to work on /home/airflow/.local/lib/python3.7/site-packages/airflow/example_dags/example_task_group_decorator.py
[2025-10-20T18:06:45.170+0000] {processor.py:743} INFO - Processing file /home/airflow/.local/lib/python3.7/site-packages/airflow/example_dags/example_task_group_decorator.py for tasks to queue
[2025-10-20T18:06:45.170+0000] {logging_mixin.py:137} INFO - [2025-10-20T18:06:45.170+0000] {dagbag.py:538} INFO - Filling up the DagBag from /home/airflow/.local/lib/python3.7/site-packages/airflow/example_dags/example_task_group_decorator.py
[2025-10-20T18:06:45.182+0000] {processor.py:753} INFO - DAG(s) dict_keys(['example_task_group_decorator']) retrieved from /home/airflow/.local/lib/python3.7/site-packages/airflow/example_dags/example_task_group_decorator.py
[2025-10-20T18:06:45.196+0000] {logging_mixin.py:137} INFO - [2025-10-20T18:06:45.196+0000] {dag.py:2690} INFO - Sync 1 DAGs
[2025-10-20T18:06:45.208+0000] {logging_mixin.py:137} INFO - [2025-10-20T18:06:45.208+0000] {dag.py:3441} INFO - Setting next_dagrun for example_task_group_decorator to 2025-10-19T18:06:45.207948+00:00, run_after=2025-10-20T18:06:45.207948+00:00
[2025-10-20T18:06:45.215+0000] {processor.py:175} INFO - Processing /home/airflow/.local/lib/python3.7/site-packages/airflow/example_dags/example_task_group_decorator.py took 0.047 seconds
[2025-10-20T18:07:15.425+0000] {processor.py:153} INFO - Started process (PID=1303) to work on /home/airflow/.local/lib/python3.7/site-packages/airflow/example_dags/example_task_group_decorator.py
[2025-10-20T18:07:15.425+0000] {processor.py:743} INFO - Processing file /home/airflow/.local/lib/python3.7/site-packages/airflow/example_dags/example_task_group_decorator.py for tasks to queue
[2025-10-20T18:07:15.425+0000] {logging_mixin.py:137} INFO - [2025-10-20T18:07:15.425+0000] {dagbag.py:538} INFO - Filling up the DagBag from /home/airflow/.local/lib/python3.7/site-packages/airflow/example_dags/example_task_group_decorator.py
[2025-10-20T18:07:15.436+0000] {processor.py:753} INFO - DAG(s) dict_keys(['example_task_group_decorator']) retrieved from /home/airflow/.local/lib/python3.7/site-packages/airflow/example_dags/example_task_group_decorator.py
[2025-10-20T18:07:15.445+0000] {logging_mixin.py:137} INFO - [2025-10-20T18:07:15.445+0000] {dag.py:2690} INFO - Sync 1 DAGs
[2025-10-20T18:07:15.454+0000] {logging_mixin.py:137} INFO - [2025-10-20T18:07:15.454+0000] {dag.py:3441} INFO - Setting next_dagrun for example_task_group_decorator to 2025-10-19T18:07:15.454441+00:00, run_after=2025-10-20T18:07:15.454441+00:00
[2025-10-20T18:07:15.460+0000] {processor.py:175} INFO - Processing /home/airflow/.local/lib/python3.7/site-packages/airflow/example_dags/example_task_group_decorator.py took 0.037 seconds
[2025-10-20T18:07:45.590+0000] {processor.py:153} INFO - Started process (PID=1378) to work on /home/airflow/.local/lib/python3.7/site-packages/airflow/example_dags/example_task_group_decorator.py
[2025-10-20T18:07:45.590+0000] {processor.py:743} INFO - Processing file /home/airflow/.local/lib/python3.7/site-packages/airflow/example_dags/example_task_group_decorator.py for tasks to queue
[2025-10-20T18:07:45.590+0000] {logging_mixin.py:137} INFO - [2025-10-20T18:07:45.590+0000] {dagbag.py:538} INFO - Filling up the DagBag from /home/airflow/.local/lib/python3.7/site-packages/airflow/example_dags/example_task_group_decorator.py
[2025-10-20T18:07:45.600+0000] {processor.py:753} INFO - DAG(s) dict_keys(['example_task_group_decorator']) retrieved from /home/airflow/.local/lib/python3.7/site-packages/airflow/example_dags/example_task_group_decorator.py
[2025-10-20T18:07:45.609+0000] {logging_mixin.py:137} INFO - [2025-10-20T18:07:45.609+0000] {dag.py:2690} INFO - Sync 1 DAGs
[2025-10-20T18:07:45.617+0000] {logging_mixin.py:137} INFO - [2025-10-20T18:07:45.617+0000] {dag.py:3441} INFO - Setting next_dagrun for example_task_group_decorator to 2025-10-19T18:07:45.617279+00:00, run_after=2025-10-20T18:07:45.617279+00:00
[2025-10-20T18:07:45.623+0000] {processor.py:175} INFO - Processing /home/airflow/.local/lib/python3.7/site-packages/airflow/example_dags/example_task_group_decorator.py took 0.035 seconds
[2025-10-20T18:08:15.887+0000] {processor.py:153} INFO - Started process (PID=1471) to work on /home/airflow/.local/lib/python3.7/site-packages/airflow/example_dags/example_task_group_decorator.py
[2025-10-20T18:08:15.888+0000] {processor.py:743} INFO - Processing file /home/airflow/.local/lib/python3.7/site-packages/airflow/example_dags/example_task_group_decorator.py for tasks to queue
[2025-10-20T18:08:15.889+0000] {logging_mixin.py:137} INFO - [2025-10-20T18:08:15.889+0000] {dagbag.py:538} INFO - Filling up the DagBag from /home/airflow/.local/lib/python3.7/site-packages/airflow/example_dags/example_task_group_decorator.py
[2025-10-20T18:08:15.901+0000] {processor.py:753} INFO - DAG(s) dict_keys(['example_task_group_decorator']) retrieved from /home/airflow/.local/lib/python3.7/site-packages/airflow/example_dags/example_task_group_decorator.py
[2025-10-20T18:08:15.911+0000] {logging_mixin.py:137} INFO - [2025-10-20T18:08:15.911+0000] {dag.py:2690} INFO - Sync 1 DAGs
[2025-10-20T18:08:15.920+0000] {logging_mixin.py:137} INFO - [2025-10-20T18:08:15.920+0000] {dag.py:3441} INFO - Setting next_dagrun for example_task_group_decorator to 2025-10-19T18:08:15.920717+00:00, run_after=2025-10-20T18:08:15.920717+00:00
[2025-10-20T18:08:15.927+0000] {processor.py:175} INFO - Processing /home/airflow/.local/lib/python3.7/site-packages/airflow/example_dags/example_task_group_decorator.py took 0.041 seconds
[2025-10-20T18:08:46.181+0000] {processor.py:153} INFO - Started process (PID=1564) to work on /home/airflow/.local/lib/python3.7/site-packages/airflow/example_dags/example_task_group_decorator.py
[2025-10-20T18:08:46.181+0000] {processor.py:743} INFO - Processing file /home/airflow/.local/lib/python3.7/site-packages/airflow/example_dags/example_task_group_decorator.py for tasks to queue
[2025-10-20T18:08:46.181+0000] {logging_mixin.py:137} INFO - [2025-10-20T18:08:46.181+0000] {dagbag.py:538} INFO - Filling up the DagBag from /home/airflow/.local/lib/python3.7/site-packages/airflow/example_dags/example_task_group_decorator.py
[2025-10-20T18:08:46.192+0000] {processor.py:753} INFO - DAG(s) dict_keys(['example_task_group_decorator']) retrieved from /home/airflow/.local/lib/python3.7/site-packages/airflow/example_dags/example_task_group_decorator.py
[2025-10-20T18:08:46.204+0000] {logging_mixin.py:137} INFO - [2025-10-20T18:08:46.204+0000] {dag.py:2690} INFO - Sync 1 DAGs
[2025-10-20T18:08:46.213+0000] {logging_mixin.py:137} INFO - [2025-10-20T18:08:46.213+0000] {dag.py:3441} INFO - Setting next_dagrun for example_task_group_decorator to 2025-10-19T18:08:46.213721+00:00, run_after=2025-10-20T18:08:46.213721+00:00
[2025-10-20T18:08:46.220+0000] {processor.py:175} INFO - Processing /home/airflow/.local/lib/python3.7/site-packages/airflow/example_dags/example_task_group_decorator.py took 0.040 seconds
