[2025-10-20T18:00:11.789+0000] {processor.py:153} INFO - Started process (PID=72) to work on /home/airflow/.local/lib/python3.7/site-packages/airflow/example_dags/example_python_operator.py
[2025-10-20T18:00:11.789+0000] {processor.py:743} INFO - Processing file /home/airflow/.local/lib/python3.7/site-packages/airflow/example_dags/example_python_operator.py for tasks to queue
[2025-10-20T18:00:11.789+0000] {logging_mixin.py:137} INFO - [2025-10-20T18:00:11.789+0000] {dagbag.py:538} INFO - Filling up the DagBag from /home/airflow/.local/lib/python3.7/site-packages/airflow/example_dags/example_python_operator.py
[2025-10-20T18:00:11.800+0000] {logging_mixin.py:137} INFO - [2025-10-20T18:00:11.800+0000] {taskmixin.py:205} WARNING - Dependency <Task(_PythonDecoratedOperator): print_the_context>, log_sql_query already registered for DAG: example_python_operator
[2025-10-20T18:00:11.800+0000] {logging_mixin.py:137} INFO - [2025-10-20T18:00:11.800+0000] {taskmixin.py:205} WARNING - Dependency <Task(_PythonDecoratedOperator): log_sql_query>, print_the_context already registered for DAG: example_python_operator
[2025-10-20T18:00:11.801+0000] {logging_mixin.py:137} INFO - [2025-10-20T18:00:11.800+0000] {taskmixin.py:205} WARNING - Dependency <Task(_PythonDecoratedOperator): print_the_context>, log_sql_query already registered for DAG: example_python_operator
[2025-10-20T18:00:11.801+0000] {logging_mixin.py:137} INFO - [2025-10-20T18:00:11.801+0000] {taskmixin.py:205} WARNING - Dependency <Task(_PythonDecoratedOperator): log_sql_query>, print_the_context already registered for DAG: example_python_operator
[2025-10-20T18:00:11.801+0000] {logging_mixin.py:137} INFO - [2025-10-20T18:00:11.801+0000] {taskmixin.py:205} WARNING - Dependency <Task(_PythonDecoratedOperator): print_the_context>, log_sql_query already registered for DAG: example_python_operator
[2025-10-20T18:00:11.801+0000] {logging_mixin.py:137} INFO - [2025-10-20T18:00:11.801+0000] {taskmixin.py:205} WARNING - Dependency <Task(_PythonDecoratedOperator): log_sql_query>, print_the_context already registered for DAG: example_python_operator
[2025-10-20T18:00:11.801+0000] {logging_mixin.py:137} INFO - [2025-10-20T18:00:11.801+0000] {taskmixin.py:205} WARNING - Dependency <Task(_PythonDecoratedOperator): print_the_context>, log_sql_query already registered for DAG: example_python_operator
[2025-10-20T18:00:11.801+0000] {logging_mixin.py:137} INFO - [2025-10-20T18:00:11.801+0000] {taskmixin.py:205} WARNING - Dependency <Task(_PythonDecoratedOperator): log_sql_query>, print_the_context already registered for DAG: example_python_operator
[2025-10-20T18:00:11.805+0000] {processor.py:753} INFO - DAG(s) dict_keys(['example_python_operator']) retrieved from /home/airflow/.local/lib/python3.7/site-packages/airflow/example_dags/example_python_operator.py
[2025-10-20T18:00:11.812+0000] {logging_mixin.py:137} INFO - [2025-10-20T18:00:11.812+0000] {dag.py:2690} INFO - Sync 1 DAGs
[2025-10-20T18:00:11.824+0000] {logging_mixin.py:137} INFO - [2025-10-20T18:00:11.824+0000] {dag.py:3441} INFO - Setting next_dagrun for example_python_operator to None, run_after=None
[2025-10-20T18:00:11.834+0000] {processor.py:175} INFO - Processing /home/airflow/.local/lib/python3.7/site-packages/airflow/example_dags/example_python_operator.py took 0.047 seconds
[2025-10-20T18:00:42.047+0000] {processor.py:153} INFO - Started process (PID=165) to work on /home/airflow/.local/lib/python3.7/site-packages/airflow/example_dags/example_python_operator.py
[2025-10-20T18:00:42.049+0000] {processor.py:743} INFO - Processing file /home/airflow/.local/lib/python3.7/site-packages/airflow/example_dags/example_python_operator.py for tasks to queue
[2025-10-20T18:00:42.049+0000] {logging_mixin.py:137} INFO - [2025-10-20T18:00:42.049+0000] {dagbag.py:538} INFO - Filling up the DagBag from /home/airflow/.local/lib/python3.7/site-packages/airflow/example_dags/example_python_operator.py
[2025-10-20T18:00:42.056+0000] {logging_mixin.py:137} INFO - [2025-10-20T18:00:42.056+0000] {taskmixin.py:205} WARNING - Dependency <Task(_PythonDecoratedOperator): print_the_context>, log_sql_query already registered for DAG: example_python_operator
[2025-10-20T18:00:42.056+0000] {logging_mixin.py:137} INFO - [2025-10-20T18:00:42.056+0000] {taskmixin.py:205} WARNING - Dependency <Task(_PythonDecoratedOperator): log_sql_query>, print_the_context already registered for DAG: example_python_operator
[2025-10-20T18:00:42.057+0000] {logging_mixin.py:137} INFO - [2025-10-20T18:00:42.057+0000] {taskmixin.py:205} WARNING - Dependency <Task(_PythonDecoratedOperator): print_the_context>, log_sql_query already registered for DAG: example_python_operator
[2025-10-20T18:00:42.057+0000] {logging_mixin.py:137} INFO - [2025-10-20T18:00:42.057+0000] {taskmixin.py:205} WARNING - Dependency <Task(_PythonDecoratedOperator): log_sql_query>, print_the_context already registered for DAG: example_python_operator
[2025-10-20T18:00:42.057+0000] {logging_mixin.py:137} INFO - [2025-10-20T18:00:42.057+0000] {taskmixin.py:205} WARNING - Dependency <Task(_PythonDecoratedOperator): print_the_context>, log_sql_query already registered for DAG: example_python_operator
[2025-10-20T18:00:42.057+0000] {logging_mixin.py:137} INFO - [2025-10-20T18:00:42.057+0000] {taskmixin.py:205} WARNING - Dependency <Task(_PythonDecoratedOperator): log_sql_query>, print_the_context already registered for DAG: example_python_operator
[2025-10-20T18:00:42.057+0000] {logging_mixin.py:137} INFO - [2025-10-20T18:00:42.057+0000] {taskmixin.py:205} WARNING - Dependency <Task(_PythonDecoratedOperator): print_the_context>, log_sql_query already registered for DAG: example_python_operator
[2025-10-20T18:00:42.057+0000] {logging_mixin.py:137} INFO - [2025-10-20T18:00:42.057+0000] {taskmixin.py:205} WARNING - Dependency <Task(_PythonDecoratedOperator): log_sql_query>, print_the_context already registered for DAG: example_python_operator
[2025-10-20T18:00:42.060+0000] {processor.py:753} INFO - DAG(s) dict_keys(['example_python_operator']) retrieved from /home/airflow/.local/lib/python3.7/site-packages/airflow/example_dags/example_python_operator.py
[2025-10-20T18:00:42.086+0000] {logging_mixin.py:137} INFO - [2025-10-20T18:00:42.086+0000] {dag.py:2690} INFO - Sync 1 DAGs
[2025-10-20T18:00:42.096+0000] {logging_mixin.py:137} INFO - [2025-10-20T18:00:42.096+0000] {dag.py:3441} INFO - Setting next_dagrun for example_python_operator to None, run_after=None
[2025-10-20T18:00:42.104+0000] {processor.py:175} INFO - Processing /home/airflow/.local/lib/python3.7/site-packages/airflow/example_dags/example_python_operator.py took 0.059 seconds
[2025-10-20T18:01:12.629+0000] {processor.py:153} INFO - Started process (PID=258) to work on /home/airflow/.local/lib/python3.7/site-packages/airflow/example_dags/example_python_operator.py
[2025-10-20T18:01:12.630+0000] {processor.py:743} INFO - Processing file /home/airflow/.local/lib/python3.7/site-packages/airflow/example_dags/example_python_operator.py for tasks to queue
[2025-10-20T18:01:12.630+0000] {logging_mixin.py:137} INFO - [2025-10-20T18:01:12.630+0000] {dagbag.py:538} INFO - Filling up the DagBag from /home/airflow/.local/lib/python3.7/site-packages/airflow/example_dags/example_python_operator.py
[2025-10-20T18:01:12.640+0000] {logging_mixin.py:137} INFO - [2025-10-20T18:01:12.639+0000] {taskmixin.py:205} WARNING - Dependency <Task(_PythonDecoratedOperator): print_the_context>, log_sql_query already registered for DAG: example_python_operator
[2025-10-20T18:01:12.640+0000] {logging_mixin.py:137} INFO - [2025-10-20T18:01:12.640+0000] {taskmixin.py:205} WARNING - Dependency <Task(_PythonDecoratedOperator): log_sql_query>, print_the_context already registered for DAG: example_python_operator
[2025-10-20T18:01:12.640+0000] {logging_mixin.py:137} INFO - [2025-10-20T18:01:12.640+0000] {taskmixin.py:205} WARNING - Dependency <Task(_PythonDecoratedOperator): print_the_context>, log_sql_query already registered for DAG: example_python_operator
[2025-10-20T18:01:12.640+0000] {logging_mixin.py:137} INFO - [2025-10-20T18:01:12.640+0000] {taskmixin.py:205} WARNING - Dependency <Task(_PythonDecoratedOperator): log_sql_query>, print_the_context already registered for DAG: example_python_operator
[2025-10-20T18:01:12.641+0000] {logging_mixin.py:137} INFO - [2025-10-20T18:01:12.641+0000] {taskmixin.py:205} WARNING - Dependency <Task(_PythonDecoratedOperator): print_the_context>, log_sql_query already registered for DAG: example_python_operator
[2025-10-20T18:01:12.641+0000] {logging_mixin.py:137} INFO - [2025-10-20T18:01:12.641+0000] {taskmixin.py:205} WARNING - Dependency <Task(_PythonDecoratedOperator): log_sql_query>, print_the_context already registered for DAG: example_python_operator
[2025-10-20T18:01:12.643+0000] {logging_mixin.py:137} INFO - [2025-10-20T18:01:12.643+0000] {taskmixin.py:205} WARNING - Dependency <Task(_PythonDecoratedOperator): print_the_context>, log_sql_query already registered for DAG: example_python_operator
[2025-10-20T18:01:12.643+0000] {logging_mixin.py:137} INFO - [2025-10-20T18:01:12.643+0000] {taskmixin.py:205} WARNING - Dependency <Task(_PythonDecoratedOperator): log_sql_query>, print_the_context already registered for DAG: example_python_operator
[2025-10-20T18:01:12.647+0000] {processor.py:753} INFO - DAG(s) dict_keys(['example_python_operator']) retrieved from /home/airflow/.local/lib/python3.7/site-packages/airflow/example_dags/example_python_operator.py
[2025-10-20T18:01:12.661+0000] {logging_mixin.py:137} INFO - [2025-10-20T18:01:12.661+0000] {dag.py:2690} INFO - Sync 1 DAGs
[2025-10-20T18:01:12.675+0000] {logging_mixin.py:137} INFO - [2025-10-20T18:01:12.675+0000] {dag.py:3441} INFO - Setting next_dagrun for example_python_operator to None, run_after=None
[2025-10-20T18:01:12.684+0000] {processor.py:175} INFO - Processing /home/airflow/.local/lib/python3.7/site-packages/airflow/example_dags/example_python_operator.py took 0.057 seconds
[2025-10-20T18:01:42.869+0000] {processor.py:153} INFO - Started process (PID=333) to work on /home/airflow/.local/lib/python3.7/site-packages/airflow/example_dags/example_python_operator.py
[2025-10-20T18:01:42.869+0000] {processor.py:743} INFO - Processing file /home/airflow/.local/lib/python3.7/site-packages/airflow/example_dags/example_python_operator.py for tasks to queue
[2025-10-20T18:01:42.870+0000] {logging_mixin.py:137} INFO - [2025-10-20T18:01:42.869+0000] {dagbag.py:538} INFO - Filling up the DagBag from /home/airflow/.local/lib/python3.7/site-packages/airflow/example_dags/example_python_operator.py
[2025-10-20T18:01:42.876+0000] {logging_mixin.py:137} INFO - [2025-10-20T18:01:42.876+0000] {taskmixin.py:205} WARNING - Dependency <Task(_PythonDecoratedOperator): print_the_context>, log_sql_query already registered for DAG: example_python_operator
[2025-10-20T18:01:42.877+0000] {logging_mixin.py:137} INFO - [2025-10-20T18:01:42.877+0000] {taskmixin.py:205} WARNING - Dependency <Task(_PythonDecoratedOperator): log_sql_query>, print_the_context already registered for DAG: example_python_operator
[2025-10-20T18:01:42.877+0000] {logging_mixin.py:137} INFO - [2025-10-20T18:01:42.877+0000] {taskmixin.py:205} WARNING - Dependency <Task(_PythonDecoratedOperator): print_the_context>, log_sql_query already registered for DAG: example_python_operator
[2025-10-20T18:01:42.877+0000] {logging_mixin.py:137} INFO - [2025-10-20T18:01:42.877+0000] {taskmixin.py:205} WARNING - Dependency <Task(_PythonDecoratedOperator): log_sql_query>, print_the_context already registered for DAG: example_python_operator
[2025-10-20T18:01:42.877+0000] {logging_mixin.py:137} INFO - [2025-10-20T18:01:42.877+0000] {taskmixin.py:205} WARNING - Dependency <Task(_PythonDecoratedOperator): print_the_context>, log_sql_query already registered for DAG: example_python_operator
[2025-10-20T18:01:42.877+0000] {logging_mixin.py:137} INFO - [2025-10-20T18:01:42.877+0000] {taskmixin.py:205} WARNING - Dependency <Task(_PythonDecoratedOperator): log_sql_query>, print_the_context already registered for DAG: example_python_operator
[2025-10-20T18:01:42.877+0000] {logging_mixin.py:137} INFO - [2025-10-20T18:01:42.877+0000] {taskmixin.py:205} WARNING - Dependency <Task(_PythonDecoratedOperator): print_the_context>, log_sql_query already registered for DAG: example_python_operator
[2025-10-20T18:01:42.877+0000] {logging_mixin.py:137} INFO - [2025-10-20T18:01:42.877+0000] {taskmixin.py:205} WARNING - Dependency <Task(_PythonDecoratedOperator): log_sql_query>, print_the_context already registered for DAG: example_python_operator
[2025-10-20T18:01:42.880+0000] {processor.py:753} INFO - DAG(s) dict_keys(['example_python_operator']) retrieved from /home/airflow/.local/lib/python3.7/site-packages/airflow/example_dags/example_python_operator.py
[2025-10-20T18:01:42.890+0000] {logging_mixin.py:137} INFO - [2025-10-20T18:01:42.890+0000] {dag.py:2690} INFO - Sync 1 DAGs
[2025-10-20T18:01:42.900+0000] {logging_mixin.py:137} INFO - [2025-10-20T18:01:42.900+0000] {dag.py:3441} INFO - Setting next_dagrun for example_python_operator to None, run_after=None
[2025-10-20T18:01:42.906+0000] {processor.py:175} INFO - Processing /home/airflow/.local/lib/python3.7/site-packages/airflow/example_dags/example_python_operator.py took 0.039 seconds
[2025-10-20T18:02:13.096+0000] {processor.py:153} INFO - Started process (PID=426) to work on /home/airflow/.local/lib/python3.7/site-packages/airflow/example_dags/example_python_operator.py
[2025-10-20T18:02:13.096+0000] {processor.py:743} INFO - Processing file /home/airflow/.local/lib/python3.7/site-packages/airflow/example_dags/example_python_operator.py for tasks to queue
[2025-10-20T18:02:13.097+0000] {logging_mixin.py:137} INFO - [2025-10-20T18:02:13.097+0000] {dagbag.py:538} INFO - Filling up the DagBag from /home/airflow/.local/lib/python3.7/site-packages/airflow/example_dags/example_python_operator.py
[2025-10-20T18:02:13.104+0000] {logging_mixin.py:137} INFO - [2025-10-20T18:02:13.104+0000] {taskmixin.py:205} WARNING - Dependency <Task(_PythonDecoratedOperator): print_the_context>, log_sql_query already registered for DAG: example_python_operator
[2025-10-20T18:02:13.104+0000] {logging_mixin.py:137} INFO - [2025-10-20T18:02:13.104+0000] {taskmixin.py:205} WARNING - Dependency <Task(_PythonDecoratedOperator): log_sql_query>, print_the_context already registered for DAG: example_python_operator
[2025-10-20T18:02:13.104+0000] {logging_mixin.py:137} INFO - [2025-10-20T18:02:13.104+0000] {taskmixin.py:205} WARNING - Dependency <Task(_PythonDecoratedOperator): print_the_context>, log_sql_query already registered for DAG: example_python_operator
[2025-10-20T18:02:13.105+0000] {logging_mixin.py:137} INFO - [2025-10-20T18:02:13.104+0000] {taskmixin.py:205} WARNING - Dependency <Task(_PythonDecoratedOperator): log_sql_query>, print_the_context already registered for DAG: example_python_operator
[2025-10-20T18:02:13.105+0000] {logging_mixin.py:137} INFO - [2025-10-20T18:02:13.105+0000] {taskmixin.py:205} WARNING - Dependency <Task(_PythonDecoratedOperator): print_the_context>, log_sql_query already registered for DAG: example_python_operator
[2025-10-20T18:02:13.105+0000] {logging_mixin.py:137} INFO - [2025-10-20T18:02:13.105+0000] {taskmixin.py:205} WARNING - Dependency <Task(_PythonDecoratedOperator): log_sql_query>, print_the_context already registered for DAG: example_python_operator
[2025-10-20T18:02:13.105+0000] {logging_mixin.py:137} INFO - [2025-10-20T18:02:13.105+0000] {taskmixin.py:205} WARNING - Dependency <Task(_PythonDecoratedOperator): print_the_context>, log_sql_query already registered for DAG: example_python_operator
[2025-10-20T18:02:13.105+0000] {logging_mixin.py:137} INFO - [2025-10-20T18:02:13.105+0000] {taskmixin.py:205} WARNING - Dependency <Task(_PythonDecoratedOperator): log_sql_query>, print_the_context already registered for DAG: example_python_operator
[2025-10-20T18:02:13.108+0000] {processor.py:753} INFO - DAG(s) dict_keys(['example_python_operator']) retrieved from /home/airflow/.local/lib/python3.7/site-packages/airflow/example_dags/example_python_operator.py
[2025-10-20T18:02:13.117+0000] {logging_mixin.py:137} INFO - [2025-10-20T18:02:13.117+0000] {dag.py:2690} INFO - Sync 1 DAGs
[2025-10-20T18:02:13.126+0000] {logging_mixin.py:137} INFO - [2025-10-20T18:02:13.126+0000] {dag.py:3441} INFO - Setting next_dagrun for example_python_operator to None, run_after=None
[2025-10-20T18:02:13.133+0000] {processor.py:175} INFO - Processing /home/airflow/.local/lib/python3.7/site-packages/airflow/example_dags/example_python_operator.py took 0.039 seconds
[2025-10-20T18:02:43.275+0000] {processor.py:153} INFO - Started process (PID=519) to work on /home/airflow/.local/lib/python3.7/site-packages/airflow/example_dags/example_python_operator.py
[2025-10-20T18:02:43.275+0000] {processor.py:743} INFO - Processing file /home/airflow/.local/lib/python3.7/site-packages/airflow/example_dags/example_python_operator.py for tasks to queue
[2025-10-20T18:02:43.275+0000] {logging_mixin.py:137} INFO - [2025-10-20T18:02:43.275+0000] {dagbag.py:538} INFO - Filling up the DagBag from /home/airflow/.local/lib/python3.7/site-packages/airflow/example_dags/example_python_operator.py
[2025-10-20T18:02:43.281+0000] {logging_mixin.py:137} INFO - [2025-10-20T18:02:43.281+0000] {taskmixin.py:205} WARNING - Dependency <Task(_PythonDecoratedOperator): print_the_context>, log_sql_query already registered for DAG: example_python_operator
[2025-10-20T18:02:43.281+0000] {logging_mixin.py:137} INFO - [2025-10-20T18:02:43.281+0000] {taskmixin.py:205} WARNING - Dependency <Task(_PythonDecoratedOperator): log_sql_query>, print_the_context already registered for DAG: example_python_operator
[2025-10-20T18:02:43.282+0000] {logging_mixin.py:137} INFO - [2025-10-20T18:02:43.282+0000] {taskmixin.py:205} WARNING - Dependency <Task(_PythonDecoratedOperator): print_the_context>, log_sql_query already registered for DAG: example_python_operator
[2025-10-20T18:02:43.282+0000] {logging_mixin.py:137} INFO - [2025-10-20T18:02:43.282+0000] {taskmixin.py:205} WARNING - Dependency <Task(_PythonDecoratedOperator): log_sql_query>, print_the_context already registered for DAG: example_python_operator
[2025-10-20T18:02:43.282+0000] {logging_mixin.py:137} INFO - [2025-10-20T18:02:43.282+0000] {taskmixin.py:205} WARNING - Dependency <Task(_PythonDecoratedOperator): print_the_context>, log_sql_query already registered for DAG: example_python_operator
[2025-10-20T18:02:43.282+0000] {logging_mixin.py:137} INFO - [2025-10-20T18:02:43.282+0000] {taskmixin.py:205} WARNING - Dependency <Task(_PythonDecoratedOperator): log_sql_query>, print_the_context already registered for DAG: example_python_operator
[2025-10-20T18:02:43.282+0000] {logging_mixin.py:137} INFO - [2025-10-20T18:02:43.282+0000] {taskmixin.py:205} WARNING - Dependency <Task(_PythonDecoratedOperator): print_the_context>, log_sql_query already registered for DAG: example_python_operator
[2025-10-20T18:02:43.282+0000] {logging_mixin.py:137} INFO - [2025-10-20T18:02:43.282+0000] {taskmixin.py:205} WARNING - Dependency <Task(_PythonDecoratedOperator): log_sql_query>, print_the_context already registered for DAG: example_python_operator
[2025-10-20T18:02:43.284+0000] {processor.py:753} INFO - DAG(s) dict_keys(['example_python_operator']) retrieved from /home/airflow/.local/lib/python3.7/site-packages/airflow/example_dags/example_python_operator.py
[2025-10-20T18:02:43.293+0000] {logging_mixin.py:137} INFO - [2025-10-20T18:02:43.293+0000] {dag.py:2690} INFO - Sync 1 DAGs
[2025-10-20T18:02:43.302+0000] {logging_mixin.py:137} INFO - [2025-10-20T18:02:43.302+0000] {dag.py:3441} INFO - Setting next_dagrun for example_python_operator to None, run_after=None
[2025-10-20T18:02:43.308+0000] {processor.py:175} INFO - Processing /home/airflow/.local/lib/python3.7/site-packages/airflow/example_dags/example_python_operator.py took 0.034 seconds
[2025-10-20T18:03:13.590+0000] {processor.py:153} INFO - Started process (PID=611) to work on /home/airflow/.local/lib/python3.7/site-packages/airflow/example_dags/example_python_operator.py
[2025-10-20T18:03:13.590+0000] {processor.py:743} INFO - Processing file /home/airflow/.local/lib/python3.7/site-packages/airflow/example_dags/example_python_operator.py for tasks to queue
[2025-10-20T18:03:13.591+0000] {logging_mixin.py:137} INFO - [2025-10-20T18:03:13.591+0000] {dagbag.py:538} INFO - Filling up the DagBag from /home/airflow/.local/lib/python3.7/site-packages/airflow/example_dags/example_python_operator.py
[2025-10-20T18:03:13.598+0000] {logging_mixin.py:137} INFO - [2025-10-20T18:03:13.598+0000] {taskmixin.py:205} WARNING - Dependency <Task(_PythonDecoratedOperator): print_the_context>, log_sql_query already registered for DAG: example_python_operator
[2025-10-20T18:03:13.598+0000] {logging_mixin.py:137} INFO - [2025-10-20T18:03:13.598+0000] {taskmixin.py:205} WARNING - Dependency <Task(_PythonDecoratedOperator): log_sql_query>, print_the_context already registered for DAG: example_python_operator
[2025-10-20T18:03:13.600+0000] {logging_mixin.py:137} INFO - [2025-10-20T18:03:13.600+0000] {taskmixin.py:205} WARNING - Dependency <Task(_PythonDecoratedOperator): print_the_context>, log_sql_query already registered for DAG: example_python_operator
[2025-10-20T18:03:13.600+0000] {logging_mixin.py:137} INFO - [2025-10-20T18:03:13.600+0000] {taskmixin.py:205} WARNING - Dependency <Task(_PythonDecoratedOperator): log_sql_query>, print_the_context already registered for DAG: example_python_operator
[2025-10-20T18:03:13.601+0000] {logging_mixin.py:137} INFO - [2025-10-20T18:03:13.601+0000] {taskmixin.py:205} WARNING - Dependency <Task(_PythonDecoratedOperator): print_the_context>, log_sql_query already registered for DAG: example_python_operator
[2025-10-20T18:03:13.601+0000] {logging_mixin.py:137} INFO - [2025-10-20T18:03:13.601+0000] {taskmixin.py:205} WARNING - Dependency <Task(_PythonDecoratedOperator): log_sql_query>, print_the_context already registered for DAG: example_python_operator
[2025-10-20T18:03:13.601+0000] {logging_mixin.py:137} INFO - [2025-10-20T18:03:13.601+0000] {taskmixin.py:205} WARNING - Dependency <Task(_PythonDecoratedOperator): print_the_context>, log_sql_query already registered for DAG: example_python_operator
[2025-10-20T18:03:13.601+0000] {logging_mixin.py:137} INFO - [2025-10-20T18:03:13.601+0000] {taskmixin.py:205} WARNING - Dependency <Task(_PythonDecoratedOperator): log_sql_query>, print_the_context already registered for DAG: example_python_operator
[2025-10-20T18:03:13.603+0000] {processor.py:753} INFO - DAG(s) dict_keys(['example_python_operator']) retrieved from /home/airflow/.local/lib/python3.7/site-packages/airflow/example_dags/example_python_operator.py
[2025-10-20T18:03:13.614+0000] {logging_mixin.py:137} INFO - [2025-10-20T18:03:13.614+0000] {dag.py:2690} INFO - Sync 1 DAGs
[2025-10-20T18:03:13.622+0000] {logging_mixin.py:137} INFO - [2025-10-20T18:03:13.622+0000] {dag.py:3441} INFO - Setting next_dagrun for example_python_operator to None, run_after=None
[2025-10-20T18:03:13.628+0000] {processor.py:175} INFO - Processing /home/airflow/.local/lib/python3.7/site-packages/airflow/example_dags/example_python_operator.py took 0.039 seconds
[2025-10-20T18:03:43.801+0000] {processor.py:153} INFO - Started process (PID=686) to work on /home/airflow/.local/lib/python3.7/site-packages/airflow/example_dags/example_python_operator.py
[2025-10-20T18:03:43.802+0000] {processor.py:743} INFO - Processing file /home/airflow/.local/lib/python3.7/site-packages/airflow/example_dags/example_python_operator.py for tasks to queue
[2025-10-20T18:03:43.803+0000] {logging_mixin.py:137} INFO - [2025-10-20T18:03:43.803+0000] {dagbag.py:538} INFO - Filling up the DagBag from /home/airflow/.local/lib/python3.7/site-packages/airflow/example_dags/example_python_operator.py
[2025-10-20T18:03:43.811+0000] {logging_mixin.py:137} INFO - [2025-10-20T18:03:43.811+0000] {taskmixin.py:205} WARNING - Dependency <Task(_PythonDecoratedOperator): print_the_context>, log_sql_query already registered for DAG: example_python_operator
[2025-10-20T18:03:43.811+0000] {logging_mixin.py:137} INFO - [2025-10-20T18:03:43.811+0000] {taskmixin.py:205} WARNING - Dependency <Task(_PythonDecoratedOperator): log_sql_query>, print_the_context already registered for DAG: example_python_operator
[2025-10-20T18:03:43.812+0000] {logging_mixin.py:137} INFO - [2025-10-20T18:03:43.812+0000] {taskmixin.py:205} WARNING - Dependency <Task(_PythonDecoratedOperator): print_the_context>, log_sql_query already registered for DAG: example_python_operator
[2025-10-20T18:03:43.812+0000] {logging_mixin.py:137} INFO - [2025-10-20T18:03:43.812+0000] {taskmixin.py:205} WARNING - Dependency <Task(_PythonDecoratedOperator): log_sql_query>, print_the_context already registered for DAG: example_python_operator
[2025-10-20T18:03:43.812+0000] {logging_mixin.py:137} INFO - [2025-10-20T18:03:43.812+0000] {taskmixin.py:205} WARNING - Dependency <Task(_PythonDecoratedOperator): print_the_context>, log_sql_query already registered for DAG: example_python_operator
[2025-10-20T18:03:43.812+0000] {logging_mixin.py:137} INFO - [2025-10-20T18:03:43.812+0000] {taskmixin.py:205} WARNING - Dependency <Task(_PythonDecoratedOperator): log_sql_query>, print_the_context already registered for DAG: example_python_operator
[2025-10-20T18:03:43.812+0000] {logging_mixin.py:137} INFO - [2025-10-20T18:03:43.812+0000] {taskmixin.py:205} WARNING - Dependency <Task(_PythonDecoratedOperator): print_the_context>, log_sql_query already registered for DAG: example_python_operator
[2025-10-20T18:03:43.812+0000] {logging_mixin.py:137} INFO - [2025-10-20T18:03:43.812+0000] {taskmixin.py:205} WARNING - Dependency <Task(_PythonDecoratedOperator): log_sql_query>, print_the_context already registered for DAG: example_python_operator
[2025-10-20T18:03:43.815+0000] {processor.py:753} INFO - DAG(s) dict_keys(['example_python_operator']) retrieved from /home/airflow/.local/lib/python3.7/site-packages/airflow/example_dags/example_python_operator.py
[2025-10-20T18:03:43.824+0000] {logging_mixin.py:137} INFO - [2025-10-20T18:03:43.824+0000] {dag.py:2690} INFO - Sync 1 DAGs
[2025-10-20T18:03:43.833+0000] {logging_mixin.py:137} INFO - [2025-10-20T18:03:43.833+0000] {dag.py:3441} INFO - Setting next_dagrun for example_python_operator to None, run_after=None
[2025-10-20T18:03:43.839+0000] {processor.py:175} INFO - Processing /home/airflow/.local/lib/python3.7/site-packages/airflow/example_dags/example_python_operator.py took 0.039 seconds
[2025-10-20T18:04:14.048+0000] {processor.py:153} INFO - Started process (PID=779) to work on /home/airflow/.local/lib/python3.7/site-packages/airflow/example_dags/example_python_operator.py
[2025-10-20T18:04:14.048+0000] {processor.py:743} INFO - Processing file /home/airflow/.local/lib/python3.7/site-packages/airflow/example_dags/example_python_operator.py for tasks to queue
[2025-10-20T18:04:14.048+0000] {logging_mixin.py:137} INFO - [2025-10-20T18:04:14.048+0000] {dagbag.py:538} INFO - Filling up the DagBag from /home/airflow/.local/lib/python3.7/site-packages/airflow/example_dags/example_python_operator.py
[2025-10-20T18:04:14.055+0000] {logging_mixin.py:137} INFO - [2025-10-20T18:04:14.055+0000] {taskmixin.py:205} WARNING - Dependency <Task(_PythonDecoratedOperator): print_the_context>, log_sql_query already registered for DAG: example_python_operator
[2025-10-20T18:04:14.055+0000] {logging_mixin.py:137} INFO - [2025-10-20T18:04:14.055+0000] {taskmixin.py:205} WARNING - Dependency <Task(_PythonDecoratedOperator): log_sql_query>, print_the_context already registered for DAG: example_python_operator
[2025-10-20T18:04:14.055+0000] {logging_mixin.py:137} INFO - [2025-10-20T18:04:14.055+0000] {taskmixin.py:205} WARNING - Dependency <Task(_PythonDecoratedOperator): print_the_context>, log_sql_query already registered for DAG: example_python_operator
[2025-10-20T18:04:14.055+0000] {logging_mixin.py:137} INFO - [2025-10-20T18:04:14.055+0000] {taskmixin.py:205} WARNING - Dependency <Task(_PythonDecoratedOperator): log_sql_query>, print_the_context already registered for DAG: example_python_operator
[2025-10-20T18:04:14.056+0000] {logging_mixin.py:137} INFO - [2025-10-20T18:04:14.056+0000] {taskmixin.py:205} WARNING - Dependency <Task(_PythonDecoratedOperator): print_the_context>, log_sql_query already registered for DAG: example_python_operator
[2025-10-20T18:04:14.056+0000] {logging_mixin.py:137} INFO - [2025-10-20T18:04:14.056+0000] {taskmixin.py:205} WARNING - Dependency <Task(_PythonDecoratedOperator): log_sql_query>, print_the_context already registered for DAG: example_python_operator
[2025-10-20T18:04:14.056+0000] {logging_mixin.py:137} INFO - [2025-10-20T18:04:14.056+0000] {taskmixin.py:205} WARNING - Dependency <Task(_PythonDecoratedOperator): print_the_context>, log_sql_query already registered for DAG: example_python_operator
[2025-10-20T18:04:14.056+0000] {logging_mixin.py:137} INFO - [2025-10-20T18:04:14.056+0000] {taskmixin.py:205} WARNING - Dependency <Task(_PythonDecoratedOperator): log_sql_query>, print_the_context already registered for DAG: example_python_operator
[2025-10-20T18:04:14.059+0000] {processor.py:753} INFO - DAG(s) dict_keys(['example_python_operator']) retrieved from /home/airflow/.local/lib/python3.7/site-packages/airflow/example_dags/example_python_operator.py
[2025-10-20T18:04:14.068+0000] {logging_mixin.py:137} INFO - [2025-10-20T18:04:14.068+0000] {dag.py:2690} INFO - Sync 1 DAGs
[2025-10-20T18:04:14.077+0000] {logging_mixin.py:137} INFO - [2025-10-20T18:04:14.077+0000] {dag.py:3441} INFO - Setting next_dagrun for example_python_operator to None, run_after=None
[2025-10-20T18:04:14.084+0000] {processor.py:175} INFO - Processing /home/airflow/.local/lib/python3.7/site-packages/airflow/example_dags/example_python_operator.py took 0.038 seconds
[2025-10-20T18:04:44.309+0000] {processor.py:153} INFO - Started process (PID=872) to work on /home/airflow/.local/lib/python3.7/site-packages/airflow/example_dags/example_python_operator.py
[2025-10-20T18:04:44.309+0000] {processor.py:743} INFO - Processing file /home/airflow/.local/lib/python3.7/site-packages/airflow/example_dags/example_python_operator.py for tasks to queue
[2025-10-20T18:04:44.309+0000] {logging_mixin.py:137} INFO - [2025-10-20T18:04:44.309+0000] {dagbag.py:538} INFO - Filling up the DagBag from /home/airflow/.local/lib/python3.7/site-packages/airflow/example_dags/example_python_operator.py
[2025-10-20T18:04:44.316+0000] {logging_mixin.py:137} INFO - [2025-10-20T18:04:44.316+0000] {taskmixin.py:205} WARNING - Dependency <Task(_PythonDecoratedOperator): print_the_context>, log_sql_query already registered for DAG: example_python_operator
[2025-10-20T18:04:44.316+0000] {logging_mixin.py:137} INFO - [2025-10-20T18:04:44.316+0000] {taskmixin.py:205} WARNING - Dependency <Task(_PythonDecoratedOperator): log_sql_query>, print_the_context already registered for DAG: example_python_operator
[2025-10-20T18:04:44.317+0000] {logging_mixin.py:137} INFO - [2025-10-20T18:04:44.317+0000] {taskmixin.py:205} WARNING - Dependency <Task(_PythonDecoratedOperator): print_the_context>, log_sql_query already registered for DAG: example_python_operator
[2025-10-20T18:04:44.317+0000] {logging_mixin.py:137} INFO - [2025-10-20T18:04:44.317+0000] {taskmixin.py:205} WARNING - Dependency <Task(_PythonDecoratedOperator): log_sql_query>, print_the_context already registered for DAG: example_python_operator
[2025-10-20T18:04:44.317+0000] {logging_mixin.py:137} INFO - [2025-10-20T18:04:44.317+0000] {taskmixin.py:205} WARNING - Dependency <Task(_PythonDecoratedOperator): print_the_context>, log_sql_query already registered for DAG: example_python_operator
[2025-10-20T18:04:44.317+0000] {logging_mixin.py:137} INFO - [2025-10-20T18:04:44.317+0000] {taskmixin.py:205} WARNING - Dependency <Task(_PythonDecoratedOperator): log_sql_query>, print_the_context already registered for DAG: example_python_operator
[2025-10-20T18:04:44.317+0000] {logging_mixin.py:137} INFO - [2025-10-20T18:04:44.317+0000] {taskmixin.py:205} WARNING - Dependency <Task(_PythonDecoratedOperator): print_the_context>, log_sql_query already registered for DAG: example_python_operator
[2025-10-20T18:04:44.317+0000] {logging_mixin.py:137} INFO - [2025-10-20T18:04:44.317+0000] {taskmixin.py:205} WARNING - Dependency <Task(_PythonDecoratedOperator): log_sql_query>, print_the_context already registered for DAG: example_python_operator
[2025-10-20T18:04:44.320+0000] {processor.py:753} INFO - DAG(s) dict_keys(['example_python_operator']) retrieved from /home/airflow/.local/lib/python3.7/site-packages/airflow/example_dags/example_python_operator.py
[2025-10-20T18:04:44.329+0000] {logging_mixin.py:137} INFO - [2025-10-20T18:04:44.329+0000] {dag.py:2690} INFO - Sync 1 DAGs
[2025-10-20T18:04:44.339+0000] {logging_mixin.py:137} INFO - [2025-10-20T18:04:44.339+0000] {dag.py:3441} INFO - Setting next_dagrun for example_python_operator to None, run_after=None
[2025-10-20T18:04:44.345+0000] {processor.py:175} INFO - Processing /home/airflow/.local/lib/python3.7/site-packages/airflow/example_dags/example_python_operator.py took 0.037 seconds
[2025-10-20T18:05:14.527+0000] {processor.py:153} INFO - Started process (PID=965) to work on /home/airflow/.local/lib/python3.7/site-packages/airflow/example_dags/example_python_operator.py
[2025-10-20T18:05:14.527+0000] {processor.py:743} INFO - Processing file /home/airflow/.local/lib/python3.7/site-packages/airflow/example_dags/example_python_operator.py for tasks to queue
[2025-10-20T18:05:14.528+0000] {logging_mixin.py:137} INFO - [2025-10-20T18:05:14.528+0000] {dagbag.py:538} INFO - Filling up the DagBag from /home/airflow/.local/lib/python3.7/site-packages/airflow/example_dags/example_python_operator.py
[2025-10-20T18:05:14.535+0000] {logging_mixin.py:137} INFO - [2025-10-20T18:05:14.535+0000] {taskmixin.py:205} WARNING - Dependency <Task(_PythonDecoratedOperator): print_the_context>, log_sql_query already registered for DAG: example_python_operator
[2025-10-20T18:05:14.536+0000] {logging_mixin.py:137} INFO - [2025-10-20T18:05:14.536+0000] {taskmixin.py:205} WARNING - Dependency <Task(_PythonDecoratedOperator): log_sql_query>, print_the_context already registered for DAG: example_python_operator
[2025-10-20T18:05:14.537+0000] {logging_mixin.py:137} INFO - [2025-10-20T18:05:14.537+0000] {taskmixin.py:205} WARNING - Dependency <Task(_PythonDecoratedOperator): print_the_context>, log_sql_query already registered for DAG: example_python_operator
[2025-10-20T18:05:14.537+0000] {logging_mixin.py:137} INFO - [2025-10-20T18:05:14.537+0000] {taskmixin.py:205} WARNING - Dependency <Task(_PythonDecoratedOperator): log_sql_query>, print_the_context already registered for DAG: example_python_operator
[2025-10-20T18:05:14.537+0000] {logging_mixin.py:137} INFO - [2025-10-20T18:05:14.537+0000] {taskmixin.py:205} WARNING - Dependency <Task(_PythonDecoratedOperator): print_the_context>, log_sql_query already registered for DAG: example_python_operator
[2025-10-20T18:05:14.537+0000] {logging_mixin.py:137} INFO - [2025-10-20T18:05:14.537+0000] {taskmixin.py:205} WARNING - Dependency <Task(_PythonDecoratedOperator): log_sql_query>, print_the_context already registered for DAG: example_python_operator
[2025-10-20T18:05:14.537+0000] {logging_mixin.py:137} INFO - [2025-10-20T18:05:14.537+0000] {taskmixin.py:205} WARNING - Dependency <Task(_PythonDecoratedOperator): print_the_context>, log_sql_query already registered for DAG: example_python_operator
[2025-10-20T18:05:14.538+0000] {logging_mixin.py:137} INFO - [2025-10-20T18:05:14.538+0000] {taskmixin.py:205} WARNING - Dependency <Task(_PythonDecoratedOperator): log_sql_query>, print_the_context already registered for DAG: example_python_operator
[2025-10-20T18:05:14.540+0000] {processor.py:753} INFO - DAG(s) dict_keys(['example_python_operator']) retrieved from /home/airflow/.local/lib/python3.7/site-packages/airflow/example_dags/example_python_operator.py
[2025-10-20T18:05:14.550+0000] {logging_mixin.py:137} INFO - [2025-10-20T18:05:14.550+0000] {dag.py:2690} INFO - Sync 1 DAGs
[2025-10-20T18:05:14.559+0000] {logging_mixin.py:137} INFO - [2025-10-20T18:05:14.559+0000] {dag.py:3441} INFO - Setting next_dagrun for example_python_operator to None, run_after=None
[2025-10-20T18:05:14.565+0000] {processor.py:175} INFO - Processing /home/airflow/.local/lib/python3.7/site-packages/airflow/example_dags/example_python_operator.py took 0.040 seconds
[2025-10-20T18:05:45.619+0000] {processor.py:153} INFO - Started process (PID=1049) to work on /home/airflow/.local/lib/python3.7/site-packages/airflow/example_dags/example_python_operator.py
[2025-10-20T18:05:45.622+0000] {processor.py:743} INFO - Processing file /home/airflow/.local/lib/python3.7/site-packages/airflow/example_dags/example_python_operator.py for tasks to queue
[2025-10-20T18:05:45.623+0000] {logging_mixin.py:137} INFO - [2025-10-20T18:05:45.623+0000] {dagbag.py:538} INFO - Filling up the DagBag from /home/airflow/.local/lib/python3.7/site-packages/airflow/example_dags/example_python_operator.py
[2025-10-20T18:05:45.641+0000] {logging_mixin.py:137} INFO - [2025-10-20T18:05:45.641+0000] {taskmixin.py:205} WARNING - Dependency <Task(_PythonDecoratedOperator): print_the_context>, log_sql_query already registered for DAG: example_python_operator
[2025-10-20T18:05:45.641+0000] {logging_mixin.py:137} INFO - [2025-10-20T18:05:45.641+0000] {taskmixin.py:205} WARNING - Dependency <Task(_PythonDecoratedOperator): log_sql_query>, print_the_context already registered for DAG: example_python_operator
[2025-10-20T18:05:45.642+0000] {logging_mixin.py:137} INFO - [2025-10-20T18:05:45.642+0000] {taskmixin.py:205} WARNING - Dependency <Task(_PythonDecoratedOperator): print_the_context>, log_sql_query already registered for DAG: example_python_operator
[2025-10-20T18:05:45.642+0000] {logging_mixin.py:137} INFO - [2025-10-20T18:05:45.642+0000] {taskmixin.py:205} WARNING - Dependency <Task(_PythonDecoratedOperator): log_sql_query>, print_the_context already registered for DAG: example_python_operator
[2025-10-20T18:05:45.644+0000] {logging_mixin.py:137} INFO - [2025-10-20T18:05:45.644+0000] {taskmixin.py:205} WARNING - Dependency <Task(_PythonDecoratedOperator): print_the_context>, log_sql_query already registered for DAG: example_python_operator
[2025-10-20T18:05:45.644+0000] {logging_mixin.py:137} INFO - [2025-10-20T18:05:45.644+0000] {taskmixin.py:205} WARNING - Dependency <Task(_PythonDecoratedOperator): log_sql_query>, print_the_context already registered for DAG: example_python_operator
[2025-10-20T18:05:45.646+0000] {logging_mixin.py:137} INFO - [2025-10-20T18:05:45.646+0000] {taskmixin.py:205} WARNING - Dependency <Task(_PythonDecoratedOperator): print_the_context>, log_sql_query already registered for DAG: example_python_operator
[2025-10-20T18:05:45.648+0000] {logging_mixin.py:137} INFO - [2025-10-20T18:05:45.648+0000] {taskmixin.py:205} WARNING - Dependency <Task(_PythonDecoratedOperator): log_sql_query>, print_the_context already registered for DAG: example_python_operator
[2025-10-20T18:05:45.657+0000] {processor.py:753} INFO - DAG(s) dict_keys(['example_python_operator']) retrieved from /home/airflow/.local/lib/python3.7/site-packages/airflow/example_dags/example_python_operator.py
[2025-10-20T18:05:45.697+0000] {logging_mixin.py:137} INFO - [2025-10-20T18:05:45.696+0000] {dag.py:2690} INFO - Sync 1 DAGs
[2025-10-20T18:05:45.743+0000] {logging_mixin.py:137} INFO - [2025-10-20T18:05:45.742+0000] {dag.py:3441} INFO - Setting next_dagrun for example_python_operator to None, run_after=None
[2025-10-20T18:05:45.792+0000] {processor.py:175} INFO - Processing /home/airflow/.local/lib/python3.7/site-packages/airflow/example_dags/example_python_operator.py took 0.175 seconds
[2025-10-20T18:06:16.263+0000] {processor.py:153} INFO - Started process (PID=1133) to work on /home/airflow/.local/lib/python3.7/site-packages/airflow/example_dags/example_python_operator.py
[2025-10-20T18:06:16.264+0000] {processor.py:743} INFO - Processing file /home/airflow/.local/lib/python3.7/site-packages/airflow/example_dags/example_python_operator.py for tasks to queue
[2025-10-20T18:06:16.264+0000] {logging_mixin.py:137} INFO - [2025-10-20T18:06:16.264+0000] {dagbag.py:538} INFO - Filling up the DagBag from /home/airflow/.local/lib/python3.7/site-packages/airflow/example_dags/example_python_operator.py
[2025-10-20T18:06:16.271+0000] {logging_mixin.py:137} INFO - [2025-10-20T18:06:16.271+0000] {taskmixin.py:205} WARNING - Dependency <Task(_PythonDecoratedOperator): print_the_context>, log_sql_query already registered for DAG: example_python_operator
[2025-10-20T18:06:16.271+0000] {logging_mixin.py:137} INFO - [2025-10-20T18:06:16.271+0000] {taskmixin.py:205} WARNING - Dependency <Task(_PythonDecoratedOperator): log_sql_query>, print_the_context already registered for DAG: example_python_operator
[2025-10-20T18:06:16.271+0000] {logging_mixin.py:137} INFO - [2025-10-20T18:06:16.271+0000] {taskmixin.py:205} WARNING - Dependency <Task(_PythonDecoratedOperator): print_the_context>, log_sql_query already registered for DAG: example_python_operator
[2025-10-20T18:06:16.271+0000] {logging_mixin.py:137} INFO - [2025-10-20T18:06:16.271+0000] {taskmixin.py:205} WARNING - Dependency <Task(_PythonDecoratedOperator): log_sql_query>, print_the_context already registered for DAG: example_python_operator
[2025-10-20T18:06:16.272+0000] {logging_mixin.py:137} INFO - [2025-10-20T18:06:16.272+0000] {taskmixin.py:205} WARNING - Dependency <Task(_PythonDecoratedOperator): print_the_context>, log_sql_query already registered for DAG: example_python_operator
[2025-10-20T18:06:16.272+0000] {logging_mixin.py:137} INFO - [2025-10-20T18:06:16.272+0000] {taskmixin.py:205} WARNING - Dependency <Task(_PythonDecoratedOperator): log_sql_query>, print_the_context already registered for DAG: example_python_operator
[2025-10-20T18:06:16.272+0000] {logging_mixin.py:137} INFO - [2025-10-20T18:06:16.272+0000] {taskmixin.py:205} WARNING - Dependency <Task(_PythonDecoratedOperator): print_the_context>, log_sql_query already registered for DAG: example_python_operator
[2025-10-20T18:06:16.272+0000] {logging_mixin.py:137} INFO - [2025-10-20T18:06:16.272+0000] {taskmixin.py:205} WARNING - Dependency <Task(_PythonDecoratedOperator): log_sql_query>, print_the_context already registered for DAG: example_python_operator
[2025-10-20T18:06:16.275+0000] {processor.py:753} INFO - DAG(s) dict_keys(['example_python_operator']) retrieved from /home/airflow/.local/lib/python3.7/site-packages/airflow/example_dags/example_python_operator.py
[2025-10-20T18:06:16.286+0000] {logging_mixin.py:137} INFO - [2025-10-20T18:06:16.286+0000] {dag.py:2690} INFO - Sync 1 DAGs
[2025-10-20T18:06:16.297+0000] {logging_mixin.py:137} INFO - [2025-10-20T18:06:16.297+0000] {dag.py:3441} INFO - Setting next_dagrun for example_python_operator to None, run_after=None
[2025-10-20T18:06:16.304+0000] {processor.py:175} INFO - Processing /home/airflow/.local/lib/python3.7/site-packages/airflow/example_dags/example_python_operator.py took 0.042 seconds
[2025-10-20T18:06:46.632+0000] {processor.py:153} INFO - Started process (PID=1226) to work on /home/airflow/.local/lib/python3.7/site-packages/airflow/example_dags/example_python_operator.py
[2025-10-20T18:06:46.633+0000] {processor.py:743} INFO - Processing file /home/airflow/.local/lib/python3.7/site-packages/airflow/example_dags/example_python_operator.py for tasks to queue
[2025-10-20T18:06:46.633+0000] {logging_mixin.py:137} INFO - [2025-10-20T18:06:46.633+0000] {dagbag.py:538} INFO - Filling up the DagBag from /home/airflow/.local/lib/python3.7/site-packages/airflow/example_dags/example_python_operator.py
[2025-10-20T18:06:46.640+0000] {logging_mixin.py:137} INFO - [2025-10-20T18:06:46.640+0000] {taskmixin.py:205} WARNING - Dependency <Task(_PythonDecoratedOperator): print_the_context>, log_sql_query already registered for DAG: example_python_operator
[2025-10-20T18:06:46.640+0000] {logging_mixin.py:137} INFO - [2025-10-20T18:06:46.640+0000] {taskmixin.py:205} WARNING - Dependency <Task(_PythonDecoratedOperator): log_sql_query>, print_the_context already registered for DAG: example_python_operator
[2025-10-20T18:06:46.641+0000] {logging_mixin.py:137} INFO - [2025-10-20T18:06:46.641+0000] {taskmixin.py:205} WARNING - Dependency <Task(_PythonDecoratedOperator): print_the_context>, log_sql_query already registered for DAG: example_python_operator
[2025-10-20T18:06:46.641+0000] {logging_mixin.py:137} INFO - [2025-10-20T18:06:46.641+0000] {taskmixin.py:205} WARNING - Dependency <Task(_PythonDecoratedOperator): log_sql_query>, print_the_context already registered for DAG: example_python_operator
[2025-10-20T18:06:46.642+0000] {logging_mixin.py:137} INFO - [2025-10-20T18:06:46.642+0000] {taskmixin.py:205} WARNING - Dependency <Task(_PythonDecoratedOperator): print_the_context>, log_sql_query already registered for DAG: example_python_operator
[2025-10-20T18:06:46.642+0000] {logging_mixin.py:137} INFO - [2025-10-20T18:06:46.642+0000] {taskmixin.py:205} WARNING - Dependency <Task(_PythonDecoratedOperator): log_sql_query>, print_the_context already registered for DAG: example_python_operator
[2025-10-20T18:06:46.642+0000] {logging_mixin.py:137} INFO - [2025-10-20T18:06:46.642+0000] {taskmixin.py:205} WARNING - Dependency <Task(_PythonDecoratedOperator): print_the_context>, log_sql_query already registered for DAG: example_python_operator
[2025-10-20T18:06:46.642+0000] {logging_mixin.py:137} INFO - [2025-10-20T18:06:46.642+0000] {taskmixin.py:205} WARNING - Dependency <Task(_PythonDecoratedOperator): log_sql_query>, print_the_context already registered for DAG: example_python_operator
[2025-10-20T18:06:46.645+0000] {processor.py:753} INFO - DAG(s) dict_keys(['example_python_operator']) retrieved from /home/airflow/.local/lib/python3.7/site-packages/airflow/example_dags/example_python_operator.py
[2025-10-20T18:06:46.657+0000] {logging_mixin.py:137} INFO - [2025-10-20T18:06:46.657+0000] {dag.py:2690} INFO - Sync 1 DAGs
[2025-10-20T18:06:46.666+0000] {logging_mixin.py:137} INFO - [2025-10-20T18:06:46.666+0000] {dag.py:3441} INFO - Setting next_dagrun for example_python_operator to None, run_after=None
[2025-10-20T18:06:46.672+0000] {processor.py:175} INFO - Processing /home/airflow/.local/lib/python3.7/site-packages/airflow/example_dags/example_python_operator.py took 0.041 seconds
[2025-10-20T18:07:16.822+0000] {processor.py:153} INFO - Started process (PID=1319) to work on /home/airflow/.local/lib/python3.7/site-packages/airflow/example_dags/example_python_operator.py
[2025-10-20T18:07:16.822+0000] {processor.py:743} INFO - Processing file /home/airflow/.local/lib/python3.7/site-packages/airflow/example_dags/example_python_operator.py for tasks to queue
[2025-10-20T18:07:16.823+0000] {logging_mixin.py:137} INFO - [2025-10-20T18:07:16.822+0000] {dagbag.py:538} INFO - Filling up the DagBag from /home/airflow/.local/lib/python3.7/site-packages/airflow/example_dags/example_python_operator.py
[2025-10-20T18:07:16.829+0000] {logging_mixin.py:137} INFO - [2025-10-20T18:07:16.829+0000] {taskmixin.py:205} WARNING - Dependency <Task(_PythonDecoratedOperator): print_the_context>, log_sql_query already registered for DAG: example_python_operator
[2025-10-20T18:07:16.831+0000] {logging_mixin.py:137} INFO - [2025-10-20T18:07:16.831+0000] {taskmixin.py:205} WARNING - Dependency <Task(_PythonDecoratedOperator): log_sql_query>, print_the_context already registered for DAG: example_python_operator
[2025-10-20T18:07:16.831+0000] {logging_mixin.py:137} INFO - [2025-10-20T18:07:16.831+0000] {taskmixin.py:205} WARNING - Dependency <Task(_PythonDecoratedOperator): print_the_context>, log_sql_query already registered for DAG: example_python_operator
[2025-10-20T18:07:16.831+0000] {logging_mixin.py:137} INFO - [2025-10-20T18:07:16.831+0000] {taskmixin.py:205} WARNING - Dependency <Task(_PythonDecoratedOperator): log_sql_query>, print_the_context already registered for DAG: example_python_operator
[2025-10-20T18:07:16.831+0000] {logging_mixin.py:137} INFO - [2025-10-20T18:07:16.831+0000] {taskmixin.py:205} WARNING - Dependency <Task(_PythonDecoratedOperator): print_the_context>, log_sql_query already registered for DAG: example_python_operator
[2025-10-20T18:07:16.831+0000] {logging_mixin.py:137} INFO - [2025-10-20T18:07:16.831+0000] {taskmixin.py:205} WARNING - Dependency <Task(_PythonDecoratedOperator): log_sql_query>, print_the_context already registered for DAG: example_python_operator
[2025-10-20T18:07:16.832+0000] {logging_mixin.py:137} INFO - [2025-10-20T18:07:16.832+0000] {taskmixin.py:205} WARNING - Dependency <Task(_PythonDecoratedOperator): print_the_context>, log_sql_query already registered for DAG: example_python_operator
[2025-10-20T18:07:16.832+0000] {logging_mixin.py:137} INFO - [2025-10-20T18:07:16.832+0000] {taskmixin.py:205} WARNING - Dependency <Task(_PythonDecoratedOperator): log_sql_query>, print_the_context already registered for DAG: example_python_operator
[2025-10-20T18:07:16.835+0000] {processor.py:753} INFO - DAG(s) dict_keys(['example_python_operator']) retrieved from /home/airflow/.local/lib/python3.7/site-packages/airflow/example_dags/example_python_operator.py
[2025-10-20T18:07:16.846+0000] {logging_mixin.py:137} INFO - [2025-10-20T18:07:16.846+0000] {dag.py:2690} INFO - Sync 1 DAGs
[2025-10-20T18:07:16.856+0000] {logging_mixin.py:137} INFO - [2025-10-20T18:07:16.856+0000] {dag.py:3441} INFO - Setting next_dagrun for example_python_operator to None, run_after=None
[2025-10-20T18:07:16.862+0000] {processor.py:175} INFO - Processing /home/airflow/.local/lib/python3.7/site-packages/airflow/example_dags/example_python_operator.py took 0.041 seconds
[2025-10-20T18:07:46.987+0000] {processor.py:153} INFO - Started process (PID=1403) to work on /home/airflow/.local/lib/python3.7/site-packages/airflow/example_dags/example_python_operator.py
[2025-10-20T18:07:46.988+0000] {processor.py:743} INFO - Processing file /home/airflow/.local/lib/python3.7/site-packages/airflow/example_dags/example_python_operator.py for tasks to queue
[2025-10-20T18:07:46.988+0000] {logging_mixin.py:137} INFO - [2025-10-20T18:07:46.988+0000] {dagbag.py:538} INFO - Filling up the DagBag from /home/airflow/.local/lib/python3.7/site-packages/airflow/example_dags/example_python_operator.py
[2025-10-20T18:07:46.995+0000] {logging_mixin.py:137} INFO - [2025-10-20T18:07:46.995+0000] {taskmixin.py:205} WARNING - Dependency <Task(_PythonDecoratedOperator): print_the_context>, log_sql_query already registered for DAG: example_python_operator
[2025-10-20T18:07:46.995+0000] {logging_mixin.py:137} INFO - [2025-10-20T18:07:46.995+0000] {taskmixin.py:205} WARNING - Dependency <Task(_PythonDecoratedOperator): log_sql_query>, print_the_context already registered for DAG: example_python_operator
[2025-10-20T18:07:46.996+0000] {logging_mixin.py:137} INFO - [2025-10-20T18:07:46.996+0000] {taskmixin.py:205} WARNING - Dependency <Task(_PythonDecoratedOperator): print_the_context>, log_sql_query already registered for DAG: example_python_operator
[2025-10-20T18:07:46.996+0000] {logging_mixin.py:137} INFO - [2025-10-20T18:07:46.996+0000] {taskmixin.py:205} WARNING - Dependency <Task(_PythonDecoratedOperator): log_sql_query>, print_the_context already registered for DAG: example_python_operator
[2025-10-20T18:07:46.996+0000] {logging_mixin.py:137} INFO - [2025-10-20T18:07:46.996+0000] {taskmixin.py:205} WARNING - Dependency <Task(_PythonDecoratedOperator): print_the_context>, log_sql_query already registered for DAG: example_python_operator
[2025-10-20T18:07:46.996+0000] {logging_mixin.py:137} INFO - [2025-10-20T18:07:46.996+0000] {taskmixin.py:205} WARNING - Dependency <Task(_PythonDecoratedOperator): log_sql_query>, print_the_context already registered for DAG: example_python_operator
[2025-10-20T18:07:46.996+0000] {logging_mixin.py:137} INFO - [2025-10-20T18:07:46.996+0000] {taskmixin.py:205} WARNING - Dependency <Task(_PythonDecoratedOperator): print_the_context>, log_sql_query already registered for DAG: example_python_operator
[2025-10-20T18:07:46.998+0000] {logging_mixin.py:137} INFO - [2025-10-20T18:07:46.998+0000] {taskmixin.py:205} WARNING - Dependency <Task(_PythonDecoratedOperator): log_sql_query>, print_the_context already registered for DAG: example_python_operator
[2025-10-20T18:07:47.001+0000] {processor.py:753} INFO - DAG(s) dict_keys(['example_python_operator']) retrieved from /home/airflow/.local/lib/python3.7/site-packages/airflow/example_dags/example_python_operator.py
[2025-10-20T18:07:47.013+0000] {logging_mixin.py:137} INFO - [2025-10-20T18:07:47.013+0000] {dag.py:2690} INFO - Sync 1 DAGs
[2025-10-20T18:07:47.023+0000] {logging_mixin.py:137} INFO - [2025-10-20T18:07:47.023+0000] {dag.py:3441} INFO - Setting next_dagrun for example_python_operator to None, run_after=None
[2025-10-20T18:07:47.031+0000] {processor.py:175} INFO - Processing /home/airflow/.local/lib/python3.7/site-packages/airflow/example_dags/example_python_operator.py took 0.046 seconds
[2025-10-20T18:08:17.298+0000] {processor.py:153} INFO - Started process (PID=1487) to work on /home/airflow/.local/lib/python3.7/site-packages/airflow/example_dags/example_python_operator.py
[2025-10-20T18:08:17.299+0000] {processor.py:743} INFO - Processing file /home/airflow/.local/lib/python3.7/site-packages/airflow/example_dags/example_python_operator.py for tasks to queue
[2025-10-20T18:08:17.299+0000] {logging_mixin.py:137} INFO - [2025-10-20T18:08:17.299+0000] {dagbag.py:538} INFO - Filling up the DagBag from /home/airflow/.local/lib/python3.7/site-packages/airflow/example_dags/example_python_operator.py
[2025-10-20T18:08:17.306+0000] {logging_mixin.py:137} INFO - [2025-10-20T18:08:17.306+0000] {taskmixin.py:205} WARNING - Dependency <Task(_PythonDecoratedOperator): print_the_context>, log_sql_query already registered for DAG: example_python_operator
[2025-10-20T18:08:17.306+0000] {logging_mixin.py:137} INFO - [2025-10-20T18:08:17.306+0000] {taskmixin.py:205} WARNING - Dependency <Task(_PythonDecoratedOperator): log_sql_query>, print_the_context already registered for DAG: example_python_operator
[2025-10-20T18:08:17.306+0000] {logging_mixin.py:137} INFO - [2025-10-20T18:08:17.306+0000] {taskmixin.py:205} WARNING - Dependency <Task(_PythonDecoratedOperator): print_the_context>, log_sql_query already registered for DAG: example_python_operator
[2025-10-20T18:08:17.306+0000] {logging_mixin.py:137} INFO - [2025-10-20T18:08:17.306+0000] {taskmixin.py:205} WARNING - Dependency <Task(_PythonDecoratedOperator): log_sql_query>, print_the_context already registered for DAG: example_python_operator
[2025-10-20T18:08:17.306+0000] {logging_mixin.py:137} INFO - [2025-10-20T18:08:17.306+0000] {taskmixin.py:205} WARNING - Dependency <Task(_PythonDecoratedOperator): print_the_context>, log_sql_query already registered for DAG: example_python_operator
[2025-10-20T18:08:17.306+0000] {logging_mixin.py:137} INFO - [2025-10-20T18:08:17.306+0000] {taskmixin.py:205} WARNING - Dependency <Task(_PythonDecoratedOperator): log_sql_query>, print_the_context already registered for DAG: example_python_operator
[2025-10-20T18:08:17.307+0000] {logging_mixin.py:137} INFO - [2025-10-20T18:08:17.307+0000] {taskmixin.py:205} WARNING - Dependency <Task(_PythonDecoratedOperator): print_the_context>, log_sql_query already registered for DAG: example_python_operator
[2025-10-20T18:08:17.307+0000] {logging_mixin.py:137} INFO - [2025-10-20T18:08:17.307+0000] {taskmixin.py:205} WARNING - Dependency <Task(_PythonDecoratedOperator): log_sql_query>, print_the_context already registered for DAG: example_python_operator
[2025-10-20T18:08:17.309+0000] {processor.py:753} INFO - DAG(s) dict_keys(['example_python_operator']) retrieved from /home/airflow/.local/lib/python3.7/site-packages/airflow/example_dags/example_python_operator.py
[2025-10-20T18:08:17.318+0000] {logging_mixin.py:137} INFO - [2025-10-20T18:08:17.318+0000] {dag.py:2690} INFO - Sync 1 DAGs
[2025-10-20T18:08:17.327+0000] {logging_mixin.py:137} INFO - [2025-10-20T18:08:17.327+0000] {dag.py:3441} INFO - Setting next_dagrun for example_python_operator to None, run_after=None
[2025-10-20T18:08:17.334+0000] {processor.py:175} INFO - Processing /home/airflow/.local/lib/python3.7/site-packages/airflow/example_dags/example_python_operator.py took 0.037 seconds
[2025-10-20T18:08:47.610+0000] {processor.py:153} INFO - Started process (PID=1580) to work on /home/airflow/.local/lib/python3.7/site-packages/airflow/example_dags/example_python_operator.py
[2025-10-20T18:08:47.610+0000] {processor.py:743} INFO - Processing file /home/airflow/.local/lib/python3.7/site-packages/airflow/example_dags/example_python_operator.py for tasks to queue
[2025-10-20T18:08:47.611+0000] {logging_mixin.py:137} INFO - [2025-10-20T18:08:47.611+0000] {dagbag.py:538} INFO - Filling up the DagBag from /home/airflow/.local/lib/python3.7/site-packages/airflow/example_dags/example_python_operator.py
[2025-10-20T18:08:47.619+0000] {logging_mixin.py:137} INFO - [2025-10-20T18:08:47.618+0000] {taskmixin.py:205} WARNING - Dependency <Task(_PythonDecoratedOperator): print_the_context>, log_sql_query already registered for DAG: example_python_operator
[2025-10-20T18:08:47.619+0000] {logging_mixin.py:137} INFO - [2025-10-20T18:08:47.619+0000] {taskmixin.py:205} WARNING - Dependency <Task(_PythonDecoratedOperator): log_sql_query>, print_the_context already registered for DAG: example_python_operator
[2025-10-20T18:08:47.619+0000] {logging_mixin.py:137} INFO - [2025-10-20T18:08:47.619+0000] {taskmixin.py:205} WARNING - Dependency <Task(_PythonDecoratedOperator): print_the_context>, log_sql_query already registered for DAG: example_python_operator
[2025-10-20T18:08:47.619+0000] {logging_mixin.py:137} INFO - [2025-10-20T18:08:47.619+0000] {taskmixin.py:205} WARNING - Dependency <Task(_PythonDecoratedOperator): log_sql_query>, print_the_context already registered for DAG: example_python_operator
[2025-10-20T18:08:47.619+0000] {logging_mixin.py:137} INFO - [2025-10-20T18:08:47.619+0000] {taskmixin.py:205} WARNING - Dependency <Task(_PythonDecoratedOperator): print_the_context>, log_sql_query already registered for DAG: example_python_operator
[2025-10-20T18:08:47.620+0000] {logging_mixin.py:137} INFO - [2025-10-20T18:08:47.620+0000] {taskmixin.py:205} WARNING - Dependency <Task(_PythonDecoratedOperator): log_sql_query>, print_the_context already registered for DAG: example_python_operator
[2025-10-20T18:08:47.620+0000] {logging_mixin.py:137} INFO - [2025-10-20T18:08:47.620+0000] {taskmixin.py:205} WARNING - Dependency <Task(_PythonDecoratedOperator): print_the_context>, log_sql_query already registered for DAG: example_python_operator
[2025-10-20T18:08:47.620+0000] {logging_mixin.py:137} INFO - [2025-10-20T18:08:47.620+0000] {taskmixin.py:205} WARNING - Dependency <Task(_PythonDecoratedOperator): log_sql_query>, print_the_context already registered for DAG: example_python_operator
[2025-10-20T18:08:47.623+0000] {processor.py:753} INFO - DAG(s) dict_keys(['example_python_operator']) retrieved from /home/airflow/.local/lib/python3.7/site-packages/airflow/example_dags/example_python_operator.py
[2025-10-20T18:08:47.635+0000] {logging_mixin.py:137} INFO - [2025-10-20T18:08:47.635+0000] {dag.py:2690} INFO - Sync 1 DAGs
[2025-10-20T18:08:47.647+0000] {logging_mixin.py:137} INFO - [2025-10-20T18:08:47.647+0000] {dag.py:3441} INFO - Setting next_dagrun for example_python_operator to None, run_after=None
[2025-10-20T18:08:47.654+0000] {processor.py:175} INFO - Processing /home/airflow/.local/lib/python3.7/site-packages/airflow/example_dags/example_python_operator.py took 0.045 seconds
