[2025-10-20T18:00:11.459+0000] {processor.py:153} INFO - Started process (PID=62) to work on /home/airflow/.local/lib/python3.7/site-packages/airflow/example_dags/example_local_kubernetes_executor.py
[2025-10-20T18:00:11.460+0000] {processor.py:743} INFO - Processing file /home/airflow/.local/lib/python3.7/site-packages/airflow/example_dags/example_local_kubernetes_executor.py for tasks to queue
[2025-10-20T18:00:11.461+0000] {logging_mixin.py:137} INFO - [2025-10-20T18:00:11.461+0000] {dagbag.py:538} INFO - Filling up the DagBag from /home/airflow/.local/lib/python3.7/site-packages/airflow/example_dags/example_local_kubernetes_executor.py
[2025-10-20T18:00:11.479+0000] {processor.py:753} INFO - DAG(s) dict_keys(['example_local_kubernetes_executor']) retrieved from /home/airflow/.local/lib/python3.7/site-packages/airflow/example_dags/example_local_kubernetes_executor.py
[2025-10-20T18:00:11.490+0000] {logging_mixin.py:137} INFO - [2025-10-20T18:00:11.489+0000] {dag.py:2690} INFO - Sync 1 DAGs
[2025-10-20T18:00:11.506+0000] {logging_mixin.py:137} INFO - [2025-10-20T18:00:11.506+0000] {dag.py:3441} INFO - Setting next_dagrun for example_local_kubernetes_executor to None, run_after=None
[2025-10-20T18:00:11.514+0000] {processor.py:175} INFO - Processing /home/airflow/.local/lib/python3.7/site-packages/airflow/example_dags/example_local_kubernetes_executor.py took 0.059 seconds
[2025-10-20T18:00:41.816+0000] {processor.py:153} INFO - Started process (PID=155) to work on /home/airflow/.local/lib/python3.7/site-packages/airflow/example_dags/example_local_kubernetes_executor.py
[2025-10-20T18:00:41.816+0000] {processor.py:743} INFO - Processing file /home/airflow/.local/lib/python3.7/site-packages/airflow/example_dags/example_local_kubernetes_executor.py for tasks to queue
[2025-10-20T18:00:41.816+0000] {logging_mixin.py:137} INFO - [2025-10-20T18:00:41.816+0000] {dagbag.py:538} INFO - Filling up the DagBag from /home/airflow/.local/lib/python3.7/site-packages/airflow/example_dags/example_local_kubernetes_executor.py
[2025-10-20T18:00:41.826+0000] {processor.py:753} INFO - DAG(s) dict_keys(['example_local_kubernetes_executor']) retrieved from /home/airflow/.local/lib/python3.7/site-packages/airflow/example_dags/example_local_kubernetes_executor.py
[2025-10-20T18:00:41.837+0000] {logging_mixin.py:137} INFO - [2025-10-20T18:00:41.837+0000] {dag.py:2690} INFO - Sync 1 DAGs
[2025-10-20T18:00:41.848+0000] {logging_mixin.py:137} INFO - [2025-10-20T18:00:41.848+0000] {dag.py:3441} INFO - Setting next_dagrun for example_local_kubernetes_executor to None, run_after=None
[2025-10-20T18:00:41.854+0000] {processor.py:175} INFO - Processing /home/airflow/.local/lib/python3.7/site-packages/airflow/example_dags/example_local_kubernetes_executor.py took 0.040 seconds
[2025-10-20T18:01:12.337+0000] {processor.py:153} INFO - Started process (PID=248) to work on /home/airflow/.local/lib/python3.7/site-packages/airflow/example_dags/example_local_kubernetes_executor.py
[2025-10-20T18:01:12.337+0000] {processor.py:743} INFO - Processing file /home/airflow/.local/lib/python3.7/site-packages/airflow/example_dags/example_local_kubernetes_executor.py for tasks to queue
[2025-10-20T18:01:12.338+0000] {logging_mixin.py:137} INFO - [2025-10-20T18:01:12.337+0000] {dagbag.py:538} INFO - Filling up the DagBag from /home/airflow/.local/lib/python3.7/site-packages/airflow/example_dags/example_local_kubernetes_executor.py
[2025-10-20T18:01:12.347+0000] {processor.py:753} INFO - DAG(s) dict_keys(['example_local_kubernetes_executor']) retrieved from /home/airflow/.local/lib/python3.7/site-packages/airflow/example_dags/example_local_kubernetes_executor.py
[2025-10-20T18:01:12.363+0000] {logging_mixin.py:137} INFO - [2025-10-20T18:01:12.363+0000] {dag.py:2690} INFO - Sync 1 DAGs
[2025-10-20T18:01:12.376+0000] {logging_mixin.py:137} INFO - [2025-10-20T18:01:12.376+0000] {dag.py:3441} INFO - Setting next_dagrun for example_local_kubernetes_executor to None, run_after=None
[2025-10-20T18:01:12.386+0000] {processor.py:175} INFO - Processing /home/airflow/.local/lib/python3.7/site-packages/airflow/example_dags/example_local_kubernetes_executor.py took 0.051 seconds
[2025-10-20T18:01:42.640+0000] {processor.py:153} INFO - Started process (PID=323) to work on /home/airflow/.local/lib/python3.7/site-packages/airflow/example_dags/example_local_kubernetes_executor.py
[2025-10-20T18:01:42.641+0000] {processor.py:743} INFO - Processing file /home/airflow/.local/lib/python3.7/site-packages/airflow/example_dags/example_local_kubernetes_executor.py for tasks to queue
[2025-10-20T18:01:42.641+0000] {logging_mixin.py:137} INFO - [2025-10-20T18:01:42.641+0000] {dagbag.py:538} INFO - Filling up the DagBag from /home/airflow/.local/lib/python3.7/site-packages/airflow/example_dags/example_local_kubernetes_executor.py
[2025-10-20T18:01:42.652+0000] {processor.py:753} INFO - DAG(s) dict_keys(['example_local_kubernetes_executor']) retrieved from /home/airflow/.local/lib/python3.7/site-packages/airflow/example_dags/example_local_kubernetes_executor.py
[2025-10-20T18:01:42.662+0000] {logging_mixin.py:137} INFO - [2025-10-20T18:01:42.662+0000] {dag.py:2690} INFO - Sync 1 DAGs
[2025-10-20T18:01:42.671+0000] {logging_mixin.py:137} INFO - [2025-10-20T18:01:42.671+0000] {dag.py:3441} INFO - Setting next_dagrun for example_local_kubernetes_executor to None, run_after=None
[2025-10-20T18:01:42.678+0000] {processor.py:175} INFO - Processing /home/airflow/.local/lib/python3.7/site-packages/airflow/example_dags/example_local_kubernetes_executor.py took 0.039 seconds
[2025-10-20T18:02:12.861+0000] {processor.py:153} INFO - Started process (PID=416) to work on /home/airflow/.local/lib/python3.7/site-packages/airflow/example_dags/example_local_kubernetes_executor.py
[2025-10-20T18:02:12.862+0000] {processor.py:743} INFO - Processing file /home/airflow/.local/lib/python3.7/site-packages/airflow/example_dags/example_local_kubernetes_executor.py for tasks to queue
[2025-10-20T18:02:12.862+0000] {logging_mixin.py:137} INFO - [2025-10-20T18:02:12.862+0000] {dagbag.py:538} INFO - Filling up the DagBag from /home/airflow/.local/lib/python3.7/site-packages/airflow/example_dags/example_local_kubernetes_executor.py
[2025-10-20T18:02:12.872+0000] {processor.py:753} INFO - DAG(s) dict_keys(['example_local_kubernetes_executor']) retrieved from /home/airflow/.local/lib/python3.7/site-packages/airflow/example_dags/example_local_kubernetes_executor.py
[2025-10-20T18:02:12.882+0000] {logging_mixin.py:137} INFO - [2025-10-20T18:02:12.882+0000] {dag.py:2690} INFO - Sync 1 DAGs
[2025-10-20T18:02:12.891+0000] {logging_mixin.py:137} INFO - [2025-10-20T18:02:12.891+0000] {dag.py:3441} INFO - Setting next_dagrun for example_local_kubernetes_executor to None, run_after=None
[2025-10-20T18:02:12.900+0000] {processor.py:175} INFO - Processing /home/airflow/.local/lib/python3.7/site-packages/airflow/example_dags/example_local_kubernetes_executor.py took 0.040 seconds
[2025-10-20T18:02:43.004+0000] {processor.py:153} INFO - Started process (PID=509) to work on /home/airflow/.local/lib/python3.7/site-packages/airflow/example_dags/example_local_kubernetes_executor.py
[2025-10-20T18:02:43.004+0000] {processor.py:743} INFO - Processing file /home/airflow/.local/lib/python3.7/site-packages/airflow/example_dags/example_local_kubernetes_executor.py for tasks to queue
[2025-10-20T18:02:43.004+0000] {logging_mixin.py:137} INFO - [2025-10-20T18:02:43.004+0000] {dagbag.py:538} INFO - Filling up the DagBag from /home/airflow/.local/lib/python3.7/site-packages/airflow/example_dags/example_local_kubernetes_executor.py
[2025-10-20T18:02:43.012+0000] {processor.py:753} INFO - DAG(s) dict_keys(['example_local_kubernetes_executor']) retrieved from /home/airflow/.local/lib/python3.7/site-packages/airflow/example_dags/example_local_kubernetes_executor.py
[2025-10-20T18:02:43.022+0000] {logging_mixin.py:137} INFO - [2025-10-20T18:02:43.022+0000] {dag.py:2690} INFO - Sync 1 DAGs
[2025-10-20T18:02:43.030+0000] {logging_mixin.py:137} INFO - [2025-10-20T18:02:43.030+0000] {dag.py:3441} INFO - Setting next_dagrun for example_local_kubernetes_executor to None, run_after=None
[2025-10-20T18:02:43.036+0000] {processor.py:175} INFO - Processing /home/airflow/.local/lib/python3.7/site-packages/airflow/example_dags/example_local_kubernetes_executor.py took 0.033 seconds
[2025-10-20T18:03:13.366+0000] {processor.py:153} INFO - Started process (PID=601) to work on /home/airflow/.local/lib/python3.7/site-packages/airflow/example_dags/example_local_kubernetes_executor.py
[2025-10-20T18:03:13.368+0000] {processor.py:743} INFO - Processing file /home/airflow/.local/lib/python3.7/site-packages/airflow/example_dags/example_local_kubernetes_executor.py for tasks to queue
[2025-10-20T18:03:13.368+0000] {logging_mixin.py:137} INFO - [2025-10-20T18:03:13.368+0000] {dagbag.py:538} INFO - Filling up the DagBag from /home/airflow/.local/lib/python3.7/site-packages/airflow/example_dags/example_local_kubernetes_executor.py
[2025-10-20T18:03:13.376+0000] {processor.py:753} INFO - DAG(s) dict_keys(['example_local_kubernetes_executor']) retrieved from /home/airflow/.local/lib/python3.7/site-packages/airflow/example_dags/example_local_kubernetes_executor.py
[2025-10-20T18:03:13.389+0000] {logging_mixin.py:137} INFO - [2025-10-20T18:03:13.389+0000] {dag.py:2690} INFO - Sync 1 DAGs
[2025-10-20T18:03:13.398+0000] {logging_mixin.py:137} INFO - [2025-10-20T18:03:13.398+0000] {dag.py:3441} INFO - Setting next_dagrun for example_local_kubernetes_executor to None, run_after=None
[2025-10-20T18:03:13.405+0000] {processor.py:175} INFO - Processing /home/airflow/.local/lib/python3.7/site-packages/airflow/example_dags/example_local_kubernetes_executor.py took 0.039 seconds
[2025-10-20T18:03:43.580+0000] {processor.py:153} INFO - Started process (PID=676) to work on /home/airflow/.local/lib/python3.7/site-packages/airflow/example_dags/example_local_kubernetes_executor.py
[2025-10-20T18:03:43.581+0000] {processor.py:743} INFO - Processing file /home/airflow/.local/lib/python3.7/site-packages/airflow/example_dags/example_local_kubernetes_executor.py for tasks to queue
[2025-10-20T18:03:43.581+0000] {logging_mixin.py:137} INFO - [2025-10-20T18:03:43.581+0000] {dagbag.py:538} INFO - Filling up the DagBag from /home/airflow/.local/lib/python3.7/site-packages/airflow/example_dags/example_local_kubernetes_executor.py
[2025-10-20T18:03:43.590+0000] {processor.py:753} INFO - DAG(s) dict_keys(['example_local_kubernetes_executor']) retrieved from /home/airflow/.local/lib/python3.7/site-packages/airflow/example_dags/example_local_kubernetes_executor.py
[2025-10-20T18:03:43.601+0000] {logging_mixin.py:137} INFO - [2025-10-20T18:03:43.601+0000] {dag.py:2690} INFO - Sync 1 DAGs
[2025-10-20T18:03:43.610+0000] {logging_mixin.py:137} INFO - [2025-10-20T18:03:43.610+0000] {dag.py:3441} INFO - Setting next_dagrun for example_local_kubernetes_executor to None, run_after=None
[2025-10-20T18:03:43.616+0000] {processor.py:175} INFO - Processing /home/airflow/.local/lib/python3.7/site-packages/airflow/example_dags/example_local_kubernetes_executor.py took 0.037 seconds
[2025-10-20T18:04:13.818+0000] {processor.py:153} INFO - Started process (PID=769) to work on /home/airflow/.local/lib/python3.7/site-packages/airflow/example_dags/example_local_kubernetes_executor.py
[2025-10-20T18:04:13.819+0000] {processor.py:743} INFO - Processing file /home/airflow/.local/lib/python3.7/site-packages/airflow/example_dags/example_local_kubernetes_executor.py for tasks to queue
[2025-10-20T18:04:13.819+0000] {logging_mixin.py:137} INFO - [2025-10-20T18:04:13.819+0000] {dagbag.py:538} INFO - Filling up the DagBag from /home/airflow/.local/lib/python3.7/site-packages/airflow/example_dags/example_local_kubernetes_executor.py
[2025-10-20T18:04:13.828+0000] {processor.py:753} INFO - DAG(s) dict_keys(['example_local_kubernetes_executor']) retrieved from /home/airflow/.local/lib/python3.7/site-packages/airflow/example_dags/example_local_kubernetes_executor.py
[2025-10-20T18:04:13.840+0000] {logging_mixin.py:137} INFO - [2025-10-20T18:04:13.840+0000] {dag.py:2690} INFO - Sync 1 DAGs
[2025-10-20T18:04:13.849+0000] {logging_mixin.py:137} INFO - [2025-10-20T18:04:13.849+0000] {dag.py:3441} INFO - Setting next_dagrun for example_local_kubernetes_executor to None, run_after=None
[2025-10-20T18:04:13.855+0000] {processor.py:175} INFO - Processing /home/airflow/.local/lib/python3.7/site-packages/airflow/example_dags/example_local_kubernetes_executor.py took 0.039 seconds
[2025-10-20T18:04:44.099+0000] {processor.py:153} INFO - Started process (PID=862) to work on /home/airflow/.local/lib/python3.7/site-packages/airflow/example_dags/example_local_kubernetes_executor.py
[2025-10-20T18:04:44.100+0000] {processor.py:743} INFO - Processing file /home/airflow/.local/lib/python3.7/site-packages/airflow/example_dags/example_local_kubernetes_executor.py for tasks to queue
[2025-10-20T18:04:44.100+0000] {logging_mixin.py:137} INFO - [2025-10-20T18:04:44.100+0000] {dagbag.py:538} INFO - Filling up the DagBag from /home/airflow/.local/lib/python3.7/site-packages/airflow/example_dags/example_local_kubernetes_executor.py
[2025-10-20T18:04:44.109+0000] {processor.py:753} INFO - DAG(s) dict_keys(['example_local_kubernetes_executor']) retrieved from /home/airflow/.local/lib/python3.7/site-packages/airflow/example_dags/example_local_kubernetes_executor.py
[2025-10-20T18:04:44.118+0000] {logging_mixin.py:137} INFO - [2025-10-20T18:04:44.118+0000] {dag.py:2690} INFO - Sync 1 DAGs
[2025-10-20T18:04:44.127+0000] {logging_mixin.py:137} INFO - [2025-10-20T18:04:44.127+0000] {dag.py:3441} INFO - Setting next_dagrun for example_local_kubernetes_executor to None, run_after=None
[2025-10-20T18:04:44.133+0000] {processor.py:175} INFO - Processing /home/airflow/.local/lib/python3.7/site-packages/airflow/example_dags/example_local_kubernetes_executor.py took 0.035 seconds
[2025-10-20T18:05:14.295+0000] {processor.py:153} INFO - Started process (PID=955) to work on /home/airflow/.local/lib/python3.7/site-packages/airflow/example_dags/example_local_kubernetes_executor.py
[2025-10-20T18:05:14.295+0000] {processor.py:743} INFO - Processing file /home/airflow/.local/lib/python3.7/site-packages/airflow/example_dags/example_local_kubernetes_executor.py for tasks to queue
[2025-10-20T18:05:14.296+0000] {logging_mixin.py:137} INFO - [2025-10-20T18:05:14.296+0000] {dagbag.py:538} INFO - Filling up the DagBag from /home/airflow/.local/lib/python3.7/site-packages/airflow/example_dags/example_local_kubernetes_executor.py
[2025-10-20T18:05:14.304+0000] {processor.py:753} INFO - DAG(s) dict_keys(['example_local_kubernetes_executor']) retrieved from /home/airflow/.local/lib/python3.7/site-packages/airflow/example_dags/example_local_kubernetes_executor.py
[2025-10-20T18:05:14.316+0000] {logging_mixin.py:137} INFO - [2025-10-20T18:05:14.316+0000] {dag.py:2690} INFO - Sync 1 DAGs
[2025-10-20T18:05:14.326+0000] {logging_mixin.py:137} INFO - [2025-10-20T18:05:14.326+0000] {dag.py:3441} INFO - Setting next_dagrun for example_local_kubernetes_executor to None, run_after=None
[2025-10-20T18:05:14.332+0000] {processor.py:175} INFO - Processing /home/airflow/.local/lib/python3.7/site-packages/airflow/example_dags/example_local_kubernetes_executor.py took 0.039 seconds
[2025-10-20T18:05:44.873+0000] {processor.py:153} INFO - Started process (PID=1030) to work on /home/airflow/.local/lib/python3.7/site-packages/airflow/example_dags/example_local_kubernetes_executor.py
[2025-10-20T18:05:44.874+0000] {processor.py:743} INFO - Processing file /home/airflow/.local/lib/python3.7/site-packages/airflow/example_dags/example_local_kubernetes_executor.py for tasks to queue
[2025-10-20T18:05:44.874+0000] {logging_mixin.py:137} INFO - [2025-10-20T18:05:44.874+0000] {dagbag.py:538} INFO - Filling up the DagBag from /home/airflow/.local/lib/python3.7/site-packages/airflow/example_dags/example_local_kubernetes_executor.py
[2025-10-20T18:05:44.887+0000] {processor.py:753} INFO - DAG(s) dict_keys(['example_local_kubernetes_executor']) retrieved from /home/airflow/.local/lib/python3.7/site-packages/airflow/example_dags/example_local_kubernetes_executor.py
[2025-10-20T18:05:44.902+0000] {logging_mixin.py:137} INFO - [2025-10-20T18:05:44.902+0000] {dag.py:2690} INFO - Sync 1 DAGs
[2025-10-20T18:05:44.913+0000] {logging_mixin.py:137} INFO - [2025-10-20T18:05:44.913+0000] {dag.py:3441} INFO - Setting next_dagrun for example_local_kubernetes_executor to None, run_after=None
[2025-10-20T18:05:44.923+0000] {processor.py:175} INFO - Processing /home/airflow/.local/lib/python3.7/site-packages/airflow/example_dags/example_local_kubernetes_executor.py took 0.051 seconds
[2025-10-20T18:06:14.997+0000] {processor.py:153} INFO - Started process (PID=1123) to work on /home/airflow/.local/lib/python3.7/site-packages/airflow/example_dags/example_local_kubernetes_executor.py
[2025-10-20T18:06:14.999+0000] {processor.py:743} INFO - Processing file /home/airflow/.local/lib/python3.7/site-packages/airflow/example_dags/example_local_kubernetes_executor.py for tasks to queue
[2025-10-20T18:06:14.999+0000] {logging_mixin.py:137} INFO - [2025-10-20T18:06:14.999+0000] {dagbag.py:538} INFO - Filling up the DagBag from /home/airflow/.local/lib/python3.7/site-packages/airflow/example_dags/example_local_kubernetes_executor.py
[2025-10-20T18:06:15.008+0000] {processor.py:753} INFO - DAG(s) dict_keys(['example_local_kubernetes_executor']) retrieved from /home/airflow/.local/lib/python3.7/site-packages/airflow/example_dags/example_local_kubernetes_executor.py
[2025-10-20T18:06:15.018+0000] {logging_mixin.py:137} INFO - [2025-10-20T18:06:15.018+0000] {dag.py:2690} INFO - Sync 1 DAGs
[2025-10-20T18:06:15.027+0000] {logging_mixin.py:137} INFO - [2025-10-20T18:06:15.027+0000] {dag.py:3441} INFO - Setting next_dagrun for example_local_kubernetes_executor to None, run_after=None
[2025-10-20T18:06:15.033+0000] {processor.py:175} INFO - Processing /home/airflow/.local/lib/python3.7/site-packages/airflow/example_dags/example_local_kubernetes_executor.py took 0.038 seconds
[2025-10-20T18:06:45.402+0000] {processor.py:153} INFO - Started process (PID=1216) to work on /home/airflow/.local/lib/python3.7/site-packages/airflow/example_dags/example_local_kubernetes_executor.py
[2025-10-20T18:06:45.403+0000] {processor.py:743} INFO - Processing file /home/airflow/.local/lib/python3.7/site-packages/airflow/example_dags/example_local_kubernetes_executor.py for tasks to queue
[2025-10-20T18:06:45.403+0000] {logging_mixin.py:137} INFO - [2025-10-20T18:06:45.403+0000] {dagbag.py:538} INFO - Filling up the DagBag from /home/airflow/.local/lib/python3.7/site-packages/airflow/example_dags/example_local_kubernetes_executor.py
[2025-10-20T18:06:45.412+0000] {processor.py:753} INFO - DAG(s) dict_keys(['example_local_kubernetes_executor']) retrieved from /home/airflow/.local/lib/python3.7/site-packages/airflow/example_dags/example_local_kubernetes_executor.py
[2025-10-20T18:06:45.423+0000] {logging_mixin.py:137} INFO - [2025-10-20T18:06:45.423+0000] {dag.py:2690} INFO - Sync 1 DAGs
[2025-10-20T18:06:45.433+0000] {logging_mixin.py:137} INFO - [2025-10-20T18:06:45.432+0000] {dag.py:3441} INFO - Setting next_dagrun for example_local_kubernetes_executor to None, run_after=None
[2025-10-20T18:06:45.439+0000] {processor.py:175} INFO - Processing /home/airflow/.local/lib/python3.7/site-packages/airflow/example_dags/example_local_kubernetes_executor.py took 0.038 seconds
[2025-10-20T18:07:15.596+0000] {processor.py:153} INFO - Started process (PID=1309) to work on /home/airflow/.local/lib/python3.7/site-packages/airflow/example_dags/example_local_kubernetes_executor.py
[2025-10-20T18:07:15.596+0000] {processor.py:743} INFO - Processing file /home/airflow/.local/lib/python3.7/site-packages/airflow/example_dags/example_local_kubernetes_executor.py for tasks to queue
[2025-10-20T18:07:15.597+0000] {logging_mixin.py:137} INFO - [2025-10-20T18:07:15.597+0000] {dagbag.py:538} INFO - Filling up the DagBag from /home/airflow/.local/lib/python3.7/site-packages/airflow/example_dags/example_local_kubernetes_executor.py
[2025-10-20T18:07:15.605+0000] {processor.py:753} INFO - DAG(s) dict_keys(['example_local_kubernetes_executor']) retrieved from /home/airflow/.local/lib/python3.7/site-packages/airflow/example_dags/example_local_kubernetes_executor.py
[2025-10-20T18:07:15.614+0000] {logging_mixin.py:137} INFO - [2025-10-20T18:07:15.614+0000] {dag.py:2690} INFO - Sync 1 DAGs
[2025-10-20T18:07:15.622+0000] {logging_mixin.py:137} INFO - [2025-10-20T18:07:15.622+0000] {dag.py:3441} INFO - Setting next_dagrun for example_local_kubernetes_executor to None, run_after=None
[2025-10-20T18:07:15.627+0000] {processor.py:175} INFO - Processing /home/airflow/.local/lib/python3.7/site-packages/airflow/example_dags/example_local_kubernetes_executor.py took 0.033 seconds
[2025-10-20T18:07:45.726+0000] {processor.py:153} INFO - Started process (PID=1384) to work on /home/airflow/.local/lib/python3.7/site-packages/airflow/example_dags/example_local_kubernetes_executor.py
[2025-10-20T18:07:45.727+0000] {processor.py:743} INFO - Processing file /home/airflow/.local/lib/python3.7/site-packages/airflow/example_dags/example_local_kubernetes_executor.py for tasks to queue
[2025-10-20T18:07:45.727+0000] {logging_mixin.py:137} INFO - [2025-10-20T18:07:45.727+0000] {dagbag.py:538} INFO - Filling up the DagBag from /home/airflow/.local/lib/python3.7/site-packages/airflow/example_dags/example_local_kubernetes_executor.py
[2025-10-20T18:07:45.736+0000] {processor.py:753} INFO - DAG(s) dict_keys(['example_local_kubernetes_executor']) retrieved from /home/airflow/.local/lib/python3.7/site-packages/airflow/example_dags/example_local_kubernetes_executor.py
[2025-10-20T18:07:45.746+0000] {logging_mixin.py:137} INFO - [2025-10-20T18:07:45.746+0000] {dag.py:2690} INFO - Sync 1 DAGs
[2025-10-20T18:07:45.755+0000] {logging_mixin.py:137} INFO - [2025-10-20T18:07:45.755+0000] {dag.py:3441} INFO - Setting next_dagrun for example_local_kubernetes_executor to None, run_after=None
[2025-10-20T18:07:45.761+0000] {processor.py:175} INFO - Processing /home/airflow/.local/lib/python3.7/site-packages/airflow/example_dags/example_local_kubernetes_executor.py took 0.036 seconds
[2025-10-20T18:08:16.030+0000] {processor.py:153} INFO - Started process (PID=1477) to work on /home/airflow/.local/lib/python3.7/site-packages/airflow/example_dags/example_local_kubernetes_executor.py
[2025-10-20T18:08:16.031+0000] {processor.py:743} INFO - Processing file /home/airflow/.local/lib/python3.7/site-packages/airflow/example_dags/example_local_kubernetes_executor.py for tasks to queue
[2025-10-20T18:08:16.031+0000] {logging_mixin.py:137} INFO - [2025-10-20T18:08:16.031+0000] {dagbag.py:538} INFO - Filling up the DagBag from /home/airflow/.local/lib/python3.7/site-packages/airflow/example_dags/example_local_kubernetes_executor.py
[2025-10-20T18:08:16.041+0000] {processor.py:753} INFO - DAG(s) dict_keys(['example_local_kubernetes_executor']) retrieved from /home/airflow/.local/lib/python3.7/site-packages/airflow/example_dags/example_local_kubernetes_executor.py
[2025-10-20T18:08:16.051+0000] {logging_mixin.py:137} INFO - [2025-10-20T18:08:16.051+0000] {dag.py:2690} INFO - Sync 1 DAGs
[2025-10-20T18:08:16.060+0000] {logging_mixin.py:137} INFO - [2025-10-20T18:08:16.060+0000] {dag.py:3441} INFO - Setting next_dagrun for example_local_kubernetes_executor to None, run_after=None
[2025-10-20T18:08:16.065+0000] {processor.py:175} INFO - Processing /home/airflow/.local/lib/python3.7/site-packages/airflow/example_dags/example_local_kubernetes_executor.py took 0.036 seconds
[2025-10-20T18:08:46.335+0000] {processor.py:153} INFO - Started process (PID=1570) to work on /home/airflow/.local/lib/python3.7/site-packages/airflow/example_dags/example_local_kubernetes_executor.py
[2025-10-20T18:08:46.335+0000] {processor.py:743} INFO - Processing file /home/airflow/.local/lib/python3.7/site-packages/airflow/example_dags/example_local_kubernetes_executor.py for tasks to queue
[2025-10-20T18:08:46.335+0000] {logging_mixin.py:137} INFO - [2025-10-20T18:08:46.335+0000] {dagbag.py:538} INFO - Filling up the DagBag from /home/airflow/.local/lib/python3.7/site-packages/airflow/example_dags/example_local_kubernetes_executor.py
[2025-10-20T18:08:46.344+0000] {processor.py:753} INFO - DAG(s) dict_keys(['example_local_kubernetes_executor']) retrieved from /home/airflow/.local/lib/python3.7/site-packages/airflow/example_dags/example_local_kubernetes_executor.py
[2025-10-20T18:08:46.355+0000] {logging_mixin.py:137} INFO - [2025-10-20T18:08:46.355+0000] {dag.py:2690} INFO - Sync 1 DAGs
[2025-10-20T18:08:46.365+0000] {logging_mixin.py:137} INFO - [2025-10-20T18:08:46.364+0000] {dag.py:3441} INFO - Setting next_dagrun for example_local_kubernetes_executor to None, run_after=None
[2025-10-20T18:08:46.370+0000] {processor.py:175} INFO - Processing /home/airflow/.local/lib/python3.7/site-packages/airflow/example_dags/example_local_kubernetes_executor.py took 0.037 seconds
