[2025-10-20T18:00:11.072+0000] {processor.py:153} INFO - Started process (PID=51) to work on /home/airflow/.local/lib/python3.7/site-packages/airflow/example_dags/example_trigger_target_dag.py
[2025-10-20T18:00:11.073+0000] {processor.py:743} INFO - Processing file /home/airflow/.local/lib/python3.7/site-packages/airflow/example_dags/example_trigger_target_dag.py for tasks to queue
[2025-10-20T18:00:11.073+0000] {logging_mixin.py:137} INFO - [2025-10-20T18:00:11.073+0000] {dagbag.py:538} INFO - Filling up the DagBag from /home/airflow/.local/lib/python3.7/site-packages/airflow/example_dags/example_trigger_target_dag.py
[2025-10-20T18:00:11.091+0000] {processor.py:753} INFO - DAG(s) dict_keys(['example_trigger_target_dag']) retrieved from /home/airflow/.local/lib/python3.7/site-packages/airflow/example_dags/example_trigger_target_dag.py
[2025-10-20T18:00:11.100+0000] {logging_mixin.py:137} INFO - [2025-10-20T18:00:11.100+0000] {dag.py:2690} INFO - Sync 1 DAGs
[2025-10-20T18:00:11.116+0000] {logging_mixin.py:137} INFO - [2025-10-20T18:00:11.116+0000] {dag.py:3441} INFO - Setting next_dagrun for example_trigger_target_dag to None, run_after=None
[2025-10-20T18:00:11.125+0000] {processor.py:175} INFO - Processing /home/airflow/.local/lib/python3.7/site-packages/airflow/example_dags/example_trigger_target_dag.py took 0.055 seconds
[2025-10-20T18:00:41.557+0000] {processor.py:153} INFO - Started process (PID=144) to work on /home/airflow/.local/lib/python3.7/site-packages/airflow/example_dags/example_trigger_target_dag.py
[2025-10-20T18:00:41.558+0000] {processor.py:743} INFO - Processing file /home/airflow/.local/lib/python3.7/site-packages/airflow/example_dags/example_trigger_target_dag.py for tasks to queue
[2025-10-20T18:00:41.558+0000] {logging_mixin.py:137} INFO - [2025-10-20T18:00:41.558+0000] {dagbag.py:538} INFO - Filling up the DagBag from /home/airflow/.local/lib/python3.7/site-packages/airflow/example_dags/example_trigger_target_dag.py
[2025-10-20T18:00:41.566+0000] {processor.py:753} INFO - DAG(s) dict_keys(['example_trigger_target_dag']) retrieved from /home/airflow/.local/lib/python3.7/site-packages/airflow/example_dags/example_trigger_target_dag.py
[2025-10-20T18:00:41.576+0000] {logging_mixin.py:137} INFO - [2025-10-20T18:00:41.576+0000] {dag.py:2690} INFO - Sync 1 DAGs
[2025-10-20T18:00:41.585+0000] {logging_mixin.py:137} INFO - [2025-10-20T18:00:41.585+0000] {dag.py:3441} INFO - Setting next_dagrun for example_trigger_target_dag to None, run_after=None
[2025-10-20T18:00:41.592+0000] {processor.py:175} INFO - Processing /home/airflow/.local/lib/python3.7/site-packages/airflow/example_dags/example_trigger_target_dag.py took 0.036 seconds
[2025-10-20T18:01:11.882+0000] {processor.py:153} INFO - Started process (PID=228) to work on /home/airflow/.local/lib/python3.7/site-packages/airflow/example_dags/example_trigger_target_dag.py
[2025-10-20T18:01:11.882+0000] {processor.py:743} INFO - Processing file /home/airflow/.local/lib/python3.7/site-packages/airflow/example_dags/example_trigger_target_dag.py for tasks to queue
[2025-10-20T18:01:11.882+0000] {logging_mixin.py:137} INFO - [2025-10-20T18:01:11.882+0000] {dagbag.py:538} INFO - Filling up the DagBag from /home/airflow/.local/lib/python3.7/site-packages/airflow/example_dags/example_trigger_target_dag.py
[2025-10-20T18:01:11.892+0000] {processor.py:753} INFO - DAG(s) dict_keys(['example_trigger_target_dag']) retrieved from /home/airflow/.local/lib/python3.7/site-packages/airflow/example_dags/example_trigger_target_dag.py
[2025-10-20T18:01:11.903+0000] {logging_mixin.py:137} INFO - [2025-10-20T18:01:11.903+0000] {dag.py:2690} INFO - Sync 1 DAGs
[2025-10-20T18:01:11.913+0000] {logging_mixin.py:137} INFO - [2025-10-20T18:01:11.913+0000] {dag.py:3441} INFO - Setting next_dagrun for example_trigger_target_dag to None, run_after=None
[2025-10-20T18:01:11.925+0000] {processor.py:175} INFO - Processing /home/airflow/.local/lib/python3.7/site-packages/airflow/example_dags/example_trigger_target_dag.py took 0.045 seconds
[2025-10-20T18:01:42.374+0000] {processor.py:153} INFO - Started process (PID=312) to work on /home/airflow/.local/lib/python3.7/site-packages/airflow/example_dags/example_trigger_target_dag.py
[2025-10-20T18:01:42.375+0000] {processor.py:743} INFO - Processing file /home/airflow/.local/lib/python3.7/site-packages/airflow/example_dags/example_trigger_target_dag.py for tasks to queue
[2025-10-20T18:01:42.375+0000] {logging_mixin.py:137} INFO - [2025-10-20T18:01:42.375+0000] {dagbag.py:538} INFO - Filling up the DagBag from /home/airflow/.local/lib/python3.7/site-packages/airflow/example_dags/example_trigger_target_dag.py
[2025-10-20T18:01:42.383+0000] {processor.py:753} INFO - DAG(s) dict_keys(['example_trigger_target_dag']) retrieved from /home/airflow/.local/lib/python3.7/site-packages/airflow/example_dags/example_trigger_target_dag.py
[2025-10-20T18:01:42.395+0000] {logging_mixin.py:137} INFO - [2025-10-20T18:01:42.394+0000] {dag.py:2690} INFO - Sync 1 DAGs
[2025-10-20T18:01:42.410+0000] {logging_mixin.py:137} INFO - [2025-10-20T18:01:42.410+0000] {dag.py:3441} INFO - Setting next_dagrun for example_trigger_target_dag to None, run_after=None
[2025-10-20T18:01:42.417+0000] {processor.py:175} INFO - Processing /home/airflow/.local/lib/python3.7/site-packages/airflow/example_dags/example_trigger_target_dag.py took 0.044 seconds
[2025-10-20T18:02:12.573+0000] {processor.py:153} INFO - Started process (PID=405) to work on /home/airflow/.local/lib/python3.7/site-packages/airflow/example_dags/example_trigger_target_dag.py
[2025-10-20T18:02:12.573+0000] {processor.py:743} INFO - Processing file /home/airflow/.local/lib/python3.7/site-packages/airflow/example_dags/example_trigger_target_dag.py for tasks to queue
[2025-10-20T18:02:12.573+0000] {logging_mixin.py:137} INFO - [2025-10-20T18:02:12.573+0000] {dagbag.py:538} INFO - Filling up the DagBag from /home/airflow/.local/lib/python3.7/site-packages/airflow/example_dags/example_trigger_target_dag.py
[2025-10-20T18:02:12.581+0000] {processor.py:753} INFO - DAG(s) dict_keys(['example_trigger_target_dag']) retrieved from /home/airflow/.local/lib/python3.7/site-packages/airflow/example_dags/example_trigger_target_dag.py
[2025-10-20T18:02:12.590+0000] {logging_mixin.py:137} INFO - [2025-10-20T18:02:12.590+0000] {dag.py:2690} INFO - Sync 1 DAGs
[2025-10-20T18:02:12.598+0000] {logging_mixin.py:137} INFO - [2025-10-20T18:02:12.598+0000] {dag.py:3441} INFO - Setting next_dagrun for example_trigger_target_dag to None, run_after=None
[2025-10-20T18:02:12.604+0000] {processor.py:175} INFO - Processing /home/airflow/.local/lib/python3.7/site-packages/airflow/example_dags/example_trigger_target_dag.py took 0.032 seconds
[2025-10-20T18:02:42.757+0000] {processor.py:153} INFO - Started process (PID=498) to work on /home/airflow/.local/lib/python3.7/site-packages/airflow/example_dags/example_trigger_target_dag.py
[2025-10-20T18:02:42.757+0000] {processor.py:743} INFO - Processing file /home/airflow/.local/lib/python3.7/site-packages/airflow/example_dags/example_trigger_target_dag.py for tasks to queue
[2025-10-20T18:02:42.757+0000] {logging_mixin.py:137} INFO - [2025-10-20T18:02:42.757+0000] {dagbag.py:538} INFO - Filling up the DagBag from /home/airflow/.local/lib/python3.7/site-packages/airflow/example_dags/example_trigger_target_dag.py
[2025-10-20T18:02:42.765+0000] {processor.py:753} INFO - DAG(s) dict_keys(['example_trigger_target_dag']) retrieved from /home/airflow/.local/lib/python3.7/site-packages/airflow/example_dags/example_trigger_target_dag.py
[2025-10-20T18:02:42.774+0000] {logging_mixin.py:137} INFO - [2025-10-20T18:02:42.774+0000] {dag.py:2690} INFO - Sync 1 DAGs
[2025-10-20T18:02:42.784+0000] {logging_mixin.py:137} INFO - [2025-10-20T18:02:42.784+0000] {dag.py:3441} INFO - Setting next_dagrun for example_trigger_target_dag to None, run_after=None
[2025-10-20T18:02:42.792+0000] {processor.py:175} INFO - Processing /home/airflow/.local/lib/python3.7/site-packages/airflow/example_dags/example_trigger_target_dag.py took 0.037 seconds
[2025-10-20T18:03:13.069+0000] {processor.py:153} INFO - Started process (PID=590) to work on /home/airflow/.local/lib/python3.7/site-packages/airflow/example_dags/example_trigger_target_dag.py
[2025-10-20T18:03:13.069+0000] {processor.py:743} INFO - Processing file /home/airflow/.local/lib/python3.7/site-packages/airflow/example_dags/example_trigger_target_dag.py for tasks to queue
[2025-10-20T18:03:13.069+0000] {logging_mixin.py:137} INFO - [2025-10-20T18:03:13.069+0000] {dagbag.py:538} INFO - Filling up the DagBag from /home/airflow/.local/lib/python3.7/site-packages/airflow/example_dags/example_trigger_target_dag.py
[2025-10-20T18:03:13.078+0000] {processor.py:753} INFO - DAG(s) dict_keys(['example_trigger_target_dag']) retrieved from /home/airflow/.local/lib/python3.7/site-packages/airflow/example_dags/example_trigger_target_dag.py
[2025-10-20T18:03:13.090+0000] {logging_mixin.py:137} INFO - [2025-10-20T18:03:13.090+0000] {dag.py:2690} INFO - Sync 1 DAGs
[2025-10-20T18:03:13.101+0000] {logging_mixin.py:137} INFO - [2025-10-20T18:03:13.101+0000] {dag.py:3441} INFO - Setting next_dagrun for example_trigger_target_dag to None, run_after=None
[2025-10-20T18:03:13.110+0000] {processor.py:175} INFO - Processing /home/airflow/.local/lib/python3.7/site-packages/airflow/example_dags/example_trigger_target_dag.py took 0.042 seconds
[2025-10-20T18:03:43.310+0000] {processor.py:153} INFO - Started process (PID=665) to work on /home/airflow/.local/lib/python3.7/site-packages/airflow/example_dags/example_trigger_target_dag.py
[2025-10-20T18:03:43.311+0000] {processor.py:743} INFO - Processing file /home/airflow/.local/lib/python3.7/site-packages/airflow/example_dags/example_trigger_target_dag.py for tasks to queue
[2025-10-20T18:03:43.311+0000] {logging_mixin.py:137} INFO - [2025-10-20T18:03:43.311+0000] {dagbag.py:538} INFO - Filling up the DagBag from /home/airflow/.local/lib/python3.7/site-packages/airflow/example_dags/example_trigger_target_dag.py
[2025-10-20T18:03:43.318+0000] {processor.py:753} INFO - DAG(s) dict_keys(['example_trigger_target_dag']) retrieved from /home/airflow/.local/lib/python3.7/site-packages/airflow/example_dags/example_trigger_target_dag.py
[2025-10-20T18:03:43.328+0000] {logging_mixin.py:137} INFO - [2025-10-20T18:03:43.328+0000] {dag.py:2690} INFO - Sync 1 DAGs
[2025-10-20T18:03:43.336+0000] {logging_mixin.py:137} INFO - [2025-10-20T18:03:43.336+0000] {dag.py:3441} INFO - Setting next_dagrun for example_trigger_target_dag to None, run_after=None
[2025-10-20T18:03:43.342+0000] {processor.py:175} INFO - Processing /home/airflow/.local/lib/python3.7/site-packages/airflow/example_dags/example_trigger_target_dag.py took 0.033 seconds
[2025-10-20T18:04:13.544+0000] {processor.py:153} INFO - Started process (PID=758) to work on /home/airflow/.local/lib/python3.7/site-packages/airflow/example_dags/example_trigger_target_dag.py
[2025-10-20T18:04:13.544+0000] {processor.py:743} INFO - Processing file /home/airflow/.local/lib/python3.7/site-packages/airflow/example_dags/example_trigger_target_dag.py for tasks to queue
[2025-10-20T18:04:13.545+0000] {logging_mixin.py:137} INFO - [2025-10-20T18:04:13.545+0000] {dagbag.py:538} INFO - Filling up the DagBag from /home/airflow/.local/lib/python3.7/site-packages/airflow/example_dags/example_trigger_target_dag.py
[2025-10-20T18:04:13.552+0000] {processor.py:753} INFO - DAG(s) dict_keys(['example_trigger_target_dag']) retrieved from /home/airflow/.local/lib/python3.7/site-packages/airflow/example_dags/example_trigger_target_dag.py
[2025-10-20T18:04:13.561+0000] {logging_mixin.py:137} INFO - [2025-10-20T18:04:13.561+0000] {dag.py:2690} INFO - Sync 1 DAGs
[2025-10-20T18:04:13.569+0000] {logging_mixin.py:137} INFO - [2025-10-20T18:04:13.569+0000] {dag.py:3441} INFO - Setting next_dagrun for example_trigger_target_dag to None, run_after=None
[2025-10-20T18:04:13.576+0000] {processor.py:175} INFO - Processing /home/airflow/.local/lib/python3.7/site-packages/airflow/example_dags/example_trigger_target_dag.py took 0.033 seconds
[2025-10-20T18:04:43.818+0000] {processor.py:153} INFO - Started process (PID=851) to work on /home/airflow/.local/lib/python3.7/site-packages/airflow/example_dags/example_trigger_target_dag.py
[2025-10-20T18:04:43.818+0000] {processor.py:743} INFO - Processing file /home/airflow/.local/lib/python3.7/site-packages/airflow/example_dags/example_trigger_target_dag.py for tasks to queue
[2025-10-20T18:04:43.819+0000] {logging_mixin.py:137} INFO - [2025-10-20T18:04:43.819+0000] {dagbag.py:538} INFO - Filling up the DagBag from /home/airflow/.local/lib/python3.7/site-packages/airflow/example_dags/example_trigger_target_dag.py
[2025-10-20T18:04:43.826+0000] {processor.py:753} INFO - DAG(s) dict_keys(['example_trigger_target_dag']) retrieved from /home/airflow/.local/lib/python3.7/site-packages/airflow/example_dags/example_trigger_target_dag.py
[2025-10-20T18:04:43.834+0000] {logging_mixin.py:137} INFO - [2025-10-20T18:04:43.834+0000] {dag.py:2690} INFO - Sync 1 DAGs
[2025-10-20T18:04:43.843+0000] {logging_mixin.py:137} INFO - [2025-10-20T18:04:43.843+0000] {dag.py:3441} INFO - Setting next_dagrun for example_trigger_target_dag to None, run_after=None
[2025-10-20T18:04:43.848+0000] {processor.py:175} INFO - Processing /home/airflow/.local/lib/python3.7/site-packages/airflow/example_dags/example_trigger_target_dag.py took 0.031 seconds
[2025-10-20T18:05:14.051+0000] {processor.py:153} INFO - Started process (PID=944) to work on /home/airflow/.local/lib/python3.7/site-packages/airflow/example_dags/example_trigger_target_dag.py
[2025-10-20T18:05:14.052+0000] {processor.py:743} INFO - Processing file /home/airflow/.local/lib/python3.7/site-packages/airflow/example_dags/example_trigger_target_dag.py for tasks to queue
[2025-10-20T18:05:14.052+0000] {logging_mixin.py:137} INFO - [2025-10-20T18:05:14.052+0000] {dagbag.py:538} INFO - Filling up the DagBag from /home/airflow/.local/lib/python3.7/site-packages/airflow/example_dags/example_trigger_target_dag.py
[2025-10-20T18:05:14.060+0000] {processor.py:753} INFO - DAG(s) dict_keys(['example_trigger_target_dag']) retrieved from /home/airflow/.local/lib/python3.7/site-packages/airflow/example_dags/example_trigger_target_dag.py
[2025-10-20T18:05:14.070+0000] {logging_mixin.py:137} INFO - [2025-10-20T18:05:14.070+0000] {dag.py:2690} INFO - Sync 1 DAGs
[2025-10-20T18:05:14.078+0000] {logging_mixin.py:137} INFO - [2025-10-20T18:05:14.078+0000] {dag.py:3441} INFO - Setting next_dagrun for example_trigger_target_dag to None, run_after=None
[2025-10-20T18:05:14.084+0000] {processor.py:175} INFO - Processing /home/airflow/.local/lib/python3.7/site-packages/airflow/example_dags/example_trigger_target_dag.py took 0.034 seconds
[2025-10-20T18:05:44.540+0000] {processor.py:153} INFO - Started process (PID=1019) to work on /home/airflow/.local/lib/python3.7/site-packages/airflow/example_dags/example_trigger_target_dag.py
[2025-10-20T18:05:44.542+0000] {processor.py:743} INFO - Processing file /home/airflow/.local/lib/python3.7/site-packages/airflow/example_dags/example_trigger_target_dag.py for tasks to queue
[2025-10-20T18:05:44.542+0000] {logging_mixin.py:137} INFO - [2025-10-20T18:05:44.542+0000] {dagbag.py:538} INFO - Filling up the DagBag from /home/airflow/.local/lib/python3.7/site-packages/airflow/example_dags/example_trigger_target_dag.py
[2025-10-20T18:05:44.554+0000] {processor.py:753} INFO - DAG(s) dict_keys(['example_trigger_target_dag']) retrieved from /home/airflow/.local/lib/python3.7/site-packages/airflow/example_dags/example_trigger_target_dag.py
[2025-10-20T18:05:44.567+0000] {logging_mixin.py:137} INFO - [2025-10-20T18:05:44.567+0000] {dag.py:2690} INFO - Sync 1 DAGs
[2025-10-20T18:05:44.578+0000] {logging_mixin.py:137} INFO - [2025-10-20T18:05:44.578+0000] {dag.py:3441} INFO - Setting next_dagrun for example_trigger_target_dag to None, run_after=None
[2025-10-20T18:05:44.586+0000] {processor.py:175} INFO - Processing /home/airflow/.local/lib/python3.7/site-packages/airflow/example_dags/example_trigger_target_dag.py took 0.048 seconds
[2025-10-20T18:06:14.720+0000] {processor.py:153} INFO - Started process (PID=1112) to work on /home/airflow/.local/lib/python3.7/site-packages/airflow/example_dags/example_trigger_target_dag.py
[2025-10-20T18:06:14.720+0000] {processor.py:743} INFO - Processing file /home/airflow/.local/lib/python3.7/site-packages/airflow/example_dags/example_trigger_target_dag.py for tasks to queue
[2025-10-20T18:06:14.720+0000] {logging_mixin.py:137} INFO - [2025-10-20T18:06:14.720+0000] {dagbag.py:538} INFO - Filling up the DagBag from /home/airflow/.local/lib/python3.7/site-packages/airflow/example_dags/example_trigger_target_dag.py
[2025-10-20T18:06:14.728+0000] {processor.py:753} INFO - DAG(s) dict_keys(['example_trigger_target_dag']) retrieved from /home/airflow/.local/lib/python3.7/site-packages/airflow/example_dags/example_trigger_target_dag.py
[2025-10-20T18:06:14.737+0000] {logging_mixin.py:137} INFO - [2025-10-20T18:06:14.737+0000] {dag.py:2690} INFO - Sync 1 DAGs
[2025-10-20T18:06:14.745+0000] {logging_mixin.py:137} INFO - [2025-10-20T18:06:14.745+0000] {dag.py:3441} INFO - Setting next_dagrun for example_trigger_target_dag to None, run_after=None
[2025-10-20T18:06:14.751+0000] {processor.py:175} INFO - Processing /home/airflow/.local/lib/python3.7/site-packages/airflow/example_dags/example_trigger_target_dag.py took 0.032 seconds
[2025-10-20T18:06:44.995+0000] {processor.py:153} INFO - Started process (PID=1205) to work on /home/airflow/.local/lib/python3.7/site-packages/airflow/example_dags/example_trigger_target_dag.py
[2025-10-20T18:06:44.996+0000] {processor.py:743} INFO - Processing file /home/airflow/.local/lib/python3.7/site-packages/airflow/example_dags/example_trigger_target_dag.py for tasks to queue
[2025-10-20T18:06:44.996+0000] {logging_mixin.py:137} INFO - [2025-10-20T18:06:44.996+0000] {dagbag.py:538} INFO - Filling up the DagBag from /home/airflow/.local/lib/python3.7/site-packages/airflow/example_dags/example_trigger_target_dag.py
[2025-10-20T18:06:45.006+0000] {processor.py:753} INFO - DAG(s) dict_keys(['example_trigger_target_dag']) retrieved from /home/airflow/.local/lib/python3.7/site-packages/airflow/example_dags/example_trigger_target_dag.py
[2025-10-20T18:06:45.018+0000] {logging_mixin.py:137} INFO - [2025-10-20T18:06:45.018+0000] {dag.py:2690} INFO - Sync 1 DAGs
[2025-10-20T18:06:45.033+0000] {logging_mixin.py:137} INFO - [2025-10-20T18:06:45.033+0000] {dag.py:3441} INFO - Setting next_dagrun for example_trigger_target_dag to None, run_after=None
[2025-10-20T18:06:45.042+0000] {processor.py:175} INFO - Processing /home/airflow/.local/lib/python3.7/site-packages/airflow/example_dags/example_trigger_target_dag.py took 0.048 seconds
[2025-10-20T18:07:15.312+0000] {processor.py:153} INFO - Started process (PID=1298) to work on /home/airflow/.local/lib/python3.7/site-packages/airflow/example_dags/example_trigger_target_dag.py
[2025-10-20T18:07:15.313+0000] {processor.py:743} INFO - Processing file /home/airflow/.local/lib/python3.7/site-packages/airflow/example_dags/example_trigger_target_dag.py for tasks to queue
[2025-10-20T18:07:15.313+0000] {logging_mixin.py:137} INFO - [2025-10-20T18:07:15.313+0000] {dagbag.py:538} INFO - Filling up the DagBag from /home/airflow/.local/lib/python3.7/site-packages/airflow/example_dags/example_trigger_target_dag.py
[2025-10-20T18:07:15.320+0000] {processor.py:753} INFO - DAG(s) dict_keys(['example_trigger_target_dag']) retrieved from /home/airflow/.local/lib/python3.7/site-packages/airflow/example_dags/example_trigger_target_dag.py
[2025-10-20T18:07:15.329+0000] {logging_mixin.py:137} INFO - [2025-10-20T18:07:15.329+0000] {dag.py:2690} INFO - Sync 1 DAGs
[2025-10-20T18:07:15.337+0000] {logging_mixin.py:137} INFO - [2025-10-20T18:07:15.337+0000] {dag.py:3441} INFO - Setting next_dagrun for example_trigger_target_dag to None, run_after=None
[2025-10-20T18:07:15.343+0000] {processor.py:175} INFO - Processing /home/airflow/.local/lib/python3.7/site-packages/airflow/example_dags/example_trigger_target_dag.py took 0.032 seconds
[2025-10-20T18:07:45.477+0000] {processor.py:153} INFO - Started process (PID=1373) to work on /home/airflow/.local/lib/python3.7/site-packages/airflow/example_dags/example_trigger_target_dag.py
[2025-10-20T18:07:45.477+0000] {processor.py:743} INFO - Processing file /home/airflow/.local/lib/python3.7/site-packages/airflow/example_dags/example_trigger_target_dag.py for tasks to queue
[2025-10-20T18:07:45.478+0000] {logging_mixin.py:137} INFO - [2025-10-20T18:07:45.478+0000] {dagbag.py:538} INFO - Filling up the DagBag from /home/airflow/.local/lib/python3.7/site-packages/airflow/example_dags/example_trigger_target_dag.py
[2025-10-20T18:07:45.486+0000] {processor.py:753} INFO - DAG(s) dict_keys(['example_trigger_target_dag']) retrieved from /home/airflow/.local/lib/python3.7/site-packages/airflow/example_dags/example_trigger_target_dag.py
[2025-10-20T18:07:45.495+0000] {logging_mixin.py:137} INFO - [2025-10-20T18:07:45.495+0000] {dag.py:2690} INFO - Sync 1 DAGs
[2025-10-20T18:07:45.503+0000] {logging_mixin.py:137} INFO - [2025-10-20T18:07:45.503+0000] {dag.py:3441} INFO - Setting next_dagrun for example_trigger_target_dag to None, run_after=None
[2025-10-20T18:07:45.509+0000] {processor.py:175} INFO - Processing /home/airflow/.local/lib/python3.7/site-packages/airflow/example_dags/example_trigger_target_dag.py took 0.033 seconds
[2025-10-20T18:08:15.761+0000] {processor.py:153} INFO - Started process (PID=1466) to work on /home/airflow/.local/lib/python3.7/site-packages/airflow/example_dags/example_trigger_target_dag.py
[2025-10-20T18:08:15.761+0000] {processor.py:743} INFO - Processing file /home/airflow/.local/lib/python3.7/site-packages/airflow/example_dags/example_trigger_target_dag.py for tasks to queue
[2025-10-20T18:08:15.762+0000] {logging_mixin.py:137} INFO - [2025-10-20T18:08:15.762+0000] {dagbag.py:538} INFO - Filling up the DagBag from /home/airflow/.local/lib/python3.7/site-packages/airflow/example_dags/example_trigger_target_dag.py
[2025-10-20T18:08:15.770+0000] {processor.py:753} INFO - DAG(s) dict_keys(['example_trigger_target_dag']) retrieved from /home/airflow/.local/lib/python3.7/site-packages/airflow/example_dags/example_trigger_target_dag.py
[2025-10-20T18:08:15.782+0000] {logging_mixin.py:137} INFO - [2025-10-20T18:08:15.782+0000] {dag.py:2690} INFO - Sync 1 DAGs
[2025-10-20T18:08:15.791+0000] {logging_mixin.py:137} INFO - [2025-10-20T18:08:15.791+0000] {dag.py:3441} INFO - Setting next_dagrun for example_trigger_target_dag to None, run_after=None
[2025-10-20T18:08:15.798+0000] {processor.py:175} INFO - Processing /home/airflow/.local/lib/python3.7/site-packages/airflow/example_dags/example_trigger_target_dag.py took 0.038 seconds
[2025-10-20T18:08:46.052+0000] {processor.py:153} INFO - Started process (PID=1559) to work on /home/airflow/.local/lib/python3.7/site-packages/airflow/example_dags/example_trigger_target_dag.py
[2025-10-20T18:08:46.053+0000] {processor.py:743} INFO - Processing file /home/airflow/.local/lib/python3.7/site-packages/airflow/example_dags/example_trigger_target_dag.py for tasks to queue
[2025-10-20T18:08:46.053+0000] {logging_mixin.py:137} INFO - [2025-10-20T18:08:46.053+0000] {dagbag.py:538} INFO - Filling up the DagBag from /home/airflow/.local/lib/python3.7/site-packages/airflow/example_dags/example_trigger_target_dag.py
[2025-10-20T18:08:46.061+0000] {processor.py:753} INFO - DAG(s) dict_keys(['example_trigger_target_dag']) retrieved from /home/airflow/.local/lib/python3.7/site-packages/airflow/example_dags/example_trigger_target_dag.py
[2025-10-20T18:08:46.070+0000] {logging_mixin.py:137} INFO - [2025-10-20T18:08:46.070+0000] {dag.py:2690} INFO - Sync 1 DAGs
[2025-10-20T18:08:46.078+0000] {logging_mixin.py:137} INFO - [2025-10-20T18:08:46.078+0000] {dag.py:3441} INFO - Setting next_dagrun for example_trigger_target_dag to None, run_after=None
[2025-10-20T18:08:46.084+0000] {processor.py:175} INFO - Processing /home/airflow/.local/lib/python3.7/site-packages/airflow/example_dags/example_trigger_target_dag.py took 0.032 seconds
