[2025-10-20T18:00:11.524+0000] {processor.py:153} INFO - Started process (PID=64) to work on /home/airflow/.local/lib/python3.7/site-packages/airflow/example_dags/example_xcomargs.py
[2025-10-20T18:00:11.525+0000] {processor.py:743} INFO - Processing file /home/airflow/.local/lib/python3.7/site-packages/airflow/example_dags/example_xcomargs.py for tasks to queue
[2025-10-20T18:00:11.527+0000] {logging_mixin.py:137} INFO - [2025-10-20T18:00:11.527+0000] {dagbag.py:538} INFO - Filling up the DagBag from /home/airflow/.local/lib/python3.7/site-packages/airflow/example_dags/example_xcomargs.py
[2025-10-20T18:00:11.539+0000] {processor.py:753} INFO - DAG(s) dict_keys(['example_xcom_args_with_operators', 'example_xcom_args']) retrieved from /home/airflow/.local/lib/python3.7/site-packages/airflow/example_dags/example_xcomargs.py
[2025-10-20T18:00:11.550+0000] {logging_mixin.py:137} INFO - [2025-10-20T18:00:11.550+0000] {dag.py:2690} INFO - Sync 2 DAGs
[2025-10-20T18:00:11.568+0000] {logging_mixin.py:137} INFO - [2025-10-20T18:00:11.568+0000] {dag.py:3441} INFO - Setting next_dagrun for example_xcom_args to None, run_after=None
[2025-10-20T18:00:11.570+0000] {logging_mixin.py:137} INFO - [2025-10-20T18:00:11.570+0000] {dag.py:3441} INFO - Setting next_dagrun for example_xcom_args_with_operators to None, run_after=None
[2025-10-20T18:00:11.578+0000] {processor.py:175} INFO - Processing /home/airflow/.local/lib/python3.7/site-packages/airflow/example_dags/example_xcomargs.py took 0.056 seconds
[2025-10-20T18:00:41.863+0000] {processor.py:153} INFO - Started process (PID=157) to work on /home/airflow/.local/lib/python3.7/site-packages/airflow/example_dags/example_xcomargs.py
[2025-10-20T18:00:41.863+0000] {processor.py:743} INFO - Processing file /home/airflow/.local/lib/python3.7/site-packages/airflow/example_dags/example_xcomargs.py for tasks to queue
[2025-10-20T18:00:41.863+0000] {logging_mixin.py:137} INFO - [2025-10-20T18:00:41.863+0000] {dagbag.py:538} INFO - Filling up the DagBag from /home/airflow/.local/lib/python3.7/site-packages/airflow/example_dags/example_xcomargs.py
[2025-10-20T18:00:41.872+0000] {processor.py:753} INFO - DAG(s) dict_keys(['example_xcom_args_with_operators', 'example_xcom_args']) retrieved from /home/airflow/.local/lib/python3.7/site-packages/airflow/example_dags/example_xcomargs.py
[2025-10-20T18:00:41.883+0000] {logging_mixin.py:137} INFO - [2025-10-20T18:00:41.883+0000] {dag.py:2690} INFO - Sync 2 DAGs
[2025-10-20T18:00:41.893+0000] {logging_mixin.py:137} INFO - [2025-10-20T18:00:41.893+0000] {dag.py:3441} INFO - Setting next_dagrun for example_xcom_args to None, run_after=None
[2025-10-20T18:00:41.894+0000] {logging_mixin.py:137} INFO - [2025-10-20T18:00:41.894+0000] {dag.py:3441} INFO - Setting next_dagrun for example_xcom_args_with_operators to None, run_after=None
[2025-10-20T18:00:41.900+0000] {processor.py:175} INFO - Processing /home/airflow/.local/lib/python3.7/site-packages/airflow/example_dags/example_xcomargs.py took 0.039 seconds
[2025-10-20T18:01:12.398+0000] {processor.py:153} INFO - Started process (PID=250) to work on /home/airflow/.local/lib/python3.7/site-packages/airflow/example_dags/example_xcomargs.py
[2025-10-20T18:01:12.399+0000] {processor.py:743} INFO - Processing file /home/airflow/.local/lib/python3.7/site-packages/airflow/example_dags/example_xcomargs.py for tasks to queue
[2025-10-20T18:01:12.399+0000] {logging_mixin.py:137} INFO - [2025-10-20T18:01:12.399+0000] {dagbag.py:538} INFO - Filling up the DagBag from /home/airflow/.local/lib/python3.7/site-packages/airflow/example_dags/example_xcomargs.py
[2025-10-20T18:01:12.410+0000] {processor.py:753} INFO - DAG(s) dict_keys(['example_xcom_args', 'example_xcom_args_with_operators']) retrieved from /home/airflow/.local/lib/python3.7/site-packages/airflow/example_dags/example_xcomargs.py
[2025-10-20T18:01:12.424+0000] {logging_mixin.py:137} INFO - [2025-10-20T18:01:12.424+0000] {dag.py:2690} INFO - Sync 2 DAGs
[2025-10-20T18:01:12.434+0000] {logging_mixin.py:137} INFO - [2025-10-20T18:01:12.434+0000] {dag.py:3441} INFO - Setting next_dagrun for example_xcom_args to None, run_after=None
[2025-10-20T18:01:12.438+0000] {logging_mixin.py:137} INFO - [2025-10-20T18:01:12.437+0000] {dag.py:3441} INFO - Setting next_dagrun for example_xcom_args_with_operators to None, run_after=None
[2025-10-20T18:01:12.445+0000] {processor.py:175} INFO - Processing /home/airflow/.local/lib/python3.7/site-packages/airflow/example_dags/example_xcomargs.py took 0.049 seconds
[2025-10-20T18:01:42.687+0000] {processor.py:153} INFO - Started process (PID=325) to work on /home/airflow/.local/lib/python3.7/site-packages/airflow/example_dags/example_xcomargs.py
[2025-10-20T18:01:42.687+0000] {processor.py:743} INFO - Processing file /home/airflow/.local/lib/python3.7/site-packages/airflow/example_dags/example_xcomargs.py for tasks to queue
[2025-10-20T18:01:42.688+0000] {logging_mixin.py:137} INFO - [2025-10-20T18:01:42.688+0000] {dagbag.py:538} INFO - Filling up the DagBag from /home/airflow/.local/lib/python3.7/site-packages/airflow/example_dags/example_xcomargs.py
[2025-10-20T18:01:42.697+0000] {processor.py:753} INFO - DAG(s) dict_keys(['example_xcom_args_with_operators', 'example_xcom_args']) retrieved from /home/airflow/.local/lib/python3.7/site-packages/airflow/example_dags/example_xcomargs.py
[2025-10-20T18:01:42.709+0000] {logging_mixin.py:137} INFO - [2025-10-20T18:01:42.708+0000] {dag.py:2690} INFO - Sync 2 DAGs
[2025-10-20T18:01:42.717+0000] {logging_mixin.py:137} INFO - [2025-10-20T18:01:42.717+0000] {dag.py:3441} INFO - Setting next_dagrun for example_xcom_args to None, run_after=None
[2025-10-20T18:01:42.718+0000] {logging_mixin.py:137} INFO - [2025-10-20T18:01:42.718+0000] {dag.py:3441} INFO - Setting next_dagrun for example_xcom_args_with_operators to None, run_after=None
[2025-10-20T18:01:42.724+0000] {processor.py:175} INFO - Processing /home/airflow/.local/lib/python3.7/site-packages/airflow/example_dags/example_xcomargs.py took 0.038 seconds
[2025-10-20T18:02:12.910+0000] {processor.py:153} INFO - Started process (PID=418) to work on /home/airflow/.local/lib/python3.7/site-packages/airflow/example_dags/example_xcomargs.py
[2025-10-20T18:02:12.910+0000] {processor.py:743} INFO - Processing file /home/airflow/.local/lib/python3.7/site-packages/airflow/example_dags/example_xcomargs.py for tasks to queue
[2025-10-20T18:02:12.911+0000] {logging_mixin.py:137} INFO - [2025-10-20T18:02:12.911+0000] {dagbag.py:538} INFO - Filling up the DagBag from /home/airflow/.local/lib/python3.7/site-packages/airflow/example_dags/example_xcomargs.py
[2025-10-20T18:02:12.920+0000] {processor.py:753} INFO - DAG(s) dict_keys(['example_xcom_args', 'example_xcom_args_with_operators']) retrieved from /home/airflow/.local/lib/python3.7/site-packages/airflow/example_dags/example_xcomargs.py
[2025-10-20T18:02:12.931+0000] {logging_mixin.py:137} INFO - [2025-10-20T18:02:12.931+0000] {dag.py:2690} INFO - Sync 2 DAGs
[2025-10-20T18:02:12.941+0000] {logging_mixin.py:137} INFO - [2025-10-20T18:02:12.941+0000] {dag.py:3441} INFO - Setting next_dagrun for example_xcom_args to None, run_after=None
[2025-10-20T18:02:12.942+0000] {logging_mixin.py:137} INFO - [2025-10-20T18:02:12.942+0000] {dag.py:3441} INFO - Setting next_dagrun for example_xcom_args_with_operators to None, run_after=None
[2025-10-20T18:02:12.948+0000] {processor.py:175} INFO - Processing /home/airflow/.local/lib/python3.7/site-packages/airflow/example_dags/example_xcomargs.py took 0.039 seconds
[2025-10-20T18:02:43.077+0000] {processor.py:153} INFO - Started process (PID=511) to work on /home/airflow/.local/lib/python3.7/site-packages/airflow/example_dags/example_xcomargs.py
[2025-10-20T18:02:43.077+0000] {processor.py:743} INFO - Processing file /home/airflow/.local/lib/python3.7/site-packages/airflow/example_dags/example_xcomargs.py for tasks to queue
[2025-10-20T18:02:43.078+0000] {logging_mixin.py:137} INFO - [2025-10-20T18:02:43.077+0000] {dagbag.py:538} INFO - Filling up the DagBag from /home/airflow/.local/lib/python3.7/site-packages/airflow/example_dags/example_xcomargs.py
[2025-10-20T18:02:43.086+0000] {processor.py:753} INFO - DAG(s) dict_keys(['example_xcom_args_with_operators', 'example_xcom_args']) retrieved from /home/airflow/.local/lib/python3.7/site-packages/airflow/example_dags/example_xcomargs.py
[2025-10-20T18:02:43.096+0000] {logging_mixin.py:137} INFO - [2025-10-20T18:02:43.096+0000] {dag.py:2690} INFO - Sync 2 DAGs
[2025-10-20T18:02:43.104+0000] {logging_mixin.py:137} INFO - [2025-10-20T18:02:43.104+0000] {dag.py:3441} INFO - Setting next_dagrun for example_xcom_args to None, run_after=None
[2025-10-20T18:02:43.105+0000] {logging_mixin.py:137} INFO - [2025-10-20T18:02:43.105+0000] {dag.py:3441} INFO - Setting next_dagrun for example_xcom_args_with_operators to None, run_after=None
[2025-10-20T18:02:43.111+0000] {processor.py:175} INFO - Processing /home/airflow/.local/lib/python3.7/site-packages/airflow/example_dags/example_xcomargs.py took 0.035 seconds
[2025-10-20T18:03:13.412+0000] {processor.py:153} INFO - Started process (PID=603) to work on /home/airflow/.local/lib/python3.7/site-packages/airflow/example_dags/example_xcomargs.py
[2025-10-20T18:03:13.412+0000] {processor.py:743} INFO - Processing file /home/airflow/.local/lib/python3.7/site-packages/airflow/example_dags/example_xcomargs.py for tasks to queue
[2025-10-20T18:03:13.413+0000] {logging_mixin.py:137} INFO - [2025-10-20T18:03:13.413+0000] {dagbag.py:538} INFO - Filling up the DagBag from /home/airflow/.local/lib/python3.7/site-packages/airflow/example_dags/example_xcomargs.py
[2025-10-20T18:03:13.422+0000] {processor.py:753} INFO - DAG(s) dict_keys(['example_xcom_args_with_operators', 'example_xcom_args']) retrieved from /home/airflow/.local/lib/python3.7/site-packages/airflow/example_dags/example_xcomargs.py
[2025-10-20T18:03:13.434+0000] {logging_mixin.py:137} INFO - [2025-10-20T18:03:13.434+0000] {dag.py:2690} INFO - Sync 2 DAGs
[2025-10-20T18:03:13.443+0000] {logging_mixin.py:137} INFO - [2025-10-20T18:03:13.443+0000] {dag.py:3441} INFO - Setting next_dagrun for example_xcom_args to None, run_after=None
[2025-10-20T18:03:13.445+0000] {logging_mixin.py:137} INFO - [2025-10-20T18:03:13.445+0000] {dag.py:3441} INFO - Setting next_dagrun for example_xcom_args_with_operators to None, run_after=None
[2025-10-20T18:03:13.450+0000] {processor.py:175} INFO - Processing /home/airflow/.local/lib/python3.7/site-packages/airflow/example_dags/example_xcomargs.py took 0.039 seconds
[2025-10-20T18:03:43.624+0000] {processor.py:153} INFO - Started process (PID=678) to work on /home/airflow/.local/lib/python3.7/site-packages/airflow/example_dags/example_xcomargs.py
[2025-10-20T18:03:43.624+0000] {processor.py:743} INFO - Processing file /home/airflow/.local/lib/python3.7/site-packages/airflow/example_dags/example_xcomargs.py for tasks to queue
[2025-10-20T18:03:43.624+0000] {logging_mixin.py:137} INFO - [2025-10-20T18:03:43.624+0000] {dagbag.py:538} INFO - Filling up the DagBag from /home/airflow/.local/lib/python3.7/site-packages/airflow/example_dags/example_xcomargs.py
[2025-10-20T18:03:43.634+0000] {processor.py:753} INFO - DAG(s) dict_keys(['example_xcom_args', 'example_xcom_args_with_operators']) retrieved from /home/airflow/.local/lib/python3.7/site-packages/airflow/example_dags/example_xcomargs.py
[2025-10-20T18:03:43.646+0000] {logging_mixin.py:137} INFO - [2025-10-20T18:03:43.646+0000] {dag.py:2690} INFO - Sync 2 DAGs
[2025-10-20T18:03:43.655+0000] {logging_mixin.py:137} INFO - [2025-10-20T18:03:43.655+0000] {dag.py:3441} INFO - Setting next_dagrun for example_xcom_args to None, run_after=None
[2025-10-20T18:03:43.656+0000] {logging_mixin.py:137} INFO - [2025-10-20T18:03:43.656+0000] {dag.py:3441} INFO - Setting next_dagrun for example_xcom_args_with_operators to None, run_after=None
[2025-10-20T18:03:43.662+0000] {processor.py:175} INFO - Processing /home/airflow/.local/lib/python3.7/site-packages/airflow/example_dags/example_xcomargs.py took 0.039 seconds
[2025-10-20T18:04:13.864+0000] {processor.py:153} INFO - Started process (PID=771) to work on /home/airflow/.local/lib/python3.7/site-packages/airflow/example_dags/example_xcomargs.py
[2025-10-20T18:04:13.864+0000] {processor.py:743} INFO - Processing file /home/airflow/.local/lib/python3.7/site-packages/airflow/example_dags/example_xcomargs.py for tasks to queue
[2025-10-20T18:04:13.865+0000] {logging_mixin.py:137} INFO - [2025-10-20T18:04:13.865+0000] {dagbag.py:538} INFO - Filling up the DagBag from /home/airflow/.local/lib/python3.7/site-packages/airflow/example_dags/example_xcomargs.py
[2025-10-20T18:04:13.875+0000] {processor.py:753} INFO - DAG(s) dict_keys(['example_xcom_args_with_operators', 'example_xcom_args']) retrieved from /home/airflow/.local/lib/python3.7/site-packages/airflow/example_dags/example_xcomargs.py
[2025-10-20T18:04:13.885+0000] {logging_mixin.py:137} INFO - [2025-10-20T18:04:13.885+0000] {dag.py:2690} INFO - Sync 2 DAGs
[2025-10-20T18:04:13.894+0000] {logging_mixin.py:137} INFO - [2025-10-20T18:04:13.894+0000] {dag.py:3441} INFO - Setting next_dagrun for example_xcom_args to None, run_after=None
[2025-10-20T18:04:13.895+0000] {logging_mixin.py:137} INFO - [2025-10-20T18:04:13.895+0000] {dag.py:3441} INFO - Setting next_dagrun for example_xcom_args_with_operators to None, run_after=None
[2025-10-20T18:04:13.901+0000] {processor.py:175} INFO - Processing /home/airflow/.local/lib/python3.7/site-packages/airflow/example_dags/example_xcomargs.py took 0.038 seconds
[2025-10-20T18:04:44.138+0000] {processor.py:153} INFO - Started process (PID=864) to work on /home/airflow/.local/lib/python3.7/site-packages/airflow/example_dags/example_xcomargs.py
[2025-10-20T18:04:44.138+0000] {processor.py:743} INFO - Processing file /home/airflow/.local/lib/python3.7/site-packages/airflow/example_dags/example_xcomargs.py for tasks to queue
[2025-10-20T18:04:44.140+0000] {logging_mixin.py:137} INFO - [2025-10-20T18:04:44.140+0000] {dagbag.py:538} INFO - Filling up the DagBag from /home/airflow/.local/lib/python3.7/site-packages/airflow/example_dags/example_xcomargs.py
[2025-10-20T18:04:44.149+0000] {processor.py:753} INFO - DAG(s) dict_keys(['example_xcom_args', 'example_xcom_args_with_operators']) retrieved from /home/airflow/.local/lib/python3.7/site-packages/airflow/example_dags/example_xcomargs.py
[2025-10-20T18:04:44.159+0000] {logging_mixin.py:137} INFO - [2025-10-20T18:04:44.159+0000] {dag.py:2690} INFO - Sync 2 DAGs
[2025-10-20T18:04:44.167+0000] {logging_mixin.py:137} INFO - [2025-10-20T18:04:44.167+0000] {dag.py:3441} INFO - Setting next_dagrun for example_xcom_args to None, run_after=None
[2025-10-20T18:04:44.169+0000] {logging_mixin.py:137} INFO - [2025-10-20T18:04:44.169+0000] {dag.py:3441} INFO - Setting next_dagrun for example_xcom_args_with_operators to None, run_after=None
[2025-10-20T18:04:44.174+0000] {processor.py:175} INFO - Processing /home/airflow/.local/lib/python3.7/site-packages/airflow/example_dags/example_xcomargs.py took 0.038 seconds
[2025-10-20T18:05:14.340+0000] {processor.py:153} INFO - Started process (PID=957) to work on /home/airflow/.local/lib/python3.7/site-packages/airflow/example_dags/example_xcomargs.py
[2025-10-20T18:05:14.340+0000] {processor.py:743} INFO - Processing file /home/airflow/.local/lib/python3.7/site-packages/airflow/example_dags/example_xcomargs.py for tasks to queue
[2025-10-20T18:05:14.341+0000] {logging_mixin.py:137} INFO - [2025-10-20T18:05:14.341+0000] {dagbag.py:538} INFO - Filling up the DagBag from /home/airflow/.local/lib/python3.7/site-packages/airflow/example_dags/example_xcomargs.py
[2025-10-20T18:05:14.350+0000] {processor.py:753} INFO - DAG(s) dict_keys(['example_xcom_args_with_operators', 'example_xcom_args']) retrieved from /home/airflow/.local/lib/python3.7/site-packages/airflow/example_dags/example_xcomargs.py
[2025-10-20T18:05:14.362+0000] {logging_mixin.py:137} INFO - [2025-10-20T18:05:14.362+0000] {dag.py:2690} INFO - Sync 2 DAGs
[2025-10-20T18:05:14.371+0000] {logging_mixin.py:137} INFO - [2025-10-20T18:05:14.371+0000] {dag.py:3441} INFO - Setting next_dagrun for example_xcom_args to None, run_after=None
[2025-10-20T18:05:14.372+0000] {logging_mixin.py:137} INFO - [2025-10-20T18:05:14.372+0000] {dag.py:3441} INFO - Setting next_dagrun for example_xcom_args_with_operators to None, run_after=None
[2025-10-20T18:05:14.378+0000] {processor.py:175} INFO - Processing /home/airflow/.local/lib/python3.7/site-packages/airflow/example_dags/example_xcomargs.py took 0.039 seconds
[2025-10-20T18:05:44.937+0000] {processor.py:153} INFO - Started process (PID=1032) to work on /home/airflow/.local/lib/python3.7/site-packages/airflow/example_dags/example_xcomargs.py
[2025-10-20T18:05:44.938+0000] {processor.py:743} INFO - Processing file /home/airflow/.local/lib/python3.7/site-packages/airflow/example_dags/example_xcomargs.py for tasks to queue
[2025-10-20T18:05:44.938+0000] {logging_mixin.py:137} INFO - [2025-10-20T18:05:44.938+0000] {dagbag.py:538} INFO - Filling up the DagBag from /home/airflow/.local/lib/python3.7/site-packages/airflow/example_dags/example_xcomargs.py
[2025-10-20T18:05:44.949+0000] {processor.py:753} INFO - DAG(s) dict_keys(['example_xcom_args_with_operators', 'example_xcom_args']) retrieved from /home/airflow/.local/lib/python3.7/site-packages/airflow/example_dags/example_xcomargs.py
[2025-10-20T18:05:45.041+0000] {logging_mixin.py:137} INFO - [2025-10-20T18:05:45.041+0000] {dag.py:2690} INFO - Sync 2 DAGs
[2025-10-20T18:05:45.108+0000] {logging_mixin.py:137} INFO - [2025-10-20T18:05:45.107+0000] {dag.py:3441} INFO - Setting next_dagrun for example_xcom_args to None, run_after=None
[2025-10-20T18:05:45.112+0000] {logging_mixin.py:137} INFO - [2025-10-20T18:05:45.111+0000] {dag.py:3441} INFO - Setting next_dagrun for example_xcom_args_with_operators to None, run_after=None
[2025-10-20T18:05:45.154+0000] {processor.py:175} INFO - Processing /home/airflow/.local/lib/python3.7/site-packages/airflow/example_dags/example_xcomargs.py took 0.218 seconds
[2025-10-20T18:06:16.043+0000] {processor.py:153} INFO - Started process (PID=1125) to work on /home/airflow/.local/lib/python3.7/site-packages/airflow/example_dags/example_xcomargs.py
[2025-10-20T18:06:16.044+0000] {processor.py:743} INFO - Processing file /home/airflow/.local/lib/python3.7/site-packages/airflow/example_dags/example_xcomargs.py for tasks to queue
[2025-10-20T18:06:16.044+0000] {logging_mixin.py:137} INFO - [2025-10-20T18:06:16.044+0000] {dagbag.py:538} INFO - Filling up the DagBag from /home/airflow/.local/lib/python3.7/site-packages/airflow/example_dags/example_xcomargs.py
[2025-10-20T18:06:16.061+0000] {processor.py:753} INFO - DAG(s) dict_keys(['example_xcom_args', 'example_xcom_args_with_operators']) retrieved from /home/airflow/.local/lib/python3.7/site-packages/airflow/example_dags/example_xcomargs.py
[2025-10-20T18:06:16.077+0000] {logging_mixin.py:137} INFO - [2025-10-20T18:06:16.077+0000] {dag.py:2690} INFO - Sync 2 DAGs
[2025-10-20T18:06:16.092+0000] {logging_mixin.py:137} INFO - [2025-10-20T18:06:16.092+0000] {dag.py:3441} INFO - Setting next_dagrun for example_xcom_args to None, run_after=None
[2025-10-20T18:06:16.094+0000] {logging_mixin.py:137} INFO - [2025-10-20T18:06:16.094+0000] {dag.py:3441} INFO - Setting next_dagrun for example_xcom_args_with_operators to None, run_after=None
[2025-10-20T18:06:16.103+0000] {processor.py:175} INFO - Processing /home/airflow/.local/lib/python3.7/site-packages/airflow/example_dags/example_xcomargs.py took 0.063 seconds
[2025-10-20T18:06:46.425+0000] {processor.py:153} INFO - Started process (PID=1218) to work on /home/airflow/.local/lib/python3.7/site-packages/airflow/example_dags/example_xcomargs.py
[2025-10-20T18:06:46.426+0000] {processor.py:743} INFO - Processing file /home/airflow/.local/lib/python3.7/site-packages/airflow/example_dags/example_xcomargs.py for tasks to queue
[2025-10-20T18:06:46.427+0000] {logging_mixin.py:137} INFO - [2025-10-20T18:06:46.427+0000] {dagbag.py:538} INFO - Filling up the DagBag from /home/airflow/.local/lib/python3.7/site-packages/airflow/example_dags/example_xcomargs.py
[2025-10-20T18:06:46.443+0000] {processor.py:753} INFO - DAG(s) dict_keys(['example_xcom_args', 'example_xcom_args_with_operators']) retrieved from /home/airflow/.local/lib/python3.7/site-packages/airflow/example_dags/example_xcomargs.py
[2025-10-20T18:06:46.457+0000] {logging_mixin.py:137} INFO - [2025-10-20T18:06:46.457+0000] {dag.py:2690} INFO - Sync 2 DAGs
[2025-10-20T18:06:46.469+0000] {logging_mixin.py:137} INFO - [2025-10-20T18:06:46.469+0000] {dag.py:3441} INFO - Setting next_dagrun for example_xcom_args to None, run_after=None
[2025-10-20T18:06:46.471+0000] {logging_mixin.py:137} INFO - [2025-10-20T18:06:46.471+0000] {dag.py:3441} INFO - Setting next_dagrun for example_xcom_args_with_operators to None, run_after=None
[2025-10-20T18:06:46.477+0000] {processor.py:175} INFO - Processing /home/airflow/.local/lib/python3.7/site-packages/airflow/example_dags/example_xcomargs.py took 0.055 seconds
[2025-10-20T18:07:16.623+0000] {processor.py:153} INFO - Started process (PID=1311) to work on /home/airflow/.local/lib/python3.7/site-packages/airflow/example_dags/example_xcomargs.py
[2025-10-20T18:07:16.624+0000] {processor.py:743} INFO - Processing file /home/airflow/.local/lib/python3.7/site-packages/airflow/example_dags/example_xcomargs.py for tasks to queue
[2025-10-20T18:07:16.625+0000] {logging_mixin.py:137} INFO - [2025-10-20T18:07:16.625+0000] {dagbag.py:538} INFO - Filling up the DagBag from /home/airflow/.local/lib/python3.7/site-packages/airflow/example_dags/example_xcomargs.py
[2025-10-20T18:07:16.642+0000] {processor.py:753} INFO - DAG(s) dict_keys(['example_xcom_args', 'example_xcom_args_with_operators']) retrieved from /home/airflow/.local/lib/python3.7/site-packages/airflow/example_dags/example_xcomargs.py
[2025-10-20T18:07:16.656+0000] {logging_mixin.py:137} INFO - [2025-10-20T18:07:16.656+0000] {dag.py:2690} INFO - Sync 2 DAGs
[2025-10-20T18:07:16.666+0000] {logging_mixin.py:137} INFO - [2025-10-20T18:07:16.666+0000] {dag.py:3441} INFO - Setting next_dagrun for example_xcom_args to None, run_after=None
[2025-10-20T18:07:16.667+0000] {logging_mixin.py:137} INFO - [2025-10-20T18:07:16.667+0000] {dag.py:3441} INFO - Setting next_dagrun for example_xcom_args_with_operators to None, run_after=None
[2025-10-20T18:07:16.675+0000] {processor.py:175} INFO - Processing /home/airflow/.local/lib/python3.7/site-packages/airflow/example_dags/example_xcomargs.py took 0.056 seconds
[2025-10-20T18:07:46.765+0000] {processor.py:153} INFO - Started process (PID=1393) to work on /home/airflow/.local/lib/python3.7/site-packages/airflow/example_dags/example_xcomargs.py
[2025-10-20T18:07:46.766+0000] {processor.py:743} INFO - Processing file /home/airflow/.local/lib/python3.7/site-packages/airflow/example_dags/example_xcomargs.py for tasks to queue
[2025-10-20T18:07:46.767+0000] {logging_mixin.py:137} INFO - [2025-10-20T18:07:46.767+0000] {dagbag.py:538} INFO - Filling up the DagBag from /home/airflow/.local/lib/python3.7/site-packages/airflow/example_dags/example_xcomargs.py
[2025-10-20T18:07:46.778+0000] {processor.py:753} INFO - DAG(s) dict_keys(['example_xcom_args', 'example_xcom_args_with_operators']) retrieved from /home/airflow/.local/lib/python3.7/site-packages/airflow/example_dags/example_xcomargs.py
[2025-10-20T18:07:46.790+0000] {logging_mixin.py:137} INFO - [2025-10-20T18:07:46.790+0000] {dag.py:2690} INFO - Sync 2 DAGs
[2025-10-20T18:07:46.800+0000] {logging_mixin.py:137} INFO - [2025-10-20T18:07:46.800+0000] {dag.py:3441} INFO - Setting next_dagrun for example_xcom_args to None, run_after=None
[2025-10-20T18:07:46.801+0000] {logging_mixin.py:137} INFO - [2025-10-20T18:07:46.801+0000] {dag.py:3441} INFO - Setting next_dagrun for example_xcom_args_with_operators to None, run_after=None
[2025-10-20T18:07:46.809+0000] {processor.py:175} INFO - Processing /home/airflow/.local/lib/python3.7/site-packages/airflow/example_dags/example_xcomargs.py took 0.045 seconds
[2025-10-20T18:08:17.066+0000] {processor.py:153} INFO - Started process (PID=1479) to work on /home/airflow/.local/lib/python3.7/site-packages/airflow/example_dags/example_xcomargs.py
[2025-10-20T18:08:17.067+0000] {processor.py:743} INFO - Processing file /home/airflow/.local/lib/python3.7/site-packages/airflow/example_dags/example_xcomargs.py for tasks to queue
[2025-10-20T18:08:17.067+0000] {logging_mixin.py:137} INFO - [2025-10-20T18:08:17.067+0000] {dagbag.py:538} INFO - Filling up the DagBag from /home/airflow/.local/lib/python3.7/site-packages/airflow/example_dags/example_xcomargs.py
[2025-10-20T18:08:17.085+0000] {processor.py:753} INFO - DAG(s) dict_keys(['example_xcom_args_with_operators', 'example_xcom_args']) retrieved from /home/airflow/.local/lib/python3.7/site-packages/airflow/example_dags/example_xcomargs.py
[2025-10-20T18:08:17.100+0000] {logging_mixin.py:137} INFO - [2025-10-20T18:08:17.100+0000] {dag.py:2690} INFO - Sync 2 DAGs
[2025-10-20T18:08:17.112+0000] {logging_mixin.py:137} INFO - [2025-10-20T18:08:17.112+0000] {dag.py:3441} INFO - Setting next_dagrun for example_xcom_args to None, run_after=None
[2025-10-20T18:08:17.113+0000] {logging_mixin.py:137} INFO - [2025-10-20T18:08:17.113+0000] {dag.py:3441} INFO - Setting next_dagrun for example_xcom_args_with_operators to None, run_after=None
[2025-10-20T18:08:17.121+0000] {processor.py:175} INFO - Processing /home/airflow/.local/lib/python3.7/site-packages/airflow/example_dags/example_xcomargs.py took 0.058 seconds
[2025-10-20T18:08:47.388+0000] {processor.py:153} INFO - Started process (PID=1572) to work on /home/airflow/.local/lib/python3.7/site-packages/airflow/example_dags/example_xcomargs.py
[2025-10-20T18:08:47.389+0000] {processor.py:743} INFO - Processing file /home/airflow/.local/lib/python3.7/site-packages/airflow/example_dags/example_xcomargs.py for tasks to queue
[2025-10-20T18:08:47.390+0000] {logging_mixin.py:137} INFO - [2025-10-20T18:08:47.389+0000] {dagbag.py:538} INFO - Filling up the DagBag from /home/airflow/.local/lib/python3.7/site-packages/airflow/example_dags/example_xcomargs.py
[2025-10-20T18:08:47.406+0000] {processor.py:753} INFO - DAG(s) dict_keys(['example_xcom_args', 'example_xcom_args_with_operators']) retrieved from /home/airflow/.local/lib/python3.7/site-packages/airflow/example_dags/example_xcomargs.py
[2025-10-20T18:08:47.421+0000] {logging_mixin.py:137} INFO - [2025-10-20T18:08:47.421+0000] {dag.py:2690} INFO - Sync 2 DAGs
[2025-10-20T18:08:47.434+0000] {logging_mixin.py:137} INFO - [2025-10-20T18:08:47.434+0000] {dag.py:3441} INFO - Setting next_dagrun for example_xcom_args to None, run_after=None
[2025-10-20T18:08:47.436+0000] {logging_mixin.py:137} INFO - [2025-10-20T18:08:47.436+0000] {dag.py:3441} INFO - Setting next_dagrun for example_xcom_args_with_operators to None, run_after=None
[2025-10-20T18:08:47.442+0000] {processor.py:175} INFO - Processing /home/airflow/.local/lib/python3.7/site-packages/airflow/example_dags/example_xcomargs.py took 0.057 seconds
