[2025-10-20T18:00:11.140+0000] {processor.py:153} INFO - Started process (PID=53) to work on /home/airflow/.local/lib/python3.7/site-packages/airflow/example_dags/example_task_group.py
[2025-10-20T18:00:11.140+0000] {processor.py:743} INFO - Processing file /home/airflow/.local/lib/python3.7/site-packages/airflow/example_dags/example_task_group.py for tasks to queue
[2025-10-20T18:00:11.141+0000] {logging_mixin.py:137} INFO - [2025-10-20T18:00:11.141+0000] {dagbag.py:538} INFO - Filling up the DagBag from /home/airflow/.local/lib/python3.7/site-packages/airflow/example_dags/example_task_group.py
[2025-10-20T18:00:11.148+0000] {processor.py:753} INFO - DAG(s) dict_keys(['example_task_group']) retrieved from /home/airflow/.local/lib/python3.7/site-packages/airflow/example_dags/example_task_group.py
[2025-10-20T18:00:11.154+0000] {logging_mixin.py:137} INFO - [2025-10-20T18:00:11.154+0000] {dag.py:2690} INFO - Sync 1 DAGs
[2025-10-20T18:00:11.173+0000] {logging_mixin.py:137} INFO - [2025-10-20T18:00:11.173+0000] {dag.py:3441} INFO - Setting next_dagrun for example_task_group to 2025-10-19T18:00:11.173311+00:00, run_after=2025-10-20T18:00:11.173311+00:00
[2025-10-20T18:00:11.185+0000] {processor.py:175} INFO - Processing /home/airflow/.local/lib/python3.7/site-packages/airflow/example_dags/example_task_group.py took 0.046 seconds
[2025-10-20T18:00:41.599+0000] {processor.py:153} INFO - Started process (PID=146) to work on /home/airflow/.local/lib/python3.7/site-packages/airflow/example_dags/example_task_group.py
[2025-10-20T18:00:41.600+0000] {processor.py:743} INFO - Processing file /home/airflow/.local/lib/python3.7/site-packages/airflow/example_dags/example_task_group.py for tasks to queue
[2025-10-20T18:00:41.601+0000] {logging_mixin.py:137} INFO - [2025-10-20T18:00:41.601+0000] {dagbag.py:538} INFO - Filling up the DagBag from /home/airflow/.local/lib/python3.7/site-packages/airflow/example_dags/example_task_group.py
[2025-10-20T18:00:41.608+0000] {processor.py:753} INFO - DAG(s) dict_keys(['example_task_group']) retrieved from /home/airflow/.local/lib/python3.7/site-packages/airflow/example_dags/example_task_group.py
[2025-10-20T18:00:41.617+0000] {logging_mixin.py:137} INFO - [2025-10-20T18:00:41.617+0000] {dag.py:2690} INFO - Sync 1 DAGs
[2025-10-20T18:00:41.626+0000] {logging_mixin.py:137} INFO - [2025-10-20T18:00:41.626+0000] {dag.py:3441} INFO - Setting next_dagrun for example_task_group to 2025-10-19T18:00:41.626058+00:00, run_after=2025-10-20T18:00:41.626058+00:00
[2025-10-20T18:00:41.633+0000] {processor.py:175} INFO - Processing /home/airflow/.local/lib/python3.7/site-packages/airflow/example_dags/example_task_group.py took 0.035 seconds
[2025-10-20T18:01:11.934+0000] {processor.py:153} INFO - Started process (PID=230) to work on /home/airflow/.local/lib/python3.7/site-packages/airflow/example_dags/example_task_group.py
[2025-10-20T18:01:11.935+0000] {processor.py:743} INFO - Processing file /home/airflow/.local/lib/python3.7/site-packages/airflow/example_dags/example_task_group.py for tasks to queue
[2025-10-20T18:01:11.935+0000] {logging_mixin.py:137} INFO - [2025-10-20T18:01:11.935+0000] {dagbag.py:538} INFO - Filling up the DagBag from /home/airflow/.local/lib/python3.7/site-packages/airflow/example_dags/example_task_group.py
[2025-10-20T18:01:11.942+0000] {processor.py:753} INFO - DAG(s) dict_keys(['example_task_group']) retrieved from /home/airflow/.local/lib/python3.7/site-packages/airflow/example_dags/example_task_group.py
[2025-10-20T18:01:11.954+0000] {logging_mixin.py:137} INFO - [2025-10-20T18:01:11.954+0000] {dag.py:2690} INFO - Sync 1 DAGs
[2025-10-20T18:01:11.964+0000] {logging_mixin.py:137} INFO - [2025-10-20T18:01:11.964+0000] {dag.py:3441} INFO - Setting next_dagrun for example_task_group to 2025-10-19T18:01:11.964798+00:00, run_after=2025-10-20T18:01:11.964798+00:00
[2025-10-20T18:01:11.971+0000] {processor.py:175} INFO - Processing /home/airflow/.local/lib/python3.7/site-packages/airflow/example_dags/example_task_group.py took 0.038 seconds
[2025-10-20T18:01:42.426+0000] {processor.py:153} INFO - Started process (PID=314) to work on /home/airflow/.local/lib/python3.7/site-packages/airflow/example_dags/example_task_group.py
[2025-10-20T18:01:42.427+0000] {processor.py:743} INFO - Processing file /home/airflow/.local/lib/python3.7/site-packages/airflow/example_dags/example_task_group.py for tasks to queue
[2025-10-20T18:01:42.427+0000] {logging_mixin.py:137} INFO - [2025-10-20T18:01:42.427+0000] {dagbag.py:538} INFO - Filling up the DagBag from /home/airflow/.local/lib/python3.7/site-packages/airflow/example_dags/example_task_group.py
[2025-10-20T18:01:42.435+0000] {processor.py:753} INFO - DAG(s) dict_keys(['example_task_group']) retrieved from /home/airflow/.local/lib/python3.7/site-packages/airflow/example_dags/example_task_group.py
[2025-10-20T18:01:42.449+0000] {logging_mixin.py:137} INFO - [2025-10-20T18:01:42.449+0000] {dag.py:2690} INFO - Sync 1 DAGs
[2025-10-20T18:01:42.460+0000] {logging_mixin.py:137} INFO - [2025-10-20T18:01:42.460+0000] {dag.py:3441} INFO - Setting next_dagrun for example_task_group to 2025-10-19T18:01:42.460145+00:00, run_after=2025-10-20T18:01:42.460145+00:00
[2025-10-20T18:01:42.466+0000] {processor.py:175} INFO - Processing /home/airflow/.local/lib/python3.7/site-packages/airflow/example_dags/example_task_group.py took 0.041 seconds
[2025-10-20T18:02:12.643+0000] {processor.py:153} INFO - Started process (PID=407) to work on /home/airflow/.local/lib/python3.7/site-packages/airflow/example_dags/example_task_group.py
[2025-10-20T18:02:12.643+0000] {processor.py:743} INFO - Processing file /home/airflow/.local/lib/python3.7/site-packages/airflow/example_dags/example_task_group.py for tasks to queue
[2025-10-20T18:02:12.644+0000] {logging_mixin.py:137} INFO - [2025-10-20T18:02:12.644+0000] {dagbag.py:538} INFO - Filling up the DagBag from /home/airflow/.local/lib/python3.7/site-packages/airflow/example_dags/example_task_group.py
[2025-10-20T18:02:12.650+0000] {processor.py:753} INFO - DAG(s) dict_keys(['example_task_group']) retrieved from /home/airflow/.local/lib/python3.7/site-packages/airflow/example_dags/example_task_group.py
[2025-10-20T18:02:12.659+0000] {logging_mixin.py:137} INFO - [2025-10-20T18:02:12.659+0000] {dag.py:2690} INFO - Sync 1 DAGs
[2025-10-20T18:02:12.668+0000] {logging_mixin.py:137} INFO - [2025-10-20T18:02:12.668+0000] {dag.py:3441} INFO - Setting next_dagrun for example_task_group to 2025-10-19T18:02:12.668333+00:00, run_after=2025-10-20T18:02:12.668333+00:00
[2025-10-20T18:02:12.675+0000] {processor.py:175} INFO - Processing /home/airflow/.local/lib/python3.7/site-packages/airflow/example_dags/example_task_group.py took 0.033 seconds
[2025-10-20T18:02:42.801+0000] {processor.py:153} INFO - Started process (PID=500) to work on /home/airflow/.local/lib/python3.7/site-packages/airflow/example_dags/example_task_group.py
[2025-10-20T18:02:42.802+0000] {processor.py:743} INFO - Processing file /home/airflow/.local/lib/python3.7/site-packages/airflow/example_dags/example_task_group.py for tasks to queue
[2025-10-20T18:02:42.802+0000] {logging_mixin.py:137} INFO - [2025-10-20T18:02:42.802+0000] {dagbag.py:538} INFO - Filling up the DagBag from /home/airflow/.local/lib/python3.7/site-packages/airflow/example_dags/example_task_group.py
[2025-10-20T18:02:42.808+0000] {processor.py:753} INFO - DAG(s) dict_keys(['example_task_group']) retrieved from /home/airflow/.local/lib/python3.7/site-packages/airflow/example_dags/example_task_group.py
[2025-10-20T18:02:42.817+0000] {logging_mixin.py:137} INFO - [2025-10-20T18:02:42.817+0000] {dag.py:2690} INFO - Sync 1 DAGs
[2025-10-20T18:02:42.827+0000] {logging_mixin.py:137} INFO - [2025-10-20T18:02:42.827+0000] {dag.py:3441} INFO - Setting next_dagrun for example_task_group to 2025-10-19T18:02:42.826948+00:00, run_after=2025-10-20T18:02:42.826948+00:00
[2025-10-20T18:02:42.833+0000] {processor.py:175} INFO - Processing /home/airflow/.local/lib/python3.7/site-packages/airflow/example_dags/example_task_group.py took 0.033 seconds
[2025-10-20T18:03:13.125+0000] {processor.py:153} INFO - Started process (PID=592) to work on /home/airflow/.local/lib/python3.7/site-packages/airflow/example_dags/example_task_group.py
[2025-10-20T18:03:13.125+0000] {processor.py:743} INFO - Processing file /home/airflow/.local/lib/python3.7/site-packages/airflow/example_dags/example_task_group.py for tasks to queue
[2025-10-20T18:03:13.126+0000] {logging_mixin.py:137} INFO - [2025-10-20T18:03:13.126+0000] {dagbag.py:538} INFO - Filling up the DagBag from /home/airflow/.local/lib/python3.7/site-packages/airflow/example_dags/example_task_group.py
[2025-10-20T18:03:13.133+0000] {processor.py:753} INFO - DAG(s) dict_keys(['example_task_group']) retrieved from /home/airflow/.local/lib/python3.7/site-packages/airflow/example_dags/example_task_group.py
[2025-10-20T18:03:13.147+0000] {logging_mixin.py:137} INFO - [2025-10-20T18:03:13.147+0000] {dag.py:2690} INFO - Sync 1 DAGs
[2025-10-20T18:03:13.158+0000] {logging_mixin.py:137} INFO - [2025-10-20T18:03:13.158+0000] {dag.py:3441} INFO - Setting next_dagrun for example_task_group to 2025-10-19T18:03:13.158582+00:00, run_after=2025-10-20T18:03:13.158582+00:00
[2025-10-20T18:03:13.167+0000] {processor.py:175} INFO - Processing /home/airflow/.local/lib/python3.7/site-packages/airflow/example_dags/example_task_group.py took 0.044 seconds
[2025-10-20T18:03:43.349+0000] {processor.py:153} INFO - Started process (PID=667) to work on /home/airflow/.local/lib/python3.7/site-packages/airflow/example_dags/example_task_group.py
[2025-10-20T18:03:43.350+0000] {processor.py:743} INFO - Processing file /home/airflow/.local/lib/python3.7/site-packages/airflow/example_dags/example_task_group.py for tasks to queue
[2025-10-20T18:03:43.350+0000] {logging_mixin.py:137} INFO - [2025-10-20T18:03:43.350+0000] {dagbag.py:538} INFO - Filling up the DagBag from /home/airflow/.local/lib/python3.7/site-packages/airflow/example_dags/example_task_group.py
[2025-10-20T18:03:43.356+0000] {processor.py:753} INFO - DAG(s) dict_keys(['example_task_group']) retrieved from /home/airflow/.local/lib/python3.7/site-packages/airflow/example_dags/example_task_group.py
[2025-10-20T18:03:43.364+0000] {logging_mixin.py:137} INFO - [2025-10-20T18:03:43.364+0000] {dag.py:2690} INFO - Sync 1 DAGs
[2025-10-20T18:03:43.373+0000] {logging_mixin.py:137} INFO - [2025-10-20T18:03:43.373+0000] {dag.py:3441} INFO - Setting next_dagrun for example_task_group to 2025-10-19T18:03:43.372979+00:00, run_after=2025-10-20T18:03:43.372979+00:00
[2025-10-20T18:03:43.379+0000] {processor.py:175} INFO - Processing /home/airflow/.local/lib/python3.7/site-packages/airflow/example_dags/example_task_group.py took 0.031 seconds
[2025-10-20T18:04:13.583+0000] {processor.py:153} INFO - Started process (PID=760) to work on /home/airflow/.local/lib/python3.7/site-packages/airflow/example_dags/example_task_group.py
[2025-10-20T18:04:13.584+0000] {processor.py:743} INFO - Processing file /home/airflow/.local/lib/python3.7/site-packages/airflow/example_dags/example_task_group.py for tasks to queue
[2025-10-20T18:04:13.584+0000] {logging_mixin.py:137} INFO - [2025-10-20T18:04:13.584+0000] {dagbag.py:538} INFO - Filling up the DagBag from /home/airflow/.local/lib/python3.7/site-packages/airflow/example_dags/example_task_group.py
[2025-10-20T18:04:13.590+0000] {processor.py:753} INFO - DAG(s) dict_keys(['example_task_group']) retrieved from /home/airflow/.local/lib/python3.7/site-packages/airflow/example_dags/example_task_group.py
[2025-10-20T18:04:13.599+0000] {logging_mixin.py:137} INFO - [2025-10-20T18:04:13.599+0000] {dag.py:2690} INFO - Sync 1 DAGs
[2025-10-20T18:04:13.607+0000] {logging_mixin.py:137} INFO - [2025-10-20T18:04:13.607+0000] {dag.py:3441} INFO - Setting next_dagrun for example_task_group to 2025-10-19T18:04:13.607564+00:00, run_after=2025-10-20T18:04:13.607564+00:00
[2025-10-20T18:04:13.614+0000] {processor.py:175} INFO - Processing /home/airflow/.local/lib/python3.7/site-packages/airflow/example_dags/example_task_group.py took 0.031 seconds
[2025-10-20T18:04:43.856+0000] {processor.py:153} INFO - Started process (PID=853) to work on /home/airflow/.local/lib/python3.7/site-packages/airflow/example_dags/example_task_group.py
[2025-10-20T18:04:43.856+0000] {processor.py:743} INFO - Processing file /home/airflow/.local/lib/python3.7/site-packages/airflow/example_dags/example_task_group.py for tasks to queue
[2025-10-20T18:04:43.857+0000] {logging_mixin.py:137} INFO - [2025-10-20T18:04:43.857+0000] {dagbag.py:538} INFO - Filling up the DagBag from /home/airflow/.local/lib/python3.7/site-packages/airflow/example_dags/example_task_group.py
[2025-10-20T18:04:43.862+0000] {processor.py:753} INFO - DAG(s) dict_keys(['example_task_group']) retrieved from /home/airflow/.local/lib/python3.7/site-packages/airflow/example_dags/example_task_group.py
[2025-10-20T18:04:43.871+0000] {logging_mixin.py:137} INFO - [2025-10-20T18:04:43.871+0000] {dag.py:2690} INFO - Sync 1 DAGs
[2025-10-20T18:04:43.879+0000] {logging_mixin.py:137} INFO - [2025-10-20T18:04:43.879+0000] {dag.py:3441} INFO - Setting next_dagrun for example_task_group to 2025-10-19T18:04:43.879839+00:00, run_after=2025-10-20T18:04:43.879839+00:00
[2025-10-20T18:04:43.886+0000] {processor.py:175} INFO - Processing /home/airflow/.local/lib/python3.7/site-packages/airflow/example_dags/example_task_group.py took 0.031 seconds
[2025-10-20T18:05:14.091+0000] {processor.py:153} INFO - Started process (PID=946) to work on /home/airflow/.local/lib/python3.7/site-packages/airflow/example_dags/example_task_group.py
[2025-10-20T18:05:14.091+0000] {processor.py:743} INFO - Processing file /home/airflow/.local/lib/python3.7/site-packages/airflow/example_dags/example_task_group.py for tasks to queue
[2025-10-20T18:05:14.092+0000] {logging_mixin.py:137} INFO - [2025-10-20T18:05:14.092+0000] {dagbag.py:538} INFO - Filling up the DagBag from /home/airflow/.local/lib/python3.7/site-packages/airflow/example_dags/example_task_group.py
[2025-10-20T18:05:14.098+0000] {processor.py:753} INFO - DAG(s) dict_keys(['example_task_group']) retrieved from /home/airflow/.local/lib/python3.7/site-packages/airflow/example_dags/example_task_group.py
[2025-10-20T18:05:14.107+0000] {logging_mixin.py:137} INFO - [2025-10-20T18:05:14.107+0000] {dag.py:2690} INFO - Sync 1 DAGs
[2025-10-20T18:05:14.116+0000] {logging_mixin.py:137} INFO - [2025-10-20T18:05:14.116+0000] {dag.py:3441} INFO - Setting next_dagrun for example_task_group to 2025-10-19T18:05:14.116497+00:00, run_after=2025-10-20T18:05:14.116497+00:00
[2025-10-20T18:05:14.122+0000] {processor.py:175} INFO - Processing /home/airflow/.local/lib/python3.7/site-packages/airflow/example_dags/example_task_group.py took 0.033 seconds
[2025-10-20T18:05:44.599+0000] {processor.py:153} INFO - Started process (PID=1021) to work on /home/airflow/.local/lib/python3.7/site-packages/airflow/example_dags/example_task_group.py
[2025-10-20T18:05:44.600+0000] {processor.py:743} INFO - Processing file /home/airflow/.local/lib/python3.7/site-packages/airflow/example_dags/example_task_group.py for tasks to queue
[2025-10-20T18:05:44.600+0000] {logging_mixin.py:137} INFO - [2025-10-20T18:05:44.600+0000] {dagbag.py:538} INFO - Filling up the DagBag from /home/airflow/.local/lib/python3.7/site-packages/airflow/example_dags/example_task_group.py
[2025-10-20T18:05:44.607+0000] {processor.py:753} INFO - DAG(s) dict_keys(['example_task_group']) retrieved from /home/airflow/.local/lib/python3.7/site-packages/airflow/example_dags/example_task_group.py
[2025-10-20T18:05:44.618+0000] {logging_mixin.py:137} INFO - [2025-10-20T18:05:44.618+0000] {dag.py:2690} INFO - Sync 1 DAGs
[2025-10-20T18:05:44.629+0000] {logging_mixin.py:137} INFO - [2025-10-20T18:05:44.629+0000] {dag.py:3441} INFO - Setting next_dagrun for example_task_group to 2025-10-19T18:05:44.629356+00:00, run_after=2025-10-20T18:05:44.629356+00:00
[2025-10-20T18:05:44.637+0000] {processor.py:175} INFO - Processing /home/airflow/.local/lib/python3.7/site-packages/airflow/example_dags/example_task_group.py took 0.040 seconds
[2025-10-20T18:06:14.759+0000] {processor.py:153} INFO - Started process (PID=1114) to work on /home/airflow/.local/lib/python3.7/site-packages/airflow/example_dags/example_task_group.py
[2025-10-20T18:06:14.759+0000] {processor.py:743} INFO - Processing file /home/airflow/.local/lib/python3.7/site-packages/airflow/example_dags/example_task_group.py for tasks to queue
[2025-10-20T18:06:14.759+0000] {logging_mixin.py:137} INFO - [2025-10-20T18:06:14.759+0000] {dagbag.py:538} INFO - Filling up the DagBag from /home/airflow/.local/lib/python3.7/site-packages/airflow/example_dags/example_task_group.py
[2025-10-20T18:06:14.765+0000] {processor.py:753} INFO - DAG(s) dict_keys(['example_task_group']) retrieved from /home/airflow/.local/lib/python3.7/site-packages/airflow/example_dags/example_task_group.py
[2025-10-20T18:06:14.773+0000] {logging_mixin.py:137} INFO - [2025-10-20T18:06:14.773+0000] {dag.py:2690} INFO - Sync 1 DAGs
[2025-10-20T18:06:14.782+0000] {logging_mixin.py:137} INFO - [2025-10-20T18:06:14.782+0000] {dag.py:3441} INFO - Setting next_dagrun for example_task_group to 2025-10-19T18:06:14.782676+00:00, run_after=2025-10-20T18:06:14.782676+00:00
[2025-10-20T18:06:14.789+0000] {processor.py:175} INFO - Processing /home/airflow/.local/lib/python3.7/site-packages/airflow/example_dags/example_task_group.py took 0.032 seconds
[2025-10-20T18:06:45.057+0000] {processor.py:153} INFO - Started process (PID=1207) to work on /home/airflow/.local/lib/python3.7/site-packages/airflow/example_dags/example_task_group.py
[2025-10-20T18:06:45.059+0000] {processor.py:743} INFO - Processing file /home/airflow/.local/lib/python3.7/site-packages/airflow/example_dags/example_task_group.py for tasks to queue
[2025-10-20T18:06:45.061+0000] {logging_mixin.py:137} INFO - [2025-10-20T18:06:45.060+0000] {dagbag.py:538} INFO - Filling up the DagBag from /home/airflow/.local/lib/python3.7/site-packages/airflow/example_dags/example_task_group.py
[2025-10-20T18:06:45.073+0000] {processor.py:753} INFO - DAG(s) dict_keys(['example_task_group']) retrieved from /home/airflow/.local/lib/python3.7/site-packages/airflow/example_dags/example_task_group.py
[2025-10-20T18:06:45.088+0000] {logging_mixin.py:137} INFO - [2025-10-20T18:06:45.088+0000] {dag.py:2690} INFO - Sync 1 DAGs
[2025-10-20T18:06:45.099+0000] {logging_mixin.py:137} INFO - [2025-10-20T18:06:45.099+0000] {dag.py:3441} INFO - Setting next_dagrun for example_task_group to 2025-10-19T18:06:45.099579+00:00, run_after=2025-10-20T18:06:45.099579+00:00
[2025-10-20T18:06:45.108+0000] {processor.py:175} INFO - Processing /home/airflow/.local/lib/python3.7/site-packages/airflow/example_dags/example_task_group.py took 0.053 seconds
[2025-10-20T18:07:15.350+0000] {processor.py:153} INFO - Started process (PID=1300) to work on /home/airflow/.local/lib/python3.7/site-packages/airflow/example_dags/example_task_group.py
[2025-10-20T18:07:15.351+0000] {processor.py:743} INFO - Processing file /home/airflow/.local/lib/python3.7/site-packages/airflow/example_dags/example_task_group.py for tasks to queue
[2025-10-20T18:07:15.351+0000] {logging_mixin.py:137} INFO - [2025-10-20T18:07:15.351+0000] {dagbag.py:538} INFO - Filling up the DagBag from /home/airflow/.local/lib/python3.7/site-packages/airflow/example_dags/example_task_group.py
[2025-10-20T18:07:15.356+0000] {processor.py:753} INFO - DAG(s) dict_keys(['example_task_group']) retrieved from /home/airflow/.local/lib/python3.7/site-packages/airflow/example_dags/example_task_group.py
[2025-10-20T18:07:15.366+0000] {logging_mixin.py:137} INFO - [2025-10-20T18:07:15.366+0000] {dag.py:2690} INFO - Sync 1 DAGs
[2025-10-20T18:07:15.374+0000] {logging_mixin.py:137} INFO - [2025-10-20T18:07:15.374+0000] {dag.py:3441} INFO - Setting next_dagrun for example_task_group to 2025-10-19T18:07:15.374510+00:00, run_after=2025-10-20T18:07:15.374510+00:00
[2025-10-20T18:07:15.380+0000] {processor.py:175} INFO - Processing /home/airflow/.local/lib/python3.7/site-packages/airflow/example_dags/example_task_group.py took 0.031 seconds
[2025-10-20T18:07:45.516+0000] {processor.py:153} INFO - Started process (PID=1375) to work on /home/airflow/.local/lib/python3.7/site-packages/airflow/example_dags/example_task_group.py
[2025-10-20T18:07:45.516+0000] {processor.py:743} INFO - Processing file /home/airflow/.local/lib/python3.7/site-packages/airflow/example_dags/example_task_group.py for tasks to queue
[2025-10-20T18:07:45.517+0000] {logging_mixin.py:137} INFO - [2025-10-20T18:07:45.517+0000] {dagbag.py:538} INFO - Filling up the DagBag from /home/airflow/.local/lib/python3.7/site-packages/airflow/example_dags/example_task_group.py
[2025-10-20T18:07:45.522+0000] {processor.py:753} INFO - DAG(s) dict_keys(['example_task_group']) retrieved from /home/airflow/.local/lib/python3.7/site-packages/airflow/example_dags/example_task_group.py
[2025-10-20T18:07:45.530+0000] {logging_mixin.py:137} INFO - [2025-10-20T18:07:45.530+0000] {dag.py:2690} INFO - Sync 1 DAGs
[2025-10-20T18:07:45.539+0000] {logging_mixin.py:137} INFO - [2025-10-20T18:07:45.538+0000] {dag.py:3441} INFO - Setting next_dagrun for example_task_group to 2025-10-19T18:07:45.538893+00:00, run_after=2025-10-20T18:07:45.538893+00:00
[2025-10-20T18:07:45.545+0000] {processor.py:175} INFO - Processing /home/airflow/.local/lib/python3.7/site-packages/airflow/example_dags/example_task_group.py took 0.030 seconds
[2025-10-20T18:08:15.808+0000] {processor.py:153} INFO - Started process (PID=1468) to work on /home/airflow/.local/lib/python3.7/site-packages/airflow/example_dags/example_task_group.py
[2025-10-20T18:08:15.808+0000] {processor.py:743} INFO - Processing file /home/airflow/.local/lib/python3.7/site-packages/airflow/example_dags/example_task_group.py for tasks to queue
[2025-10-20T18:08:15.809+0000] {logging_mixin.py:137} INFO - [2025-10-20T18:08:15.809+0000] {dagbag.py:538} INFO - Filling up the DagBag from /home/airflow/.local/lib/python3.7/site-packages/airflow/example_dags/example_task_group.py
[2025-10-20T18:08:15.815+0000] {processor.py:753} INFO - DAG(s) dict_keys(['example_task_group']) retrieved from /home/airflow/.local/lib/python3.7/site-packages/airflow/example_dags/example_task_group.py
[2025-10-20T18:08:15.825+0000] {logging_mixin.py:137} INFO - [2025-10-20T18:08:15.825+0000] {dag.py:2690} INFO - Sync 1 DAGs
[2025-10-20T18:08:15.834+0000] {logging_mixin.py:137} INFO - [2025-10-20T18:08:15.834+0000] {dag.py:3441} INFO - Setting next_dagrun for example_task_group to 2025-10-19T18:08:15.834728+00:00, run_after=2025-10-20T18:08:15.834728+00:00
[2025-10-20T18:08:15.842+0000] {processor.py:175} INFO - Processing /home/airflow/.local/lib/python3.7/site-packages/airflow/example_dags/example_task_group.py took 0.035 seconds
[2025-10-20T18:08:46.093+0000] {processor.py:153} INFO - Started process (PID=1561) to work on /home/airflow/.local/lib/python3.7/site-packages/airflow/example_dags/example_task_group.py
[2025-10-20T18:08:46.094+0000] {processor.py:743} INFO - Processing file /home/airflow/.local/lib/python3.7/site-packages/airflow/example_dags/example_task_group.py for tasks to queue
[2025-10-20T18:08:46.094+0000] {logging_mixin.py:137} INFO - [2025-10-20T18:08:46.094+0000] {dagbag.py:538} INFO - Filling up the DagBag from /home/airflow/.local/lib/python3.7/site-packages/airflow/example_dags/example_task_group.py
[2025-10-20T18:08:46.101+0000] {processor.py:753} INFO - DAG(s) dict_keys(['example_task_group']) retrieved from /home/airflow/.local/lib/python3.7/site-packages/airflow/example_dags/example_task_group.py
[2025-10-20T18:08:46.113+0000] {logging_mixin.py:137} INFO - [2025-10-20T18:08:46.113+0000] {dag.py:2690} INFO - Sync 1 DAGs
[2025-10-20T18:08:46.124+0000] {logging_mixin.py:137} INFO - [2025-10-20T18:08:46.124+0000] {dag.py:3441} INFO - Setting next_dagrun for example_task_group to 2025-10-19T18:08:46.124495+00:00, run_after=2025-10-20T18:08:46.124495+00:00
[2025-10-20T18:08:46.133+0000] {processor.py:175} INFO - Processing /home/airflow/.local/lib/python3.7/site-packages/airflow/example_dags/example_task_group.py took 0.041 seconds
