[2025-10-20T18:00:10.761+0000] {processor.py:153} INFO - Started process (PID=41) to work on /home/airflow/.local/lib/python3.7/site-packages/airflow/example_dags/example_nested_branch_dag.py
[2025-10-20T18:00:10.762+0000] {processor.py:743} INFO - Processing file /home/airflow/.local/lib/python3.7/site-packages/airflow/example_dags/example_nested_branch_dag.py for tasks to queue
[2025-10-20T18:00:10.763+0000] {logging_mixin.py:137} INFO - [2025-10-20T18:00:10.763+0000] {dagbag.py:538} INFO - Filling up the DagBag from /home/airflow/.local/lib/python3.7/site-packages/airflow/example_dags/example_nested_branch_dag.py
[2025-10-20T18:00:10.798+0000] {processor.py:753} INFO - DAG(s) dict_keys(['example_nested_branch_dag']) retrieved from /home/airflow/.local/lib/python3.7/site-packages/airflow/example_dags/example_nested_branch_dag.py
[2025-10-20T18:00:10.809+0000] {logging_mixin.py:137} INFO - [2025-10-20T18:00:10.809+0000] {dag.py:2690} INFO - Sync 1 DAGs
[2025-10-20T18:00:10.822+0000] {logging_mixin.py:137} INFO - [2025-10-20T18:00:10.822+0000] {dag.py:3441} INFO - Setting next_dagrun for example_nested_branch_dag to 2025-10-19T00:00:00+00:00, run_after=2025-10-20T00:00:00+00:00
[2025-10-20T18:00:10.830+0000] {processor.py:175} INFO - Processing /home/airflow/.local/lib/python3.7/site-packages/airflow/example_dags/example_nested_branch_dag.py took 0.071 seconds
[2025-10-20T18:00:41.273+0000] {processor.py:153} INFO - Started process (PID=134) to work on /home/airflow/.local/lib/python3.7/site-packages/airflow/example_dags/example_nested_branch_dag.py
[2025-10-20T18:00:41.275+0000] {processor.py:743} INFO - Processing file /home/airflow/.local/lib/python3.7/site-packages/airflow/example_dags/example_nested_branch_dag.py for tasks to queue
[2025-10-20T18:00:41.275+0000] {logging_mixin.py:137} INFO - [2025-10-20T18:00:41.275+0000] {dagbag.py:538} INFO - Filling up the DagBag from /home/airflow/.local/lib/python3.7/site-packages/airflow/example_dags/example_nested_branch_dag.py
[2025-10-20T18:00:41.303+0000] {processor.py:753} INFO - DAG(s) dict_keys(['example_nested_branch_dag']) retrieved from /home/airflow/.local/lib/python3.7/site-packages/airflow/example_dags/example_nested_branch_dag.py
[2025-10-20T18:00:41.317+0000] {logging_mixin.py:137} INFO - [2025-10-20T18:00:41.317+0000] {dag.py:2690} INFO - Sync 1 DAGs
[2025-10-20T18:00:41.329+0000] {logging_mixin.py:137} INFO - [2025-10-20T18:00:41.329+0000] {dag.py:3441} INFO - Setting next_dagrun for example_nested_branch_dag to 2025-10-19T00:00:00+00:00, run_after=2025-10-20T00:00:00+00:00
[2025-10-20T18:00:41.336+0000] {processor.py:175} INFO - Processing /home/airflow/.local/lib/python3.7/site-packages/airflow/example_dags/example_nested_branch_dag.py took 0.065 seconds
[2025-10-20T18:01:11.522+0000] {processor.py:153} INFO - Started process (PID=209) to work on /home/airflow/.local/lib/python3.7/site-packages/airflow/example_dags/example_nested_branch_dag.py
[2025-10-20T18:01:11.523+0000] {processor.py:743} INFO - Processing file /home/airflow/.local/lib/python3.7/site-packages/airflow/example_dags/example_nested_branch_dag.py for tasks to queue
[2025-10-20T18:01:11.524+0000] {logging_mixin.py:137} INFO - [2025-10-20T18:01:11.524+0000] {dagbag.py:538} INFO - Filling up the DagBag from /home/airflow/.local/lib/python3.7/site-packages/airflow/example_dags/example_nested_branch_dag.py
[2025-10-20T18:01:11.537+0000] {processor.py:753} INFO - DAG(s) dict_keys(['example_nested_branch_dag']) retrieved from /home/airflow/.local/lib/python3.7/site-packages/airflow/example_dags/example_nested_branch_dag.py
[2025-10-20T18:01:11.548+0000] {logging_mixin.py:137} INFO - [2025-10-20T18:01:11.548+0000] {dag.py:2690} INFO - Sync 1 DAGs
[2025-10-20T18:01:11.559+0000] {logging_mixin.py:137} INFO - [2025-10-20T18:01:11.559+0000] {dag.py:3441} INFO - Setting next_dagrun for example_nested_branch_dag to 2025-10-19T00:00:00+00:00, run_after=2025-10-20T00:00:00+00:00
[2025-10-20T18:01:11.567+0000] {processor.py:175} INFO - Processing /home/airflow/.local/lib/python3.7/site-packages/airflow/example_dags/example_nested_branch_dag.py took 0.047 seconds
[2025-10-20T18:01:42.098+0000] {processor.py:153} INFO - Started process (PID=302) to work on /home/airflow/.local/lib/python3.7/site-packages/airflow/example_dags/example_nested_branch_dag.py
[2025-10-20T18:01:42.099+0000] {processor.py:743} INFO - Processing file /home/airflow/.local/lib/python3.7/site-packages/airflow/example_dags/example_nested_branch_dag.py for tasks to queue
[2025-10-20T18:01:42.100+0000] {logging_mixin.py:137} INFO - [2025-10-20T18:01:42.099+0000] {dagbag.py:538} INFO - Filling up the DagBag from /home/airflow/.local/lib/python3.7/site-packages/airflow/example_dags/example_nested_branch_dag.py
[2025-10-20T18:01:42.124+0000] {processor.py:753} INFO - DAG(s) dict_keys(['example_nested_branch_dag']) retrieved from /home/airflow/.local/lib/python3.7/site-packages/airflow/example_dags/example_nested_branch_dag.py
[2025-10-20T18:01:42.144+0000] {logging_mixin.py:137} INFO - [2025-10-20T18:01:42.144+0000] {dag.py:2690} INFO - Sync 1 DAGs
[2025-10-20T18:01:42.157+0000] {logging_mixin.py:137} INFO - [2025-10-20T18:01:42.157+0000] {dag.py:3441} INFO - Setting next_dagrun for example_nested_branch_dag to 2025-10-19T00:00:00+00:00, run_after=2025-10-20T00:00:00+00:00
[2025-10-20T18:01:42.164+0000] {processor.py:175} INFO - Processing /home/airflow/.local/lib/python3.7/site-packages/airflow/example_dags/example_nested_branch_dag.py took 0.069 seconds
[2025-10-20T18:02:12.274+0000] {processor.py:153} INFO - Started process (PID=395) to work on /home/airflow/.local/lib/python3.7/site-packages/airflow/example_dags/example_nested_branch_dag.py
[2025-10-20T18:02:12.275+0000] {processor.py:743} INFO - Processing file /home/airflow/.local/lib/python3.7/site-packages/airflow/example_dags/example_nested_branch_dag.py for tasks to queue
[2025-10-20T18:02:12.275+0000] {logging_mixin.py:137} INFO - [2025-10-20T18:02:12.275+0000] {dagbag.py:538} INFO - Filling up the DagBag from /home/airflow/.local/lib/python3.7/site-packages/airflow/example_dags/example_nested_branch_dag.py
[2025-10-20T18:02:12.293+0000] {processor.py:753} INFO - DAG(s) dict_keys(['example_nested_branch_dag']) retrieved from /home/airflow/.local/lib/python3.7/site-packages/airflow/example_dags/example_nested_branch_dag.py
[2025-10-20T18:02:12.306+0000] {logging_mixin.py:137} INFO - [2025-10-20T18:02:12.306+0000] {dag.py:2690} INFO - Sync 1 DAGs
[2025-10-20T18:02:12.318+0000] {logging_mixin.py:137} INFO - [2025-10-20T18:02:12.318+0000] {dag.py:3441} INFO - Setting next_dagrun for example_nested_branch_dag to 2025-10-19T00:00:00+00:00, run_after=2025-10-20T00:00:00+00:00
[2025-10-20T18:02:12.325+0000] {processor.py:175} INFO - Processing /home/airflow/.local/lib/python3.7/site-packages/airflow/example_dags/example_nested_branch_dag.py took 0.054 seconds
[2025-10-20T18:02:42.520+0000] {processor.py:153} INFO - Started process (PID=488) to work on /home/airflow/.local/lib/python3.7/site-packages/airflow/example_dags/example_nested_branch_dag.py
[2025-10-20T18:02:42.521+0000] {processor.py:743} INFO - Processing file /home/airflow/.local/lib/python3.7/site-packages/airflow/example_dags/example_nested_branch_dag.py for tasks to queue
[2025-10-20T18:02:42.522+0000] {logging_mixin.py:137} INFO - [2025-10-20T18:02:42.521+0000] {dagbag.py:538} INFO - Filling up the DagBag from /home/airflow/.local/lib/python3.7/site-packages/airflow/example_dags/example_nested_branch_dag.py
[2025-10-20T18:02:42.540+0000] {processor.py:753} INFO - DAG(s) dict_keys(['example_nested_branch_dag']) retrieved from /home/airflow/.local/lib/python3.7/site-packages/airflow/example_dags/example_nested_branch_dag.py
[2025-10-20T18:02:42.553+0000] {logging_mixin.py:137} INFO - [2025-10-20T18:02:42.553+0000] {dag.py:2690} INFO - Sync 1 DAGs
[2025-10-20T18:02:42.566+0000] {logging_mixin.py:137} INFO - [2025-10-20T18:02:42.566+0000] {dag.py:3441} INFO - Setting next_dagrun for example_nested_branch_dag to 2025-10-19T00:00:00+00:00, run_after=2025-10-20T00:00:00+00:00
[2025-10-20T18:02:42.573+0000] {processor.py:175} INFO - Processing /home/airflow/.local/lib/python3.7/site-packages/airflow/example_dags/example_nested_branch_dag.py took 0.056 seconds
[2025-10-20T18:03:12.725+0000] {processor.py:153} INFO - Started process (PID=580) to work on /home/airflow/.local/lib/python3.7/site-packages/airflow/example_dags/example_nested_branch_dag.py
[2025-10-20T18:03:12.728+0000] {processor.py:743} INFO - Processing file /home/airflow/.local/lib/python3.7/site-packages/airflow/example_dags/example_nested_branch_dag.py for tasks to queue
[2025-10-20T18:03:12.728+0000] {logging_mixin.py:137} INFO - [2025-10-20T18:03:12.728+0000] {dagbag.py:538} INFO - Filling up the DagBag from /home/airflow/.local/lib/python3.7/site-packages/airflow/example_dags/example_nested_branch_dag.py
[2025-10-20T18:03:12.764+0000] {processor.py:753} INFO - DAG(s) dict_keys(['example_nested_branch_dag']) retrieved from /home/airflow/.local/lib/python3.7/site-packages/airflow/example_dags/example_nested_branch_dag.py
[2025-10-20T18:03:12.775+0000] {logging_mixin.py:137} INFO - [2025-10-20T18:03:12.775+0000] {dag.py:2690} INFO - Sync 1 DAGs
[2025-10-20T18:03:12.785+0000] {logging_mixin.py:137} INFO - [2025-10-20T18:03:12.785+0000] {dag.py:3441} INFO - Setting next_dagrun for example_nested_branch_dag to 2025-10-19T00:00:00+00:00, run_after=2025-10-20T00:00:00+00:00
[2025-10-20T18:03:12.793+0000] {processor.py:175} INFO - Processing /home/airflow/.local/lib/python3.7/site-packages/airflow/example_dags/example_nested_branch_dag.py took 0.079 seconds
[2025-10-20T18:03:43.023+0000] {processor.py:153} INFO - Started process (PID=655) to work on /home/airflow/.local/lib/python3.7/site-packages/airflow/example_dags/example_nested_branch_dag.py
[2025-10-20T18:03:43.024+0000] {processor.py:743} INFO - Processing file /home/airflow/.local/lib/python3.7/site-packages/airflow/example_dags/example_nested_branch_dag.py for tasks to queue
[2025-10-20T18:03:43.025+0000] {logging_mixin.py:137} INFO - [2025-10-20T18:03:43.025+0000] {dagbag.py:538} INFO - Filling up the DagBag from /home/airflow/.local/lib/python3.7/site-packages/airflow/example_dags/example_nested_branch_dag.py
[2025-10-20T18:03:43.043+0000] {processor.py:753} INFO - DAG(s) dict_keys(['example_nested_branch_dag']) retrieved from /home/airflow/.local/lib/python3.7/site-packages/airflow/example_dags/example_nested_branch_dag.py
[2025-10-20T18:03:43.057+0000] {logging_mixin.py:137} INFO - [2025-10-20T18:03:43.057+0000] {dag.py:2690} INFO - Sync 1 DAGs
[2025-10-20T18:03:43.069+0000] {logging_mixin.py:137} INFO - [2025-10-20T18:03:43.068+0000] {dag.py:3441} INFO - Setting next_dagrun for example_nested_branch_dag to 2025-10-19T00:00:00+00:00, run_after=2025-10-20T00:00:00+00:00
[2025-10-20T18:03:43.076+0000] {processor.py:175} INFO - Processing /home/airflow/.local/lib/python3.7/site-packages/airflow/example_dags/example_nested_branch_dag.py took 0.056 seconds
[2025-10-20T18:04:13.256+0000] {processor.py:153} INFO - Started process (PID=748) to work on /home/airflow/.local/lib/python3.7/site-packages/airflow/example_dags/example_nested_branch_dag.py
[2025-10-20T18:04:13.258+0000] {processor.py:743} INFO - Processing file /home/airflow/.local/lib/python3.7/site-packages/airflow/example_dags/example_nested_branch_dag.py for tasks to queue
[2025-10-20T18:04:13.258+0000] {logging_mixin.py:137} INFO - [2025-10-20T18:04:13.258+0000] {dagbag.py:538} INFO - Filling up the DagBag from /home/airflow/.local/lib/python3.7/site-packages/airflow/example_dags/example_nested_branch_dag.py
[2025-10-20T18:04:13.275+0000] {processor.py:753} INFO - DAG(s) dict_keys(['example_nested_branch_dag']) retrieved from /home/airflow/.local/lib/python3.7/site-packages/airflow/example_dags/example_nested_branch_dag.py
[2025-10-20T18:04:13.288+0000] {logging_mixin.py:137} INFO - [2025-10-20T18:04:13.288+0000] {dag.py:2690} INFO - Sync 1 DAGs
[2025-10-20T18:04:13.300+0000] {logging_mixin.py:137} INFO - [2025-10-20T18:04:13.300+0000] {dag.py:3441} INFO - Setting next_dagrun for example_nested_branch_dag to 2025-10-19T00:00:00+00:00, run_after=2025-10-20T00:00:00+00:00
[2025-10-20T18:04:13.308+0000] {processor.py:175} INFO - Processing /home/airflow/.local/lib/python3.7/site-packages/airflow/example_dags/example_nested_branch_dag.py took 0.054 seconds
[2025-10-20T18:04:43.532+0000] {processor.py:153} INFO - Started process (PID=841) to work on /home/airflow/.local/lib/python3.7/site-packages/airflow/example_dags/example_nested_branch_dag.py
[2025-10-20T18:04:43.532+0000] {processor.py:743} INFO - Processing file /home/airflow/.local/lib/python3.7/site-packages/airflow/example_dags/example_nested_branch_dag.py for tasks to queue
[2025-10-20T18:04:43.533+0000] {logging_mixin.py:137} INFO - [2025-10-20T18:04:43.533+0000] {dagbag.py:538} INFO - Filling up the DagBag from /home/airflow/.local/lib/python3.7/site-packages/airflow/example_dags/example_nested_branch_dag.py
[2025-10-20T18:04:43.552+0000] {processor.py:753} INFO - DAG(s) dict_keys(['example_nested_branch_dag']) retrieved from /home/airflow/.local/lib/python3.7/site-packages/airflow/example_dags/example_nested_branch_dag.py
[2025-10-20T18:04:43.566+0000] {logging_mixin.py:137} INFO - [2025-10-20T18:04:43.566+0000] {dag.py:2690} INFO - Sync 1 DAGs
[2025-10-20T18:04:43.579+0000] {logging_mixin.py:137} INFO - [2025-10-20T18:04:43.579+0000] {dag.py:3441} INFO - Setting next_dagrun for example_nested_branch_dag to 2025-10-19T00:00:00+00:00, run_after=2025-10-20T00:00:00+00:00
[2025-10-20T18:04:43.586+0000] {processor.py:175} INFO - Processing /home/airflow/.local/lib/python3.7/site-packages/airflow/example_dags/example_nested_branch_dag.py took 0.061 seconds
[2025-10-20T18:05:13.749+0000] {processor.py:153} INFO - Started process (PID=934) to work on /home/airflow/.local/lib/python3.7/site-packages/airflow/example_dags/example_nested_branch_dag.py
[2025-10-20T18:05:13.751+0000] {processor.py:743} INFO - Processing file /home/airflow/.local/lib/python3.7/site-packages/airflow/example_dags/example_nested_branch_dag.py for tasks to queue
[2025-10-20T18:05:13.752+0000] {logging_mixin.py:137} INFO - [2025-10-20T18:05:13.752+0000] {dagbag.py:538} INFO - Filling up the DagBag from /home/airflow/.local/lib/python3.7/site-packages/airflow/example_dags/example_nested_branch_dag.py
[2025-10-20T18:05:13.771+0000] {processor.py:753} INFO - DAG(s) dict_keys(['example_nested_branch_dag']) retrieved from /home/airflow/.local/lib/python3.7/site-packages/airflow/example_dags/example_nested_branch_dag.py
[2025-10-20T18:05:13.786+0000] {logging_mixin.py:137} INFO - [2025-10-20T18:05:13.786+0000] {dag.py:2690} INFO - Sync 1 DAGs
[2025-10-20T18:05:13.798+0000] {logging_mixin.py:137} INFO - [2025-10-20T18:05:13.798+0000] {dag.py:3441} INFO - Setting next_dagrun for example_nested_branch_dag to 2025-10-19T00:00:00+00:00, run_after=2025-10-20T00:00:00+00:00
[2025-10-20T18:05:13.806+0000] {processor.py:175} INFO - Processing /home/airflow/.local/lib/python3.7/site-packages/airflow/example_dags/example_nested_branch_dag.py took 0.059 seconds
[2025-10-20T18:05:44.041+0000] {processor.py:153} INFO - Started process (PID=1009) to work on /home/airflow/.local/lib/python3.7/site-packages/airflow/example_dags/example_nested_branch_dag.py
[2025-10-20T18:05:44.043+0000] {processor.py:743} INFO - Processing file /home/airflow/.local/lib/python3.7/site-packages/airflow/example_dags/example_nested_branch_dag.py for tasks to queue
[2025-10-20T18:05:44.045+0000] {logging_mixin.py:137} INFO - [2025-10-20T18:05:44.044+0000] {dagbag.py:538} INFO - Filling up the DagBag from /home/airflow/.local/lib/python3.7/site-packages/airflow/example_dags/example_nested_branch_dag.py
[2025-10-20T18:05:44.078+0000] {processor.py:753} INFO - DAG(s) dict_keys(['example_nested_branch_dag']) retrieved from /home/airflow/.local/lib/python3.7/site-packages/airflow/example_dags/example_nested_branch_dag.py
[2025-10-20T18:05:44.133+0000] {logging_mixin.py:137} INFO - [2025-10-20T18:05:44.132+0000] {dag.py:2690} INFO - Sync 1 DAGs
[2025-10-20T18:05:44.166+0000] {logging_mixin.py:137} INFO - [2025-10-20T18:05:44.166+0000] {dag.py:3441} INFO - Setting next_dagrun for example_nested_branch_dag to 2025-10-19T00:00:00+00:00, run_after=2025-10-20T00:00:00+00:00
[2025-10-20T18:05:44.183+0000] {processor.py:175} INFO - Processing /home/airflow/.local/lib/python3.7/site-packages/airflow/example_dags/example_nested_branch_dag.py took 0.150 seconds
[2025-10-20T18:06:14.425+0000] {processor.py:153} INFO - Started process (PID=1102) to work on /home/airflow/.local/lib/python3.7/site-packages/airflow/example_dags/example_nested_branch_dag.py
[2025-10-20T18:06:14.426+0000] {processor.py:743} INFO - Processing file /home/airflow/.local/lib/python3.7/site-packages/airflow/example_dags/example_nested_branch_dag.py for tasks to queue
[2025-10-20T18:06:14.426+0000] {logging_mixin.py:137} INFO - [2025-10-20T18:06:14.426+0000] {dagbag.py:538} INFO - Filling up the DagBag from /home/airflow/.local/lib/python3.7/site-packages/airflow/example_dags/example_nested_branch_dag.py
[2025-10-20T18:06:14.446+0000] {processor.py:753} INFO - DAG(s) dict_keys(['example_nested_branch_dag']) retrieved from /home/airflow/.local/lib/python3.7/site-packages/airflow/example_dags/example_nested_branch_dag.py
[2025-10-20T18:06:14.460+0000] {logging_mixin.py:137} INFO - [2025-10-20T18:06:14.460+0000] {dag.py:2690} INFO - Sync 1 DAGs
[2025-10-20T18:06:14.472+0000] {logging_mixin.py:137} INFO - [2025-10-20T18:06:14.471+0000] {dag.py:3441} INFO - Setting next_dagrun for example_nested_branch_dag to 2025-10-19T00:00:00+00:00, run_after=2025-10-20T00:00:00+00:00
[2025-10-20T18:06:14.479+0000] {processor.py:175} INFO - Processing /home/airflow/.local/lib/python3.7/site-packages/airflow/example_dags/example_nested_branch_dag.py took 0.057 seconds
[2025-10-20T18:06:44.652+0000] {processor.py:153} INFO - Started process (PID=1195) to work on /home/airflow/.local/lib/python3.7/site-packages/airflow/example_dags/example_nested_branch_dag.py
[2025-10-20T18:06:44.653+0000] {processor.py:743} INFO - Processing file /home/airflow/.local/lib/python3.7/site-packages/airflow/example_dags/example_nested_branch_dag.py for tasks to queue
[2025-10-20T18:06:44.654+0000] {logging_mixin.py:137} INFO - [2025-10-20T18:06:44.653+0000] {dagbag.py:538} INFO - Filling up the DagBag from /home/airflow/.local/lib/python3.7/site-packages/airflow/example_dags/example_nested_branch_dag.py
[2025-10-20T18:06:44.666+0000] {processor.py:753} INFO - DAG(s) dict_keys(['example_nested_branch_dag']) retrieved from /home/airflow/.local/lib/python3.7/site-packages/airflow/example_dags/example_nested_branch_dag.py
[2025-10-20T18:06:44.679+0000] {logging_mixin.py:137} INFO - [2025-10-20T18:06:44.679+0000] {dag.py:2690} INFO - Sync 1 DAGs
[2025-10-20T18:06:44.690+0000] {logging_mixin.py:137} INFO - [2025-10-20T18:06:44.690+0000] {dag.py:3441} INFO - Setting next_dagrun for example_nested_branch_dag to 2025-10-19T00:00:00+00:00, run_after=2025-10-20T00:00:00+00:00
[2025-10-20T18:06:44.700+0000] {processor.py:175} INFO - Processing /home/airflow/.local/lib/python3.7/site-packages/airflow/example_dags/example_nested_branch_dag.py took 0.052 seconds
[2025-10-20T18:07:15.022+0000] {processor.py:153} INFO - Started process (PID=1288) to work on /home/airflow/.local/lib/python3.7/site-packages/airflow/example_dags/example_nested_branch_dag.py
[2025-10-20T18:07:15.023+0000] {processor.py:743} INFO - Processing file /home/airflow/.local/lib/python3.7/site-packages/airflow/example_dags/example_nested_branch_dag.py for tasks to queue
[2025-10-20T18:07:15.023+0000] {logging_mixin.py:137} INFO - [2025-10-20T18:07:15.023+0000] {dagbag.py:538} INFO - Filling up the DagBag from /home/airflow/.local/lib/python3.7/site-packages/airflow/example_dags/example_nested_branch_dag.py
[2025-10-20T18:07:15.043+0000] {processor.py:753} INFO - DAG(s) dict_keys(['example_nested_branch_dag']) retrieved from /home/airflow/.local/lib/python3.7/site-packages/airflow/example_dags/example_nested_branch_dag.py
[2025-10-20T18:07:15.057+0000] {logging_mixin.py:137} INFO - [2025-10-20T18:07:15.057+0000] {dag.py:2690} INFO - Sync 1 DAGs
[2025-10-20T18:07:15.068+0000] {logging_mixin.py:137} INFO - [2025-10-20T18:07:15.068+0000] {dag.py:3441} INFO - Setting next_dagrun for example_nested_branch_dag to 2025-10-19T00:00:00+00:00, run_after=2025-10-20T00:00:00+00:00
[2025-10-20T18:07:15.075+0000] {processor.py:175} INFO - Processing /home/airflow/.local/lib/python3.7/site-packages/airflow/example_dags/example_nested_branch_dag.py took 0.056 seconds
[2025-10-20T18:07:45.196+0000] {processor.py:153} INFO - Started process (PID=1363) to work on /home/airflow/.local/lib/python3.7/site-packages/airflow/example_dags/example_nested_branch_dag.py
[2025-10-20T18:07:45.197+0000] {processor.py:743} INFO - Processing file /home/airflow/.local/lib/python3.7/site-packages/airflow/example_dags/example_nested_branch_dag.py for tasks to queue
[2025-10-20T18:07:45.197+0000] {logging_mixin.py:137} INFO - [2025-10-20T18:07:45.197+0000] {dagbag.py:538} INFO - Filling up the DagBag from /home/airflow/.local/lib/python3.7/site-packages/airflow/example_dags/example_nested_branch_dag.py
[2025-10-20T18:07:45.212+0000] {processor.py:753} INFO - DAG(s) dict_keys(['example_nested_branch_dag']) retrieved from /home/airflow/.local/lib/python3.7/site-packages/airflow/example_dags/example_nested_branch_dag.py
[2025-10-20T18:07:45.226+0000] {logging_mixin.py:137} INFO - [2025-10-20T18:07:45.226+0000] {dag.py:2690} INFO - Sync 1 DAGs
[2025-10-20T18:07:45.237+0000] {logging_mixin.py:137} INFO - [2025-10-20T18:07:45.237+0000] {dag.py:3441} INFO - Setting next_dagrun for example_nested_branch_dag to 2025-10-19T00:00:00+00:00, run_after=2025-10-20T00:00:00+00:00
[2025-10-20T18:07:45.245+0000] {processor.py:175} INFO - Processing /home/airflow/.local/lib/python3.7/site-packages/airflow/example_dags/example_nested_branch_dag.py took 0.053 seconds
[2025-10-20T18:08:15.457+0000] {processor.py:153} INFO - Started process (PID=1456) to work on /home/airflow/.local/lib/python3.7/site-packages/airflow/example_dags/example_nested_branch_dag.py
[2025-10-20T18:08:15.459+0000] {processor.py:743} INFO - Processing file /home/airflow/.local/lib/python3.7/site-packages/airflow/example_dags/example_nested_branch_dag.py for tasks to queue
[2025-10-20T18:08:15.459+0000] {logging_mixin.py:137} INFO - [2025-10-20T18:08:15.459+0000] {dagbag.py:538} INFO - Filling up the DagBag from /home/airflow/.local/lib/python3.7/site-packages/airflow/example_dags/example_nested_branch_dag.py
[2025-10-20T18:08:15.477+0000] {processor.py:753} INFO - DAG(s) dict_keys(['example_nested_branch_dag']) retrieved from /home/airflow/.local/lib/python3.7/site-packages/airflow/example_dags/example_nested_branch_dag.py
[2025-10-20T18:08:15.499+0000] {logging_mixin.py:137} INFO - [2025-10-20T18:08:15.499+0000] {dag.py:2690} INFO - Sync 1 DAGs
[2025-10-20T18:08:15.513+0000] {logging_mixin.py:137} INFO - [2025-10-20T18:08:15.513+0000] {dag.py:3441} INFO - Setting next_dagrun for example_nested_branch_dag to 2025-10-19T00:00:00+00:00, run_after=2025-10-20T00:00:00+00:00
[2025-10-20T18:08:15.521+0000] {processor.py:175} INFO - Processing /home/airflow/.local/lib/python3.7/site-packages/airflow/example_dags/example_nested_branch_dag.py took 0.068 seconds
[2025-10-20T18:08:45.754+0000] {processor.py:153} INFO - Started process (PID=1549) to work on /home/airflow/.local/lib/python3.7/site-packages/airflow/example_dags/example_nested_branch_dag.py
[2025-10-20T18:08:45.755+0000] {processor.py:743} INFO - Processing file /home/airflow/.local/lib/python3.7/site-packages/airflow/example_dags/example_nested_branch_dag.py for tasks to queue
[2025-10-20T18:08:45.755+0000] {logging_mixin.py:137} INFO - [2025-10-20T18:08:45.755+0000] {dagbag.py:538} INFO - Filling up the DagBag from /home/airflow/.local/lib/python3.7/site-packages/airflow/example_dags/example_nested_branch_dag.py
[2025-10-20T18:08:45.772+0000] {processor.py:753} INFO - DAG(s) dict_keys(['example_nested_branch_dag']) retrieved from /home/airflow/.local/lib/python3.7/site-packages/airflow/example_dags/example_nested_branch_dag.py
[2025-10-20T18:08:45.789+0000] {logging_mixin.py:137} INFO - [2025-10-20T18:08:45.789+0000] {dag.py:2690} INFO - Sync 1 DAGs
[2025-10-20T18:08:45.801+0000] {logging_mixin.py:137} INFO - [2025-10-20T18:08:45.801+0000] {dag.py:3441} INFO - Setting next_dagrun for example_nested_branch_dag to 2025-10-19T00:00:00+00:00, run_after=2025-10-20T00:00:00+00:00
[2025-10-20T18:08:45.808+0000] {processor.py:175} INFO - Processing /home/airflow/.local/lib/python3.7/site-packages/airflow/example_dags/example_nested_branch_dag.py took 0.058 seconds
