[2025-10-20T18:00:11.665+0000] {processor.py:153} INFO - Started process (PID=69) to work on /home/airflow/.local/lib/python3.7/site-packages/airflow/example_dags/example_branch_labels.py
[2025-10-20T18:00:11.665+0000] {processor.py:743} INFO - Processing file /home/airflow/.local/lib/python3.7/site-packages/airflow/example_dags/example_branch_labels.py for tasks to queue
[2025-10-20T18:00:11.666+0000] {logging_mixin.py:137} INFO - [2025-10-20T18:00:11.666+0000] {dagbag.py:538} INFO - Filling up the DagBag from /home/airflow/.local/lib/python3.7/site-packages/airflow/example_dags/example_branch_labels.py
[2025-10-20T18:00:11.675+0000] {processor.py:753} INFO - DAG(s) dict_keys(['example_branch_labels']) retrieved from /home/airflow/.local/lib/python3.7/site-packages/airflow/example_dags/example_branch_labels.py
[2025-10-20T18:00:11.684+0000] {logging_mixin.py:137} INFO - [2025-10-20T18:00:11.684+0000] {dag.py:2690} INFO - Sync 1 DAGs
[2025-10-20T18:00:11.697+0000] {logging_mixin.py:137} INFO - [2025-10-20T18:00:11.697+0000] {dag.py:3441} INFO - Setting next_dagrun for example_branch_labels to 2025-10-19T00:00:00+00:00, run_after=2025-10-20T00:00:00+00:00
[2025-10-20T18:00:11.708+0000] {processor.py:175} INFO - Processing /home/airflow/.local/lib/python3.7/site-packages/airflow/example_dags/example_branch_labels.py took 0.046 seconds
[2025-10-20T18:00:41.979+0000] {processor.py:153} INFO - Started process (PID=162) to work on /home/airflow/.local/lib/python3.7/site-packages/airflow/example_dags/example_branch_labels.py
[2025-10-20T18:00:41.979+0000] {processor.py:743} INFO - Processing file /home/airflow/.local/lib/python3.7/site-packages/airflow/example_dags/example_branch_labels.py for tasks to queue
[2025-10-20T18:00:41.979+0000] {logging_mixin.py:137} INFO - [2025-10-20T18:00:41.979+0000] {dagbag.py:538} INFO - Filling up the DagBag from /home/airflow/.local/lib/python3.7/site-packages/airflow/example_dags/example_branch_labels.py
[2025-10-20T18:00:41.985+0000] {processor.py:753} INFO - DAG(s) dict_keys(['example_branch_labels']) retrieved from /home/airflow/.local/lib/python3.7/site-packages/airflow/example_dags/example_branch_labels.py
[2025-10-20T18:00:41.995+0000] {logging_mixin.py:137} INFO - [2025-10-20T18:00:41.995+0000] {dag.py:2690} INFO - Sync 1 DAGs
[2025-10-20T18:00:42.004+0000] {logging_mixin.py:137} INFO - [2025-10-20T18:00:42.004+0000] {dag.py:3441} INFO - Setting next_dagrun for example_branch_labels to 2025-10-19T00:00:00+00:00, run_after=2025-10-20T00:00:00+00:00
[2025-10-20T18:00:42.011+0000] {processor.py:175} INFO - Processing /home/airflow/.local/lib/python3.7/site-packages/airflow/example_dags/example_branch_labels.py took 0.034 seconds
[2025-10-20T18:01:12.549+0000] {processor.py:153} INFO - Started process (PID=255) to work on /home/airflow/.local/lib/python3.7/site-packages/airflow/example_dags/example_branch_labels.py
[2025-10-20T18:01:12.549+0000] {processor.py:743} INFO - Processing file /home/airflow/.local/lib/python3.7/site-packages/airflow/example_dags/example_branch_labels.py for tasks to queue
[2025-10-20T18:01:12.549+0000] {logging_mixin.py:137} INFO - [2025-10-20T18:01:12.549+0000] {dagbag.py:538} INFO - Filling up the DagBag from /home/airflow/.local/lib/python3.7/site-packages/airflow/example_dags/example_branch_labels.py
[2025-10-20T18:01:12.558+0000] {processor.py:753} INFO - DAG(s) dict_keys(['example_branch_labels']) retrieved from /home/airflow/.local/lib/python3.7/site-packages/airflow/example_dags/example_branch_labels.py
[2025-10-20T18:01:12.572+0000] {logging_mixin.py:137} INFO - [2025-10-20T18:01:12.572+0000] {dag.py:2690} INFO - Sync 1 DAGs
[2025-10-20T18:01:12.583+0000] {logging_mixin.py:137} INFO - [2025-10-20T18:01:12.583+0000] {dag.py:3441} INFO - Setting next_dagrun for example_branch_labels to 2025-10-19T00:00:00+00:00, run_after=2025-10-20T00:00:00+00:00
[2025-10-20T18:01:12.591+0000] {processor.py:175} INFO - Processing /home/airflow/.local/lib/python3.7/site-packages/airflow/example_dags/example_branch_labels.py took 0.044 seconds
[2025-10-20T18:01:42.792+0000] {processor.py:153} INFO - Started process (PID=330) to work on /home/airflow/.local/lib/python3.7/site-packages/airflow/example_dags/example_branch_labels.py
[2025-10-20T18:01:42.793+0000] {processor.py:743} INFO - Processing file /home/airflow/.local/lib/python3.7/site-packages/airflow/example_dags/example_branch_labels.py for tasks to queue
[2025-10-20T18:01:42.793+0000] {logging_mixin.py:137} INFO - [2025-10-20T18:01:42.793+0000] {dagbag.py:538} INFO - Filling up the DagBag from /home/airflow/.local/lib/python3.7/site-packages/airflow/example_dags/example_branch_labels.py
[2025-10-20T18:01:42.798+0000] {processor.py:753} INFO - DAG(s) dict_keys(['example_branch_labels']) retrieved from /home/airflow/.local/lib/python3.7/site-packages/airflow/example_dags/example_branch_labels.py
[2025-10-20T18:01:42.808+0000] {logging_mixin.py:137} INFO - [2025-10-20T18:01:42.808+0000] {dag.py:2690} INFO - Sync 1 DAGs
[2025-10-20T18:01:42.817+0000] {logging_mixin.py:137} INFO - [2025-10-20T18:01:42.817+0000] {dag.py:3441} INFO - Setting next_dagrun for example_branch_labels to 2025-10-19T00:00:00+00:00, run_after=2025-10-20T00:00:00+00:00
[2025-10-20T18:01:42.823+0000] {processor.py:175} INFO - Processing /home/airflow/.local/lib/python3.7/site-packages/airflow/example_dags/example_branch_labels.py took 0.032 seconds
[2025-10-20T18:02:13.019+0000] {processor.py:153} INFO - Started process (PID=423) to work on /home/airflow/.local/lib/python3.7/site-packages/airflow/example_dags/example_branch_labels.py
[2025-10-20T18:02:13.020+0000] {processor.py:743} INFO - Processing file /home/airflow/.local/lib/python3.7/site-packages/airflow/example_dags/example_branch_labels.py for tasks to queue
[2025-10-20T18:02:13.020+0000] {logging_mixin.py:137} INFO - [2025-10-20T18:02:13.020+0000] {dagbag.py:538} INFO - Filling up the DagBag from /home/airflow/.local/lib/python3.7/site-packages/airflow/example_dags/example_branch_labels.py
[2025-10-20T18:02:13.026+0000] {processor.py:753} INFO - DAG(s) dict_keys(['example_branch_labels']) retrieved from /home/airflow/.local/lib/python3.7/site-packages/airflow/example_dags/example_branch_labels.py
[2025-10-20T18:02:13.035+0000] {logging_mixin.py:137} INFO - [2025-10-20T18:02:13.035+0000] {dag.py:2690} INFO - Sync 1 DAGs
[2025-10-20T18:02:13.044+0000] {logging_mixin.py:137} INFO - [2025-10-20T18:02:13.044+0000] {dag.py:3441} INFO - Setting next_dagrun for example_branch_labels to 2025-10-19T00:00:00+00:00, run_after=2025-10-20T00:00:00+00:00
[2025-10-20T18:02:13.052+0000] {processor.py:175} INFO - Processing /home/airflow/.local/lib/python3.7/site-packages/airflow/example_dags/example_branch_labels.py took 0.033 seconds
[2025-10-20T18:02:43.194+0000] {processor.py:153} INFO - Started process (PID=516) to work on /home/airflow/.local/lib/python3.7/site-packages/airflow/example_dags/example_branch_labels.py
[2025-10-20T18:02:43.194+0000] {processor.py:743} INFO - Processing file /home/airflow/.local/lib/python3.7/site-packages/airflow/example_dags/example_branch_labels.py for tasks to queue
[2025-10-20T18:02:43.194+0000] {logging_mixin.py:137} INFO - [2025-10-20T18:02:43.194+0000] {dagbag.py:538} INFO - Filling up the DagBag from /home/airflow/.local/lib/python3.7/site-packages/airflow/example_dags/example_branch_labels.py
[2025-10-20T18:02:43.199+0000] {processor.py:753} INFO - DAG(s) dict_keys(['example_branch_labels']) retrieved from /home/airflow/.local/lib/python3.7/site-packages/airflow/example_dags/example_branch_labels.py
[2025-10-20T18:02:43.209+0000] {logging_mixin.py:137} INFO - [2025-10-20T18:02:43.209+0000] {dag.py:2690} INFO - Sync 1 DAGs
[2025-10-20T18:02:43.218+0000] {logging_mixin.py:137} INFO - [2025-10-20T18:02:43.218+0000] {dag.py:3441} INFO - Setting next_dagrun for example_branch_labels to 2025-10-19T00:00:00+00:00, run_after=2025-10-20T00:00:00+00:00
[2025-10-20T18:02:43.226+0000] {processor.py:175} INFO - Processing /home/airflow/.local/lib/python3.7/site-packages/airflow/example_dags/example_branch_labels.py took 0.034 seconds
[2025-10-20T18:03:13.517+0000] {processor.py:153} INFO - Started process (PID=608) to work on /home/airflow/.local/lib/python3.7/site-packages/airflow/example_dags/example_branch_labels.py
[2025-10-20T18:03:13.518+0000] {processor.py:743} INFO - Processing file /home/airflow/.local/lib/python3.7/site-packages/airflow/example_dags/example_branch_labels.py for tasks to queue
[2025-10-20T18:03:13.518+0000] {logging_mixin.py:137} INFO - [2025-10-20T18:03:13.518+0000] {dagbag.py:538} INFO - Filling up the DagBag from /home/airflow/.local/lib/python3.7/site-packages/airflow/example_dags/example_branch_labels.py
[2025-10-20T18:03:13.523+0000] {processor.py:753} INFO - DAG(s) dict_keys(['example_branch_labels']) retrieved from /home/airflow/.local/lib/python3.7/site-packages/airflow/example_dags/example_branch_labels.py
[2025-10-20T18:03:13.532+0000] {logging_mixin.py:137} INFO - [2025-10-20T18:03:13.532+0000] {dag.py:2690} INFO - Sync 1 DAGs
[2025-10-20T18:03:13.543+0000] {logging_mixin.py:137} INFO - [2025-10-20T18:03:13.543+0000] {dag.py:3441} INFO - Setting next_dagrun for example_branch_labels to 2025-10-19T00:00:00+00:00, run_after=2025-10-20T00:00:00+00:00
[2025-10-20T18:03:13.548+0000] {processor.py:175} INFO - Processing /home/airflow/.local/lib/python3.7/site-packages/airflow/example_dags/example_branch_labels.py took 0.032 seconds
[2025-10-20T18:03:43.725+0000] {processor.py:153} INFO - Started process (PID=683) to work on /home/airflow/.local/lib/python3.7/site-packages/airflow/example_dags/example_branch_labels.py
[2025-10-20T18:03:43.726+0000] {processor.py:743} INFO - Processing file /home/airflow/.local/lib/python3.7/site-packages/airflow/example_dags/example_branch_labels.py for tasks to queue
[2025-10-20T18:03:43.726+0000] {logging_mixin.py:137} INFO - [2025-10-20T18:03:43.726+0000] {dagbag.py:538} INFO - Filling up the DagBag from /home/airflow/.local/lib/python3.7/site-packages/airflow/example_dags/example_branch_labels.py
[2025-10-20T18:03:43.732+0000] {processor.py:753} INFO - DAG(s) dict_keys(['example_branch_labels']) retrieved from /home/airflow/.local/lib/python3.7/site-packages/airflow/example_dags/example_branch_labels.py
[2025-10-20T18:03:43.741+0000] {logging_mixin.py:137} INFO - [2025-10-20T18:03:43.741+0000] {dag.py:2690} INFO - Sync 1 DAGs
[2025-10-20T18:03:43.750+0000] {logging_mixin.py:137} INFO - [2025-10-20T18:03:43.750+0000] {dag.py:3441} INFO - Setting next_dagrun for example_branch_labels to 2025-10-19T00:00:00+00:00, run_after=2025-10-20T00:00:00+00:00
[2025-10-20T18:03:43.756+0000] {processor.py:175} INFO - Processing /home/airflow/.local/lib/python3.7/site-packages/airflow/example_dags/example_branch_labels.py took 0.032 seconds
[2025-10-20T18:04:13.962+0000] {processor.py:153} INFO - Started process (PID=776) to work on /home/airflow/.local/lib/python3.7/site-packages/airflow/example_dags/example_branch_labels.py
[2025-10-20T18:04:13.963+0000] {processor.py:743} INFO - Processing file /home/airflow/.local/lib/python3.7/site-packages/airflow/example_dags/example_branch_labels.py for tasks to queue
[2025-10-20T18:04:13.963+0000] {logging_mixin.py:137} INFO - [2025-10-20T18:04:13.963+0000] {dagbag.py:538} INFO - Filling up the DagBag from /home/airflow/.local/lib/python3.7/site-packages/airflow/example_dags/example_branch_labels.py
[2025-10-20T18:04:13.968+0000] {processor.py:753} INFO - DAG(s) dict_keys(['example_branch_labels']) retrieved from /home/airflow/.local/lib/python3.7/site-packages/airflow/example_dags/example_branch_labels.py
[2025-10-20T18:04:13.981+0000] {logging_mixin.py:137} INFO - [2025-10-20T18:04:13.981+0000] {dag.py:2690} INFO - Sync 1 DAGs
[2025-10-20T18:04:13.991+0000] {logging_mixin.py:137} INFO - [2025-10-20T18:04:13.991+0000] {dag.py:3441} INFO - Setting next_dagrun for example_branch_labels to 2025-10-19T00:00:00+00:00, run_after=2025-10-20T00:00:00+00:00
[2025-10-20T18:04:13.997+0000] {processor.py:175} INFO - Processing /home/airflow/.local/lib/python3.7/site-packages/airflow/example_dags/example_branch_labels.py took 0.036 seconds
[2025-10-20T18:04:44.258+0000] {processor.py:153} INFO - Started process (PID=869) to work on /home/airflow/.local/lib/python3.7/site-packages/airflow/example_dags/example_branch_labels.py
[2025-10-20T18:04:44.260+0000] {processor.py:743} INFO - Processing file /home/airflow/.local/lib/python3.7/site-packages/airflow/example_dags/example_branch_labels.py for tasks to queue
[2025-10-20T18:04:44.260+0000] {logging_mixin.py:137} INFO - [2025-10-20T18:04:44.260+0000] {dagbag.py:538} INFO - Filling up the DagBag from /home/airflow/.local/lib/python3.7/site-packages/airflow/example_dags/example_branch_labels.py
[2025-10-20T18:04:44.265+0000] {processor.py:753} INFO - DAG(s) dict_keys(['example_branch_labels']) retrieved from /home/airflow/.local/lib/python3.7/site-packages/airflow/example_dags/example_branch_labels.py
[2025-10-20T18:04:44.275+0000] {logging_mixin.py:137} INFO - [2025-10-20T18:04:44.275+0000] {dag.py:2690} INFO - Sync 1 DAGs
[2025-10-20T18:04:44.284+0000] {logging_mixin.py:137} INFO - [2025-10-20T18:04:44.284+0000] {dag.py:3441} INFO - Setting next_dagrun for example_branch_labels to 2025-10-19T00:00:00+00:00, run_after=2025-10-20T00:00:00+00:00
[2025-10-20T18:04:44.290+0000] {processor.py:175} INFO - Processing /home/airflow/.local/lib/python3.7/site-packages/airflow/example_dags/example_branch_labels.py took 0.034 seconds
[2025-10-20T18:05:14.449+0000] {processor.py:153} INFO - Started process (PID=962) to work on /home/airflow/.local/lib/python3.7/site-packages/airflow/example_dags/example_branch_labels.py
[2025-10-20T18:05:14.450+0000] {processor.py:743} INFO - Processing file /home/airflow/.local/lib/python3.7/site-packages/airflow/example_dags/example_branch_labels.py for tasks to queue
[2025-10-20T18:05:14.450+0000] {logging_mixin.py:137} INFO - [2025-10-20T18:05:14.450+0000] {dagbag.py:538} INFO - Filling up the DagBag from /home/airflow/.local/lib/python3.7/site-packages/airflow/example_dags/example_branch_labels.py
[2025-10-20T18:05:14.455+0000] {processor.py:753} INFO - DAG(s) dict_keys(['example_branch_labels']) retrieved from /home/airflow/.local/lib/python3.7/site-packages/airflow/example_dags/example_branch_labels.py
[2025-10-20T18:05:14.465+0000] {logging_mixin.py:137} INFO - [2025-10-20T18:05:14.465+0000] {dag.py:2690} INFO - Sync 1 DAGs
[2025-10-20T18:05:14.475+0000] {logging_mixin.py:137} INFO - [2025-10-20T18:05:14.475+0000] {dag.py:3441} INFO - Setting next_dagrun for example_branch_labels to 2025-10-19T00:00:00+00:00, run_after=2025-10-20T00:00:00+00:00
[2025-10-20T18:05:14.484+0000] {processor.py:175} INFO - Processing /home/airflow/.local/lib/python3.7/site-packages/airflow/example_dags/example_branch_labels.py took 0.036 seconds
[2025-10-20T18:05:45.444+0000] {processor.py:153} INFO - Started process (PID=1046) to work on /home/airflow/.local/lib/python3.7/site-packages/airflow/example_dags/example_branch_labels.py
[2025-10-20T18:05:45.446+0000] {processor.py:743} INFO - Processing file /home/airflow/.local/lib/python3.7/site-packages/airflow/example_dags/example_branch_labels.py for tasks to queue
[2025-10-20T18:05:45.448+0000] {logging_mixin.py:137} INFO - [2025-10-20T18:05:45.448+0000] {dagbag.py:538} INFO - Filling up the DagBag from /home/airflow/.local/lib/python3.7/site-packages/airflow/example_dags/example_branch_labels.py
[2025-10-20T18:05:45.458+0000] {processor.py:753} INFO - DAG(s) dict_keys(['example_branch_labels']) retrieved from /home/airflow/.local/lib/python3.7/site-packages/airflow/example_dags/example_branch_labels.py
[2025-10-20T18:05:45.481+0000] {logging_mixin.py:137} INFO - [2025-10-20T18:05:45.481+0000] {dag.py:2690} INFO - Sync 1 DAGs
[2025-10-20T18:05:45.502+0000] {logging_mixin.py:137} INFO - [2025-10-20T18:05:45.502+0000] {dag.py:3441} INFO - Setting next_dagrun for example_branch_labels to 2025-10-19T00:00:00+00:00, run_after=2025-10-20T00:00:00+00:00
[2025-10-20T18:05:45.540+0000] {processor.py:175} INFO - Processing /home/airflow/.local/lib/python3.7/site-packages/airflow/example_dags/example_branch_labels.py took 0.098 seconds
[2025-10-20T18:06:16.197+0000] {processor.py:153} INFO - Started process (PID=1130) to work on /home/airflow/.local/lib/python3.7/site-packages/airflow/example_dags/example_branch_labels.py
[2025-10-20T18:06:16.197+0000] {processor.py:743} INFO - Processing file /home/airflow/.local/lib/python3.7/site-packages/airflow/example_dags/example_branch_labels.py for tasks to queue
[2025-10-20T18:06:16.198+0000] {logging_mixin.py:137} INFO - [2025-10-20T18:06:16.198+0000] {dagbag.py:538} INFO - Filling up the DagBag from /home/airflow/.local/lib/python3.7/site-packages/airflow/example_dags/example_branch_labels.py
[2025-10-20T18:06:16.204+0000] {processor.py:753} INFO - DAG(s) dict_keys(['example_branch_labels']) retrieved from /home/airflow/.local/lib/python3.7/site-packages/airflow/example_dags/example_branch_labels.py
[2025-10-20T18:06:16.216+0000] {logging_mixin.py:137} INFO - [2025-10-20T18:06:16.216+0000] {dag.py:2690} INFO - Sync 1 DAGs
[2025-10-20T18:06:16.227+0000] {logging_mixin.py:137} INFO - [2025-10-20T18:06:16.226+0000] {dag.py:3441} INFO - Setting next_dagrun for example_branch_labels to 2025-10-19T00:00:00+00:00, run_after=2025-10-20T00:00:00+00:00
[2025-10-20T18:06:16.233+0000] {processor.py:175} INFO - Processing /home/airflow/.local/lib/python3.7/site-packages/airflow/example_dags/example_branch_labels.py took 0.038 seconds
[2025-10-20T18:06:46.566+0000] {processor.py:153} INFO - Started process (PID=1223) to work on /home/airflow/.local/lib/python3.7/site-packages/airflow/example_dags/example_branch_labels.py
[2025-10-20T18:06:46.567+0000] {processor.py:743} INFO - Processing file /home/airflow/.local/lib/python3.7/site-packages/airflow/example_dags/example_branch_labels.py for tasks to queue
[2025-10-20T18:06:46.568+0000] {logging_mixin.py:137} INFO - [2025-10-20T18:06:46.568+0000] {dagbag.py:538} INFO - Filling up the DagBag from /home/airflow/.local/lib/python3.7/site-packages/airflow/example_dags/example_branch_labels.py
[2025-10-20T18:06:46.574+0000] {processor.py:753} INFO - DAG(s) dict_keys(['example_branch_labels']) retrieved from /home/airflow/.local/lib/python3.7/site-packages/airflow/example_dags/example_branch_labels.py
[2025-10-20T18:06:46.585+0000] {logging_mixin.py:137} INFO - [2025-10-20T18:06:46.585+0000] {dag.py:2690} INFO - Sync 1 DAGs
[2025-10-20T18:06:46.595+0000] {logging_mixin.py:137} INFO - [2025-10-20T18:06:46.595+0000] {dag.py:3441} INFO - Setting next_dagrun for example_branch_labels to 2025-10-19T00:00:00+00:00, run_after=2025-10-20T00:00:00+00:00
[2025-10-20T18:06:46.601+0000] {processor.py:175} INFO - Processing /home/airflow/.local/lib/python3.7/site-packages/airflow/example_dags/example_branch_labels.py took 0.036 seconds
[2025-10-20T18:07:16.765+0000] {processor.py:153} INFO - Started process (PID=1316) to work on /home/airflow/.local/lib/python3.7/site-packages/airflow/example_dags/example_branch_labels.py
[2025-10-20T18:07:16.765+0000] {processor.py:743} INFO - Processing file /home/airflow/.local/lib/python3.7/site-packages/airflow/example_dags/example_branch_labels.py for tasks to queue
[2025-10-20T18:07:16.765+0000] {logging_mixin.py:137} INFO - [2025-10-20T18:07:16.765+0000] {dagbag.py:538} INFO - Filling up the DagBag from /home/airflow/.local/lib/python3.7/site-packages/airflow/example_dags/example_branch_labels.py
[2025-10-20T18:07:16.771+0000] {processor.py:753} INFO - DAG(s) dict_keys(['example_branch_labels']) retrieved from /home/airflow/.local/lib/python3.7/site-packages/airflow/example_dags/example_branch_labels.py
[2025-10-20T18:07:16.781+0000] {logging_mixin.py:137} INFO - [2025-10-20T18:07:16.781+0000] {dag.py:2690} INFO - Sync 1 DAGs
[2025-10-20T18:07:16.790+0000] {logging_mixin.py:137} INFO - [2025-10-20T18:07:16.790+0000] {dag.py:3441} INFO - Setting next_dagrun for example_branch_labels to 2025-10-19T00:00:00+00:00, run_after=2025-10-20T00:00:00+00:00
[2025-10-20T18:07:16.796+0000] {processor.py:175} INFO - Processing /home/airflow/.local/lib/python3.7/site-packages/airflow/example_dags/example_branch_labels.py took 0.033 seconds
[2025-10-20T18:07:46.914+0000] {processor.py:153} INFO - Started process (PID=1400) to work on /home/airflow/.local/lib/python3.7/site-packages/airflow/example_dags/example_branch_labels.py
[2025-10-20T18:07:46.915+0000] {processor.py:743} INFO - Processing file /home/airflow/.local/lib/python3.7/site-packages/airflow/example_dags/example_branch_labels.py for tasks to queue
[2025-10-20T18:07:46.915+0000] {logging_mixin.py:137} INFO - [2025-10-20T18:07:46.915+0000] {dagbag.py:538} INFO - Filling up the DagBag from /home/airflow/.local/lib/python3.7/site-packages/airflow/example_dags/example_branch_labels.py
[2025-10-20T18:07:46.922+0000] {processor.py:753} INFO - DAG(s) dict_keys(['example_branch_labels']) retrieved from /home/airflow/.local/lib/python3.7/site-packages/airflow/example_dags/example_branch_labels.py
[2025-10-20T18:07:46.935+0000] {logging_mixin.py:137} INFO - [2025-10-20T18:07:46.935+0000] {dag.py:2690} INFO - Sync 1 DAGs
[2025-10-20T18:07:46.946+0000] {logging_mixin.py:137} INFO - [2025-10-20T18:07:46.945+0000] {dag.py:3441} INFO - Setting next_dagrun for example_branch_labels to 2025-10-19T00:00:00+00:00, run_after=2025-10-20T00:00:00+00:00
[2025-10-20T18:07:46.952+0000] {processor.py:175} INFO - Processing /home/airflow/.local/lib/python3.7/site-packages/airflow/example_dags/example_branch_labels.py took 0.040 seconds
[2025-10-20T18:08:17.214+0000] {processor.py:153} INFO - Started process (PID=1484) to work on /home/airflow/.local/lib/python3.7/site-packages/airflow/example_dags/example_branch_labels.py
[2025-10-20T18:08:17.214+0000] {processor.py:743} INFO - Processing file /home/airflow/.local/lib/python3.7/site-packages/airflow/example_dags/example_branch_labels.py for tasks to queue
[2025-10-20T18:08:17.214+0000] {logging_mixin.py:137} INFO - [2025-10-20T18:08:17.214+0000] {dagbag.py:538} INFO - Filling up the DagBag from /home/airflow/.local/lib/python3.7/site-packages/airflow/example_dags/example_branch_labels.py
[2025-10-20T18:08:17.220+0000] {processor.py:753} INFO - DAG(s) dict_keys(['example_branch_labels']) retrieved from /home/airflow/.local/lib/python3.7/site-packages/airflow/example_dags/example_branch_labels.py
[2025-10-20T18:08:17.230+0000] {logging_mixin.py:137} INFO - [2025-10-20T18:08:17.230+0000] {dag.py:2690} INFO - Sync 1 DAGs
[2025-10-20T18:08:17.239+0000] {logging_mixin.py:137} INFO - [2025-10-20T18:08:17.239+0000] {dag.py:3441} INFO - Setting next_dagrun for example_branch_labels to 2025-10-19T00:00:00+00:00, run_after=2025-10-20T00:00:00+00:00
[2025-10-20T18:08:17.248+0000] {processor.py:175} INFO - Processing /home/airflow/.local/lib/python3.7/site-packages/airflow/example_dags/example_branch_labels.py took 0.036 seconds
[2025-10-20T18:08:47.535+0000] {processor.py:153} INFO - Started process (PID=1577) to work on /home/airflow/.local/lib/python3.7/site-packages/airflow/example_dags/example_branch_labels.py
[2025-10-20T18:08:47.535+0000] {processor.py:743} INFO - Processing file /home/airflow/.local/lib/python3.7/site-packages/airflow/example_dags/example_branch_labels.py for tasks to queue
[2025-10-20T18:08:47.536+0000] {logging_mixin.py:137} INFO - [2025-10-20T18:08:47.536+0000] {dagbag.py:538} INFO - Filling up the DagBag from /home/airflow/.local/lib/python3.7/site-packages/airflow/example_dags/example_branch_labels.py
[2025-10-20T18:08:47.542+0000] {processor.py:753} INFO - DAG(s) dict_keys(['example_branch_labels']) retrieved from /home/airflow/.local/lib/python3.7/site-packages/airflow/example_dags/example_branch_labels.py
[2025-10-20T18:08:47.557+0000] {logging_mixin.py:137} INFO - [2025-10-20T18:08:47.557+0000] {dag.py:2690} INFO - Sync 1 DAGs
[2025-10-20T18:08:47.569+0000] {logging_mixin.py:137} INFO - [2025-10-20T18:08:47.569+0000] {dag.py:3441} INFO - Setting next_dagrun for example_branch_labels to 2025-10-19T00:00:00+00:00, run_after=2025-10-20T00:00:00+00:00
[2025-10-20T18:08:47.576+0000] {processor.py:175} INFO - Processing /home/airflow/.local/lib/python3.7/site-packages/airflow/example_dags/example_branch_labels.py took 0.043 seconds
