[2025-10-20T18:00:11.399+0000] {processor.py:153} INFO - Started process (PID=60) to work on /home/airflow/.local/lib/python3.7/site-packages/airflow/example_dags/example_time_delta_sensor_async.py
[2025-10-20T18:00:11.400+0000] {processor.py:743} INFO - Processing file /home/airflow/.local/lib/python3.7/site-packages/airflow/example_dags/example_time_delta_sensor_async.py for tasks to queue
[2025-10-20T18:00:11.401+0000] {logging_mixin.py:137} INFO - [2025-10-20T18:00:11.401+0000] {dagbag.py:538} INFO - Filling up the DagBag from /home/airflow/.local/lib/python3.7/site-packages/airflow/example_dags/example_time_delta_sensor_async.py
[2025-10-20T18:00:11.408+0000] {processor.py:753} INFO - DAG(s) dict_keys(['example_time_delta_sensor_async']) retrieved from /home/airflow/.local/lib/python3.7/site-packages/airflow/example_dags/example_time_delta_sensor_async.py
[2025-10-20T18:00:11.419+0000] {logging_mixin.py:137} INFO - [2025-10-20T18:00:11.419+0000] {dag.py:2690} INFO - Sync 1 DAGs
[2025-10-20T18:00:11.432+0000] {logging_mixin.py:137} INFO - [2025-10-20T18:00:11.432+0000] {dag.py:3441} INFO - Setting next_dagrun for example_time_delta_sensor_async to None, run_after=None
[2025-10-20T18:00:11.442+0000] {processor.py:175} INFO - Processing /home/airflow/.local/lib/python3.7/site-packages/airflow/example_dags/example_time_delta_sensor_async.py took 0.045 seconds
[2025-10-20T18:00:41.775+0000] {processor.py:153} INFO - Started process (PID=153) to work on /home/airflow/.local/lib/python3.7/site-packages/airflow/example_dags/example_time_delta_sensor_async.py
[2025-10-20T18:00:41.775+0000] {processor.py:743} INFO - Processing file /home/airflow/.local/lib/python3.7/site-packages/airflow/example_dags/example_time_delta_sensor_async.py for tasks to queue
[2025-10-20T18:00:41.776+0000] {logging_mixin.py:137} INFO - [2025-10-20T18:00:41.776+0000] {dagbag.py:538} INFO - Filling up the DagBag from /home/airflow/.local/lib/python3.7/site-packages/airflow/example_dags/example_time_delta_sensor_async.py
[2025-10-20T18:00:41.781+0000] {processor.py:753} INFO - DAG(s) dict_keys(['example_time_delta_sensor_async']) retrieved from /home/airflow/.local/lib/python3.7/site-packages/airflow/example_dags/example_time_delta_sensor_async.py
[2025-10-20T18:00:41.790+0000] {logging_mixin.py:137} INFO - [2025-10-20T18:00:41.790+0000] {dag.py:2690} INFO - Sync 1 DAGs
[2025-10-20T18:00:41.799+0000] {logging_mixin.py:137} INFO - [2025-10-20T18:00:41.798+0000] {dag.py:3441} INFO - Setting next_dagrun for example_time_delta_sensor_async to None, run_after=None
[2025-10-20T18:00:41.808+0000] {processor.py:175} INFO - Processing /home/airflow/.local/lib/python3.7/site-packages/airflow/example_dags/example_time_delta_sensor_async.py took 0.034 seconds
[2025-10-20T18:01:12.283+0000] {processor.py:153} INFO - Started process (PID=246) to work on /home/airflow/.local/lib/python3.7/site-packages/airflow/example_dags/example_time_delta_sensor_async.py
[2025-10-20T18:01:12.284+0000] {processor.py:743} INFO - Processing file /home/airflow/.local/lib/python3.7/site-packages/airflow/example_dags/example_time_delta_sensor_async.py for tasks to queue
[2025-10-20T18:01:12.284+0000] {logging_mixin.py:137} INFO - [2025-10-20T18:01:12.284+0000] {dagbag.py:538} INFO - Filling up the DagBag from /home/airflow/.local/lib/python3.7/site-packages/airflow/example_dags/example_time_delta_sensor_async.py
[2025-10-20T18:01:12.290+0000] {processor.py:753} INFO - DAG(s) dict_keys(['example_time_delta_sensor_async']) retrieved from /home/airflow/.local/lib/python3.7/site-packages/airflow/example_dags/example_time_delta_sensor_async.py
[2025-10-20T18:01:12.301+0000] {logging_mixin.py:137} INFO - [2025-10-20T18:01:12.301+0000] {dag.py:2690} INFO - Sync 1 DAGs
[2025-10-20T18:01:12.313+0000] {logging_mixin.py:137} INFO - [2025-10-20T18:01:12.312+0000] {dag.py:3441} INFO - Setting next_dagrun for example_time_delta_sensor_async to None, run_after=None
[2025-10-20T18:01:12.323+0000] {processor.py:175} INFO - Processing /home/airflow/.local/lib/python3.7/site-packages/airflow/example_dags/example_time_delta_sensor_async.py took 0.042 seconds
[2025-10-20T18:01:42.602+0000] {processor.py:153} INFO - Started process (PID=321) to work on /home/airflow/.local/lib/python3.7/site-packages/airflow/example_dags/example_time_delta_sensor_async.py
[2025-10-20T18:01:42.602+0000] {processor.py:743} INFO - Processing file /home/airflow/.local/lib/python3.7/site-packages/airflow/example_dags/example_time_delta_sensor_async.py for tasks to queue
[2025-10-20T18:01:42.602+0000] {logging_mixin.py:137} INFO - [2025-10-20T18:01:42.602+0000] {dagbag.py:538} INFO - Filling up the DagBag from /home/airflow/.local/lib/python3.7/site-packages/airflow/example_dags/example_time_delta_sensor_async.py
[2025-10-20T18:01:42.607+0000] {processor.py:753} INFO - DAG(s) dict_keys(['example_time_delta_sensor_async']) retrieved from /home/airflow/.local/lib/python3.7/site-packages/airflow/example_dags/example_time_delta_sensor_async.py
[2025-10-20T18:01:42.616+0000] {logging_mixin.py:137} INFO - [2025-10-20T18:01:42.616+0000] {dag.py:2690} INFO - Sync 1 DAGs
[2025-10-20T18:01:42.625+0000] {logging_mixin.py:137} INFO - [2025-10-20T18:01:42.625+0000] {dag.py:3441} INFO - Setting next_dagrun for example_time_delta_sensor_async to None, run_after=None
[2025-10-20T18:01:42.632+0000] {processor.py:175} INFO - Processing /home/airflow/.local/lib/python3.7/site-packages/airflow/example_dags/example_time_delta_sensor_async.py took 0.031 seconds
[2025-10-20T18:02:12.821+0000] {processor.py:153} INFO - Started process (PID=414) to work on /home/airflow/.local/lib/python3.7/site-packages/airflow/example_dags/example_time_delta_sensor_async.py
[2025-10-20T18:02:12.822+0000] {processor.py:743} INFO - Processing file /home/airflow/.local/lib/python3.7/site-packages/airflow/example_dags/example_time_delta_sensor_async.py for tasks to queue
[2025-10-20T18:02:12.822+0000] {logging_mixin.py:137} INFO - [2025-10-20T18:02:12.822+0000] {dagbag.py:538} INFO - Filling up the DagBag from /home/airflow/.local/lib/python3.7/site-packages/airflow/example_dags/example_time_delta_sensor_async.py
[2025-10-20T18:02:12.826+0000] {processor.py:753} INFO - DAG(s) dict_keys(['example_time_delta_sensor_async']) retrieved from /home/airflow/.local/lib/python3.7/site-packages/airflow/example_dags/example_time_delta_sensor_async.py
[2025-10-20T18:02:12.836+0000] {logging_mixin.py:137} INFO - [2025-10-20T18:02:12.836+0000] {dag.py:2690} INFO - Sync 1 DAGs
[2025-10-20T18:02:12.845+0000] {logging_mixin.py:137} INFO - [2025-10-20T18:02:12.845+0000] {dag.py:3441} INFO - Setting next_dagrun for example_time_delta_sensor_async to None, run_after=None
[2025-10-20T18:02:12.853+0000] {processor.py:175} INFO - Processing /home/airflow/.local/lib/python3.7/site-packages/airflow/example_dags/example_time_delta_sensor_async.py took 0.033 seconds
[2025-10-20T18:02:42.969+0000] {processor.py:153} INFO - Started process (PID=507) to work on /home/airflow/.local/lib/python3.7/site-packages/airflow/example_dags/example_time_delta_sensor_async.py
[2025-10-20T18:02:42.970+0000] {processor.py:743} INFO - Processing file /home/airflow/.local/lib/python3.7/site-packages/airflow/example_dags/example_time_delta_sensor_async.py for tasks to queue
[2025-10-20T18:02:42.970+0000] {logging_mixin.py:137} INFO - [2025-10-20T18:02:42.970+0000] {dagbag.py:538} INFO - Filling up the DagBag from /home/airflow/.local/lib/python3.7/site-packages/airflow/example_dags/example_time_delta_sensor_async.py
[2025-10-20T18:02:42.974+0000] {processor.py:753} INFO - DAG(s) dict_keys(['example_time_delta_sensor_async']) retrieved from /home/airflow/.local/lib/python3.7/site-packages/airflow/example_dags/example_time_delta_sensor_async.py
[2025-10-20T18:02:42.982+0000] {logging_mixin.py:137} INFO - [2025-10-20T18:02:42.982+0000] {dag.py:2690} INFO - Sync 1 DAGs
[2025-10-20T18:02:42.990+0000] {logging_mixin.py:137} INFO - [2025-10-20T18:02:42.990+0000] {dag.py:3441} INFO - Setting next_dagrun for example_time_delta_sensor_async to None, run_after=None
[2025-10-20T18:02:42.996+0000] {processor.py:175} INFO - Processing /home/airflow/.local/lib/python3.7/site-packages/airflow/example_dags/example_time_delta_sensor_async.py took 0.028 seconds
[2025-10-20T18:03:13.327+0000] {processor.py:153} INFO - Started process (PID=599) to work on /home/airflow/.local/lib/python3.7/site-packages/airflow/example_dags/example_time_delta_sensor_async.py
[2025-10-20T18:03:13.328+0000] {processor.py:743} INFO - Processing file /home/airflow/.local/lib/python3.7/site-packages/airflow/example_dags/example_time_delta_sensor_async.py for tasks to queue
[2025-10-20T18:03:13.328+0000] {logging_mixin.py:137} INFO - [2025-10-20T18:03:13.328+0000] {dagbag.py:538} INFO - Filling up the DagBag from /home/airflow/.local/lib/python3.7/site-packages/airflow/example_dags/example_time_delta_sensor_async.py
[2025-10-20T18:03:13.332+0000] {processor.py:753} INFO - DAG(s) dict_keys(['example_time_delta_sensor_async']) retrieved from /home/airflow/.local/lib/python3.7/site-packages/airflow/example_dags/example_time_delta_sensor_async.py
[2025-10-20T18:03:13.344+0000] {logging_mixin.py:137} INFO - [2025-10-20T18:03:13.344+0000] {dag.py:2690} INFO - Sync 1 DAGs
[2025-10-20T18:03:13.353+0000] {logging_mixin.py:137} INFO - [2025-10-20T18:03:13.353+0000] {dag.py:3441} INFO - Setting next_dagrun for example_time_delta_sensor_async to None, run_after=None
[2025-10-20T18:03:13.359+0000] {processor.py:175} INFO - Processing /home/airflow/.local/lib/python3.7/site-packages/airflow/example_dags/example_time_delta_sensor_async.py took 0.033 seconds
[2025-10-20T18:03:43.543+0000] {processor.py:153} INFO - Started process (PID=674) to work on /home/airflow/.local/lib/python3.7/site-packages/airflow/example_dags/example_time_delta_sensor_async.py
[2025-10-20T18:03:43.543+0000] {processor.py:743} INFO - Processing file /home/airflow/.local/lib/python3.7/site-packages/airflow/example_dags/example_time_delta_sensor_async.py for tasks to queue
[2025-10-20T18:03:43.544+0000] {logging_mixin.py:137} INFO - [2025-10-20T18:03:43.544+0000] {dagbag.py:538} INFO - Filling up the DagBag from /home/airflow/.local/lib/python3.7/site-packages/airflow/example_dags/example_time_delta_sensor_async.py
[2025-10-20T18:03:43.548+0000] {processor.py:753} INFO - DAG(s) dict_keys(['example_time_delta_sensor_async']) retrieved from /home/airflow/.local/lib/python3.7/site-packages/airflow/example_dags/example_time_delta_sensor_async.py
[2025-10-20T18:03:43.558+0000] {logging_mixin.py:137} INFO - [2025-10-20T18:03:43.558+0000] {dag.py:2690} INFO - Sync 1 DAGs
[2025-10-20T18:03:43.567+0000] {logging_mixin.py:137} INFO - [2025-10-20T18:03:43.567+0000] {dag.py:3441} INFO - Setting next_dagrun for example_time_delta_sensor_async to None, run_after=None
[2025-10-20T18:03:43.573+0000] {processor.py:175} INFO - Processing /home/airflow/.local/lib/python3.7/site-packages/airflow/example_dags/example_time_delta_sensor_async.py took 0.031 seconds
[2025-10-20T18:04:13.779+0000] {processor.py:153} INFO - Started process (PID=767) to work on /home/airflow/.local/lib/python3.7/site-packages/airflow/example_dags/example_time_delta_sensor_async.py
[2025-10-20T18:04:13.779+0000] {processor.py:743} INFO - Processing file /home/airflow/.local/lib/python3.7/site-packages/airflow/example_dags/example_time_delta_sensor_async.py for tasks to queue
[2025-10-20T18:04:13.780+0000] {logging_mixin.py:137} INFO - [2025-10-20T18:04:13.780+0000] {dagbag.py:538} INFO - Filling up the DagBag from /home/airflow/.local/lib/python3.7/site-packages/airflow/example_dags/example_time_delta_sensor_async.py
[2025-10-20T18:04:13.786+0000] {processor.py:753} INFO - DAG(s) dict_keys(['example_time_delta_sensor_async']) retrieved from /home/airflow/.local/lib/python3.7/site-packages/airflow/example_dags/example_time_delta_sensor_async.py
[2025-10-20T18:04:13.796+0000] {logging_mixin.py:137} INFO - [2025-10-20T18:04:13.796+0000] {dag.py:2690} INFO - Sync 1 DAGs
[2025-10-20T18:04:13.805+0000] {logging_mixin.py:137} INFO - [2025-10-20T18:04:13.805+0000] {dag.py:3441} INFO - Setting next_dagrun for example_time_delta_sensor_async to None, run_after=None
[2025-10-20T18:04:13.811+0000] {processor.py:175} INFO - Processing /home/airflow/.local/lib/python3.7/site-packages/airflow/example_dags/example_time_delta_sensor_async.py took 0.033 seconds
[2025-10-20T18:04:44.028+0000] {processor.py:153} INFO - Started process (PID=860) to work on /home/airflow/.local/lib/python3.7/site-packages/airflow/example_dags/example_time_delta_sensor_async.py
[2025-10-20T18:04:44.028+0000] {processor.py:743} INFO - Processing file /home/airflow/.local/lib/python3.7/site-packages/airflow/example_dags/example_time_delta_sensor_async.py for tasks to queue
[2025-10-20T18:04:44.028+0000] {logging_mixin.py:137} INFO - [2025-10-20T18:04:44.028+0000] {dagbag.py:538} INFO - Filling up the DagBag from /home/airflow/.local/lib/python3.7/site-packages/airflow/example_dags/example_time_delta_sensor_async.py
[2025-10-20T18:04:44.033+0000] {processor.py:753} INFO - DAG(s) dict_keys(['example_time_delta_sensor_async']) retrieved from /home/airflow/.local/lib/python3.7/site-packages/airflow/example_dags/example_time_delta_sensor_async.py
[2025-10-20T18:04:44.041+0000] {logging_mixin.py:137} INFO - [2025-10-20T18:04:44.041+0000] {dag.py:2690} INFO - Sync 1 DAGs
[2025-10-20T18:04:44.049+0000] {logging_mixin.py:137} INFO - [2025-10-20T18:04:44.049+0000] {dag.py:3441} INFO - Setting next_dagrun for example_time_delta_sensor_async to None, run_after=None
[2025-10-20T18:04:44.056+0000] {processor.py:175} INFO - Processing /home/airflow/.local/lib/python3.7/site-packages/airflow/example_dags/example_time_delta_sensor_async.py took 0.029 seconds
[2025-10-20T18:05:14.253+0000] {processor.py:153} INFO - Started process (PID=953) to work on /home/airflow/.local/lib/python3.7/site-packages/airflow/example_dags/example_time_delta_sensor_async.py
[2025-10-20T18:05:14.254+0000] {processor.py:743} INFO - Processing file /home/airflow/.local/lib/python3.7/site-packages/airflow/example_dags/example_time_delta_sensor_async.py for tasks to queue
[2025-10-20T18:05:14.256+0000] {logging_mixin.py:137} INFO - [2025-10-20T18:05:14.256+0000] {dagbag.py:538} INFO - Filling up the DagBag from /home/airflow/.local/lib/python3.7/site-packages/airflow/example_dags/example_time_delta_sensor_async.py
[2025-10-20T18:05:14.261+0000] {processor.py:753} INFO - DAG(s) dict_keys(['example_time_delta_sensor_async']) retrieved from /home/airflow/.local/lib/python3.7/site-packages/airflow/example_dags/example_time_delta_sensor_async.py
[2025-10-20T18:05:14.270+0000] {logging_mixin.py:137} INFO - [2025-10-20T18:05:14.270+0000] {dag.py:2690} INFO - Sync 1 DAGs
[2025-10-20T18:05:14.280+0000] {logging_mixin.py:137} INFO - [2025-10-20T18:05:14.280+0000] {dag.py:3441} INFO - Setting next_dagrun for example_time_delta_sensor_async to None, run_after=None
[2025-10-20T18:05:14.287+0000] {processor.py:175} INFO - Processing /home/airflow/.local/lib/python3.7/site-packages/airflow/example_dags/example_time_delta_sensor_async.py took 0.035 seconds
[2025-10-20T18:05:44.821+0000] {processor.py:153} INFO - Started process (PID=1028) to work on /home/airflow/.local/lib/python3.7/site-packages/airflow/example_dags/example_time_delta_sensor_async.py
[2025-10-20T18:05:44.822+0000] {processor.py:743} INFO - Processing file /home/airflow/.local/lib/python3.7/site-packages/airflow/example_dags/example_time_delta_sensor_async.py for tasks to queue
[2025-10-20T18:05:44.822+0000] {logging_mixin.py:137} INFO - [2025-10-20T18:05:44.822+0000] {dagbag.py:538} INFO - Filling up the DagBag from /home/airflow/.local/lib/python3.7/site-packages/airflow/example_dags/example_time_delta_sensor_async.py
[2025-10-20T18:05:44.828+0000] {processor.py:753} INFO - DAG(s) dict_keys(['example_time_delta_sensor_async']) retrieved from /home/airflow/.local/lib/python3.7/site-packages/airflow/example_dags/example_time_delta_sensor_async.py
[2025-10-20T18:05:44.839+0000] {logging_mixin.py:137} INFO - [2025-10-20T18:05:44.838+0000] {dag.py:2690} INFO - Sync 1 DAGs
[2025-10-20T18:05:44.851+0000] {logging_mixin.py:137} INFO - [2025-10-20T18:05:44.851+0000] {dag.py:3441} INFO - Setting next_dagrun for example_time_delta_sensor_async to None, run_after=None
[2025-10-20T18:05:44.862+0000] {processor.py:175} INFO - Processing /home/airflow/.local/lib/python3.7/site-packages/airflow/example_dags/example_time_delta_sensor_async.py took 0.044 seconds
[2025-10-20T18:06:14.957+0000] {processor.py:153} INFO - Started process (PID=1121) to work on /home/airflow/.local/lib/python3.7/site-packages/airflow/example_dags/example_time_delta_sensor_async.py
[2025-10-20T18:06:14.958+0000] {processor.py:743} INFO - Processing file /home/airflow/.local/lib/python3.7/site-packages/airflow/example_dags/example_time_delta_sensor_async.py for tasks to queue
[2025-10-20T18:06:14.958+0000] {logging_mixin.py:137} INFO - [2025-10-20T18:06:14.958+0000] {dagbag.py:538} INFO - Filling up the DagBag from /home/airflow/.local/lib/python3.7/site-packages/airflow/example_dags/example_time_delta_sensor_async.py
[2025-10-20T18:06:14.962+0000] {processor.py:753} INFO - DAG(s) dict_keys(['example_time_delta_sensor_async']) retrieved from /home/airflow/.local/lib/python3.7/site-packages/airflow/example_dags/example_time_delta_sensor_async.py
[2025-10-20T18:06:14.973+0000] {logging_mixin.py:137} INFO - [2025-10-20T18:06:14.973+0000] {dag.py:2690} INFO - Sync 1 DAGs
[2025-10-20T18:06:14.982+0000] {logging_mixin.py:137} INFO - [2025-10-20T18:06:14.982+0000] {dag.py:3441} INFO - Setting next_dagrun for example_time_delta_sensor_async to None, run_after=None
[2025-10-20T18:06:14.989+0000] {processor.py:175} INFO - Processing /home/airflow/.local/lib/python3.7/site-packages/airflow/example_dags/example_time_delta_sensor_async.py took 0.033 seconds
[2025-10-20T18:06:45.314+0000] {processor.py:153} INFO - Started process (PID=1214) to work on /home/airflow/.local/lib/python3.7/site-packages/airflow/example_dags/example_time_delta_sensor_async.py
[2025-10-20T18:06:45.314+0000] {processor.py:743} INFO - Processing file /home/airflow/.local/lib/python3.7/site-packages/airflow/example_dags/example_time_delta_sensor_async.py for tasks to queue
[2025-10-20T18:06:45.314+0000] {logging_mixin.py:137} INFO - [2025-10-20T18:06:45.314+0000] {dagbag.py:538} INFO - Filling up the DagBag from /home/airflow/.local/lib/python3.7/site-packages/airflow/example_dags/example_time_delta_sensor_async.py
[2025-10-20T18:06:45.321+0000] {processor.py:753} INFO - DAG(s) dict_keys(['example_time_delta_sensor_async']) retrieved from /home/airflow/.local/lib/python3.7/site-packages/airflow/example_dags/example_time_delta_sensor_async.py
[2025-10-20T18:06:45.332+0000] {logging_mixin.py:137} INFO - [2025-10-20T18:06:45.332+0000] {dag.py:2690} INFO - Sync 1 DAGs
[2025-10-20T18:06:45.343+0000] {logging_mixin.py:137} INFO - [2025-10-20T18:06:45.343+0000] {dag.py:3441} INFO - Setting next_dagrun for example_time_delta_sensor_async to None, run_after=None
[2025-10-20T18:06:45.350+0000] {processor.py:175} INFO - Processing /home/airflow/.local/lib/python3.7/site-packages/airflow/example_dags/example_time_delta_sensor_async.py took 0.038 seconds
[2025-10-20T18:07:15.524+0000] {processor.py:153} INFO - Started process (PID=1307) to work on /home/airflow/.local/lib/python3.7/site-packages/airflow/example_dags/example_time_delta_sensor_async.py
[2025-10-20T18:07:15.524+0000] {processor.py:743} INFO - Processing file /home/airflow/.local/lib/python3.7/site-packages/airflow/example_dags/example_time_delta_sensor_async.py for tasks to queue
[2025-10-20T18:07:15.524+0000] {logging_mixin.py:137} INFO - [2025-10-20T18:07:15.524+0000] {dagbag.py:538} INFO - Filling up the DagBag from /home/airflow/.local/lib/python3.7/site-packages/airflow/example_dags/example_time_delta_sensor_async.py
[2025-10-20T18:07:15.529+0000] {processor.py:753} INFO - DAG(s) dict_keys(['example_time_delta_sensor_async']) retrieved from /home/airflow/.local/lib/python3.7/site-packages/airflow/example_dags/example_time_delta_sensor_async.py
[2025-10-20T18:07:15.538+0000] {logging_mixin.py:137} INFO - [2025-10-20T18:07:15.538+0000] {dag.py:2690} INFO - Sync 1 DAGs
[2025-10-20T18:07:15.546+0000] {logging_mixin.py:137} INFO - [2025-10-20T18:07:15.546+0000] {dag.py:3441} INFO - Setting next_dagrun for example_time_delta_sensor_async to None, run_after=None
[2025-10-20T18:07:15.552+0000] {processor.py:175} INFO - Processing /home/airflow/.local/lib/python3.7/site-packages/airflow/example_dags/example_time_delta_sensor_async.py took 0.030 seconds
[2025-10-20T18:07:45.688+0000] {processor.py:153} INFO - Started process (PID=1382) to work on /home/airflow/.local/lib/python3.7/site-packages/airflow/example_dags/example_time_delta_sensor_async.py
[2025-10-20T18:07:45.688+0000] {processor.py:743} INFO - Processing file /home/airflow/.local/lib/python3.7/site-packages/airflow/example_dags/example_time_delta_sensor_async.py for tasks to queue
[2025-10-20T18:07:45.688+0000] {logging_mixin.py:137} INFO - [2025-10-20T18:07:45.688+0000] {dagbag.py:538} INFO - Filling up the DagBag from /home/airflow/.local/lib/python3.7/site-packages/airflow/example_dags/example_time_delta_sensor_async.py
[2025-10-20T18:07:45.693+0000] {processor.py:753} INFO - DAG(s) dict_keys(['example_time_delta_sensor_async']) retrieved from /home/airflow/.local/lib/python3.7/site-packages/airflow/example_dags/example_time_delta_sensor_async.py
[2025-10-20T18:07:45.702+0000] {logging_mixin.py:137} INFO - [2025-10-20T18:07:45.702+0000] {dag.py:2690} INFO - Sync 1 DAGs
[2025-10-20T18:07:45.712+0000] {logging_mixin.py:137} INFO - [2025-10-20T18:07:45.712+0000] {dag.py:3441} INFO - Setting next_dagrun for example_time_delta_sensor_async to None, run_after=None
[2025-10-20T18:07:45.718+0000] {processor.py:175} INFO - Processing /home/airflow/.local/lib/python3.7/site-packages/airflow/example_dags/example_time_delta_sensor_async.py took 0.032 seconds
[2025-10-20T18:08:15.992+0000] {processor.py:153} INFO - Started process (PID=1475) to work on /home/airflow/.local/lib/python3.7/site-packages/airflow/example_dags/example_time_delta_sensor_async.py
[2025-10-20T18:08:15.993+0000] {processor.py:743} INFO - Processing file /home/airflow/.local/lib/python3.7/site-packages/airflow/example_dags/example_time_delta_sensor_async.py for tasks to queue
[2025-10-20T18:08:15.993+0000] {logging_mixin.py:137} INFO - [2025-10-20T18:08:15.993+0000] {dagbag.py:538} INFO - Filling up the DagBag from /home/airflow/.local/lib/python3.7/site-packages/airflow/example_dags/example_time_delta_sensor_async.py
[2025-10-20T18:08:15.999+0000] {processor.py:753} INFO - DAG(s) dict_keys(['example_time_delta_sensor_async']) retrieved from /home/airflow/.local/lib/python3.7/site-packages/airflow/example_dags/example_time_delta_sensor_async.py
[2025-10-20T18:08:16.008+0000] {logging_mixin.py:137} INFO - [2025-10-20T18:08:16.007+0000] {dag.py:2690} INFO - Sync 1 DAGs
[2025-10-20T18:08:16.016+0000] {logging_mixin.py:137} INFO - [2025-10-20T18:08:16.016+0000] {dag.py:3441} INFO - Setting next_dagrun for example_time_delta_sensor_async to None, run_after=None
[2025-10-20T18:08:16.023+0000] {processor.py:175} INFO - Processing /home/airflow/.local/lib/python3.7/site-packages/airflow/example_dags/example_time_delta_sensor_async.py took 0.032 seconds
[2025-10-20T18:08:46.290+0000] {processor.py:153} INFO - Started process (PID=1568) to work on /home/airflow/.local/lib/python3.7/site-packages/airflow/example_dags/example_time_delta_sensor_async.py
[2025-10-20T18:08:46.291+0000] {processor.py:743} INFO - Processing file /home/airflow/.local/lib/python3.7/site-packages/airflow/example_dags/example_time_delta_sensor_async.py for tasks to queue
[2025-10-20T18:08:46.291+0000] {logging_mixin.py:137} INFO - [2025-10-20T18:08:46.291+0000] {dagbag.py:538} INFO - Filling up the DagBag from /home/airflow/.local/lib/python3.7/site-packages/airflow/example_dags/example_time_delta_sensor_async.py
[2025-10-20T18:08:46.298+0000] {processor.py:753} INFO - DAG(s) dict_keys(['example_time_delta_sensor_async']) retrieved from /home/airflow/.local/lib/python3.7/site-packages/airflow/example_dags/example_time_delta_sensor_async.py
[2025-10-20T18:08:46.308+0000] {logging_mixin.py:137} INFO - [2025-10-20T18:08:46.308+0000] {dag.py:2690} INFO - Sync 1 DAGs
[2025-10-20T18:08:46.317+0000] {logging_mixin.py:137} INFO - [2025-10-20T18:08:46.317+0000] {dag.py:3441} INFO - Setting next_dagrun for example_time_delta_sensor_async to None, run_after=None
[2025-10-20T18:08:46.324+0000] {processor.py:175} INFO - Processing /home/airflow/.local/lib/python3.7/site-packages/airflow/example_dags/example_time_delta_sensor_async.py took 0.036 seconds
