[2025-10-20T18:00:10.926+0000] {processor.py:153} INFO - Started process (PID=45) to work on /home/airflow/.local/lib/python3.7/site-packages/airflow/example_dags/example_branch_datetime_operator.py
[2025-10-20T18:00:10.926+0000] {processor.py:743} INFO - Processing file /home/airflow/.local/lib/python3.7/site-packages/airflow/example_dags/example_branch_datetime_operator.py for tasks to queue
[2025-10-20T18:00:10.929+0000] {logging_mixin.py:137} INFO - [2025-10-20T18:00:10.929+0000] {dagbag.py:538} INFO - Filling up the DagBag from /home/airflow/.local/lib/python3.7/site-packages/airflow/example_dags/example_branch_datetime_operator.py
[2025-10-20T18:00:10.939+0000] {processor.py:753} INFO - DAG(s) dict_keys(['example_branch_datetime_operator_2', 'example_branch_datetime_operator', 'example_branch_datetime_operator_3']) retrieved from /home/airflow/.local/lib/python3.7/site-packages/airflow/example_dags/example_branch_datetime_operator.py
[2025-10-20T18:00:10.947+0000] {logging_mixin.py:137} INFO - [2025-10-20T18:00:10.947+0000] {dag.py:2690} INFO - Sync 3 DAGs
[2025-10-20T18:00:10.963+0000] {logging_mixin.py:137} INFO - [2025-10-20T18:00:10.963+0000] {dag.py:3441} INFO - Setting next_dagrun for example_branch_datetime_operator to 2025-10-19T00:00:00+00:00, run_after=2025-10-20T00:00:00+00:00
[2025-10-20T18:00:10.965+0000] {logging_mixin.py:137} INFO - [2025-10-20T18:00:10.965+0000] {dag.py:3441} INFO - Setting next_dagrun for example_branch_datetime_operator_2 to 2025-10-19T00:00:00+00:00, run_after=2025-10-20T00:00:00+00:00
[2025-10-20T18:00:10.966+0000] {logging_mixin.py:137} INFO - [2025-10-20T18:00:10.966+0000] {dag.py:3441} INFO - Setting next_dagrun for example_branch_datetime_operator_3 to 2025-10-19T00:00:00+00:00, run_after=2025-10-20T00:00:00+00:00
[2025-10-20T18:00:10.973+0000] {processor.py:175} INFO - Processing /home/airflow/.local/lib/python3.7/site-packages/airflow/example_dags/example_branch_datetime_operator.py took 0.049 seconds
[2025-10-20T18:00:41.421+0000] {processor.py:153} INFO - Started process (PID=138) to work on /home/airflow/.local/lib/python3.7/site-packages/airflow/example_dags/example_branch_datetime_operator.py
[2025-10-20T18:00:41.421+0000] {processor.py:743} INFO - Processing file /home/airflow/.local/lib/python3.7/site-packages/airflow/example_dags/example_branch_datetime_operator.py for tasks to queue
[2025-10-20T18:00:41.421+0000] {logging_mixin.py:137} INFO - [2025-10-20T18:00:41.421+0000] {dagbag.py:538} INFO - Filling up the DagBag from /home/airflow/.local/lib/python3.7/site-packages/airflow/example_dags/example_branch_datetime_operator.py
[2025-10-20T18:00:41.428+0000] {processor.py:753} INFO - DAG(s) dict_keys(['example_branch_datetime_operator_3', 'example_branch_datetime_operator_2', 'example_branch_datetime_operator']) retrieved from /home/airflow/.local/lib/python3.7/site-packages/airflow/example_dags/example_branch_datetime_operator.py
[2025-10-20T18:00:41.438+0000] {logging_mixin.py:137} INFO - [2025-10-20T18:00:41.438+0000] {dag.py:2690} INFO - Sync 3 DAGs
[2025-10-20T18:00:41.447+0000] {logging_mixin.py:137} INFO - [2025-10-20T18:00:41.447+0000] {dag.py:3441} INFO - Setting next_dagrun for example_branch_datetime_operator to 2025-10-19T00:00:00+00:00, run_after=2025-10-20T00:00:00+00:00
[2025-10-20T18:00:41.448+0000] {logging_mixin.py:137} INFO - [2025-10-20T18:00:41.448+0000] {dag.py:3441} INFO - Setting next_dagrun for example_branch_datetime_operator_2 to 2025-10-19T00:00:00+00:00, run_after=2025-10-20T00:00:00+00:00
[2025-10-20T18:00:41.449+0000] {logging_mixin.py:137} INFO - [2025-10-20T18:00:41.449+0000] {dag.py:3441} INFO - Setting next_dagrun for example_branch_datetime_operator_3 to 2025-10-19T00:00:00+00:00, run_after=2025-10-20T00:00:00+00:00
[2025-10-20T18:00:41.454+0000] {processor.py:175} INFO - Processing /home/airflow/.local/lib/python3.7/site-packages/airflow/example_dags/example_branch_datetime_operator.py took 0.034 seconds
[2025-10-20T18:01:11.624+0000] {processor.py:153} INFO - Started process (PID=213) to work on /home/airflow/.local/lib/python3.7/site-packages/airflow/example_dags/example_branch_datetime_operator.py
[2025-10-20T18:01:11.624+0000] {processor.py:743} INFO - Processing file /home/airflow/.local/lib/python3.7/site-packages/airflow/example_dags/example_branch_datetime_operator.py for tasks to queue
[2025-10-20T18:01:11.625+0000] {logging_mixin.py:137} INFO - [2025-10-20T18:01:11.625+0000] {dagbag.py:538} INFO - Filling up the DagBag from /home/airflow/.local/lib/python3.7/site-packages/airflow/example_dags/example_branch_datetime_operator.py
[2025-10-20T18:01:11.631+0000] {processor.py:753} INFO - DAG(s) dict_keys(['example_branch_datetime_operator_2', 'example_branch_datetime_operator', 'example_branch_datetime_operator_3']) retrieved from /home/airflow/.local/lib/python3.7/site-packages/airflow/example_dags/example_branch_datetime_operator.py
[2025-10-20T18:01:11.643+0000] {logging_mixin.py:137} INFO - [2025-10-20T18:01:11.643+0000] {dag.py:2690} INFO - Sync 3 DAGs
[2025-10-20T18:01:11.656+0000] {logging_mixin.py:137} INFO - [2025-10-20T18:01:11.656+0000] {dag.py:3441} INFO - Setting next_dagrun for example_branch_datetime_operator to 2025-10-19T00:00:00+00:00, run_after=2025-10-20T00:00:00+00:00
[2025-10-20T18:01:11.658+0000] {logging_mixin.py:137} INFO - [2025-10-20T18:01:11.658+0000] {dag.py:3441} INFO - Setting next_dagrun for example_branch_datetime_operator_2 to 2025-10-19T00:00:00+00:00, run_after=2025-10-20T00:00:00+00:00
[2025-10-20T18:01:11.659+0000] {logging_mixin.py:137} INFO - [2025-10-20T18:01:11.659+0000] {dag.py:3441} INFO - Setting next_dagrun for example_branch_datetime_operator_3 to 2025-10-19T00:00:00+00:00, run_after=2025-10-20T00:00:00+00:00
[2025-10-20T18:01:11.666+0000] {processor.py:175} INFO - Processing /home/airflow/.local/lib/python3.7/site-packages/airflow/example_dags/example_branch_datetime_operator.py took 0.044 seconds
[2025-10-20T18:01:42.219+0000] {processor.py:153} INFO - Started process (PID=306) to work on /home/airflow/.local/lib/python3.7/site-packages/airflow/example_dags/example_branch_datetime_operator.py
[2025-10-20T18:01:42.219+0000] {processor.py:743} INFO - Processing file /home/airflow/.local/lib/python3.7/site-packages/airflow/example_dags/example_branch_datetime_operator.py for tasks to queue
[2025-10-20T18:01:42.220+0000] {logging_mixin.py:137} INFO - [2025-10-20T18:01:42.220+0000] {dagbag.py:538} INFO - Filling up the DagBag from /home/airflow/.local/lib/python3.7/site-packages/airflow/example_dags/example_branch_datetime_operator.py
[2025-10-20T18:01:42.227+0000] {processor.py:753} INFO - DAG(s) dict_keys(['example_branch_datetime_operator_3', 'example_branch_datetime_operator', 'example_branch_datetime_operator_2']) retrieved from /home/airflow/.local/lib/python3.7/site-packages/airflow/example_dags/example_branch_datetime_operator.py
[2025-10-20T18:01:42.238+0000] {logging_mixin.py:137} INFO - [2025-10-20T18:01:42.238+0000] {dag.py:2690} INFO - Sync 3 DAGs
[2025-10-20T18:01:42.247+0000] {logging_mixin.py:137} INFO - [2025-10-20T18:01:42.247+0000] {dag.py:3441} INFO - Setting next_dagrun for example_branch_datetime_operator to 2025-10-19T00:00:00+00:00, run_after=2025-10-20T00:00:00+00:00
[2025-10-20T18:01:42.249+0000] {logging_mixin.py:137} INFO - [2025-10-20T18:01:42.249+0000] {dag.py:3441} INFO - Setting next_dagrun for example_branch_datetime_operator_2 to 2025-10-19T00:00:00+00:00, run_after=2025-10-20T00:00:00+00:00
[2025-10-20T18:01:42.250+0000] {logging_mixin.py:137} INFO - [2025-10-20T18:01:42.250+0000] {dag.py:3441} INFO - Setting next_dagrun for example_branch_datetime_operator_3 to 2025-10-19T00:00:00+00:00, run_after=2025-10-20T00:00:00+00:00
[2025-10-20T18:01:42.255+0000] {processor.py:175} INFO - Processing /home/airflow/.local/lib/python3.7/site-packages/airflow/example_dags/example_branch_datetime_operator.py took 0.037 seconds
[2025-10-20T18:02:12.414+0000] {processor.py:153} INFO - Started process (PID=399) to work on /home/airflow/.local/lib/python3.7/site-packages/airflow/example_dags/example_branch_datetime_operator.py
[2025-10-20T18:02:12.414+0000] {processor.py:743} INFO - Processing file /home/airflow/.local/lib/python3.7/site-packages/airflow/example_dags/example_branch_datetime_operator.py for tasks to queue
[2025-10-20T18:02:12.415+0000] {logging_mixin.py:137} INFO - [2025-10-20T18:02:12.414+0000] {dagbag.py:538} INFO - Filling up the DagBag from /home/airflow/.local/lib/python3.7/site-packages/airflow/example_dags/example_branch_datetime_operator.py
[2025-10-20T18:02:12.421+0000] {processor.py:753} INFO - DAG(s) dict_keys(['example_branch_datetime_operator_3', 'example_branch_datetime_operator', 'example_branch_datetime_operator_2']) retrieved from /home/airflow/.local/lib/python3.7/site-packages/airflow/example_dags/example_branch_datetime_operator.py
[2025-10-20T18:02:12.434+0000] {logging_mixin.py:137} INFO - [2025-10-20T18:02:12.433+0000] {dag.py:2690} INFO - Sync 3 DAGs
[2025-10-20T18:02:12.443+0000] {logging_mixin.py:137} INFO - [2025-10-20T18:02:12.443+0000] {dag.py:3441} INFO - Setting next_dagrun for example_branch_datetime_operator to 2025-10-19T00:00:00+00:00, run_after=2025-10-20T00:00:00+00:00
[2025-10-20T18:02:12.445+0000] {logging_mixin.py:137} INFO - [2025-10-20T18:02:12.444+0000] {dag.py:3441} INFO - Setting next_dagrun for example_branch_datetime_operator_2 to 2025-10-19T00:00:00+00:00, run_after=2025-10-20T00:00:00+00:00
[2025-10-20T18:02:12.446+0000] {logging_mixin.py:137} INFO - [2025-10-20T18:02:12.446+0000] {dag.py:3441} INFO - Setting next_dagrun for example_branch_datetime_operator_3 to 2025-10-19T00:00:00+00:00, run_after=2025-10-20T00:00:00+00:00
[2025-10-20T18:02:12.452+0000] {processor.py:175} INFO - Processing /home/airflow/.local/lib/python3.7/site-packages/airflow/example_dags/example_branch_datetime_operator.py took 0.039 seconds
[2025-10-20T18:02:42.626+0000] {processor.py:153} INFO - Started process (PID=492) to work on /home/airflow/.local/lib/python3.7/site-packages/airflow/example_dags/example_branch_datetime_operator.py
[2025-10-20T18:02:42.626+0000] {processor.py:743} INFO - Processing file /home/airflow/.local/lib/python3.7/site-packages/airflow/example_dags/example_branch_datetime_operator.py for tasks to queue
[2025-10-20T18:02:42.626+0000] {logging_mixin.py:137} INFO - [2025-10-20T18:02:42.626+0000] {dagbag.py:538} INFO - Filling up the DagBag from /home/airflow/.local/lib/python3.7/site-packages/airflow/example_dags/example_branch_datetime_operator.py
[2025-10-20T18:02:42.632+0000] {processor.py:753} INFO - DAG(s) dict_keys(['example_branch_datetime_operator', 'example_branch_datetime_operator_2', 'example_branch_datetime_operator_3']) retrieved from /home/airflow/.local/lib/python3.7/site-packages/airflow/example_dags/example_branch_datetime_operator.py
[2025-10-20T18:02:42.643+0000] {logging_mixin.py:137} INFO - [2025-10-20T18:02:42.643+0000] {dag.py:2690} INFO - Sync 3 DAGs
[2025-10-20T18:02:42.652+0000] {logging_mixin.py:137} INFO - [2025-10-20T18:02:42.652+0000] {dag.py:3441} INFO - Setting next_dagrun for example_branch_datetime_operator to 2025-10-19T00:00:00+00:00, run_after=2025-10-20T00:00:00+00:00
[2025-10-20T18:02:42.655+0000] {logging_mixin.py:137} INFO - [2025-10-20T18:02:42.655+0000] {dag.py:3441} INFO - Setting next_dagrun for example_branch_datetime_operator_2 to 2025-10-19T00:00:00+00:00, run_after=2025-10-20T00:00:00+00:00
[2025-10-20T18:02:42.656+0000] {logging_mixin.py:137} INFO - [2025-10-20T18:02:42.656+0000] {dag.py:3441} INFO - Setting next_dagrun for example_branch_datetime_operator_3 to 2025-10-19T00:00:00+00:00, run_after=2025-10-20T00:00:00+00:00
[2025-10-20T18:02:42.662+0000] {processor.py:175} INFO - Processing /home/airflow/.local/lib/python3.7/site-packages/airflow/example_dags/example_branch_datetime_operator.py took 0.038 seconds
[2025-10-20T18:03:12.892+0000] {processor.py:153} INFO - Started process (PID=584) to work on /home/airflow/.local/lib/python3.7/site-packages/airflow/example_dags/example_branch_datetime_operator.py
[2025-10-20T18:03:12.893+0000] {processor.py:743} INFO - Processing file /home/airflow/.local/lib/python3.7/site-packages/airflow/example_dags/example_branch_datetime_operator.py for tasks to queue
[2025-10-20T18:03:12.893+0000] {logging_mixin.py:137} INFO - [2025-10-20T18:03:12.893+0000] {dagbag.py:538} INFO - Filling up the DagBag from /home/airflow/.local/lib/python3.7/site-packages/airflow/example_dags/example_branch_datetime_operator.py
[2025-10-20T18:03:12.900+0000] {processor.py:753} INFO - DAG(s) dict_keys(['example_branch_datetime_operator', 'example_branch_datetime_operator_2', 'example_branch_datetime_operator_3']) retrieved from /home/airflow/.local/lib/python3.7/site-packages/airflow/example_dags/example_branch_datetime_operator.py
[2025-10-20T18:03:12.912+0000] {logging_mixin.py:137} INFO - [2025-10-20T18:03:12.912+0000] {dag.py:2690} INFO - Sync 3 DAGs
[2025-10-20T18:03:12.922+0000] {logging_mixin.py:137} INFO - [2025-10-20T18:03:12.922+0000] {dag.py:3441} INFO - Setting next_dagrun for example_branch_datetime_operator to 2025-10-19T00:00:00+00:00, run_after=2025-10-20T00:00:00+00:00
[2025-10-20T18:03:12.923+0000] {logging_mixin.py:137} INFO - [2025-10-20T18:03:12.923+0000] {dag.py:3441} INFO - Setting next_dagrun for example_branch_datetime_operator_2 to 2025-10-19T00:00:00+00:00, run_after=2025-10-20T00:00:00+00:00
[2025-10-20T18:03:12.924+0000] {logging_mixin.py:137} INFO - [2025-10-20T18:03:12.924+0000] {dag.py:3441} INFO - Setting next_dagrun for example_branch_datetime_operator_3 to 2025-10-19T00:00:00+00:00, run_after=2025-10-20T00:00:00+00:00
[2025-10-20T18:03:12.930+0000] {processor.py:175} INFO - Processing /home/airflow/.local/lib/python3.7/site-packages/airflow/example_dags/example_branch_datetime_operator.py took 0.039 seconds
[2025-10-20T18:03:43.159+0000] {processor.py:153} INFO - Started process (PID=659) to work on /home/airflow/.local/lib/python3.7/site-packages/airflow/example_dags/example_branch_datetime_operator.py
[2025-10-20T18:03:43.160+0000] {processor.py:743} INFO - Processing file /home/airflow/.local/lib/python3.7/site-packages/airflow/example_dags/example_branch_datetime_operator.py for tasks to queue
[2025-10-20T18:03:43.160+0000] {logging_mixin.py:137} INFO - [2025-10-20T18:03:43.160+0000] {dagbag.py:538} INFO - Filling up the DagBag from /home/airflow/.local/lib/python3.7/site-packages/airflow/example_dags/example_branch_datetime_operator.py
[2025-10-20T18:03:43.166+0000] {processor.py:753} INFO - DAG(s) dict_keys(['example_branch_datetime_operator_2', 'example_branch_datetime_operator_3', 'example_branch_datetime_operator']) retrieved from /home/airflow/.local/lib/python3.7/site-packages/airflow/example_dags/example_branch_datetime_operator.py
[2025-10-20T18:03:43.177+0000] {logging_mixin.py:137} INFO - [2025-10-20T18:03:43.177+0000] {dag.py:2690} INFO - Sync 3 DAGs
[2025-10-20T18:03:43.185+0000] {logging_mixin.py:137} INFO - [2025-10-20T18:03:43.185+0000] {dag.py:3441} INFO - Setting next_dagrun for example_branch_datetime_operator to 2025-10-19T00:00:00+00:00, run_after=2025-10-20T00:00:00+00:00
[2025-10-20T18:03:43.187+0000] {logging_mixin.py:137} INFO - [2025-10-20T18:03:43.187+0000] {dag.py:3441} INFO - Setting next_dagrun for example_branch_datetime_operator_2 to 2025-10-19T00:00:00+00:00, run_after=2025-10-20T00:00:00+00:00
[2025-10-20T18:03:43.188+0000] {logging_mixin.py:137} INFO - [2025-10-20T18:03:43.188+0000] {dag.py:3441} INFO - Setting next_dagrun for example_branch_datetime_operator_3 to 2025-10-19T00:00:00+00:00, run_after=2025-10-20T00:00:00+00:00
[2025-10-20T18:03:43.192+0000] {processor.py:175} INFO - Processing /home/airflow/.local/lib/python3.7/site-packages/airflow/example_dags/example_branch_datetime_operator.py took 0.034 seconds
[2025-10-20T18:04:13.393+0000] {processor.py:153} INFO - Started process (PID=752) to work on /home/airflow/.local/lib/python3.7/site-packages/airflow/example_dags/example_branch_datetime_operator.py
[2025-10-20T18:04:13.393+0000] {processor.py:743} INFO - Processing file /home/airflow/.local/lib/python3.7/site-packages/airflow/example_dags/example_branch_datetime_operator.py for tasks to queue
[2025-10-20T18:04:13.394+0000] {logging_mixin.py:137} INFO - [2025-10-20T18:04:13.393+0000] {dagbag.py:538} INFO - Filling up the DagBag from /home/airflow/.local/lib/python3.7/site-packages/airflow/example_dags/example_branch_datetime_operator.py
[2025-10-20T18:04:13.400+0000] {processor.py:753} INFO - DAG(s) dict_keys(['example_branch_datetime_operator_3', 'example_branch_datetime_operator_2', 'example_branch_datetime_operator']) retrieved from /home/airflow/.local/lib/python3.7/site-packages/airflow/example_dags/example_branch_datetime_operator.py
[2025-10-20T18:04:13.410+0000] {logging_mixin.py:137} INFO - [2025-10-20T18:04:13.410+0000] {dag.py:2690} INFO - Sync 3 DAGs
[2025-10-20T18:04:13.418+0000] {logging_mixin.py:137} INFO - [2025-10-20T18:04:13.418+0000] {dag.py:3441} INFO - Setting next_dagrun for example_branch_datetime_operator to 2025-10-19T00:00:00+00:00, run_after=2025-10-20T00:00:00+00:00
[2025-10-20T18:04:13.420+0000] {logging_mixin.py:137} INFO - [2025-10-20T18:04:13.420+0000] {dag.py:3441} INFO - Setting next_dagrun for example_branch_datetime_operator_2 to 2025-10-19T00:00:00+00:00, run_after=2025-10-20T00:00:00+00:00
[2025-10-20T18:04:13.421+0000] {logging_mixin.py:137} INFO - [2025-10-20T18:04:13.421+0000] {dag.py:3441} INFO - Setting next_dagrun for example_branch_datetime_operator_3 to 2025-10-19T00:00:00+00:00, run_after=2025-10-20T00:00:00+00:00
[2025-10-20T18:04:13.426+0000] {processor.py:175} INFO - Processing /home/airflow/.local/lib/python3.7/site-packages/airflow/example_dags/example_branch_datetime_operator.py took 0.034 seconds
[2025-10-20T18:04:43.668+0000] {processor.py:153} INFO - Started process (PID=845) to work on /home/airflow/.local/lib/python3.7/site-packages/airflow/example_dags/example_branch_datetime_operator.py
[2025-10-20T18:04:43.669+0000] {processor.py:743} INFO - Processing file /home/airflow/.local/lib/python3.7/site-packages/airflow/example_dags/example_branch_datetime_operator.py for tasks to queue
[2025-10-20T18:04:43.669+0000] {logging_mixin.py:137} INFO - [2025-10-20T18:04:43.669+0000] {dagbag.py:538} INFO - Filling up the DagBag from /home/airflow/.local/lib/python3.7/site-packages/airflow/example_dags/example_branch_datetime_operator.py
[2025-10-20T18:04:43.675+0000] {processor.py:753} INFO - DAG(s) dict_keys(['example_branch_datetime_operator_2', 'example_branch_datetime_operator', 'example_branch_datetime_operator_3']) retrieved from /home/airflow/.local/lib/python3.7/site-packages/airflow/example_dags/example_branch_datetime_operator.py
[2025-10-20T18:04:43.685+0000] {logging_mixin.py:137} INFO - [2025-10-20T18:04:43.685+0000] {dag.py:2690} INFO - Sync 3 DAGs
[2025-10-20T18:04:43.694+0000] {logging_mixin.py:137} INFO - [2025-10-20T18:04:43.694+0000] {dag.py:3441} INFO - Setting next_dagrun for example_branch_datetime_operator to 2025-10-19T00:00:00+00:00, run_after=2025-10-20T00:00:00+00:00
[2025-10-20T18:04:43.695+0000] {logging_mixin.py:137} INFO - [2025-10-20T18:04:43.695+0000] {dag.py:3441} INFO - Setting next_dagrun for example_branch_datetime_operator_2 to 2025-10-19T00:00:00+00:00, run_after=2025-10-20T00:00:00+00:00
[2025-10-20T18:04:43.696+0000] {logging_mixin.py:137} INFO - [2025-10-20T18:04:43.696+0000] {dag.py:3441} INFO - Setting next_dagrun for example_branch_datetime_operator_3 to 2025-10-19T00:00:00+00:00, run_after=2025-10-20T00:00:00+00:00
[2025-10-20T18:04:43.701+0000] {processor.py:175} INFO - Processing /home/airflow/.local/lib/python3.7/site-packages/airflow/example_dags/example_branch_datetime_operator.py took 0.034 seconds
[2025-10-20T18:05:13.898+0000] {processor.py:153} INFO - Started process (PID=938) to work on /home/airflow/.local/lib/python3.7/site-packages/airflow/example_dags/example_branch_datetime_operator.py
[2025-10-20T18:05:13.898+0000] {processor.py:743} INFO - Processing file /home/airflow/.local/lib/python3.7/site-packages/airflow/example_dags/example_branch_datetime_operator.py for tasks to queue
[2025-10-20T18:05:13.899+0000] {logging_mixin.py:137} INFO - [2025-10-20T18:05:13.899+0000] {dagbag.py:538} INFO - Filling up the DagBag from /home/airflow/.local/lib/python3.7/site-packages/airflow/example_dags/example_branch_datetime_operator.py
[2025-10-20T18:05:13.905+0000] {processor.py:753} INFO - DAG(s) dict_keys(['example_branch_datetime_operator_3', 'example_branch_datetime_operator', 'example_branch_datetime_operator_2']) retrieved from /home/airflow/.local/lib/python3.7/site-packages/airflow/example_dags/example_branch_datetime_operator.py
[2025-10-20T18:05:13.916+0000] {logging_mixin.py:137} INFO - [2025-10-20T18:05:13.916+0000] {dag.py:2690} INFO - Sync 3 DAGs
[2025-10-20T18:05:13.925+0000] {logging_mixin.py:137} INFO - [2025-10-20T18:05:13.925+0000] {dag.py:3441} INFO - Setting next_dagrun for example_branch_datetime_operator to 2025-10-19T00:00:00+00:00, run_after=2025-10-20T00:00:00+00:00
[2025-10-20T18:05:13.927+0000] {logging_mixin.py:137} INFO - [2025-10-20T18:05:13.927+0000] {dag.py:3441} INFO - Setting next_dagrun for example_branch_datetime_operator_2 to 2025-10-19T00:00:00+00:00, run_after=2025-10-20T00:00:00+00:00
[2025-10-20T18:05:13.927+0000] {logging_mixin.py:137} INFO - [2025-10-20T18:05:13.927+0000] {dag.py:3441} INFO - Setting next_dagrun for example_branch_datetime_operator_3 to 2025-10-19T00:00:00+00:00, run_after=2025-10-20T00:00:00+00:00
[2025-10-20T18:05:13.932+0000] {processor.py:175} INFO - Processing /home/airflow/.local/lib/python3.7/site-packages/airflow/example_dags/example_branch_datetime_operator.py took 0.036 seconds
[2025-10-20T18:05:44.334+0000] {processor.py:153} INFO - Started process (PID=1013) to work on /home/airflow/.local/lib/python3.7/site-packages/airflow/example_dags/example_branch_datetime_operator.py
[2025-10-20T18:05:44.335+0000] {processor.py:743} INFO - Processing file /home/airflow/.local/lib/python3.7/site-packages/airflow/example_dags/example_branch_datetime_operator.py for tasks to queue
[2025-10-20T18:05:44.336+0000] {logging_mixin.py:137} INFO - [2025-10-20T18:05:44.336+0000] {dagbag.py:538} INFO - Filling up the DagBag from /home/airflow/.local/lib/python3.7/site-packages/airflow/example_dags/example_branch_datetime_operator.py
[2025-10-20T18:05:44.347+0000] {processor.py:753} INFO - DAG(s) dict_keys(['example_branch_datetime_operator_2', 'example_branch_datetime_operator_3', 'example_branch_datetime_operator']) retrieved from /home/airflow/.local/lib/python3.7/site-packages/airflow/example_dags/example_branch_datetime_operator.py
[2025-10-20T18:05:44.365+0000] {logging_mixin.py:137} INFO - [2025-10-20T18:05:44.365+0000] {dag.py:2690} INFO - Sync 3 DAGs
[2025-10-20T18:05:44.384+0000] {logging_mixin.py:137} INFO - [2025-10-20T18:05:44.383+0000] {dag.py:3441} INFO - Setting next_dagrun for example_branch_datetime_operator to 2025-10-19T00:00:00+00:00, run_after=2025-10-20T00:00:00+00:00
[2025-10-20T18:05:44.387+0000] {logging_mixin.py:137} INFO - [2025-10-20T18:05:44.387+0000] {dag.py:3441} INFO - Setting next_dagrun for example_branch_datetime_operator_2 to 2025-10-19T00:00:00+00:00, run_after=2025-10-20T00:00:00+00:00
[2025-10-20T18:05:44.388+0000] {logging_mixin.py:137} INFO - [2025-10-20T18:05:44.388+0000] {dag.py:3441} INFO - Setting next_dagrun for example_branch_datetime_operator_3 to 2025-10-19T00:00:00+00:00, run_after=2025-10-20T00:00:00+00:00
[2025-10-20T18:05:44.402+0000] {processor.py:175} INFO - Processing /home/airflow/.local/lib/python3.7/site-packages/airflow/example_dags/example_branch_datetime_operator.py took 0.071 seconds
[2025-10-20T18:06:14.565+0000] {processor.py:153} INFO - Started process (PID=1106) to work on /home/airflow/.local/lib/python3.7/site-packages/airflow/example_dags/example_branch_datetime_operator.py
[2025-10-20T18:06:14.565+0000] {processor.py:743} INFO - Processing file /home/airflow/.local/lib/python3.7/site-packages/airflow/example_dags/example_branch_datetime_operator.py for tasks to queue
[2025-10-20T18:06:14.565+0000] {logging_mixin.py:137} INFO - [2025-10-20T18:06:14.565+0000] {dagbag.py:538} INFO - Filling up the DagBag from /home/airflow/.local/lib/python3.7/site-packages/airflow/example_dags/example_branch_datetime_operator.py
[2025-10-20T18:06:14.571+0000] {processor.py:753} INFO - DAG(s) dict_keys(['example_branch_datetime_operator_2', 'example_branch_datetime_operator_3', 'example_branch_datetime_operator']) retrieved from /home/airflow/.local/lib/python3.7/site-packages/airflow/example_dags/example_branch_datetime_operator.py
[2025-10-20T18:06:14.582+0000] {logging_mixin.py:137} INFO - [2025-10-20T18:06:14.582+0000] {dag.py:2690} INFO - Sync 3 DAGs
[2025-10-20T18:06:14.591+0000] {logging_mixin.py:137} INFO - [2025-10-20T18:06:14.591+0000] {dag.py:3441} INFO - Setting next_dagrun for example_branch_datetime_operator to 2025-10-19T00:00:00+00:00, run_after=2025-10-20T00:00:00+00:00
[2025-10-20T18:06:14.592+0000] {logging_mixin.py:137} INFO - [2025-10-20T18:06:14.592+0000] {dag.py:3441} INFO - Setting next_dagrun for example_branch_datetime_operator_2 to 2025-10-19T00:00:00+00:00, run_after=2025-10-20T00:00:00+00:00
[2025-10-20T18:06:14.593+0000] {logging_mixin.py:137} INFO - [2025-10-20T18:06:14.593+0000] {dag.py:3441} INFO - Setting next_dagrun for example_branch_datetime_operator_3 to 2025-10-19T00:00:00+00:00, run_after=2025-10-20T00:00:00+00:00
[2025-10-20T18:06:14.598+0000] {processor.py:175} INFO - Processing /home/airflow/.local/lib/python3.7/site-packages/airflow/example_dags/example_branch_datetime_operator.py took 0.035 seconds
[2025-10-20T18:06:44.810+0000] {processor.py:153} INFO - Started process (PID=1199) to work on /home/airflow/.local/lib/python3.7/site-packages/airflow/example_dags/example_branch_datetime_operator.py
[2025-10-20T18:06:44.810+0000] {processor.py:743} INFO - Processing file /home/airflow/.local/lib/python3.7/site-packages/airflow/example_dags/example_branch_datetime_operator.py for tasks to queue
[2025-10-20T18:06:44.811+0000] {logging_mixin.py:137} INFO - [2025-10-20T18:06:44.811+0000] {dagbag.py:538} INFO - Filling up the DagBag from /home/airflow/.local/lib/python3.7/site-packages/airflow/example_dags/example_branch_datetime_operator.py
[2025-10-20T18:06:44.818+0000] {processor.py:753} INFO - DAG(s) dict_keys(['example_branch_datetime_operator_3', 'example_branch_datetime_operator_2', 'example_branch_datetime_operator']) retrieved from /home/airflow/.local/lib/python3.7/site-packages/airflow/example_dags/example_branch_datetime_operator.py
[2025-10-20T18:06:44.830+0000] {logging_mixin.py:137} INFO - [2025-10-20T18:06:44.830+0000] {dag.py:2690} INFO - Sync 3 DAGs
[2025-10-20T18:06:44.841+0000] {logging_mixin.py:137} INFO - [2025-10-20T18:06:44.841+0000] {dag.py:3441} INFO - Setting next_dagrun for example_branch_datetime_operator to 2025-10-19T00:00:00+00:00, run_after=2025-10-20T00:00:00+00:00
[2025-10-20T18:06:44.843+0000] {logging_mixin.py:137} INFO - [2025-10-20T18:06:44.843+0000] {dag.py:3441} INFO - Setting next_dagrun for example_branch_datetime_operator_2 to 2025-10-19T00:00:00+00:00, run_after=2025-10-20T00:00:00+00:00
[2025-10-20T18:06:44.844+0000] {logging_mixin.py:137} INFO - [2025-10-20T18:06:44.844+0000] {dag.py:3441} INFO - Setting next_dagrun for example_branch_datetime_operator_3 to 2025-10-19T00:00:00+00:00, run_after=2025-10-20T00:00:00+00:00
[2025-10-20T18:06:44.850+0000] {processor.py:175} INFO - Processing /home/airflow/.local/lib/python3.7/site-packages/airflow/example_dags/example_branch_datetime_operator.py took 0.041 seconds
[2025-10-20T18:07:15.161+0000] {processor.py:153} INFO - Started process (PID=1292) to work on /home/airflow/.local/lib/python3.7/site-packages/airflow/example_dags/example_branch_datetime_operator.py
[2025-10-20T18:07:15.161+0000] {processor.py:743} INFO - Processing file /home/airflow/.local/lib/python3.7/site-packages/airflow/example_dags/example_branch_datetime_operator.py for tasks to queue
[2025-10-20T18:07:15.161+0000] {logging_mixin.py:137} INFO - [2025-10-20T18:07:15.161+0000] {dagbag.py:538} INFO - Filling up the DagBag from /home/airflow/.local/lib/python3.7/site-packages/airflow/example_dags/example_branch_datetime_operator.py
[2025-10-20T18:07:15.167+0000] {processor.py:753} INFO - DAG(s) dict_keys(['example_branch_datetime_operator_2', 'example_branch_datetime_operator', 'example_branch_datetime_operator_3']) retrieved from /home/airflow/.local/lib/python3.7/site-packages/airflow/example_dags/example_branch_datetime_operator.py
[2025-10-20T18:07:15.178+0000] {logging_mixin.py:137} INFO - [2025-10-20T18:07:15.178+0000] {dag.py:2690} INFO - Sync 3 DAGs
[2025-10-20T18:07:15.186+0000] {logging_mixin.py:137} INFO - [2025-10-20T18:07:15.186+0000] {dag.py:3441} INFO - Setting next_dagrun for example_branch_datetime_operator to 2025-10-19T00:00:00+00:00, run_after=2025-10-20T00:00:00+00:00
[2025-10-20T18:07:15.188+0000] {logging_mixin.py:137} INFO - [2025-10-20T18:07:15.188+0000] {dag.py:3441} INFO - Setting next_dagrun for example_branch_datetime_operator_2 to 2025-10-19T00:00:00+00:00, run_after=2025-10-20T00:00:00+00:00
[2025-10-20T18:07:15.189+0000] {logging_mixin.py:137} INFO - [2025-10-20T18:07:15.189+0000] {dag.py:3441} INFO - Setting next_dagrun for example_branch_datetime_operator_3 to 2025-10-19T00:00:00+00:00, run_after=2025-10-20T00:00:00+00:00
[2025-10-20T18:07:15.194+0000] {processor.py:175} INFO - Processing /home/airflow/.local/lib/python3.7/site-packages/airflow/example_dags/example_branch_datetime_operator.py took 0.034 seconds
[2025-10-20T18:07:45.328+0000] {processor.py:153} INFO - Started process (PID=1367) to work on /home/airflow/.local/lib/python3.7/site-packages/airflow/example_dags/example_branch_datetime_operator.py
[2025-10-20T18:07:45.329+0000] {processor.py:743} INFO - Processing file /home/airflow/.local/lib/python3.7/site-packages/airflow/example_dags/example_branch_datetime_operator.py for tasks to queue
[2025-10-20T18:07:45.329+0000] {logging_mixin.py:137} INFO - [2025-10-20T18:07:45.329+0000] {dagbag.py:538} INFO - Filling up the DagBag from /home/airflow/.local/lib/python3.7/site-packages/airflow/example_dags/example_branch_datetime_operator.py
[2025-10-20T18:07:45.335+0000] {processor.py:753} INFO - DAG(s) dict_keys(['example_branch_datetime_operator', 'example_branch_datetime_operator_3', 'example_branch_datetime_operator_2']) retrieved from /home/airflow/.local/lib/python3.7/site-packages/airflow/example_dags/example_branch_datetime_operator.py
[2025-10-20T18:07:45.346+0000] {logging_mixin.py:137} INFO - [2025-10-20T18:07:45.346+0000] {dag.py:2690} INFO - Sync 3 DAGs
[2025-10-20T18:07:45.355+0000] {logging_mixin.py:137} INFO - [2025-10-20T18:07:45.354+0000] {dag.py:3441} INFO - Setting next_dagrun for example_branch_datetime_operator to 2025-10-19T00:00:00+00:00, run_after=2025-10-20T00:00:00+00:00
[2025-10-20T18:07:45.356+0000] {logging_mixin.py:137} INFO - [2025-10-20T18:07:45.356+0000] {dag.py:3441} INFO - Setting next_dagrun for example_branch_datetime_operator_2 to 2025-10-19T00:00:00+00:00, run_after=2025-10-20T00:00:00+00:00
[2025-10-20T18:07:45.357+0000] {logging_mixin.py:137} INFO - [2025-10-20T18:07:45.357+0000] {dag.py:3441} INFO - Setting next_dagrun for example_branch_datetime_operator_3 to 2025-10-19T00:00:00+00:00, run_after=2025-10-20T00:00:00+00:00
[2025-10-20T18:07:45.362+0000] {processor.py:175} INFO - Processing /home/airflow/.local/lib/python3.7/site-packages/airflow/example_dags/example_branch_datetime_operator.py took 0.035 seconds
[2025-10-20T18:08:15.618+0000] {processor.py:153} INFO - Started process (PID=1460) to work on /home/airflow/.local/lib/python3.7/site-packages/airflow/example_dags/example_branch_datetime_operator.py
[2025-10-20T18:08:15.618+0000] {processor.py:743} INFO - Processing file /home/airflow/.local/lib/python3.7/site-packages/airflow/example_dags/example_branch_datetime_operator.py for tasks to queue
[2025-10-20T18:08:15.618+0000] {logging_mixin.py:137} INFO - [2025-10-20T18:08:15.618+0000] {dagbag.py:538} INFO - Filling up the DagBag from /home/airflow/.local/lib/python3.7/site-packages/airflow/example_dags/example_branch_datetime_operator.py
[2025-10-20T18:08:15.626+0000] {processor.py:753} INFO - DAG(s) dict_keys(['example_branch_datetime_operator_2', 'example_branch_datetime_operator', 'example_branch_datetime_operator_3']) retrieved from /home/airflow/.local/lib/python3.7/site-packages/airflow/example_dags/example_branch_datetime_operator.py
[2025-10-20T18:08:15.641+0000] {logging_mixin.py:137} INFO - [2025-10-20T18:08:15.641+0000] {dag.py:2690} INFO - Sync 3 DAGs
[2025-10-20T18:08:15.652+0000] {logging_mixin.py:137} INFO - [2025-10-20T18:08:15.652+0000] {dag.py:3441} INFO - Setting next_dagrun for example_branch_datetime_operator to 2025-10-19T00:00:00+00:00, run_after=2025-10-20T00:00:00+00:00
[2025-10-20T18:08:15.653+0000] {logging_mixin.py:137} INFO - [2025-10-20T18:08:15.653+0000] {dag.py:3441} INFO - Setting next_dagrun for example_branch_datetime_operator_2 to 2025-10-19T00:00:00+00:00, run_after=2025-10-20T00:00:00+00:00
[2025-10-20T18:08:15.654+0000] {logging_mixin.py:137} INFO - [2025-10-20T18:08:15.654+0000] {dag.py:3441} INFO - Setting next_dagrun for example_branch_datetime_operator_3 to 2025-10-19T00:00:00+00:00, run_after=2025-10-20T00:00:00+00:00
[2025-10-20T18:08:15.660+0000] {processor.py:175} INFO - Processing /home/airflow/.local/lib/python3.7/site-packages/airflow/example_dags/example_branch_datetime_operator.py took 0.044 seconds
[2025-10-20T18:08:45.896+0000] {processor.py:153} INFO - Started process (PID=1553) to work on /home/airflow/.local/lib/python3.7/site-packages/airflow/example_dags/example_branch_datetime_operator.py
[2025-10-20T18:08:45.896+0000] {processor.py:743} INFO - Processing file /home/airflow/.local/lib/python3.7/site-packages/airflow/example_dags/example_branch_datetime_operator.py for tasks to queue
[2025-10-20T18:08:45.897+0000] {logging_mixin.py:137} INFO - [2025-10-20T18:08:45.896+0000] {dagbag.py:538} INFO - Filling up the DagBag from /home/airflow/.local/lib/python3.7/site-packages/airflow/example_dags/example_branch_datetime_operator.py
[2025-10-20T18:08:45.902+0000] {processor.py:753} INFO - DAG(s) dict_keys(['example_branch_datetime_operator_3', 'example_branch_datetime_operator', 'example_branch_datetime_operator_2']) retrieved from /home/airflow/.local/lib/python3.7/site-packages/airflow/example_dags/example_branch_datetime_operator.py
[2025-10-20T18:08:45.913+0000] {logging_mixin.py:137} INFO - [2025-10-20T18:08:45.913+0000] {dag.py:2690} INFO - Sync 3 DAGs
[2025-10-20T18:08:45.922+0000] {logging_mixin.py:137} INFO - [2025-10-20T18:08:45.922+0000] {dag.py:3441} INFO - Setting next_dagrun for example_branch_datetime_operator to 2025-10-19T00:00:00+00:00, run_after=2025-10-20T00:00:00+00:00
[2025-10-20T18:08:45.924+0000] {logging_mixin.py:137} INFO - [2025-10-20T18:08:45.924+0000] {dag.py:3441} INFO - Setting next_dagrun for example_branch_datetime_operator_2 to 2025-10-19T00:00:00+00:00, run_after=2025-10-20T00:00:00+00:00
[2025-10-20T18:08:45.924+0000] {logging_mixin.py:137} INFO - [2025-10-20T18:08:45.924+0000] {dag.py:3441} INFO - Setting next_dagrun for example_branch_datetime_operator_3 to 2025-10-19T00:00:00+00:00, run_after=2025-10-20T00:00:00+00:00
[2025-10-20T18:08:45.929+0000] {processor.py:175} INFO - Processing /home/airflow/.local/lib/python3.7/site-packages/airflow/example_dags/example_branch_datetime_operator.py took 0.035 seconds
