[2025-10-20T18:00:11.273+0000] {processor.py:153} INFO - Started process (PID=57) to work on /home/airflow/.local/lib/python3.7/site-packages/airflow/example_dags/example_dag_decorator.py
[2025-10-20T18:00:11.274+0000] {processor.py:743} INFO - Processing file /home/airflow/.local/lib/python3.7/site-packages/airflow/example_dags/example_dag_decorator.py for tasks to queue
[2025-10-20T18:00:11.274+0000] {logging_mixin.py:137} INFO - [2025-10-20T18:00:11.274+0000] {dagbag.py:538} INFO - Filling up the DagBag from /home/airflow/.local/lib/python3.7/site-packages/airflow/example_dags/example_dag_decorator.py
[2025-10-20T18:00:11.287+0000] {logging_mixin.py:137} INFO - [2025-10-20T18:00:11.287+0000] {taskmixin.py:205} WARNING - Dependency <Task(_PythonDecoratedOperator): prepare_email>, send_email already registered for DAG: example_dag_decorator
[2025-10-20T18:00:11.288+0000] {logging_mixin.py:137} INFO - [2025-10-20T18:00:11.287+0000] {taskmixin.py:205} WARNING - Dependency <Task(EmailOperator): send_email>, prepare_email already registered for DAG: example_dag_decorator
[2025-10-20T18:00:11.301+0000] {processor.py:753} INFO - DAG(s) dict_keys(['example_dag_decorator']) retrieved from /home/airflow/.local/lib/python3.7/site-packages/airflow/example_dags/example_dag_decorator.py
[2025-10-20T18:00:11.309+0000] {logging_mixin.py:137} INFO - [2025-10-20T18:00:11.309+0000] {dag.py:2690} INFO - Sync 1 DAGs
[2025-10-20T18:00:11.322+0000] {logging_mixin.py:137} INFO - [2025-10-20T18:00:11.322+0000] {dag.py:3441} INFO - Setting next_dagrun for example_dag_decorator to None, run_after=None
[2025-10-20T18:00:11.332+0000] {processor.py:175} INFO - Processing /home/airflow/.local/lib/python3.7/site-packages/airflow/example_dags/example_dag_decorator.py took 0.062 seconds
[2025-10-20T18:00:41.696+0000] {processor.py:153} INFO - Started process (PID=150) to work on /home/airflow/.local/lib/python3.7/site-packages/airflow/example_dags/example_dag_decorator.py
[2025-10-20T18:00:41.696+0000] {processor.py:743} INFO - Processing file /home/airflow/.local/lib/python3.7/site-packages/airflow/example_dags/example_dag_decorator.py for tasks to queue
[2025-10-20T18:00:41.697+0000] {logging_mixin.py:137} INFO - [2025-10-20T18:00:41.696+0000] {dagbag.py:538} INFO - Filling up the DagBag from /home/airflow/.local/lib/python3.7/site-packages/airflow/example_dags/example_dag_decorator.py
[2025-10-20T18:00:41.704+0000] {logging_mixin.py:137} INFO - [2025-10-20T18:00:41.704+0000] {taskmixin.py:205} WARNING - Dependency <Task(_PythonDecoratedOperator): prepare_email>, send_email already registered for DAG: example_dag_decorator
[2025-10-20T18:00:41.704+0000] {logging_mixin.py:137} INFO - [2025-10-20T18:00:41.704+0000] {taskmixin.py:205} WARNING - Dependency <Task(EmailOperator): send_email>, prepare_email already registered for DAG: example_dag_decorator
[2025-10-20T18:00:41.709+0000] {processor.py:753} INFO - DAG(s) dict_keys(['example_dag_decorator']) retrieved from /home/airflow/.local/lib/python3.7/site-packages/airflow/example_dags/example_dag_decorator.py
[2025-10-20T18:00:41.735+0000] {logging_mixin.py:137} INFO - [2025-10-20T18:00:41.735+0000] {dag.py:2690} INFO - Sync 1 DAGs
[2025-10-20T18:00:41.744+0000] {logging_mixin.py:137} INFO - [2025-10-20T18:00:41.744+0000] {dag.py:3441} INFO - Setting next_dagrun for example_dag_decorator to None, run_after=None
[2025-10-20T18:00:41.751+0000] {processor.py:175} INFO - Processing /home/airflow/.local/lib/python3.7/site-packages/airflow/example_dags/example_dag_decorator.py took 0.057 seconds
[2025-10-20T18:01:12.076+0000] {processor.py:153} INFO - Started process (PID=234) to work on /home/airflow/.local/lib/python3.7/site-packages/airflow/example_dags/example_dag_decorator.py
[2025-10-20T18:01:12.076+0000] {processor.py:743} INFO - Processing file /home/airflow/.local/lib/python3.7/site-packages/airflow/example_dags/example_dag_decorator.py for tasks to queue
[2025-10-20T18:01:12.076+0000] {logging_mixin.py:137} INFO - [2025-10-20T18:01:12.076+0000] {dagbag.py:538} INFO - Filling up the DagBag from /home/airflow/.local/lib/python3.7/site-packages/airflow/example_dags/example_dag_decorator.py
[2025-10-20T18:01:12.083+0000] {logging_mixin.py:137} INFO - [2025-10-20T18:01:12.083+0000] {taskmixin.py:205} WARNING - Dependency <Task(_PythonDecoratedOperator): prepare_email>, send_email already registered for DAG: example_dag_decorator
[2025-10-20T18:01:12.083+0000] {logging_mixin.py:137} INFO - [2025-10-20T18:01:12.083+0000] {taskmixin.py:205} WARNING - Dependency <Task(EmailOperator): send_email>, prepare_email already registered for DAG: example_dag_decorator
[2025-10-20T18:01:12.089+0000] {processor.py:753} INFO - DAG(s) dict_keys(['example_dag_decorator']) retrieved from /home/airflow/.local/lib/python3.7/site-packages/airflow/example_dags/example_dag_decorator.py
[2025-10-20T18:01:12.123+0000] {logging_mixin.py:137} INFO - [2025-10-20T18:01:12.123+0000] {dag.py:2690} INFO - Sync 1 DAGs
[2025-10-20T18:01:12.134+0000] {logging_mixin.py:137} INFO - [2025-10-20T18:01:12.134+0000] {dag.py:3441} INFO - Setting next_dagrun for example_dag_decorator to None, run_after=None
[2025-10-20T18:01:12.166+0000] {processor.py:175} INFO - Processing /home/airflow/.local/lib/python3.7/site-packages/airflow/example_dags/example_dag_decorator.py took 0.092 seconds
[2025-10-20T18:01:42.518+0000] {processor.py:153} INFO - Started process (PID=318) to work on /home/airflow/.local/lib/python3.7/site-packages/airflow/example_dags/example_dag_decorator.py
[2025-10-20T18:01:42.518+0000] {processor.py:743} INFO - Processing file /home/airflow/.local/lib/python3.7/site-packages/airflow/example_dags/example_dag_decorator.py for tasks to queue
[2025-10-20T18:01:42.519+0000] {logging_mixin.py:137} INFO - [2025-10-20T18:01:42.519+0000] {dagbag.py:538} INFO - Filling up the DagBag from /home/airflow/.local/lib/python3.7/site-packages/airflow/example_dags/example_dag_decorator.py
[2025-10-20T18:01:42.525+0000] {logging_mixin.py:137} INFO - [2025-10-20T18:01:42.525+0000] {taskmixin.py:205} WARNING - Dependency <Task(_PythonDecoratedOperator): prepare_email>, send_email already registered for DAG: example_dag_decorator
[2025-10-20T18:01:42.525+0000] {logging_mixin.py:137} INFO - [2025-10-20T18:01:42.525+0000] {taskmixin.py:205} WARNING - Dependency <Task(EmailOperator): send_email>, prepare_email already registered for DAG: example_dag_decorator
[2025-10-20T18:01:42.530+0000] {processor.py:753} INFO - DAG(s) dict_keys(['example_dag_decorator']) retrieved from /home/airflow/.local/lib/python3.7/site-packages/airflow/example_dags/example_dag_decorator.py
[2025-10-20T18:01:42.555+0000] {logging_mixin.py:137} INFO - [2025-10-20T18:01:42.555+0000] {dag.py:2690} INFO - Sync 1 DAGs
[2025-10-20T18:01:42.564+0000] {logging_mixin.py:137} INFO - [2025-10-20T18:01:42.564+0000] {dag.py:3441} INFO - Setting next_dagrun for example_dag_decorator to None, run_after=None
[2025-10-20T18:01:42.571+0000] {processor.py:175} INFO - Processing /home/airflow/.local/lib/python3.7/site-packages/airflow/example_dags/example_dag_decorator.py took 0.054 seconds
[2025-10-20T18:02:12.758+0000] {processor.py:153} INFO - Started process (PID=411) to work on /home/airflow/.local/lib/python3.7/site-packages/airflow/example_dags/example_dag_decorator.py
[2025-10-20T18:02:12.759+0000] {processor.py:743} INFO - Processing file /home/airflow/.local/lib/python3.7/site-packages/airflow/example_dags/example_dag_decorator.py for tasks to queue
[2025-10-20T18:02:12.759+0000] {logging_mixin.py:137} INFO - [2025-10-20T18:02:12.759+0000] {dagbag.py:538} INFO - Filling up the DagBag from /home/airflow/.local/lib/python3.7/site-packages/airflow/example_dags/example_dag_decorator.py
[2025-10-20T18:02:12.766+0000] {logging_mixin.py:137} INFO - [2025-10-20T18:02:12.766+0000] {taskmixin.py:205} WARNING - Dependency <Task(_PythonDecoratedOperator): prepare_email>, send_email already registered for DAG: example_dag_decorator
[2025-10-20T18:02:12.766+0000] {logging_mixin.py:137} INFO - [2025-10-20T18:02:12.766+0000] {taskmixin.py:205} WARNING - Dependency <Task(EmailOperator): send_email>, prepare_email already registered for DAG: example_dag_decorator
[2025-10-20T18:02:12.770+0000] {processor.py:753} INFO - DAG(s) dict_keys(['example_dag_decorator']) retrieved from /home/airflow/.local/lib/python3.7/site-packages/airflow/example_dags/example_dag_decorator.py
[2025-10-20T18:02:12.794+0000] {logging_mixin.py:137} INFO - [2025-10-20T18:02:12.793+0000] {dag.py:2690} INFO - Sync 1 DAGs
[2025-10-20T18:02:12.804+0000] {logging_mixin.py:137} INFO - [2025-10-20T18:02:12.804+0000] {dag.py:3441} INFO - Setting next_dagrun for example_dag_decorator to None, run_after=None
[2025-10-20T18:02:12.813+0000] {processor.py:175} INFO - Processing /home/airflow/.local/lib/python3.7/site-packages/airflow/example_dags/example_dag_decorator.py took 0.056 seconds
[2025-10-20T18:02:42.910+0000] {processor.py:153} INFO - Started process (PID=505) to work on /home/airflow/.local/lib/python3.7/site-packages/airflow/example_dags/example_dag_decorator.py
[2025-10-20T18:02:42.911+0000] {processor.py:743} INFO - Processing file /home/airflow/.local/lib/python3.7/site-packages/airflow/example_dags/example_dag_decorator.py for tasks to queue
[2025-10-20T18:02:42.911+0000] {logging_mixin.py:137} INFO - [2025-10-20T18:02:42.911+0000] {dagbag.py:538} INFO - Filling up the DagBag from /home/airflow/.local/lib/python3.7/site-packages/airflow/example_dags/example_dag_decorator.py
[2025-10-20T18:02:42.918+0000] {logging_mixin.py:137} INFO - [2025-10-20T18:02:42.918+0000] {taskmixin.py:205} WARNING - Dependency <Task(_PythonDecoratedOperator): prepare_email>, send_email already registered for DAG: example_dag_decorator
[2025-10-20T18:02:42.918+0000] {logging_mixin.py:137} INFO - [2025-10-20T18:02:42.918+0000] {taskmixin.py:205} WARNING - Dependency <Task(EmailOperator): send_email>, prepare_email already registered for DAG: example_dag_decorator
[2025-10-20T18:02:42.924+0000] {processor.py:753} INFO - DAG(s) dict_keys(['example_dag_decorator']) retrieved from /home/airflow/.local/lib/python3.7/site-packages/airflow/example_dags/example_dag_decorator.py
[2025-10-20T18:02:42.948+0000] {logging_mixin.py:137} INFO - [2025-10-20T18:02:42.948+0000] {dag.py:2690} INFO - Sync 1 DAGs
[2025-10-20T18:02:42.956+0000] {logging_mixin.py:137} INFO - [2025-10-20T18:02:42.956+0000] {dag.py:3441} INFO - Setting next_dagrun for example_dag_decorator to None, run_after=None
[2025-10-20T18:02:42.963+0000] {processor.py:175} INFO - Processing /home/airflow/.local/lib/python3.7/site-packages/airflow/example_dags/example_dag_decorator.py took 0.054 seconds
[2025-10-20T18:03:13.236+0000] {processor.py:153} INFO - Started process (PID=596) to work on /home/airflow/.local/lib/python3.7/site-packages/airflow/example_dags/example_dag_decorator.py
[2025-10-20T18:03:13.236+0000] {processor.py:743} INFO - Processing file /home/airflow/.local/lib/python3.7/site-packages/airflow/example_dags/example_dag_decorator.py for tasks to queue
[2025-10-20T18:03:13.236+0000] {logging_mixin.py:137} INFO - [2025-10-20T18:03:13.236+0000] {dagbag.py:538} INFO - Filling up the DagBag from /home/airflow/.local/lib/python3.7/site-packages/airflow/example_dags/example_dag_decorator.py
[2025-10-20T18:03:13.244+0000] {logging_mixin.py:137} INFO - [2025-10-20T18:03:13.244+0000] {taskmixin.py:205} WARNING - Dependency <Task(_PythonDecoratedOperator): prepare_email>, send_email already registered for DAG: example_dag_decorator
[2025-10-20T18:03:13.244+0000] {logging_mixin.py:137} INFO - [2025-10-20T18:03:13.244+0000] {taskmixin.py:205} WARNING - Dependency <Task(EmailOperator): send_email>, prepare_email already registered for DAG: example_dag_decorator
[2025-10-20T18:03:13.250+0000] {processor.py:753} INFO - DAG(s) dict_keys(['example_dag_decorator']) retrieved from /home/airflow/.local/lib/python3.7/site-packages/airflow/example_dags/example_dag_decorator.py
[2025-10-20T18:03:13.276+0000] {logging_mixin.py:137} INFO - [2025-10-20T18:03:13.276+0000] {dag.py:2690} INFO - Sync 1 DAGs
[2025-10-20T18:03:13.285+0000] {logging_mixin.py:137} INFO - [2025-10-20T18:03:13.285+0000] {dag.py:3441} INFO - Setting next_dagrun for example_dag_decorator to None, run_after=None
[2025-10-20T18:03:13.292+0000] {processor.py:175} INFO - Processing /home/airflow/.local/lib/python3.7/site-packages/airflow/example_dags/example_dag_decorator.py took 0.058 seconds
[2025-10-20T18:03:43.456+0000] {processor.py:153} INFO - Started process (PID=671) to work on /home/airflow/.local/lib/python3.7/site-packages/airflow/example_dags/example_dag_decorator.py
[2025-10-20T18:03:43.456+0000] {processor.py:743} INFO - Processing file /home/airflow/.local/lib/python3.7/site-packages/airflow/example_dags/example_dag_decorator.py for tasks to queue
[2025-10-20T18:03:43.457+0000] {logging_mixin.py:137} INFO - [2025-10-20T18:03:43.457+0000] {dagbag.py:538} INFO - Filling up the DagBag from /home/airflow/.local/lib/python3.7/site-packages/airflow/example_dags/example_dag_decorator.py
[2025-10-20T18:03:43.463+0000] {logging_mixin.py:137} INFO - [2025-10-20T18:03:43.463+0000] {taskmixin.py:205} WARNING - Dependency <Task(_PythonDecoratedOperator): prepare_email>, send_email already registered for DAG: example_dag_decorator
[2025-10-20T18:03:43.463+0000] {logging_mixin.py:137} INFO - [2025-10-20T18:03:43.463+0000] {taskmixin.py:205} WARNING - Dependency <Task(EmailOperator): send_email>, prepare_email already registered for DAG: example_dag_decorator
[2025-10-20T18:03:43.467+0000] {processor.py:753} INFO - DAG(s) dict_keys(['example_dag_decorator']) retrieved from /home/airflow/.local/lib/python3.7/site-packages/airflow/example_dags/example_dag_decorator.py
[2025-10-20T18:03:43.489+0000] {logging_mixin.py:137} INFO - [2025-10-20T18:03:43.489+0000] {dag.py:2690} INFO - Sync 1 DAGs
[2025-10-20T18:03:43.498+0000] {logging_mixin.py:137} INFO - [2025-10-20T18:03:43.498+0000] {dag.py:3441} INFO - Setting next_dagrun for example_dag_decorator to None, run_after=None
[2025-10-20T18:03:43.507+0000] {processor.py:175} INFO - Processing /home/airflow/.local/lib/python3.7/site-packages/airflow/example_dags/example_dag_decorator.py took 0.052 seconds
[2025-10-20T18:04:13.691+0000] {processor.py:153} INFO - Started process (PID=764) to work on /home/airflow/.local/lib/python3.7/site-packages/airflow/example_dags/example_dag_decorator.py
[2025-10-20T18:04:13.691+0000] {processor.py:743} INFO - Processing file /home/airflow/.local/lib/python3.7/site-packages/airflow/example_dags/example_dag_decorator.py for tasks to queue
[2025-10-20T18:04:13.691+0000] {logging_mixin.py:137} INFO - [2025-10-20T18:04:13.691+0000] {dagbag.py:538} INFO - Filling up the DagBag from /home/airflow/.local/lib/python3.7/site-packages/airflow/example_dags/example_dag_decorator.py
[2025-10-20T18:04:13.697+0000] {logging_mixin.py:137} INFO - [2025-10-20T18:04:13.697+0000] {taskmixin.py:205} WARNING - Dependency <Task(_PythonDecoratedOperator): prepare_email>, send_email already registered for DAG: example_dag_decorator
[2025-10-20T18:04:13.697+0000] {logging_mixin.py:137} INFO - [2025-10-20T18:04:13.697+0000] {taskmixin.py:205} WARNING - Dependency <Task(EmailOperator): send_email>, prepare_email already registered for DAG: example_dag_decorator
[2025-10-20T18:04:13.701+0000] {processor.py:753} INFO - DAG(s) dict_keys(['example_dag_decorator']) retrieved from /home/airflow/.local/lib/python3.7/site-packages/airflow/example_dags/example_dag_decorator.py
[2025-10-20T18:04:13.724+0000] {logging_mixin.py:137} INFO - [2025-10-20T18:04:13.724+0000] {dag.py:2690} INFO - Sync 1 DAGs
[2025-10-20T18:04:13.732+0000] {logging_mixin.py:137} INFO - [2025-10-20T18:04:13.732+0000] {dag.py:3441} INFO - Setting next_dagrun for example_dag_decorator to None, run_after=None
[2025-10-20T18:04:13.740+0000] {processor.py:175} INFO - Processing /home/airflow/.local/lib/python3.7/site-packages/airflow/example_dags/example_dag_decorator.py took 0.051 seconds
[2025-10-20T18:04:43.967+0000] {processor.py:153} INFO - Started process (PID=857) to work on /home/airflow/.local/lib/python3.7/site-packages/airflow/example_dags/example_dag_decorator.py
[2025-10-20T18:04:43.968+0000] {processor.py:743} INFO - Processing file /home/airflow/.local/lib/python3.7/site-packages/airflow/example_dags/example_dag_decorator.py for tasks to queue
[2025-10-20T18:04:43.969+0000] {logging_mixin.py:137} INFO - [2025-10-20T18:04:43.969+0000] {dagbag.py:538} INFO - Filling up the DagBag from /home/airflow/.local/lib/python3.7/site-packages/airflow/example_dags/example_dag_decorator.py
[2025-10-20T18:04:43.975+0000] {logging_mixin.py:137} INFO - [2025-10-20T18:04:43.975+0000] {taskmixin.py:205} WARNING - Dependency <Task(_PythonDecoratedOperator): prepare_email>, send_email already registered for DAG: example_dag_decorator
[2025-10-20T18:04:43.975+0000] {logging_mixin.py:137} INFO - [2025-10-20T18:04:43.975+0000] {taskmixin.py:205} WARNING - Dependency <Task(EmailOperator): send_email>, prepare_email already registered for DAG: example_dag_decorator
[2025-10-20T18:04:43.980+0000] {processor.py:753} INFO - DAG(s) dict_keys(['example_dag_decorator']) retrieved from /home/airflow/.local/lib/python3.7/site-packages/airflow/example_dags/example_dag_decorator.py
[2025-10-20T18:04:44.004+0000] {logging_mixin.py:137} INFO - [2025-10-20T18:04:44.004+0000] {dag.py:2690} INFO - Sync 1 DAGs
[2025-10-20T18:04:44.011+0000] {logging_mixin.py:137} INFO - [2025-10-20T18:04:44.011+0000] {dag.py:3441} INFO - Setting next_dagrun for example_dag_decorator to None, run_after=None
[2025-10-20T18:04:44.020+0000] {processor.py:175} INFO - Processing /home/airflow/.local/lib/python3.7/site-packages/airflow/example_dags/example_dag_decorator.py took 0.054 seconds
[2025-10-20T18:05:14.166+0000] {processor.py:153} INFO - Started process (PID=950) to work on /home/airflow/.local/lib/python3.7/site-packages/airflow/example_dags/example_dag_decorator.py
[2025-10-20T18:05:14.167+0000] {processor.py:743} INFO - Processing file /home/airflow/.local/lib/python3.7/site-packages/airflow/example_dags/example_dag_decorator.py for tasks to queue
[2025-10-20T18:05:14.167+0000] {logging_mixin.py:137} INFO - [2025-10-20T18:05:14.167+0000] {dagbag.py:538} INFO - Filling up the DagBag from /home/airflow/.local/lib/python3.7/site-packages/airflow/example_dags/example_dag_decorator.py
[2025-10-20T18:05:14.173+0000] {logging_mixin.py:137} INFO - [2025-10-20T18:05:14.173+0000] {taskmixin.py:205} WARNING - Dependency <Task(_PythonDecoratedOperator): prepare_email>, send_email already registered for DAG: example_dag_decorator
[2025-10-20T18:05:14.173+0000] {logging_mixin.py:137} INFO - [2025-10-20T18:05:14.173+0000] {taskmixin.py:205} WARNING - Dependency <Task(EmailOperator): send_email>, prepare_email already registered for DAG: example_dag_decorator
[2025-10-20T18:05:14.178+0000] {processor.py:753} INFO - DAG(s) dict_keys(['example_dag_decorator']) retrieved from /home/airflow/.local/lib/python3.7/site-packages/airflow/example_dags/example_dag_decorator.py
[2025-10-20T18:05:14.201+0000] {logging_mixin.py:137} INFO - [2025-10-20T18:05:14.201+0000] {dag.py:2690} INFO - Sync 1 DAGs
[2025-10-20T18:05:14.209+0000] {logging_mixin.py:137} INFO - [2025-10-20T18:05:14.209+0000] {dag.py:3441} INFO - Setting next_dagrun for example_dag_decorator to None, run_after=None
[2025-10-20T18:05:14.218+0000] {processor.py:175} INFO - Processing /home/airflow/.local/lib/python3.7/site-packages/airflow/example_dags/example_dag_decorator.py took 0.053 seconds
[2025-10-20T18:05:44.741+0000] {processor.py:153} INFO - Started process (PID=1025) to work on /home/airflow/.local/lib/python3.7/site-packages/airflow/example_dags/example_dag_decorator.py
[2025-10-20T18:05:44.741+0000] {processor.py:743} INFO - Processing file /home/airflow/.local/lib/python3.7/site-packages/airflow/example_dags/example_dag_decorator.py for tasks to queue
[2025-10-20T18:05:44.741+0000] {logging_mixin.py:137} INFO - [2025-10-20T18:05:44.741+0000] {dagbag.py:538} INFO - Filling up the DagBag from /home/airflow/.local/lib/python3.7/site-packages/airflow/example_dags/example_dag_decorator.py
[2025-10-20T18:05:44.749+0000] {logging_mixin.py:137} INFO - [2025-10-20T18:05:44.749+0000] {taskmixin.py:205} WARNING - Dependency <Task(_PythonDecoratedOperator): prepare_email>, send_email already registered for DAG: example_dag_decorator
[2025-10-20T18:05:44.749+0000] {logging_mixin.py:137} INFO - [2025-10-20T18:05:44.749+0000] {taskmixin.py:205} WARNING - Dependency <Task(EmailOperator): send_email>, prepare_email already registered for DAG: example_dag_decorator
[2025-10-20T18:05:44.755+0000] {processor.py:753} INFO - DAG(s) dict_keys(['example_dag_decorator']) retrieved from /home/airflow/.local/lib/python3.7/site-packages/airflow/example_dags/example_dag_decorator.py
[2025-10-20T18:05:44.784+0000] {logging_mixin.py:137} INFO - [2025-10-20T18:05:44.784+0000] {dag.py:2690} INFO - Sync 1 DAGs
[2025-10-20T18:05:44.800+0000] {logging_mixin.py:137} INFO - [2025-10-20T18:05:44.800+0000] {dag.py:3441} INFO - Setting next_dagrun for example_dag_decorator to None, run_after=None
[2025-10-20T18:05:44.810+0000] {processor.py:175} INFO - Processing /home/airflow/.local/lib/python3.7/site-packages/airflow/example_dags/example_dag_decorator.py took 0.071 seconds
[2025-10-20T18:06:14.868+0000] {processor.py:153} INFO - Started process (PID=1118) to work on /home/airflow/.local/lib/python3.7/site-packages/airflow/example_dags/example_dag_decorator.py
[2025-10-20T18:06:14.868+0000] {processor.py:743} INFO - Processing file /home/airflow/.local/lib/python3.7/site-packages/airflow/example_dags/example_dag_decorator.py for tasks to queue
[2025-10-20T18:06:14.868+0000] {logging_mixin.py:137} INFO - [2025-10-20T18:06:14.868+0000] {dagbag.py:538} INFO - Filling up the DagBag from /home/airflow/.local/lib/python3.7/site-packages/airflow/example_dags/example_dag_decorator.py
[2025-10-20T18:06:14.874+0000] {logging_mixin.py:137} INFO - [2025-10-20T18:06:14.874+0000] {taskmixin.py:205} WARNING - Dependency <Task(_PythonDecoratedOperator): prepare_email>, send_email already registered for DAG: example_dag_decorator
[2025-10-20T18:06:14.874+0000] {logging_mixin.py:137} INFO - [2025-10-20T18:06:14.874+0000] {taskmixin.py:205} WARNING - Dependency <Task(EmailOperator): send_email>, prepare_email already registered for DAG: example_dag_decorator
[2025-10-20T18:06:14.879+0000] {processor.py:753} INFO - DAG(s) dict_keys(['example_dag_decorator']) retrieved from /home/airflow/.local/lib/python3.7/site-packages/airflow/example_dags/example_dag_decorator.py
[2025-10-20T18:06:14.903+0000] {logging_mixin.py:137} INFO - [2025-10-20T18:06:14.903+0000] {dag.py:2690} INFO - Sync 1 DAGs
[2025-10-20T18:06:14.911+0000] {logging_mixin.py:137} INFO - [2025-10-20T18:06:14.911+0000] {dag.py:3441} INFO - Setting next_dagrun for example_dag_decorator to None, run_after=None
[2025-10-20T18:06:14.920+0000] {processor.py:175} INFO - Processing /home/airflow/.local/lib/python3.7/site-packages/airflow/example_dags/example_dag_decorator.py took 0.054 seconds
[2025-10-20T18:06:45.214+0000] {processor.py:153} INFO - Started process (PID=1211) to work on /home/airflow/.local/lib/python3.7/site-packages/airflow/example_dags/example_dag_decorator.py
[2025-10-20T18:06:45.215+0000] {processor.py:743} INFO - Processing file /home/airflow/.local/lib/python3.7/site-packages/airflow/example_dags/example_dag_decorator.py for tasks to queue
[2025-10-20T18:06:45.215+0000] {logging_mixin.py:137} INFO - [2025-10-20T18:06:45.215+0000] {dagbag.py:538} INFO - Filling up the DagBag from /home/airflow/.local/lib/python3.7/site-packages/airflow/example_dags/example_dag_decorator.py
[2025-10-20T18:06:45.228+0000] {logging_mixin.py:137} INFO - [2025-10-20T18:06:45.228+0000] {taskmixin.py:205} WARNING - Dependency <Task(_PythonDecoratedOperator): prepare_email>, send_email already registered for DAG: example_dag_decorator
[2025-10-20T18:06:45.228+0000] {logging_mixin.py:137} INFO - [2025-10-20T18:06:45.228+0000] {taskmixin.py:205} WARNING - Dependency <Task(EmailOperator): send_email>, prepare_email already registered for DAG: example_dag_decorator
[2025-10-20T18:06:45.233+0000] {processor.py:753} INFO - DAG(s) dict_keys(['example_dag_decorator']) retrieved from /home/airflow/.local/lib/python3.7/site-packages/airflow/example_dags/example_dag_decorator.py
[2025-10-20T18:06:45.283+0000] {logging_mixin.py:137} INFO - [2025-10-20T18:06:45.283+0000] {dag.py:2690} INFO - Sync 1 DAGs
[2025-10-20T18:06:45.293+0000] {logging_mixin.py:137} INFO - [2025-10-20T18:06:45.293+0000] {dag.py:3441} INFO - Setting next_dagrun for example_dag_decorator to None, run_after=None
[2025-10-20T18:06:45.304+0000] {processor.py:175} INFO - Processing /home/airflow/.local/lib/python3.7/site-packages/airflow/example_dags/example_dag_decorator.py took 0.092 seconds
[2025-10-20T18:07:15.462+0000] {processor.py:153} INFO - Started process (PID=1304) to work on /home/airflow/.local/lib/python3.7/site-packages/airflow/example_dags/example_dag_decorator.py
[2025-10-20T18:07:15.462+0000] {processor.py:743} INFO - Processing file /home/airflow/.local/lib/python3.7/site-packages/airflow/example_dags/example_dag_decorator.py for tasks to queue
[2025-10-20T18:07:15.464+0000] {logging_mixin.py:137} INFO - [2025-10-20T18:07:15.464+0000] {dagbag.py:538} INFO - Filling up the DagBag from /home/airflow/.local/lib/python3.7/site-packages/airflow/example_dags/example_dag_decorator.py
[2025-10-20T18:07:15.470+0000] {logging_mixin.py:137} INFO - [2025-10-20T18:07:15.470+0000] {taskmixin.py:205} WARNING - Dependency <Task(_PythonDecoratedOperator): prepare_email>, send_email already registered for DAG: example_dag_decorator
[2025-10-20T18:07:15.470+0000] {logging_mixin.py:137} INFO - [2025-10-20T18:07:15.470+0000] {taskmixin.py:205} WARNING - Dependency <Task(EmailOperator): send_email>, prepare_email already registered for DAG: example_dag_decorator
[2025-10-20T18:07:15.475+0000] {processor.py:753} INFO - DAG(s) dict_keys(['example_dag_decorator']) retrieved from /home/airflow/.local/lib/python3.7/site-packages/airflow/example_dags/example_dag_decorator.py
[2025-10-20T18:07:15.500+0000] {logging_mixin.py:137} INFO - [2025-10-20T18:07:15.500+0000] {dag.py:2690} INFO - Sync 1 DAGs
[2025-10-20T18:07:15.508+0000] {logging_mixin.py:137} INFO - [2025-10-20T18:07:15.508+0000] {dag.py:3441} INFO - Setting next_dagrun for example_dag_decorator to None, run_after=None
[2025-10-20T18:07:15.516+0000] {processor.py:175} INFO - Processing /home/airflow/.local/lib/python3.7/site-packages/airflow/example_dags/example_dag_decorator.py took 0.056 seconds
[2025-10-20T18:07:45.630+0000] {processor.py:153} INFO - Started process (PID=1379) to work on /home/airflow/.local/lib/python3.7/site-packages/airflow/example_dags/example_dag_decorator.py
[2025-10-20T18:07:45.631+0000] {processor.py:743} INFO - Processing file /home/airflow/.local/lib/python3.7/site-packages/airflow/example_dags/example_dag_decorator.py for tasks to queue
[2025-10-20T18:07:45.631+0000] {logging_mixin.py:137} INFO - [2025-10-20T18:07:45.631+0000] {dagbag.py:538} INFO - Filling up the DagBag from /home/airflow/.local/lib/python3.7/site-packages/airflow/example_dags/example_dag_decorator.py
[2025-10-20T18:07:45.637+0000] {logging_mixin.py:137} INFO - [2025-10-20T18:07:45.637+0000] {taskmixin.py:205} WARNING - Dependency <Task(_PythonDecoratedOperator): prepare_email>, send_email already registered for DAG: example_dag_decorator
[2025-10-20T18:07:45.637+0000] {logging_mixin.py:137} INFO - [2025-10-20T18:07:45.637+0000] {taskmixin.py:205} WARNING - Dependency <Task(EmailOperator): send_email>, prepare_email already registered for DAG: example_dag_decorator
[2025-10-20T18:07:45.641+0000] {processor.py:753} INFO - DAG(s) dict_keys(['example_dag_decorator']) retrieved from /home/airflow/.local/lib/python3.7/site-packages/airflow/example_dags/example_dag_decorator.py
[2025-10-20T18:07:45.664+0000] {logging_mixin.py:137} INFO - [2025-10-20T18:07:45.664+0000] {dag.py:2690} INFO - Sync 1 DAGs
[2025-10-20T18:07:45.674+0000] {logging_mixin.py:137} INFO - [2025-10-20T18:07:45.674+0000] {dag.py:3441} INFO - Setting next_dagrun for example_dag_decorator to None, run_after=None
[2025-10-20T18:07:45.680+0000] {processor.py:175} INFO - Processing /home/airflow/.local/lib/python3.7/site-packages/airflow/example_dags/example_dag_decorator.py took 0.051 seconds
[2025-10-20T18:08:15.935+0000] {processor.py:153} INFO - Started process (PID=1473) to work on /home/airflow/.local/lib/python3.7/site-packages/airflow/example_dags/example_dag_decorator.py
[2025-10-20T18:08:15.936+0000] {processor.py:743} INFO - Processing file /home/airflow/.local/lib/python3.7/site-packages/airflow/example_dags/example_dag_decorator.py for tasks to queue
[2025-10-20T18:08:15.937+0000] {logging_mixin.py:137} INFO - [2025-10-20T18:08:15.937+0000] {dagbag.py:538} INFO - Filling up the DagBag from /home/airflow/.local/lib/python3.7/site-packages/airflow/example_dags/example_dag_decorator.py
[2025-10-20T18:08:15.944+0000] {logging_mixin.py:137} INFO - [2025-10-20T18:08:15.944+0000] {taskmixin.py:205} WARNING - Dependency <Task(_PythonDecoratedOperator): prepare_email>, send_email already registered for DAG: example_dag_decorator
[2025-10-20T18:08:15.944+0000] {logging_mixin.py:137} INFO - [2025-10-20T18:08:15.944+0000] {taskmixin.py:205} WARNING - Dependency <Task(EmailOperator): send_email>, prepare_email already registered for DAG: example_dag_decorator
[2025-10-20T18:08:15.949+0000] {processor.py:753} INFO - DAG(s) dict_keys(['example_dag_decorator']) retrieved from /home/airflow/.local/lib/python3.7/site-packages/airflow/example_dags/example_dag_decorator.py
[2025-10-20T18:08:15.973+0000] {logging_mixin.py:137} INFO - [2025-10-20T18:08:15.973+0000] {dag.py:2690} INFO - Sync 1 DAGs
[2025-10-20T18:08:15.981+0000] {logging_mixin.py:137} INFO - [2025-10-20T18:08:15.981+0000] {dag.py:3441} INFO - Setting next_dagrun for example_dag_decorator to None, run_after=None
[2025-10-20T18:08:15.990+0000] {processor.py:175} INFO - Processing /home/airflow/.local/lib/python3.7/site-packages/airflow/example_dags/example_dag_decorator.py took 0.057 seconds
[2025-10-20T18:08:46.220+0000] {processor.py:153} INFO - Started process (PID=1565) to work on /home/airflow/.local/lib/python3.7/site-packages/airflow/example_dags/example_dag_decorator.py
[2025-10-20T18:08:46.221+0000] {processor.py:743} INFO - Processing file /home/airflow/.local/lib/python3.7/site-packages/airflow/example_dags/example_dag_decorator.py for tasks to queue
[2025-10-20T18:08:46.222+0000] {logging_mixin.py:137} INFO - [2025-10-20T18:08:46.222+0000] {dagbag.py:538} INFO - Filling up the DagBag from /home/airflow/.local/lib/python3.7/site-packages/airflow/example_dags/example_dag_decorator.py
[2025-10-20T18:08:46.231+0000] {logging_mixin.py:137} INFO - [2025-10-20T18:08:46.231+0000] {taskmixin.py:205} WARNING - Dependency <Task(_PythonDecoratedOperator): prepare_email>, send_email already registered for DAG: example_dag_decorator
[2025-10-20T18:08:46.232+0000] {logging_mixin.py:137} INFO - [2025-10-20T18:08:46.231+0000] {taskmixin.py:205} WARNING - Dependency <Task(EmailOperator): send_email>, prepare_email already registered for DAG: example_dag_decorator
[2025-10-20T18:08:46.237+0000] {processor.py:753} INFO - DAG(s) dict_keys(['example_dag_decorator']) retrieved from /home/airflow/.local/lib/python3.7/site-packages/airflow/example_dags/example_dag_decorator.py
[2025-10-20T18:08:46.261+0000] {logging_mixin.py:137} INFO - [2025-10-20T18:08:46.261+0000] {dag.py:2690} INFO - Sync 1 DAGs
[2025-10-20T18:08:46.269+0000] {logging_mixin.py:137} INFO - [2025-10-20T18:08:46.269+0000] {dag.py:3441} INFO - Setting next_dagrun for example_dag_decorator to None, run_after=None
[2025-10-20T18:08:46.280+0000] {processor.py:175} INFO - Processing /home/airflow/.local/lib/python3.7/site-packages/airflow/example_dags/example_dag_decorator.py took 0.061 seconds
