[2025-10-20T18:00:11.350+0000] {processor.py:153} INFO - Started process (PID=59) to work on /home/airflow/.local/lib/python3.7/site-packages/airflow/example_dags/example_complex.py
[2025-10-20T18:00:11.351+0000] {processor.py:743} INFO - Processing file /home/airflow/.local/lib/python3.7/site-packages/airflow/example_dags/example_complex.py for tasks to queue
[2025-10-20T18:00:11.352+0000] {logging_mixin.py:137} INFO - [2025-10-20T18:00:11.352+0000] {dagbag.py:538} INFO - Filling up the DagBag from /home/airflow/.local/lib/python3.7/site-packages/airflow/example_dags/example_complex.py
[2025-10-20T18:00:11.361+0000] {logging_mixin.py:137} INFO - [2025-10-20T18:00:11.361+0000] {taskmixin.py:205} WARNING - Dependency <Task(BashOperator): create_entry_group>, delete_entry_group already registered for DAG: example_complex
[2025-10-20T18:00:11.362+0000] {logging_mixin.py:137} INFO - [2025-10-20T18:00:11.362+0000] {taskmixin.py:205} WARNING - Dependency <Task(BashOperator): delete_entry_group>, create_entry_group already registered for DAG: example_complex
[2025-10-20T18:00:11.362+0000] {logging_mixin.py:137} INFO - [2025-10-20T18:00:11.362+0000] {taskmixin.py:205} WARNING - Dependency <Task(BashOperator): create_entry_gcs>, delete_entry already registered for DAG: example_complex
[2025-10-20T18:00:11.362+0000] {logging_mixin.py:137} INFO - [2025-10-20T18:00:11.362+0000] {taskmixin.py:205} WARNING - Dependency <Task(BashOperator): delete_entry>, create_entry_gcs already registered for DAG: example_complex
[2025-10-20T18:00:11.363+0000] {logging_mixin.py:137} INFO - [2025-10-20T18:00:11.363+0000] {taskmixin.py:205} WARNING - Dependency <Task(BashOperator): create_tag>, delete_tag already registered for DAG: example_complex
[2025-10-20T18:00:11.363+0000] {logging_mixin.py:137} INFO - [2025-10-20T18:00:11.363+0000] {taskmixin.py:205} WARNING - Dependency <Task(BashOperator): delete_tag>, create_tag already registered for DAG: example_complex
[2025-10-20T18:00:11.372+0000] {processor.py:753} INFO - DAG(s) dict_keys(['example_complex']) retrieved from /home/airflow/.local/lib/python3.7/site-packages/airflow/example_dags/example_complex.py
[2025-10-20T18:00:11.381+0000] {logging_mixin.py:137} INFO - [2025-10-20T18:00:11.381+0000] {dag.py:2690} INFO - Sync 1 DAGs
[2025-10-20T18:00:11.398+0000] {logging_mixin.py:137} INFO - [2025-10-20T18:00:11.398+0000] {dag.py:3441} INFO - Setting next_dagrun for example_complex to None, run_after=None
[2025-10-20T18:00:11.408+0000] {processor.py:175} INFO - Processing /home/airflow/.local/lib/python3.7/site-packages/airflow/example_dags/example_complex.py took 0.062 seconds
[2025-10-20T18:00:41.759+0000] {processor.py:153} INFO - Started process (PID=152) to work on /home/airflow/.local/lib/python3.7/site-packages/airflow/example_dags/example_complex.py
[2025-10-20T18:00:41.759+0000] {processor.py:743} INFO - Processing file /home/airflow/.local/lib/python3.7/site-packages/airflow/example_dags/example_complex.py for tasks to queue
[2025-10-20T18:00:41.759+0000] {logging_mixin.py:137} INFO - [2025-10-20T18:00:41.759+0000] {dagbag.py:538} INFO - Filling up the DagBag from /home/airflow/.local/lib/python3.7/site-packages/airflow/example_dags/example_complex.py
[2025-10-20T18:00:41.765+0000] {logging_mixin.py:137} INFO - [2025-10-20T18:00:41.765+0000] {taskmixin.py:205} WARNING - Dependency <Task(BashOperator): create_entry_group>, delete_entry_group already registered for DAG: example_complex
[2025-10-20T18:00:41.765+0000] {logging_mixin.py:137} INFO - [2025-10-20T18:00:41.765+0000] {taskmixin.py:205} WARNING - Dependency <Task(BashOperator): delete_entry_group>, create_entry_group already registered for DAG: example_complex
[2025-10-20T18:00:41.765+0000] {logging_mixin.py:137} INFO - [2025-10-20T18:00:41.765+0000] {taskmixin.py:205} WARNING - Dependency <Task(BashOperator): create_entry_gcs>, delete_entry already registered for DAG: example_complex
[2025-10-20T18:00:41.766+0000] {logging_mixin.py:137} INFO - [2025-10-20T18:00:41.766+0000] {taskmixin.py:205} WARNING - Dependency <Task(BashOperator): delete_entry>, create_entry_gcs already registered for DAG: example_complex
[2025-10-20T18:00:41.766+0000] {logging_mixin.py:137} INFO - [2025-10-20T18:00:41.766+0000] {taskmixin.py:205} WARNING - Dependency <Task(BashOperator): create_tag>, delete_tag already registered for DAG: example_complex
[2025-10-20T18:00:41.766+0000] {logging_mixin.py:137} INFO - [2025-10-20T18:00:41.766+0000] {taskmixin.py:205} WARNING - Dependency <Task(BashOperator): delete_tag>, create_tag already registered for DAG: example_complex
[2025-10-20T18:00:41.769+0000] {processor.py:753} INFO - DAG(s) dict_keys(['example_complex']) retrieved from /home/airflow/.local/lib/python3.7/site-packages/airflow/example_dags/example_complex.py
[2025-10-20T18:00:41.781+0000] {logging_mixin.py:137} INFO - [2025-10-20T18:00:41.781+0000] {dag.py:2690} INFO - Sync 1 DAGs
[2025-10-20T18:00:41.790+0000] {logging_mixin.py:137} INFO - [2025-10-20T18:00:41.790+0000] {dag.py:3441} INFO - Setting next_dagrun for example_complex to None, run_after=None
[2025-10-20T18:00:41.796+0000] {processor.py:175} INFO - Processing /home/airflow/.local/lib/python3.7/site-packages/airflow/example_dags/example_complex.py took 0.039 seconds
[2025-10-20T18:01:12.209+0000] {processor.py:153} INFO - Started process (PID=245) to work on /home/airflow/.local/lib/python3.7/site-packages/airflow/example_dags/example_complex.py
[2025-10-20T18:01:12.213+0000] {processor.py:743} INFO - Processing file /home/airflow/.local/lib/python3.7/site-packages/airflow/example_dags/example_complex.py for tasks to queue
[2025-10-20T18:01:12.214+0000] {logging_mixin.py:137} INFO - [2025-10-20T18:01:12.214+0000] {dagbag.py:538} INFO - Filling up the DagBag from /home/airflow/.local/lib/python3.7/site-packages/airflow/example_dags/example_complex.py
[2025-10-20T18:01:12.228+0000] {logging_mixin.py:137} INFO - [2025-10-20T18:01:12.228+0000] {taskmixin.py:205} WARNING - Dependency <Task(BashOperator): create_entry_group>, delete_entry_group already registered for DAG: example_complex
[2025-10-20T18:01:12.233+0000] {logging_mixin.py:137} INFO - [2025-10-20T18:01:12.233+0000] {taskmixin.py:205} WARNING - Dependency <Task(BashOperator): delete_entry_group>, create_entry_group already registered for DAG: example_complex
[2025-10-20T18:01:12.234+0000] {logging_mixin.py:137} INFO - [2025-10-20T18:01:12.234+0000] {taskmixin.py:205} WARNING - Dependency <Task(BashOperator): create_entry_gcs>, delete_entry already registered for DAG: example_complex
[2025-10-20T18:01:12.234+0000] {logging_mixin.py:137} INFO - [2025-10-20T18:01:12.234+0000] {taskmixin.py:205} WARNING - Dependency <Task(BashOperator): delete_entry>, create_entry_gcs already registered for DAG: example_complex
[2025-10-20T18:01:12.235+0000] {logging_mixin.py:137} INFO - [2025-10-20T18:01:12.234+0000] {taskmixin.py:205} WARNING - Dependency <Task(BashOperator): create_tag>, delete_tag already registered for DAG: example_complex
[2025-10-20T18:01:12.235+0000] {logging_mixin.py:137} INFO - [2025-10-20T18:01:12.235+0000] {taskmixin.py:205} WARNING - Dependency <Task(BashOperator): delete_tag>, create_tag already registered for DAG: example_complex
[2025-10-20T18:01:12.240+0000] {processor.py:753} INFO - DAG(s) dict_keys(['example_complex']) retrieved from /home/airflow/.local/lib/python3.7/site-packages/airflow/example_dags/example_complex.py
[2025-10-20T18:01:12.255+0000] {logging_mixin.py:137} INFO - [2025-10-20T18:01:12.255+0000] {dag.py:2690} INFO - Sync 1 DAGs
[2025-10-20T18:01:12.267+0000] {logging_mixin.py:137} INFO - [2025-10-20T18:01:12.267+0000] {dag.py:3441} INFO - Setting next_dagrun for example_complex to None, run_after=None
[2025-10-20T18:01:12.274+0000] {processor.py:175} INFO - Processing /home/airflow/.local/lib/python3.7/site-packages/airflow/example_dags/example_complex.py took 0.067 seconds
[2025-10-20T18:01:42.581+0000] {processor.py:153} INFO - Started process (PID=320) to work on /home/airflow/.local/lib/python3.7/site-packages/airflow/example_dags/example_complex.py
[2025-10-20T18:01:42.581+0000] {processor.py:743} INFO - Processing file /home/airflow/.local/lib/python3.7/site-packages/airflow/example_dags/example_complex.py for tasks to queue
[2025-10-20T18:01:42.581+0000] {logging_mixin.py:137} INFO - [2025-10-20T18:01:42.581+0000] {dagbag.py:538} INFO - Filling up the DagBag from /home/airflow/.local/lib/python3.7/site-packages/airflow/example_dags/example_complex.py
[2025-10-20T18:01:42.585+0000] {logging_mixin.py:137} INFO - [2025-10-20T18:01:42.585+0000] {taskmixin.py:205} WARNING - Dependency <Task(BashOperator): create_entry_group>, delete_entry_group already registered for DAG: example_complex
[2025-10-20T18:01:42.586+0000] {logging_mixin.py:137} INFO - [2025-10-20T18:01:42.586+0000] {taskmixin.py:205} WARNING - Dependency <Task(BashOperator): delete_entry_group>, create_entry_group already registered for DAG: example_complex
[2025-10-20T18:01:42.586+0000] {logging_mixin.py:137} INFO - [2025-10-20T18:01:42.586+0000] {taskmixin.py:205} WARNING - Dependency <Task(BashOperator): create_entry_gcs>, delete_entry already registered for DAG: example_complex
[2025-10-20T18:01:42.586+0000] {logging_mixin.py:137} INFO - [2025-10-20T18:01:42.586+0000] {taskmixin.py:205} WARNING - Dependency <Task(BashOperator): delete_entry>, create_entry_gcs already registered for DAG: example_complex
[2025-10-20T18:01:42.586+0000] {logging_mixin.py:137} INFO - [2025-10-20T18:01:42.586+0000] {taskmixin.py:205} WARNING - Dependency <Task(BashOperator): create_tag>, delete_tag already registered for DAG: example_complex
[2025-10-20T18:01:42.587+0000] {logging_mixin.py:137} INFO - [2025-10-20T18:01:42.587+0000] {taskmixin.py:205} WARNING - Dependency <Task(BashOperator): delete_tag>, create_tag already registered for DAG: example_complex
[2025-10-20T18:01:42.590+0000] {processor.py:753} INFO - DAG(s) dict_keys(['example_complex']) retrieved from /home/airflow/.local/lib/python3.7/site-packages/airflow/example_dags/example_complex.py
[2025-10-20T18:01:42.603+0000] {logging_mixin.py:137} INFO - [2025-10-20T18:01:42.603+0000] {dag.py:2690} INFO - Sync 1 DAGs
[2025-10-20T18:01:42.612+0000] {logging_mixin.py:137} INFO - [2025-10-20T18:01:42.612+0000] {dag.py:3441} INFO - Setting next_dagrun for example_complex to None, run_after=None
[2025-10-20T18:01:42.618+0000] {processor.py:175} INFO - Processing /home/airflow/.local/lib/python3.7/site-packages/airflow/example_dags/example_complex.py took 0.039 seconds
[2025-10-20T18:02:12.804+0000] {processor.py:153} INFO - Started process (PID=413) to work on /home/airflow/.local/lib/python3.7/site-packages/airflow/example_dags/example_complex.py
[2025-10-20T18:02:12.804+0000] {processor.py:743} INFO - Processing file /home/airflow/.local/lib/python3.7/site-packages/airflow/example_dags/example_complex.py for tasks to queue
[2025-10-20T18:02:12.804+0000] {logging_mixin.py:137} INFO - [2025-10-20T18:02:12.804+0000] {dagbag.py:538} INFO - Filling up the DagBag from /home/airflow/.local/lib/python3.7/site-packages/airflow/example_dags/example_complex.py
[2025-10-20T18:02:12.811+0000] {logging_mixin.py:137} INFO - [2025-10-20T18:02:12.810+0000] {taskmixin.py:205} WARNING - Dependency <Task(BashOperator): create_entry_group>, delete_entry_group already registered for DAG: example_complex
[2025-10-20T18:02:12.811+0000] {logging_mixin.py:137} INFO - [2025-10-20T18:02:12.811+0000] {taskmixin.py:205} WARNING - Dependency <Task(BashOperator): delete_entry_group>, create_entry_group already registered for DAG: example_complex
[2025-10-20T18:02:12.811+0000] {logging_mixin.py:137} INFO - [2025-10-20T18:02:12.811+0000] {taskmixin.py:205} WARNING - Dependency <Task(BashOperator): create_entry_gcs>, delete_entry already registered for DAG: example_complex
[2025-10-20T18:02:12.811+0000] {logging_mixin.py:137} INFO - [2025-10-20T18:02:12.811+0000] {taskmixin.py:205} WARNING - Dependency <Task(BashOperator): delete_entry>, create_entry_gcs already registered for DAG: example_complex
[2025-10-20T18:02:12.811+0000] {logging_mixin.py:137} INFO - [2025-10-20T18:02:12.811+0000] {taskmixin.py:205} WARNING - Dependency <Task(BashOperator): create_tag>, delete_tag already registered for DAG: example_complex
[2025-10-20T18:02:12.812+0000] {logging_mixin.py:137} INFO - [2025-10-20T18:02:12.811+0000] {taskmixin.py:205} WARNING - Dependency <Task(BashOperator): delete_tag>, create_tag already registered for DAG: example_complex
[2025-10-20T18:02:12.815+0000] {processor.py:753} INFO - DAG(s) dict_keys(['example_complex']) retrieved from /home/airflow/.local/lib/python3.7/site-packages/airflow/example_dags/example_complex.py
[2025-10-20T18:02:12.826+0000] {logging_mixin.py:137} INFO - [2025-10-20T18:02:12.826+0000] {dag.py:2690} INFO - Sync 1 DAGs
[2025-10-20T18:02:12.835+0000] {logging_mixin.py:137} INFO - [2025-10-20T18:02:12.835+0000] {dag.py:3441} INFO - Setting next_dagrun for example_complex to None, run_after=None
[2025-10-20T18:02:12.841+0000] {processor.py:175} INFO - Processing /home/airflow/.local/lib/python3.7/site-packages/airflow/example_dags/example_complex.py took 0.039 seconds
[2025-10-20T18:02:42.927+0000] {processor.py:153} INFO - Started process (PID=506) to work on /home/airflow/.local/lib/python3.7/site-packages/airflow/example_dags/example_complex.py
[2025-10-20T18:02:42.927+0000] {processor.py:743} INFO - Processing file /home/airflow/.local/lib/python3.7/site-packages/airflow/example_dags/example_complex.py for tasks to queue
[2025-10-20T18:02:42.928+0000] {logging_mixin.py:137} INFO - [2025-10-20T18:02:42.928+0000] {dagbag.py:538} INFO - Filling up the DagBag from /home/airflow/.local/lib/python3.7/site-packages/airflow/example_dags/example_complex.py
[2025-10-20T18:02:42.932+0000] {logging_mixin.py:137} INFO - [2025-10-20T18:02:42.932+0000] {taskmixin.py:205} WARNING - Dependency <Task(BashOperator): create_entry_group>, delete_entry_group already registered for DAG: example_complex
[2025-10-20T18:02:42.932+0000] {logging_mixin.py:137} INFO - [2025-10-20T18:02:42.932+0000] {taskmixin.py:205} WARNING - Dependency <Task(BashOperator): delete_entry_group>, create_entry_group already registered for DAG: example_complex
[2025-10-20T18:02:42.933+0000] {logging_mixin.py:137} INFO - [2025-10-20T18:02:42.932+0000] {taskmixin.py:205} WARNING - Dependency <Task(BashOperator): create_entry_gcs>, delete_entry already registered for DAG: example_complex
[2025-10-20T18:02:42.933+0000] {logging_mixin.py:137} INFO - [2025-10-20T18:02:42.933+0000] {taskmixin.py:205} WARNING - Dependency <Task(BashOperator): delete_entry>, create_entry_gcs already registered for DAG: example_complex
[2025-10-20T18:02:42.933+0000] {logging_mixin.py:137} INFO - [2025-10-20T18:02:42.933+0000] {taskmixin.py:205} WARNING - Dependency <Task(BashOperator): create_tag>, delete_tag already registered for DAG: example_complex
[2025-10-20T18:02:42.933+0000] {logging_mixin.py:137} INFO - [2025-10-20T18:02:42.933+0000] {taskmixin.py:205} WARNING - Dependency <Task(BashOperator): delete_tag>, create_tag already registered for DAG: example_complex
[2025-10-20T18:02:42.936+0000] {processor.py:753} INFO - DAG(s) dict_keys(['example_complex']) retrieved from /home/airflow/.local/lib/python3.7/site-packages/airflow/example_dags/example_complex.py
[2025-10-20T18:02:42.949+0000] {logging_mixin.py:137} INFO - [2025-10-20T18:02:42.949+0000] {dag.py:2690} INFO - Sync 1 DAGs
[2025-10-20T18:02:42.957+0000] {logging_mixin.py:137} INFO - [2025-10-20T18:02:42.957+0000] {dag.py:3441} INFO - Setting next_dagrun for example_complex to None, run_after=None
[2025-10-20T18:02:42.964+0000] {processor.py:175} INFO - Processing /home/airflow/.local/lib/python3.7/site-packages/airflow/example_dags/example_complex.py took 0.038 seconds
[2025-10-20T18:03:13.300+0000] {processor.py:153} INFO - Started process (PID=598) to work on /home/airflow/.local/lib/python3.7/site-packages/airflow/example_dags/example_complex.py
[2025-10-20T18:03:13.300+0000] {processor.py:743} INFO - Processing file /home/airflow/.local/lib/python3.7/site-packages/airflow/example_dags/example_complex.py for tasks to queue
[2025-10-20T18:03:13.301+0000] {logging_mixin.py:137} INFO - [2025-10-20T18:03:13.301+0000] {dagbag.py:538} INFO - Filling up the DagBag from /home/airflow/.local/lib/python3.7/site-packages/airflow/example_dags/example_complex.py
[2025-10-20T18:03:13.305+0000] {logging_mixin.py:137} INFO - [2025-10-20T18:03:13.305+0000] {taskmixin.py:205} WARNING - Dependency <Task(BashOperator): create_entry_group>, delete_entry_group already registered for DAG: example_complex
[2025-10-20T18:03:13.305+0000] {logging_mixin.py:137} INFO - [2025-10-20T18:03:13.305+0000] {taskmixin.py:205} WARNING - Dependency <Task(BashOperator): delete_entry_group>, create_entry_group already registered for DAG: example_complex
[2025-10-20T18:03:13.305+0000] {logging_mixin.py:137} INFO - [2025-10-20T18:03:13.305+0000] {taskmixin.py:205} WARNING - Dependency <Task(BashOperator): create_entry_gcs>, delete_entry already registered for DAG: example_complex
[2025-10-20T18:03:13.305+0000] {logging_mixin.py:137} INFO - [2025-10-20T18:03:13.305+0000] {taskmixin.py:205} WARNING - Dependency <Task(BashOperator): delete_entry>, create_entry_gcs already registered for DAG: example_complex
[2025-10-20T18:03:13.305+0000] {logging_mixin.py:137} INFO - [2025-10-20T18:03:13.305+0000] {taskmixin.py:205} WARNING - Dependency <Task(BashOperator): create_tag>, delete_tag already registered for DAG: example_complex
[2025-10-20T18:03:13.305+0000] {logging_mixin.py:137} INFO - [2025-10-20T18:03:13.305+0000] {taskmixin.py:205} WARNING - Dependency <Task(BashOperator): delete_tag>, create_tag already registered for DAG: example_complex
[2025-10-20T18:03:13.308+0000] {processor.py:753} INFO - DAG(s) dict_keys(['example_complex']) retrieved from /home/airflow/.local/lib/python3.7/site-packages/airflow/example_dags/example_complex.py
[2025-10-20T18:03:13.320+0000] {logging_mixin.py:137} INFO - [2025-10-20T18:03:13.320+0000] {dag.py:2690} INFO - Sync 1 DAGs
[2025-10-20T18:03:13.329+0000] {logging_mixin.py:137} INFO - [2025-10-20T18:03:13.329+0000] {dag.py:3441} INFO - Setting next_dagrun for example_complex to None, run_after=None
[2025-10-20T18:03:13.335+0000] {processor.py:175} INFO - Processing /home/airflow/.local/lib/python3.7/site-packages/airflow/example_dags/example_complex.py took 0.037 seconds
[2025-10-20T18:03:43.515+0000] {processor.py:153} INFO - Started process (PID=673) to work on /home/airflow/.local/lib/python3.7/site-packages/airflow/example_dags/example_complex.py
[2025-10-20T18:03:43.516+0000] {processor.py:743} INFO - Processing file /home/airflow/.local/lib/python3.7/site-packages/airflow/example_dags/example_complex.py for tasks to queue
[2025-10-20T18:03:43.516+0000] {logging_mixin.py:137} INFO - [2025-10-20T18:03:43.516+0000] {dagbag.py:538} INFO - Filling up the DagBag from /home/airflow/.local/lib/python3.7/site-packages/airflow/example_dags/example_complex.py
[2025-10-20T18:03:43.520+0000] {logging_mixin.py:137} INFO - [2025-10-20T18:03:43.520+0000] {taskmixin.py:205} WARNING - Dependency <Task(BashOperator): create_entry_group>, delete_entry_group already registered for DAG: example_complex
[2025-10-20T18:03:43.520+0000] {logging_mixin.py:137} INFO - [2025-10-20T18:03:43.520+0000] {taskmixin.py:205} WARNING - Dependency <Task(BashOperator): delete_entry_group>, create_entry_group already registered for DAG: example_complex
[2025-10-20T18:03:43.521+0000] {logging_mixin.py:137} INFO - [2025-10-20T18:03:43.521+0000] {taskmixin.py:205} WARNING - Dependency <Task(BashOperator): create_entry_gcs>, delete_entry already registered for DAG: example_complex
[2025-10-20T18:03:43.521+0000] {logging_mixin.py:137} INFO - [2025-10-20T18:03:43.521+0000] {taskmixin.py:205} WARNING - Dependency <Task(BashOperator): delete_entry>, create_entry_gcs already registered for DAG: example_complex
[2025-10-20T18:03:43.521+0000] {logging_mixin.py:137} INFO - [2025-10-20T18:03:43.521+0000] {taskmixin.py:205} WARNING - Dependency <Task(BashOperator): create_tag>, delete_tag already registered for DAG: example_complex
[2025-10-20T18:03:43.521+0000] {logging_mixin.py:137} INFO - [2025-10-20T18:03:43.521+0000] {taskmixin.py:205} WARNING - Dependency <Task(BashOperator): delete_tag>, create_tag already registered for DAG: example_complex
[2025-10-20T18:03:43.524+0000] {processor.py:753} INFO - DAG(s) dict_keys(['example_complex']) retrieved from /home/airflow/.local/lib/python3.7/site-packages/airflow/example_dags/example_complex.py
[2025-10-20T18:03:43.535+0000] {logging_mixin.py:137} INFO - [2025-10-20T18:03:43.535+0000] {dag.py:2690} INFO - Sync 1 DAGs
[2025-10-20T18:03:43.544+0000] {logging_mixin.py:137} INFO - [2025-10-20T18:03:43.544+0000] {dag.py:3441} INFO - Setting next_dagrun for example_complex to None, run_after=None
[2025-10-20T18:03:43.550+0000] {processor.py:175} INFO - Processing /home/airflow/.local/lib/python3.7/site-packages/airflow/example_dags/example_complex.py took 0.037 seconds
[2025-10-20T18:04:13.748+0000] {processor.py:153} INFO - Started process (PID=766) to work on /home/airflow/.local/lib/python3.7/site-packages/airflow/example_dags/example_complex.py
[2025-10-20T18:04:13.748+0000] {processor.py:743} INFO - Processing file /home/airflow/.local/lib/python3.7/site-packages/airflow/example_dags/example_complex.py for tasks to queue
[2025-10-20T18:04:13.749+0000] {logging_mixin.py:137} INFO - [2025-10-20T18:04:13.749+0000] {dagbag.py:538} INFO - Filling up the DagBag from /home/airflow/.local/lib/python3.7/site-packages/airflow/example_dags/example_complex.py
[2025-10-20T18:04:13.753+0000] {logging_mixin.py:137} INFO - [2025-10-20T18:04:13.753+0000] {taskmixin.py:205} WARNING - Dependency <Task(BashOperator): create_entry_group>, delete_entry_group already registered for DAG: example_complex
[2025-10-20T18:04:13.754+0000] {logging_mixin.py:137} INFO - [2025-10-20T18:04:13.754+0000] {taskmixin.py:205} WARNING - Dependency <Task(BashOperator): delete_entry_group>, create_entry_group already registered for DAG: example_complex
[2025-10-20T18:04:13.754+0000] {logging_mixin.py:137} INFO - [2025-10-20T18:04:13.754+0000] {taskmixin.py:205} WARNING - Dependency <Task(BashOperator): create_entry_gcs>, delete_entry already registered for DAG: example_complex
[2025-10-20T18:04:13.754+0000] {logging_mixin.py:137} INFO - [2025-10-20T18:04:13.754+0000] {taskmixin.py:205} WARNING - Dependency <Task(BashOperator): delete_entry>, create_entry_gcs already registered for DAG: example_complex
[2025-10-20T18:04:13.755+0000] {logging_mixin.py:137} INFO - [2025-10-20T18:04:13.755+0000] {taskmixin.py:205} WARNING - Dependency <Task(BashOperator): create_tag>, delete_tag already registered for DAG: example_complex
[2025-10-20T18:04:13.755+0000] {logging_mixin.py:137} INFO - [2025-10-20T18:04:13.755+0000] {taskmixin.py:205} WARNING - Dependency <Task(BashOperator): delete_tag>, create_tag already registered for DAG: example_complex
[2025-10-20T18:04:13.757+0000] {processor.py:753} INFO - DAG(s) dict_keys(['example_complex']) retrieved from /home/airflow/.local/lib/python3.7/site-packages/airflow/example_dags/example_complex.py
[2025-10-20T18:04:13.768+0000] {logging_mixin.py:137} INFO - [2025-10-20T18:04:13.768+0000] {dag.py:2690} INFO - Sync 1 DAGs
[2025-10-20T18:04:13.778+0000] {logging_mixin.py:137} INFO - [2025-10-20T18:04:13.778+0000] {dag.py:3441} INFO - Setting next_dagrun for example_complex to None, run_after=None
[2025-10-20T18:04:13.784+0000] {processor.py:175} INFO - Processing /home/airflow/.local/lib/python3.7/site-packages/airflow/example_dags/example_complex.py took 0.037 seconds
[2025-10-20T18:04:44.021+0000] {processor.py:153} INFO - Started process (PID=859) to work on /home/airflow/.local/lib/python3.7/site-packages/airflow/example_dags/example_complex.py
[2025-10-20T18:04:44.022+0000] {processor.py:743} INFO - Processing file /home/airflow/.local/lib/python3.7/site-packages/airflow/example_dags/example_complex.py for tasks to queue
[2025-10-20T18:04:44.022+0000] {logging_mixin.py:137} INFO - [2025-10-20T18:04:44.022+0000] {dagbag.py:538} INFO - Filling up the DagBag from /home/airflow/.local/lib/python3.7/site-packages/airflow/example_dags/example_complex.py
[2025-10-20T18:04:44.027+0000] {logging_mixin.py:137} INFO - [2025-10-20T18:04:44.027+0000] {taskmixin.py:205} WARNING - Dependency <Task(BashOperator): create_entry_group>, delete_entry_group already registered for DAG: example_complex
[2025-10-20T18:04:44.027+0000] {logging_mixin.py:137} INFO - [2025-10-20T18:04:44.027+0000] {taskmixin.py:205} WARNING - Dependency <Task(BashOperator): delete_entry_group>, create_entry_group already registered for DAG: example_complex
[2025-10-20T18:04:44.027+0000] {logging_mixin.py:137} INFO - [2025-10-20T18:04:44.027+0000] {taskmixin.py:205} WARNING - Dependency <Task(BashOperator): create_entry_gcs>, delete_entry already registered for DAG: example_complex
[2025-10-20T18:04:44.027+0000] {logging_mixin.py:137} INFO - [2025-10-20T18:04:44.027+0000] {taskmixin.py:205} WARNING - Dependency <Task(BashOperator): delete_entry>, create_entry_gcs already registered for DAG: example_complex
[2025-10-20T18:04:44.027+0000] {logging_mixin.py:137} INFO - [2025-10-20T18:04:44.027+0000] {taskmixin.py:205} WARNING - Dependency <Task(BashOperator): create_tag>, delete_tag already registered for DAG: example_complex
[2025-10-20T18:04:44.027+0000] {logging_mixin.py:137} INFO - [2025-10-20T18:04:44.027+0000] {taskmixin.py:205} WARNING - Dependency <Task(BashOperator): delete_tag>, create_tag already registered for DAG: example_complex
[2025-10-20T18:04:44.030+0000] {processor.py:753} INFO - DAG(s) dict_keys(['example_complex']) retrieved from /home/airflow/.local/lib/python3.7/site-packages/airflow/example_dags/example_complex.py
[2025-10-20T18:04:44.041+0000] {logging_mixin.py:137} INFO - [2025-10-20T18:04:44.041+0000] {dag.py:2690} INFO - Sync 1 DAGs
[2025-10-20T18:04:44.050+0000] {logging_mixin.py:137} INFO - [2025-10-20T18:04:44.050+0000] {dag.py:3441} INFO - Setting next_dagrun for example_complex to None, run_after=None
[2025-10-20T18:04:44.056+0000] {processor.py:175} INFO - Processing /home/airflow/.local/lib/python3.7/site-packages/airflow/example_dags/example_complex.py took 0.036 seconds
[2025-10-20T18:05:14.229+0000] {processor.py:153} INFO - Started process (PID=952) to work on /home/airflow/.local/lib/python3.7/site-packages/airflow/example_dags/example_complex.py
[2025-10-20T18:05:14.230+0000] {processor.py:743} INFO - Processing file /home/airflow/.local/lib/python3.7/site-packages/airflow/example_dags/example_complex.py for tasks to queue
[2025-10-20T18:05:14.230+0000] {logging_mixin.py:137} INFO - [2025-10-20T18:05:14.230+0000] {dagbag.py:538} INFO - Filling up the DagBag from /home/airflow/.local/lib/python3.7/site-packages/airflow/example_dags/example_complex.py
[2025-10-20T18:05:14.235+0000] {logging_mixin.py:137} INFO - [2025-10-20T18:05:14.235+0000] {taskmixin.py:205} WARNING - Dependency <Task(BashOperator): create_entry_group>, delete_entry_group already registered for DAG: example_complex
[2025-10-20T18:05:14.235+0000] {logging_mixin.py:137} INFO - [2025-10-20T18:05:14.235+0000] {taskmixin.py:205} WARNING - Dependency <Task(BashOperator): delete_entry_group>, create_entry_group already registered for DAG: example_complex
[2025-10-20T18:05:14.235+0000] {logging_mixin.py:137} INFO - [2025-10-20T18:05:14.235+0000] {taskmixin.py:205} WARNING - Dependency <Task(BashOperator): create_entry_gcs>, delete_entry already registered for DAG: example_complex
[2025-10-20T18:05:14.235+0000] {logging_mixin.py:137} INFO - [2025-10-20T18:05:14.235+0000] {taskmixin.py:205} WARNING - Dependency <Task(BashOperator): delete_entry>, create_entry_gcs already registered for DAG: example_complex
[2025-10-20T18:05:14.235+0000] {logging_mixin.py:137} INFO - [2025-10-20T18:05:14.235+0000] {taskmixin.py:205} WARNING - Dependency <Task(BashOperator): create_tag>, delete_tag already registered for DAG: example_complex
[2025-10-20T18:05:14.238+0000] {logging_mixin.py:137} INFO - [2025-10-20T18:05:14.238+0000] {taskmixin.py:205} WARNING - Dependency <Task(BashOperator): delete_tag>, create_tag already registered for DAG: example_complex
[2025-10-20T18:05:14.240+0000] {processor.py:753} INFO - DAG(s) dict_keys(['example_complex']) retrieved from /home/airflow/.local/lib/python3.7/site-packages/airflow/example_dags/example_complex.py
[2025-10-20T18:05:14.253+0000] {logging_mixin.py:137} INFO - [2025-10-20T18:05:14.253+0000] {dag.py:2690} INFO - Sync 1 DAGs
[2025-10-20T18:05:14.263+0000] {logging_mixin.py:137} INFO - [2025-10-20T18:05:14.263+0000] {dag.py:3441} INFO - Setting next_dagrun for example_complex to None, run_after=None
[2025-10-20T18:05:14.269+0000] {processor.py:175} INFO - Processing /home/airflow/.local/lib/python3.7/site-packages/airflow/example_dags/example_complex.py took 0.042 seconds
[2025-10-20T18:05:44.797+0000] {processor.py:153} INFO - Started process (PID=1027) to work on /home/airflow/.local/lib/python3.7/site-packages/airflow/example_dags/example_complex.py
[2025-10-20T18:05:44.798+0000] {processor.py:743} INFO - Processing file /home/airflow/.local/lib/python3.7/site-packages/airflow/example_dags/example_complex.py for tasks to queue
[2025-10-20T18:05:44.800+0000] {logging_mixin.py:137} INFO - [2025-10-20T18:05:44.800+0000] {dagbag.py:538} INFO - Filling up the DagBag from /home/airflow/.local/lib/python3.7/site-packages/airflow/example_dags/example_complex.py
[2025-10-20T18:05:44.806+0000] {logging_mixin.py:137} INFO - [2025-10-20T18:05:44.806+0000] {taskmixin.py:205} WARNING - Dependency <Task(BashOperator): create_entry_group>, delete_entry_group already registered for DAG: example_complex
[2025-10-20T18:05:44.806+0000] {logging_mixin.py:137} INFO - [2025-10-20T18:05:44.806+0000] {taskmixin.py:205} WARNING - Dependency <Task(BashOperator): delete_entry_group>, create_entry_group already registered for DAG: example_complex
[2025-10-20T18:05:44.806+0000] {logging_mixin.py:137} INFO - [2025-10-20T18:05:44.806+0000] {taskmixin.py:205} WARNING - Dependency <Task(BashOperator): create_entry_gcs>, delete_entry already registered for DAG: example_complex
[2025-10-20T18:05:44.806+0000] {logging_mixin.py:137} INFO - [2025-10-20T18:05:44.806+0000] {taskmixin.py:205} WARNING - Dependency <Task(BashOperator): delete_entry>, create_entry_gcs already registered for DAG: example_complex
[2025-10-20T18:05:44.806+0000] {logging_mixin.py:137} INFO - [2025-10-20T18:05:44.806+0000] {taskmixin.py:205} WARNING - Dependency <Task(BashOperator): create_tag>, delete_tag already registered for DAG: example_complex
[2025-10-20T18:05:44.806+0000] {logging_mixin.py:137} INFO - [2025-10-20T18:05:44.806+0000] {taskmixin.py:205} WARNING - Dependency <Task(BashOperator): delete_tag>, create_tag already registered for DAG: example_complex
[2025-10-20T18:05:44.810+0000] {processor.py:753} INFO - DAG(s) dict_keys(['example_complex']) retrieved from /home/airflow/.local/lib/python3.7/site-packages/airflow/example_dags/example_complex.py
[2025-10-20T18:05:44.825+0000] {logging_mixin.py:137} INFO - [2025-10-20T18:05:44.825+0000] {dag.py:2690} INFO - Sync 1 DAGs
[2025-10-20T18:05:44.837+0000] {logging_mixin.py:137} INFO - [2025-10-20T18:05:44.836+0000] {dag.py:3441} INFO - Setting next_dagrun for example_complex to None, run_after=None
[2025-10-20T18:05:44.849+0000] {processor.py:175} INFO - Processing /home/airflow/.local/lib/python3.7/site-packages/airflow/example_dags/example_complex.py took 0.054 seconds
[2025-10-20T18:06:14.929+0000] {processor.py:153} INFO - Started process (PID=1120) to work on /home/airflow/.local/lib/python3.7/site-packages/airflow/example_dags/example_complex.py
[2025-10-20T18:06:14.929+0000] {processor.py:743} INFO - Processing file /home/airflow/.local/lib/python3.7/site-packages/airflow/example_dags/example_complex.py for tasks to queue
[2025-10-20T18:06:14.929+0000] {logging_mixin.py:137} INFO - [2025-10-20T18:06:14.929+0000] {dagbag.py:538} INFO - Filling up the DagBag from /home/airflow/.local/lib/python3.7/site-packages/airflow/example_dags/example_complex.py
[2025-10-20T18:06:14.934+0000] {logging_mixin.py:137} INFO - [2025-10-20T18:06:14.933+0000] {taskmixin.py:205} WARNING - Dependency <Task(BashOperator): create_entry_group>, delete_entry_group already registered for DAG: example_complex
[2025-10-20T18:06:14.934+0000] {logging_mixin.py:137} INFO - [2025-10-20T18:06:14.934+0000] {taskmixin.py:205} WARNING - Dependency <Task(BashOperator): delete_entry_group>, create_entry_group already registered for DAG: example_complex
[2025-10-20T18:06:14.934+0000] {logging_mixin.py:137} INFO - [2025-10-20T18:06:14.934+0000] {taskmixin.py:205} WARNING - Dependency <Task(BashOperator): create_entry_gcs>, delete_entry already registered for DAG: example_complex
[2025-10-20T18:06:14.934+0000] {logging_mixin.py:137} INFO - [2025-10-20T18:06:14.934+0000] {taskmixin.py:205} WARNING - Dependency <Task(BashOperator): delete_entry>, create_entry_gcs already registered for DAG: example_complex
[2025-10-20T18:06:14.934+0000] {logging_mixin.py:137} INFO - [2025-10-20T18:06:14.934+0000] {taskmixin.py:205} WARNING - Dependency <Task(BashOperator): create_tag>, delete_tag already registered for DAG: example_complex
[2025-10-20T18:06:14.934+0000] {logging_mixin.py:137} INFO - [2025-10-20T18:06:14.934+0000] {taskmixin.py:205} WARNING - Dependency <Task(BashOperator): delete_tag>, create_tag already registered for DAG: example_complex
[2025-10-20T18:06:14.937+0000] {processor.py:753} INFO - DAG(s) dict_keys(['example_complex']) retrieved from /home/airflow/.local/lib/python3.7/site-packages/airflow/example_dags/example_complex.py
[2025-10-20T18:06:14.949+0000] {logging_mixin.py:137} INFO - [2025-10-20T18:06:14.949+0000] {dag.py:2690} INFO - Sync 1 DAGs
[2025-10-20T18:06:14.958+0000] {logging_mixin.py:137} INFO - [2025-10-20T18:06:14.958+0000] {dag.py:3441} INFO - Setting next_dagrun for example_complex to None, run_after=None
[2025-10-20T18:06:14.964+0000] {processor.py:175} INFO - Processing /home/airflow/.local/lib/python3.7/site-packages/airflow/example_dags/example_complex.py took 0.037 seconds
[2025-10-20T18:06:45.303+0000] {processor.py:153} INFO - Started process (PID=1213) to work on /home/airflow/.local/lib/python3.7/site-packages/airflow/example_dags/example_complex.py
[2025-10-20T18:06:45.303+0000] {processor.py:743} INFO - Processing file /home/airflow/.local/lib/python3.7/site-packages/airflow/example_dags/example_complex.py for tasks to queue
[2025-10-20T18:06:45.303+0000] {logging_mixin.py:137} INFO - [2025-10-20T18:06:45.303+0000] {dagbag.py:538} INFO - Filling up the DagBag from /home/airflow/.local/lib/python3.7/site-packages/airflow/example_dags/example_complex.py
[2025-10-20T18:06:45.309+0000] {logging_mixin.py:137} INFO - [2025-10-20T18:06:45.309+0000] {taskmixin.py:205} WARNING - Dependency <Task(BashOperator): create_entry_group>, delete_entry_group already registered for DAG: example_complex
[2025-10-20T18:06:45.310+0000] {logging_mixin.py:137} INFO - [2025-10-20T18:06:45.310+0000] {taskmixin.py:205} WARNING - Dependency <Task(BashOperator): delete_entry_group>, create_entry_group already registered for DAG: example_complex
[2025-10-20T18:06:45.311+0000] {logging_mixin.py:137} INFO - [2025-10-20T18:06:45.311+0000] {taskmixin.py:205} WARNING - Dependency <Task(BashOperator): create_entry_gcs>, delete_entry already registered for DAG: example_complex
[2025-10-20T18:06:45.311+0000] {logging_mixin.py:137} INFO - [2025-10-20T18:06:45.311+0000] {taskmixin.py:205} WARNING - Dependency <Task(BashOperator): delete_entry>, create_entry_gcs already registered for DAG: example_complex
[2025-10-20T18:06:45.311+0000] {logging_mixin.py:137} INFO - [2025-10-20T18:06:45.311+0000] {taskmixin.py:205} WARNING - Dependency <Task(BashOperator): create_tag>, delete_tag already registered for DAG: example_complex
[2025-10-20T18:06:45.311+0000] {logging_mixin.py:137} INFO - [2025-10-20T18:06:45.311+0000] {taskmixin.py:205} WARNING - Dependency <Task(BashOperator): delete_tag>, create_tag already registered for DAG: example_complex
[2025-10-20T18:06:45.314+0000] {processor.py:753} INFO - DAG(s) dict_keys(['example_complex']) retrieved from /home/airflow/.local/lib/python3.7/site-packages/airflow/example_dags/example_complex.py
[2025-10-20T18:06:45.329+0000] {logging_mixin.py:137} INFO - [2025-10-20T18:06:45.329+0000] {dag.py:2690} INFO - Sync 1 DAGs
[2025-10-20T18:06:45.340+0000] {logging_mixin.py:137} INFO - [2025-10-20T18:06:45.340+0000] {dag.py:3441} INFO - Setting next_dagrun for example_complex to None, run_after=None
[2025-10-20T18:06:45.347+0000] {processor.py:175} INFO - Processing /home/airflow/.local/lib/python3.7/site-packages/airflow/example_dags/example_complex.py took 0.046 seconds
[2025-10-20T18:07:15.517+0000] {processor.py:153} INFO - Started process (PID=1306) to work on /home/airflow/.local/lib/python3.7/site-packages/airflow/example_dags/example_complex.py
[2025-10-20T18:07:15.517+0000] {processor.py:743} INFO - Processing file /home/airflow/.local/lib/python3.7/site-packages/airflow/example_dags/example_complex.py for tasks to queue
[2025-10-20T18:07:15.518+0000] {logging_mixin.py:137} INFO - [2025-10-20T18:07:15.518+0000] {dagbag.py:538} INFO - Filling up the DagBag from /home/airflow/.local/lib/python3.7/site-packages/airflow/example_dags/example_complex.py
[2025-10-20T18:07:15.523+0000] {logging_mixin.py:137} INFO - [2025-10-20T18:07:15.522+0000] {taskmixin.py:205} WARNING - Dependency <Task(BashOperator): create_entry_group>, delete_entry_group already registered for DAG: example_complex
[2025-10-20T18:07:15.523+0000] {logging_mixin.py:137} INFO - [2025-10-20T18:07:15.523+0000] {taskmixin.py:205} WARNING - Dependency <Task(BashOperator): delete_entry_group>, create_entry_group already registered for DAG: example_complex
[2025-10-20T18:07:15.523+0000] {logging_mixin.py:137} INFO - [2025-10-20T18:07:15.523+0000] {taskmixin.py:205} WARNING - Dependency <Task(BashOperator): create_entry_gcs>, delete_entry already registered for DAG: example_complex
[2025-10-20T18:07:15.523+0000] {logging_mixin.py:137} INFO - [2025-10-20T18:07:15.523+0000] {taskmixin.py:205} WARNING - Dependency <Task(BashOperator): delete_entry>, create_entry_gcs already registered for DAG: example_complex
[2025-10-20T18:07:15.523+0000] {logging_mixin.py:137} INFO - [2025-10-20T18:07:15.523+0000] {taskmixin.py:205} WARNING - Dependency <Task(BashOperator): create_tag>, delete_tag already registered for DAG: example_complex
[2025-10-20T18:07:15.523+0000] {logging_mixin.py:137} INFO - [2025-10-20T18:07:15.523+0000] {taskmixin.py:205} WARNING - Dependency <Task(BashOperator): delete_tag>, create_tag already registered for DAG: example_complex
[2025-10-20T18:07:15.526+0000] {processor.py:753} INFO - DAG(s) dict_keys(['example_complex']) retrieved from /home/airflow/.local/lib/python3.7/site-packages/airflow/example_dags/example_complex.py
[2025-10-20T18:07:15.537+0000] {logging_mixin.py:137} INFO - [2025-10-20T18:07:15.537+0000] {dag.py:2690} INFO - Sync 1 DAGs
[2025-10-20T18:07:15.546+0000] {logging_mixin.py:137} INFO - [2025-10-20T18:07:15.546+0000] {dag.py:3441} INFO - Setting next_dagrun for example_complex to None, run_after=None
[2025-10-20T18:07:15.553+0000] {processor.py:175} INFO - Processing /home/airflow/.local/lib/python3.7/site-packages/airflow/example_dags/example_complex.py took 0.037 seconds
[2025-10-20T18:07:45.673+0000] {processor.py:153} INFO - Started process (PID=1381) to work on /home/airflow/.local/lib/python3.7/site-packages/airflow/example_dags/example_complex.py
[2025-10-20T18:07:45.673+0000] {processor.py:743} INFO - Processing file /home/airflow/.local/lib/python3.7/site-packages/airflow/example_dags/example_complex.py for tasks to queue
[2025-10-20T18:07:45.673+0000] {logging_mixin.py:137} INFO - [2025-10-20T18:07:45.673+0000] {dagbag.py:538} INFO - Filling up the DagBag from /home/airflow/.local/lib/python3.7/site-packages/airflow/example_dags/example_complex.py
[2025-10-20T18:07:45.677+0000] {logging_mixin.py:137} INFO - [2025-10-20T18:07:45.677+0000] {taskmixin.py:205} WARNING - Dependency <Task(BashOperator): create_entry_group>, delete_entry_group already registered for DAG: example_complex
[2025-10-20T18:07:45.677+0000] {logging_mixin.py:137} INFO - [2025-10-20T18:07:45.677+0000] {taskmixin.py:205} WARNING - Dependency <Task(BashOperator): delete_entry_group>, create_entry_group already registered for DAG: example_complex
[2025-10-20T18:07:45.677+0000] {logging_mixin.py:137} INFO - [2025-10-20T18:07:45.677+0000] {taskmixin.py:205} WARNING - Dependency <Task(BashOperator): create_entry_gcs>, delete_entry already registered for DAG: example_complex
[2025-10-20T18:07:45.677+0000] {logging_mixin.py:137} INFO - [2025-10-20T18:07:45.677+0000] {taskmixin.py:205} WARNING - Dependency <Task(BashOperator): delete_entry>, create_entry_gcs already registered for DAG: example_complex
[2025-10-20T18:07:45.678+0000] {logging_mixin.py:137} INFO - [2025-10-20T18:07:45.678+0000] {taskmixin.py:205} WARNING - Dependency <Task(BashOperator): create_tag>, delete_tag already registered for DAG: example_complex
[2025-10-20T18:07:45.678+0000] {logging_mixin.py:137} INFO - [2025-10-20T18:07:45.678+0000] {taskmixin.py:205} WARNING - Dependency <Task(BashOperator): delete_tag>, create_tag already registered for DAG: example_complex
[2025-10-20T18:07:45.680+0000] {processor.py:753} INFO - DAG(s) dict_keys(['example_complex']) retrieved from /home/airflow/.local/lib/python3.7/site-packages/airflow/example_dags/example_complex.py
[2025-10-20T18:07:45.692+0000] {logging_mixin.py:137} INFO - [2025-10-20T18:07:45.692+0000] {dag.py:2690} INFO - Sync 1 DAGs
[2025-10-20T18:07:45.701+0000] {logging_mixin.py:137} INFO - [2025-10-20T18:07:45.701+0000] {dag.py:3441} INFO - Setting next_dagrun for example_complex to None, run_after=None
[2025-10-20T18:07:45.707+0000] {processor.py:175} INFO - Processing /home/airflow/.local/lib/python3.7/site-packages/airflow/example_dags/example_complex.py took 0.036 seconds
[2025-10-20T18:08:15.947+0000] {processor.py:153} INFO - Started process (PID=1474) to work on /home/airflow/.local/lib/python3.7/site-packages/airflow/example_dags/example_complex.py
[2025-10-20T18:08:15.947+0000] {processor.py:743} INFO - Processing file /home/airflow/.local/lib/python3.7/site-packages/airflow/example_dags/example_complex.py for tasks to queue
[2025-10-20T18:08:15.947+0000] {logging_mixin.py:137} INFO - [2025-10-20T18:08:15.947+0000] {dagbag.py:538} INFO - Filling up the DagBag from /home/airflow/.local/lib/python3.7/site-packages/airflow/example_dags/example_complex.py
[2025-10-20T18:08:15.952+0000] {logging_mixin.py:137} INFO - [2025-10-20T18:08:15.952+0000] {taskmixin.py:205} WARNING - Dependency <Task(BashOperator): create_entry_group>, delete_entry_group already registered for DAG: example_complex
[2025-10-20T18:08:15.952+0000] {logging_mixin.py:137} INFO - [2025-10-20T18:08:15.952+0000] {taskmixin.py:205} WARNING - Dependency <Task(BashOperator): delete_entry_group>, create_entry_group already registered for DAG: example_complex
[2025-10-20T18:08:15.952+0000] {logging_mixin.py:137} INFO - [2025-10-20T18:08:15.952+0000] {taskmixin.py:205} WARNING - Dependency <Task(BashOperator): create_entry_gcs>, delete_entry already registered for DAG: example_complex
[2025-10-20T18:08:15.952+0000] {logging_mixin.py:137} INFO - [2025-10-20T18:08:15.952+0000] {taskmixin.py:205} WARNING - Dependency <Task(BashOperator): delete_entry>, create_entry_gcs already registered for DAG: example_complex
[2025-10-20T18:08:15.952+0000] {logging_mixin.py:137} INFO - [2025-10-20T18:08:15.952+0000] {taskmixin.py:205} WARNING - Dependency <Task(BashOperator): create_tag>, delete_tag already registered for DAG: example_complex
[2025-10-20T18:08:15.952+0000] {logging_mixin.py:137} INFO - [2025-10-20T18:08:15.952+0000] {taskmixin.py:205} WARNING - Dependency <Task(BashOperator): delete_tag>, create_tag already registered for DAG: example_complex
[2025-10-20T18:08:15.955+0000] {processor.py:753} INFO - DAG(s) dict_keys(['example_complex']) retrieved from /home/airflow/.local/lib/python3.7/site-packages/airflow/example_dags/example_complex.py
[2025-10-20T18:08:15.967+0000] {logging_mixin.py:137} INFO - [2025-10-20T18:08:15.967+0000] {dag.py:2690} INFO - Sync 1 DAGs
[2025-10-20T18:08:15.976+0000] {logging_mixin.py:137} INFO - [2025-10-20T18:08:15.976+0000] {dag.py:3441} INFO - Setting next_dagrun for example_complex to None, run_after=None
[2025-10-20T18:08:15.983+0000] {processor.py:175} INFO - Processing /home/airflow/.local/lib/python3.7/site-packages/airflow/example_dags/example_complex.py took 0.038 seconds
[2025-10-20T18:08:46.276+0000] {processor.py:153} INFO - Started process (PID=1567) to work on /home/airflow/.local/lib/python3.7/site-packages/airflow/example_dags/example_complex.py
[2025-10-20T18:08:46.277+0000] {processor.py:743} INFO - Processing file /home/airflow/.local/lib/python3.7/site-packages/airflow/example_dags/example_complex.py for tasks to queue
[2025-10-20T18:08:46.277+0000] {logging_mixin.py:137} INFO - [2025-10-20T18:08:46.277+0000] {dagbag.py:538} INFO - Filling up the DagBag from /home/airflow/.local/lib/python3.7/site-packages/airflow/example_dags/example_complex.py
[2025-10-20T18:08:46.282+0000] {logging_mixin.py:137} INFO - [2025-10-20T18:08:46.282+0000] {taskmixin.py:205} WARNING - Dependency <Task(BashOperator): create_entry_group>, delete_entry_group already registered for DAG: example_complex
[2025-10-20T18:08:46.282+0000] {logging_mixin.py:137} INFO - [2025-10-20T18:08:46.282+0000] {taskmixin.py:205} WARNING - Dependency <Task(BashOperator): delete_entry_group>, create_entry_group already registered for DAG: example_complex
[2025-10-20T18:08:46.283+0000] {logging_mixin.py:137} INFO - [2025-10-20T18:08:46.283+0000] {taskmixin.py:205} WARNING - Dependency <Task(BashOperator): create_entry_gcs>, delete_entry already registered for DAG: example_complex
[2025-10-20T18:08:46.283+0000] {logging_mixin.py:137} INFO - [2025-10-20T18:08:46.283+0000] {taskmixin.py:205} WARNING - Dependency <Task(BashOperator): delete_entry>, create_entry_gcs already registered for DAG: example_complex
[2025-10-20T18:08:46.283+0000] {logging_mixin.py:137} INFO - [2025-10-20T18:08:46.283+0000] {taskmixin.py:205} WARNING - Dependency <Task(BashOperator): create_tag>, delete_tag already registered for DAG: example_complex
[2025-10-20T18:08:46.283+0000] {logging_mixin.py:137} INFO - [2025-10-20T18:08:46.283+0000] {taskmixin.py:205} WARNING - Dependency <Task(BashOperator): delete_tag>, create_tag already registered for DAG: example_complex
[2025-10-20T18:08:46.286+0000] {processor.py:753} INFO - DAG(s) dict_keys(['example_complex']) retrieved from /home/airflow/.local/lib/python3.7/site-packages/airflow/example_dags/example_complex.py
[2025-10-20T18:08:46.298+0000] {logging_mixin.py:137} INFO - [2025-10-20T18:08:46.298+0000] {dag.py:2690} INFO - Sync 1 DAGs
[2025-10-20T18:08:46.308+0000] {logging_mixin.py:137} INFO - [2025-10-20T18:08:46.308+0000] {dag.py:3441} INFO - Setting next_dagrun for example_complex to None, run_after=None
[2025-10-20T18:08:46.314+0000] {processor.py:175} INFO - Processing /home/airflow/.local/lib/python3.7/site-packages/airflow/example_dags/example_complex.py took 0.039 seconds
