[2025-10-20T18:00:11.953+0000] {processor.py:153} INFO - Started process (PID=76) to work on /home/airflow/.local/lib/python3.7/site-packages/airflow/example_dags/example_datasets.py
[2025-10-20T18:00:11.954+0000] {processor.py:743} INFO - Processing file /home/airflow/.local/lib/python3.7/site-packages/airflow/example_dags/example_datasets.py for tasks to queue
[2025-10-20T18:00:11.954+0000] {logging_mixin.py:137} INFO - [2025-10-20T18:00:11.954+0000] {dagbag.py:538} INFO - Filling up the DagBag from /home/airflow/.local/lib/python3.7/site-packages/airflow/example_dags/example_datasets.py
[2025-10-20T18:00:11.965+0000] {processor.py:753} INFO - DAG(s) dict_keys(['dataset_consumes_1_never_scheduled', 'dataset_consumes_unknown_never_scheduled', 'dataset_consumes_1_and_2', 'dataset_produces_1', 'dataset_consumes_1', 'dataset_produces_2']) retrieved from /home/airflow/.local/lib/python3.7/site-packages/airflow/example_dags/example_datasets.py
[2025-10-20T18:00:11.977+0000] {logging_mixin.py:137} INFO - [2025-10-20T18:00:11.977+0000] {dag.py:2690} INFO - Sync 6 DAGs
[2025-10-20T18:00:11.990+0000] {logging_mixin.py:137} INFO - [2025-10-20T18:00:11.990+0000] {dag.py:3441} INFO - Setting next_dagrun for dataset_consumes_1 to None, run_after=None
[2025-10-20T18:00:11.992+0000] {logging_mixin.py:137} INFO - [2025-10-20T18:00:11.992+0000] {dag.py:3441} INFO - Setting next_dagrun for dataset_consumes_1_and_2 to None, run_after=None
[2025-10-20T18:00:11.994+0000] {logging_mixin.py:137} INFO - [2025-10-20T18:00:11.994+0000] {dag.py:3441} INFO - Setting next_dagrun for dataset_consumes_1_never_scheduled to None, run_after=None
[2025-10-20T18:00:11.995+0000] {logging_mixin.py:137} INFO - [2025-10-20T18:00:11.995+0000] {dag.py:3441} INFO - Setting next_dagrun for dataset_consumes_unknown_never_scheduled to None, run_after=None
[2025-10-20T18:00:11.996+0000] {logging_mixin.py:137} INFO - [2025-10-20T18:00:11.996+0000] {dag.py:3441} INFO - Setting next_dagrun for dataset_produces_1 to 2025-10-19T00:00:00+00:00, run_after=2025-10-20T00:00:00+00:00
[2025-10-20T18:00:11.997+0000] {logging_mixin.py:137} INFO - [2025-10-20T18:00:11.997+0000] {dag.py:3441} INFO - Setting next_dagrun for dataset_produces_2 to None, run_after=None
[2025-10-20T18:00:12.015+0000] {processor.py:175} INFO - Processing /home/airflow/.local/lib/python3.7/site-packages/airflow/example_dags/example_datasets.py took 0.064 seconds
[2025-10-20T18:00:42.155+0000] {processor.py:153} INFO - Started process (PID=169) to work on /home/airflow/.local/lib/python3.7/site-packages/airflow/example_dags/example_datasets.py
[2025-10-20T18:00:42.155+0000] {processor.py:743} INFO - Processing file /home/airflow/.local/lib/python3.7/site-packages/airflow/example_dags/example_datasets.py for tasks to queue
[2025-10-20T18:00:42.156+0000] {logging_mixin.py:137} INFO - [2025-10-20T18:00:42.156+0000] {dagbag.py:538} INFO - Filling up the DagBag from /home/airflow/.local/lib/python3.7/site-packages/airflow/example_dags/example_datasets.py
[2025-10-20T18:00:42.162+0000] {processor.py:753} INFO - DAG(s) dict_keys(['dataset_consumes_unknown_never_scheduled', 'dataset_consumes_1_and_2', 'dataset_produces_1', 'dataset_consumes_1', 'dataset_produces_2', 'dataset_consumes_1_never_scheduled']) retrieved from /home/airflow/.local/lib/python3.7/site-packages/airflow/example_dags/example_datasets.py
[2025-10-20T18:00:42.195+0000] {logging_mixin.py:137} INFO - [2025-10-20T18:00:42.195+0000] {dag.py:2690} INFO - Sync 6 DAGs
[2025-10-20T18:00:42.207+0000] {logging_mixin.py:137} INFO - [2025-10-20T18:00:42.207+0000] {dag.py:3441} INFO - Setting next_dagrun for dataset_consumes_1 to None, run_after=None
[2025-10-20T18:00:42.208+0000] {logging_mixin.py:137} INFO - [2025-10-20T18:00:42.208+0000] {dag.py:3441} INFO - Setting next_dagrun for dataset_consumes_1_and_2 to None, run_after=None
[2025-10-20T18:00:42.209+0000] {logging_mixin.py:137} INFO - [2025-10-20T18:00:42.209+0000] {dag.py:3441} INFO - Setting next_dagrun for dataset_consumes_1_never_scheduled to None, run_after=None
[2025-10-20T18:00:42.211+0000] {logging_mixin.py:137} INFO - [2025-10-20T18:00:42.211+0000] {dag.py:3441} INFO - Setting next_dagrun for dataset_consumes_unknown_never_scheduled to None, run_after=None
[2025-10-20T18:00:42.213+0000] {logging_mixin.py:137} INFO - [2025-10-20T18:00:42.213+0000] {dag.py:3441} INFO - Setting next_dagrun for dataset_produces_1 to 2025-10-19T00:00:00+00:00, run_after=2025-10-20T00:00:00+00:00
[2025-10-20T18:00:42.214+0000] {logging_mixin.py:137} INFO - [2025-10-20T18:00:42.214+0000] {dag.py:3441} INFO - Setting next_dagrun for dataset_produces_2 to None, run_after=None
[2025-10-20T18:00:42.232+0000] {processor.py:175} INFO - Processing /home/airflow/.local/lib/python3.7/site-packages/airflow/example_dags/example_datasets.py took 0.078 seconds
[2025-10-20T18:01:12.756+0000] {processor.py:153} INFO - Started process (PID=262) to work on /home/airflow/.local/lib/python3.7/site-packages/airflow/example_dags/example_datasets.py
[2025-10-20T18:01:12.756+0000] {processor.py:743} INFO - Processing file /home/airflow/.local/lib/python3.7/site-packages/airflow/example_dags/example_datasets.py for tasks to queue
[2025-10-20T18:01:12.757+0000] {logging_mixin.py:137} INFO - [2025-10-20T18:01:12.757+0000] {dagbag.py:538} INFO - Filling up the DagBag from /home/airflow/.local/lib/python3.7/site-packages/airflow/example_dags/example_datasets.py
[2025-10-20T18:01:12.765+0000] {processor.py:753} INFO - DAG(s) dict_keys(['dataset_consumes_1_never_scheduled', 'dataset_produces_2', 'dataset_produces_1', 'dataset_consumes_1', 'dataset_consumes_unknown_never_scheduled', 'dataset_consumes_1_and_2']) retrieved from /home/airflow/.local/lib/python3.7/site-packages/airflow/example_dags/example_datasets.py
[2025-10-20T18:01:12.787+0000] {logging_mixin.py:137} INFO - [2025-10-20T18:01:12.787+0000] {dag.py:2690} INFO - Sync 6 DAGs
[2025-10-20T18:01:12.801+0000] {logging_mixin.py:137} INFO - [2025-10-20T18:01:12.801+0000] {dag.py:3441} INFO - Setting next_dagrun for dataset_consumes_1 to None, run_after=None
[2025-10-20T18:01:12.803+0000] {logging_mixin.py:137} INFO - [2025-10-20T18:01:12.803+0000] {dag.py:3441} INFO - Setting next_dagrun for dataset_consumes_1_and_2 to None, run_after=None
[2025-10-20T18:01:12.804+0000] {logging_mixin.py:137} INFO - [2025-10-20T18:01:12.804+0000] {dag.py:3441} INFO - Setting next_dagrun for dataset_consumes_1_never_scheduled to None, run_after=None
[2025-10-20T18:01:12.806+0000] {logging_mixin.py:137} INFO - [2025-10-20T18:01:12.806+0000] {dag.py:3441} INFO - Setting next_dagrun for dataset_consumes_unknown_never_scheduled to None, run_after=None
[2025-10-20T18:01:12.808+0000] {logging_mixin.py:137} INFO - [2025-10-20T18:01:12.808+0000] {dag.py:3441} INFO - Setting next_dagrun for dataset_produces_1 to 2025-10-19T00:00:00+00:00, run_after=2025-10-20T00:00:00+00:00
[2025-10-20T18:01:12.809+0000] {logging_mixin.py:137} INFO - [2025-10-20T18:01:12.809+0000] {dag.py:3441} INFO - Setting next_dagrun for dataset_produces_2 to None, run_after=None
[2025-10-20T18:01:12.821+0000] {processor.py:175} INFO - Processing /home/airflow/.local/lib/python3.7/site-packages/airflow/example_dags/example_datasets.py took 0.067 seconds
[2025-10-20T18:01:42.952+0000] {processor.py:153} INFO - Started process (PID=337) to work on /home/airflow/.local/lib/python3.7/site-packages/airflow/example_dags/example_datasets.py
[2025-10-20T18:01:42.953+0000] {processor.py:743} INFO - Processing file /home/airflow/.local/lib/python3.7/site-packages/airflow/example_dags/example_datasets.py for tasks to queue
[2025-10-20T18:01:42.953+0000] {logging_mixin.py:137} INFO - [2025-10-20T18:01:42.953+0000] {dagbag.py:538} INFO - Filling up the DagBag from /home/airflow/.local/lib/python3.7/site-packages/airflow/example_dags/example_datasets.py
[2025-10-20T18:01:42.960+0000] {processor.py:753} INFO - DAG(s) dict_keys(['dataset_consumes_1_never_scheduled', 'dataset_produces_2', 'dataset_consumes_1_and_2', 'dataset_consumes_1', 'dataset_consumes_unknown_never_scheduled', 'dataset_produces_1']) retrieved from /home/airflow/.local/lib/python3.7/site-packages/airflow/example_dags/example_datasets.py
[2025-10-20T18:01:42.975+0000] {logging_mixin.py:137} INFO - [2025-10-20T18:01:42.975+0000] {dag.py:2690} INFO - Sync 6 DAGs
[2025-10-20T18:01:42.986+0000] {logging_mixin.py:137} INFO - [2025-10-20T18:01:42.986+0000] {dag.py:3441} INFO - Setting next_dagrun for dataset_consumes_1 to None, run_after=None
[2025-10-20T18:01:42.987+0000] {logging_mixin.py:137} INFO - [2025-10-20T18:01:42.987+0000] {dag.py:3441} INFO - Setting next_dagrun for dataset_consumes_1_and_2 to None, run_after=None
[2025-10-20T18:01:42.987+0000] {logging_mixin.py:137} INFO - [2025-10-20T18:01:42.987+0000] {dag.py:3441} INFO - Setting next_dagrun for dataset_consumes_1_never_scheduled to None, run_after=None
[2025-10-20T18:01:42.987+0000] {logging_mixin.py:137} INFO - [2025-10-20T18:01:42.987+0000] {dag.py:3441} INFO - Setting next_dagrun for dataset_consumes_unknown_never_scheduled to None, run_after=None
[2025-10-20T18:01:42.988+0000] {logging_mixin.py:137} INFO - [2025-10-20T18:01:42.988+0000] {dag.py:3441} INFO - Setting next_dagrun for dataset_produces_1 to 2025-10-19T00:00:00+00:00, run_after=2025-10-20T00:00:00+00:00
[2025-10-20T18:01:42.989+0000] {logging_mixin.py:137} INFO - [2025-10-20T18:01:42.989+0000] {dag.py:3441} INFO - Setting next_dagrun for dataset_produces_2 to None, run_after=None
[2025-10-20T18:01:42.999+0000] {processor.py:175} INFO - Processing /home/airflow/.local/lib/python3.7/site-packages/airflow/example_dags/example_datasets.py took 0.048 seconds
[2025-10-20T18:02:13.181+0000] {processor.py:153} INFO - Started process (PID=430) to work on /home/airflow/.local/lib/python3.7/site-packages/airflow/example_dags/example_datasets.py
[2025-10-20T18:02:13.182+0000] {processor.py:743} INFO - Processing file /home/airflow/.local/lib/python3.7/site-packages/airflow/example_dags/example_datasets.py for tasks to queue
[2025-10-20T18:02:13.182+0000] {logging_mixin.py:137} INFO - [2025-10-20T18:02:13.182+0000] {dagbag.py:538} INFO - Filling up the DagBag from /home/airflow/.local/lib/python3.7/site-packages/airflow/example_dags/example_datasets.py
[2025-10-20T18:02:13.189+0000] {processor.py:753} INFO - DAG(s) dict_keys(['dataset_consumes_1_and_2', 'dataset_produces_2', 'dataset_produces_1', 'dataset_consumes_1', 'dataset_consumes_unknown_never_scheduled', 'dataset_consumes_1_never_scheduled']) retrieved from /home/airflow/.local/lib/python3.7/site-packages/airflow/example_dags/example_datasets.py
[2025-10-20T18:02:13.203+0000] {logging_mixin.py:137} INFO - [2025-10-20T18:02:13.203+0000] {dag.py:2690} INFO - Sync 6 DAGs
[2025-10-20T18:02:13.212+0000] {logging_mixin.py:137} INFO - [2025-10-20T18:02:13.212+0000] {dag.py:3441} INFO - Setting next_dagrun for dataset_consumes_1 to None, run_after=None
[2025-10-20T18:02:13.214+0000] {logging_mixin.py:137} INFO - [2025-10-20T18:02:13.214+0000] {dag.py:3441} INFO - Setting next_dagrun for dataset_consumes_1_and_2 to None, run_after=None
[2025-10-20T18:02:13.214+0000] {logging_mixin.py:137} INFO - [2025-10-20T18:02:13.214+0000] {dag.py:3441} INFO - Setting next_dagrun for dataset_consumes_1_never_scheduled to None, run_after=None
[2025-10-20T18:02:13.215+0000] {logging_mixin.py:137} INFO - [2025-10-20T18:02:13.215+0000] {dag.py:3441} INFO - Setting next_dagrun for dataset_consumes_unknown_never_scheduled to None, run_after=None
[2025-10-20T18:02:13.216+0000] {logging_mixin.py:137} INFO - [2025-10-20T18:02:13.216+0000] {dag.py:3441} INFO - Setting next_dagrun for dataset_produces_1 to 2025-10-19T00:00:00+00:00, run_after=2025-10-20T00:00:00+00:00
[2025-10-20T18:02:13.216+0000] {logging_mixin.py:137} INFO - [2025-10-20T18:02:13.216+0000] {dag.py:3441} INFO - Setting next_dagrun for dataset_produces_2 to None, run_after=None
[2025-10-20T18:02:13.230+0000] {processor.py:175} INFO - Processing /home/airflow/.local/lib/python3.7/site-packages/airflow/example_dags/example_datasets.py took 0.050 seconds
[2025-10-20T18:02:43.391+0000] {processor.py:153} INFO - Started process (PID=523) to work on /home/airflow/.local/lib/python3.7/site-packages/airflow/example_dags/example_datasets.py
[2025-10-20T18:02:43.391+0000] {processor.py:743} INFO - Processing file /home/airflow/.local/lib/python3.7/site-packages/airflow/example_dags/example_datasets.py for tasks to queue
[2025-10-20T18:02:43.391+0000] {logging_mixin.py:137} INFO - [2025-10-20T18:02:43.391+0000] {dagbag.py:538} INFO - Filling up the DagBag from /home/airflow/.local/lib/python3.7/site-packages/airflow/example_dags/example_datasets.py
[2025-10-20T18:02:43.397+0000] {processor.py:753} INFO - DAG(s) dict_keys(['dataset_produces_2', 'dataset_consumes_1_never_scheduled', 'dataset_consumes_unknown_never_scheduled', 'dataset_consumes_1', 'dataset_consumes_1_and_2', 'dataset_produces_1']) retrieved from /home/airflow/.local/lib/python3.7/site-packages/airflow/example_dags/example_datasets.py
[2025-10-20T18:02:43.410+0000] {logging_mixin.py:137} INFO - [2025-10-20T18:02:43.410+0000] {dag.py:2690} INFO - Sync 6 DAGs
[2025-10-20T18:02:43.419+0000] {logging_mixin.py:137} INFO - [2025-10-20T18:02:43.419+0000] {dag.py:3441} INFO - Setting next_dagrun for dataset_consumes_1 to None, run_after=None
[2025-10-20T18:02:43.420+0000] {logging_mixin.py:137} INFO - [2025-10-20T18:02:43.420+0000] {dag.py:3441} INFO - Setting next_dagrun for dataset_consumes_1_and_2 to None, run_after=None
[2025-10-20T18:02:43.420+0000] {logging_mixin.py:137} INFO - [2025-10-20T18:02:43.420+0000] {dag.py:3441} INFO - Setting next_dagrun for dataset_consumes_1_never_scheduled to None, run_after=None
[2025-10-20T18:02:43.420+0000] {logging_mixin.py:137} INFO - [2025-10-20T18:02:43.420+0000] {dag.py:3441} INFO - Setting next_dagrun for dataset_consumes_unknown_never_scheduled to None, run_after=None
[2025-10-20T18:02:43.421+0000] {logging_mixin.py:137} INFO - [2025-10-20T18:02:43.421+0000] {dag.py:3441} INFO - Setting next_dagrun for dataset_produces_1 to 2025-10-19T00:00:00+00:00, run_after=2025-10-20T00:00:00+00:00
[2025-10-20T18:02:43.422+0000] {logging_mixin.py:137} INFO - [2025-10-20T18:02:43.422+0000] {dag.py:3441} INFO - Setting next_dagrun for dataset_produces_2 to None, run_after=None
[2025-10-20T18:02:43.431+0000] {processor.py:175} INFO - Processing /home/airflow/.local/lib/python3.7/site-packages/airflow/example_dags/example_datasets.py took 0.041 seconds
[2025-10-20T18:03:13.675+0000] {processor.py:153} INFO - Started process (PID=615) to work on /home/airflow/.local/lib/python3.7/site-packages/airflow/example_dags/example_datasets.py
[2025-10-20T18:03:13.675+0000] {processor.py:743} INFO - Processing file /home/airflow/.local/lib/python3.7/site-packages/airflow/example_dags/example_datasets.py for tasks to queue
[2025-10-20T18:03:13.676+0000] {logging_mixin.py:137} INFO - [2025-10-20T18:03:13.676+0000] {dagbag.py:538} INFO - Filling up the DagBag from /home/airflow/.local/lib/python3.7/site-packages/airflow/example_dags/example_datasets.py
[2025-10-20T18:03:13.682+0000] {processor.py:753} INFO - DAG(s) dict_keys(['dataset_consumes_1_never_scheduled', 'dataset_produces_2', 'dataset_consumes_1_and_2', 'dataset_consumes_unknown_never_scheduled', 'dataset_produces_1', 'dataset_consumes_1']) retrieved from /home/airflow/.local/lib/python3.7/site-packages/airflow/example_dags/example_datasets.py
[2025-10-20T18:03:13.699+0000] {logging_mixin.py:137} INFO - [2025-10-20T18:03:13.699+0000] {dag.py:2690} INFO - Sync 6 DAGs
[2025-10-20T18:03:13.709+0000] {logging_mixin.py:137} INFO - [2025-10-20T18:03:13.709+0000] {dag.py:3441} INFO - Setting next_dagrun for dataset_consumes_1 to None, run_after=None
[2025-10-20T18:03:13.711+0000] {logging_mixin.py:137} INFO - [2025-10-20T18:03:13.711+0000] {dag.py:3441} INFO - Setting next_dagrun for dataset_consumes_1_and_2 to None, run_after=None
[2025-10-20T18:03:13.711+0000] {logging_mixin.py:137} INFO - [2025-10-20T18:03:13.711+0000] {dag.py:3441} INFO - Setting next_dagrun for dataset_consumes_1_never_scheduled to None, run_after=None
[2025-10-20T18:03:13.712+0000] {logging_mixin.py:137} INFO - [2025-10-20T18:03:13.711+0000] {dag.py:3441} INFO - Setting next_dagrun for dataset_consumes_unknown_never_scheduled to None, run_after=None
[2025-10-20T18:03:13.712+0000] {logging_mixin.py:137} INFO - [2025-10-20T18:03:13.712+0000] {dag.py:3441} INFO - Setting next_dagrun for dataset_produces_1 to 2025-10-19T00:00:00+00:00, run_after=2025-10-20T00:00:00+00:00
[2025-10-20T18:03:13.713+0000] {logging_mixin.py:137} INFO - [2025-10-20T18:03:13.713+0000] {dag.py:3441} INFO - Setting next_dagrun for dataset_produces_2 to None, run_after=None
[2025-10-20T18:03:13.723+0000] {processor.py:175} INFO - Processing /home/airflow/.local/lib/python3.7/site-packages/airflow/example_dags/example_datasets.py took 0.049 seconds
[2025-10-20T18:03:43.887+0000] {processor.py:153} INFO - Started process (PID=690) to work on /home/airflow/.local/lib/python3.7/site-packages/airflow/example_dags/example_datasets.py
[2025-10-20T18:03:43.887+0000] {processor.py:743} INFO - Processing file /home/airflow/.local/lib/python3.7/site-packages/airflow/example_dags/example_datasets.py for tasks to queue
[2025-10-20T18:03:43.887+0000] {logging_mixin.py:137} INFO - [2025-10-20T18:03:43.887+0000] {dagbag.py:538} INFO - Filling up the DagBag from /home/airflow/.local/lib/python3.7/site-packages/airflow/example_dags/example_datasets.py
[2025-10-20T18:03:43.896+0000] {processor.py:753} INFO - DAG(s) dict_keys(['dataset_produces_1', 'dataset_consumes_1_never_scheduled', 'dataset_consumes_1', 'dataset_consumes_unknown_never_scheduled', 'dataset_produces_2', 'dataset_consumes_1_and_2']) retrieved from /home/airflow/.local/lib/python3.7/site-packages/airflow/example_dags/example_datasets.py
[2025-10-20T18:03:43.912+0000] {logging_mixin.py:137} INFO - [2025-10-20T18:03:43.912+0000] {dag.py:2690} INFO - Sync 6 DAGs
[2025-10-20T18:03:43.923+0000] {logging_mixin.py:137} INFO - [2025-10-20T18:03:43.923+0000] {dag.py:3441} INFO - Setting next_dagrun for dataset_consumes_1 to None, run_after=None
[2025-10-20T18:03:43.924+0000] {logging_mixin.py:137} INFO - [2025-10-20T18:03:43.924+0000] {dag.py:3441} INFO - Setting next_dagrun for dataset_consumes_1_and_2 to None, run_after=None
[2025-10-20T18:03:43.924+0000] {logging_mixin.py:137} INFO - [2025-10-20T18:03:43.924+0000] {dag.py:3441} INFO - Setting next_dagrun for dataset_consumes_1_never_scheduled to None, run_after=None
[2025-10-20T18:03:43.924+0000] {logging_mixin.py:137} INFO - [2025-10-20T18:03:43.924+0000] {dag.py:3441} INFO - Setting next_dagrun for dataset_consumes_unknown_never_scheduled to None, run_after=None
[2025-10-20T18:03:43.925+0000] {logging_mixin.py:137} INFO - [2025-10-20T18:03:43.925+0000] {dag.py:3441} INFO - Setting next_dagrun for dataset_produces_1 to 2025-10-19T00:00:00+00:00, run_after=2025-10-20T00:00:00+00:00
[2025-10-20T18:03:43.925+0000] {logging_mixin.py:137} INFO - [2025-10-20T18:03:43.925+0000] {dag.py:3441} INFO - Setting next_dagrun for dataset_produces_2 to None, run_after=None
[2025-10-20T18:03:43.934+0000] {processor.py:175} INFO - Processing /home/airflow/.local/lib/python3.7/site-packages/airflow/example_dags/example_datasets.py took 0.049 seconds
[2025-10-20T18:04:14.173+0000] {processor.py:153} INFO - Started process (PID=783) to work on /home/airflow/.local/lib/python3.7/site-packages/airflow/example_dags/example_datasets.py
[2025-10-20T18:04:14.173+0000] {processor.py:743} INFO - Processing file /home/airflow/.local/lib/python3.7/site-packages/airflow/example_dags/example_datasets.py for tasks to queue
[2025-10-20T18:04:14.174+0000] {logging_mixin.py:137} INFO - [2025-10-20T18:04:14.174+0000] {dagbag.py:538} INFO - Filling up the DagBag from /home/airflow/.local/lib/python3.7/site-packages/airflow/example_dags/example_datasets.py
[2025-10-20T18:04:14.180+0000] {processor.py:753} INFO - DAG(s) dict_keys(['dataset_consumes_1_never_scheduled', 'dataset_consumes_1', 'dataset_consumes_1_and_2', 'dataset_produces_1', 'dataset_consumes_unknown_never_scheduled', 'dataset_produces_2']) retrieved from /home/airflow/.local/lib/python3.7/site-packages/airflow/example_dags/example_datasets.py
[2025-10-20T18:04:14.194+0000] {logging_mixin.py:137} INFO - [2025-10-20T18:04:14.194+0000] {dag.py:2690} INFO - Sync 6 DAGs
[2025-10-20T18:04:14.204+0000] {logging_mixin.py:137} INFO - [2025-10-20T18:04:14.204+0000] {dag.py:3441} INFO - Setting next_dagrun for dataset_consumes_1 to None, run_after=None
[2025-10-20T18:04:14.205+0000] {logging_mixin.py:137} INFO - [2025-10-20T18:04:14.205+0000] {dag.py:3441} INFO - Setting next_dagrun for dataset_consumes_1_and_2 to None, run_after=None
[2025-10-20T18:04:14.205+0000] {logging_mixin.py:137} INFO - [2025-10-20T18:04:14.205+0000] {dag.py:3441} INFO - Setting next_dagrun for dataset_consumes_1_never_scheduled to None, run_after=None
[2025-10-20T18:04:14.205+0000] {logging_mixin.py:137} INFO - [2025-10-20T18:04:14.205+0000] {dag.py:3441} INFO - Setting next_dagrun for dataset_consumes_unknown_never_scheduled to None, run_after=None
[2025-10-20T18:04:14.206+0000] {logging_mixin.py:137} INFO - [2025-10-20T18:04:14.206+0000] {dag.py:3441} INFO - Setting next_dagrun for dataset_produces_1 to 2025-10-19T00:00:00+00:00, run_after=2025-10-20T00:00:00+00:00
[2025-10-20T18:04:14.207+0000] {logging_mixin.py:137} INFO - [2025-10-20T18:04:14.207+0000] {dag.py:3441} INFO - Setting next_dagrun for dataset_produces_2 to None, run_after=None
[2025-10-20T18:04:14.218+0000] {processor.py:175} INFO - Processing /home/airflow/.local/lib/python3.7/site-packages/airflow/example_dags/example_datasets.py took 0.047 seconds
[2025-10-20T18:04:44.395+0000] {processor.py:153} INFO - Started process (PID=876) to work on /home/airflow/.local/lib/python3.7/site-packages/airflow/example_dags/example_datasets.py
[2025-10-20T18:04:44.395+0000] {processor.py:743} INFO - Processing file /home/airflow/.local/lib/python3.7/site-packages/airflow/example_dags/example_datasets.py for tasks to queue
[2025-10-20T18:04:44.396+0000] {logging_mixin.py:137} INFO - [2025-10-20T18:04:44.396+0000] {dagbag.py:538} INFO - Filling up the DagBag from /home/airflow/.local/lib/python3.7/site-packages/airflow/example_dags/example_datasets.py
[2025-10-20T18:04:44.402+0000] {processor.py:753} INFO - DAG(s) dict_keys(['dataset_consumes_1_never_scheduled', 'dataset_consumes_unknown_never_scheduled', 'dataset_produces_2', 'dataset_produces_1', 'dataset_consumes_1_and_2', 'dataset_consumes_1']) retrieved from /home/airflow/.local/lib/python3.7/site-packages/airflow/example_dags/example_datasets.py
[2025-10-20T18:04:44.416+0000] {logging_mixin.py:137} INFO - [2025-10-20T18:04:44.416+0000] {dag.py:2690} INFO - Sync 6 DAGs
[2025-10-20T18:04:44.426+0000] {logging_mixin.py:137} INFO - [2025-10-20T18:04:44.426+0000] {dag.py:3441} INFO - Setting next_dagrun for dataset_consumes_1 to None, run_after=None
[2025-10-20T18:04:44.427+0000] {logging_mixin.py:137} INFO - [2025-10-20T18:04:44.427+0000] {dag.py:3441} INFO - Setting next_dagrun for dataset_consumes_1_and_2 to None, run_after=None
[2025-10-20T18:04:44.427+0000] {logging_mixin.py:137} INFO - [2025-10-20T18:04:44.427+0000] {dag.py:3441} INFO - Setting next_dagrun for dataset_consumes_1_never_scheduled to None, run_after=None
[2025-10-20T18:04:44.428+0000] {logging_mixin.py:137} INFO - [2025-10-20T18:04:44.428+0000] {dag.py:3441} INFO - Setting next_dagrun for dataset_consumes_unknown_never_scheduled to None, run_after=None
[2025-10-20T18:04:44.429+0000] {logging_mixin.py:137} INFO - [2025-10-20T18:04:44.429+0000] {dag.py:3441} INFO - Setting next_dagrun for dataset_produces_1 to 2025-10-19T00:00:00+00:00, run_after=2025-10-20T00:00:00+00:00
[2025-10-20T18:04:44.429+0000] {logging_mixin.py:137} INFO - [2025-10-20T18:04:44.429+0000] {dag.py:3441} INFO - Setting next_dagrun for dataset_produces_2 to None, run_after=None
[2025-10-20T18:04:44.440+0000] {processor.py:175} INFO - Processing /home/airflow/.local/lib/python3.7/site-packages/airflow/example_dags/example_datasets.py took 0.046 seconds
[2025-10-20T18:05:14.614+0000] {processor.py:153} INFO - Started process (PID=969) to work on /home/airflow/.local/lib/python3.7/site-packages/airflow/example_dags/example_datasets.py
[2025-10-20T18:05:14.614+0000] {processor.py:743} INFO - Processing file /home/airflow/.local/lib/python3.7/site-packages/airflow/example_dags/example_datasets.py for tasks to queue
[2025-10-20T18:05:14.615+0000] {logging_mixin.py:137} INFO - [2025-10-20T18:05:14.615+0000] {dagbag.py:538} INFO - Filling up the DagBag from /home/airflow/.local/lib/python3.7/site-packages/airflow/example_dags/example_datasets.py
[2025-10-20T18:05:14.622+0000] {processor.py:753} INFO - DAG(s) dict_keys(['dataset_consumes_unknown_never_scheduled', 'dataset_produces_1', 'dataset_produces_2', 'dataset_consumes_1_never_scheduled', 'dataset_consumes_1', 'dataset_consumes_1_and_2']) retrieved from /home/airflow/.local/lib/python3.7/site-packages/airflow/example_dags/example_datasets.py
[2025-10-20T18:05:14.637+0000] {logging_mixin.py:137} INFO - [2025-10-20T18:05:14.637+0000] {dag.py:2690} INFO - Sync 6 DAGs
[2025-10-20T18:05:14.648+0000] {logging_mixin.py:137} INFO - [2025-10-20T18:05:14.648+0000] {dag.py:3441} INFO - Setting next_dagrun for dataset_consumes_1 to None, run_after=None
[2025-10-20T18:05:14.649+0000] {logging_mixin.py:137} INFO - [2025-10-20T18:05:14.649+0000] {dag.py:3441} INFO - Setting next_dagrun for dataset_consumes_1_and_2 to None, run_after=None
[2025-10-20T18:05:14.650+0000] {logging_mixin.py:137} INFO - [2025-10-20T18:05:14.650+0000] {dag.py:3441} INFO - Setting next_dagrun for dataset_consumes_1_never_scheduled to None, run_after=None
[2025-10-20T18:05:14.650+0000] {logging_mixin.py:137} INFO - [2025-10-20T18:05:14.650+0000] {dag.py:3441} INFO - Setting next_dagrun for dataset_consumes_unknown_never_scheduled to None, run_after=None
[2025-10-20T18:05:14.651+0000] {logging_mixin.py:137} INFO - [2025-10-20T18:05:14.651+0000] {dag.py:3441} INFO - Setting next_dagrun for dataset_produces_1 to 2025-10-19T00:00:00+00:00, run_after=2025-10-20T00:00:00+00:00
[2025-10-20T18:05:14.651+0000] {logging_mixin.py:137} INFO - [2025-10-20T18:05:14.651+0000] {dag.py:3441} INFO - Setting next_dagrun for dataset_produces_2 to None, run_after=None
[2025-10-20T18:05:14.663+0000] {processor.py:175} INFO - Processing /home/airflow/.local/lib/python3.7/site-packages/airflow/example_dags/example_datasets.py took 0.050 seconds
[2025-10-20T18:05:45.947+0000] {processor.py:153} INFO - Started process (PID=1053) to work on /home/airflow/.local/lib/python3.7/site-packages/airflow/example_dags/example_datasets.py
[2025-10-20T18:05:45.948+0000] {processor.py:743} INFO - Processing file /home/airflow/.local/lib/python3.7/site-packages/airflow/example_dags/example_datasets.py for tasks to queue
[2025-10-20T18:05:45.950+0000] {logging_mixin.py:137} INFO - [2025-10-20T18:05:45.949+0000] {dagbag.py:538} INFO - Filling up the DagBag from /home/airflow/.local/lib/python3.7/site-packages/airflow/example_dags/example_datasets.py
[2025-10-20T18:05:45.978+0000] {processor.py:753} INFO - DAG(s) dict_keys(['dataset_produces_2', 'dataset_consumes_1_never_scheduled', 'dataset_consumes_unknown_never_scheduled', 'dataset_consumes_1_and_2', 'dataset_produces_1', 'dataset_consumes_1']) retrieved from /home/airflow/.local/lib/python3.7/site-packages/airflow/example_dags/example_datasets.py
[2025-10-20T18:05:46.093+0000] {logging_mixin.py:137} INFO - [2025-10-20T18:05:46.093+0000] {dag.py:2690} INFO - Sync 6 DAGs
[2025-10-20T18:05:46.115+0000] {logging_mixin.py:137} INFO - [2025-10-20T18:05:46.114+0000] {dag.py:3441} INFO - Setting next_dagrun for dataset_consumes_1 to None, run_after=None
[2025-10-20T18:05:46.122+0000] {logging_mixin.py:137} INFO - [2025-10-20T18:05:46.122+0000] {dag.py:3441} INFO - Setting next_dagrun for dataset_consumes_1_and_2 to None, run_after=None
[2025-10-20T18:05:46.126+0000] {logging_mixin.py:137} INFO - [2025-10-20T18:05:46.126+0000] {dag.py:3441} INFO - Setting next_dagrun for dataset_consumes_1_never_scheduled to None, run_after=None
[2025-10-20T18:05:46.130+0000] {logging_mixin.py:137} INFO - [2025-10-20T18:05:46.130+0000] {dag.py:3441} INFO - Setting next_dagrun for dataset_consumes_unknown_never_scheduled to None, run_after=None
[2025-10-20T18:05:46.131+0000] {logging_mixin.py:137} INFO - [2025-10-20T18:05:46.131+0000] {dag.py:3441} INFO - Setting next_dagrun for dataset_produces_1 to 2025-10-19T00:00:00+00:00, run_after=2025-10-20T00:00:00+00:00
[2025-10-20T18:05:46.133+0000] {logging_mixin.py:137} INFO - [2025-10-20T18:05:46.133+0000] {dag.py:3441} INFO - Setting next_dagrun for dataset_produces_2 to None, run_after=None
[2025-10-20T18:05:46.184+0000] {processor.py:175} INFO - Processing /home/airflow/.local/lib/python3.7/site-packages/airflow/example_dags/example_datasets.py took 0.240 seconds
[2025-10-20T18:06:16.350+0000] {processor.py:153} INFO - Started process (PID=1137) to work on /home/airflow/.local/lib/python3.7/site-packages/airflow/example_dags/example_datasets.py
[2025-10-20T18:06:16.351+0000] {processor.py:743} INFO - Processing file /home/airflow/.local/lib/python3.7/site-packages/airflow/example_dags/example_datasets.py for tasks to queue
[2025-10-20T18:06:16.351+0000] {logging_mixin.py:137} INFO - [2025-10-20T18:06:16.351+0000] {dagbag.py:538} INFO - Filling up the DagBag from /home/airflow/.local/lib/python3.7/site-packages/airflow/example_dags/example_datasets.py
[2025-10-20T18:06:16.357+0000] {processor.py:753} INFO - DAG(s) dict_keys(['dataset_consumes_1', 'dataset_produces_1', 'dataset_consumes_1_and_2', 'dataset_consumes_unknown_never_scheduled', 'dataset_consumes_1_never_scheduled', 'dataset_produces_2']) retrieved from /home/airflow/.local/lib/python3.7/site-packages/airflow/example_dags/example_datasets.py
[2025-10-20T18:06:16.373+0000] {logging_mixin.py:137} INFO - [2025-10-20T18:06:16.373+0000] {dag.py:2690} INFO - Sync 6 DAGs
[2025-10-20T18:06:16.385+0000] {logging_mixin.py:137} INFO - [2025-10-20T18:06:16.385+0000] {dag.py:3441} INFO - Setting next_dagrun for dataset_consumes_1 to None, run_after=None
[2025-10-20T18:06:16.388+0000] {logging_mixin.py:137} INFO - [2025-10-20T18:06:16.388+0000] {dag.py:3441} INFO - Setting next_dagrun for dataset_consumes_1_and_2 to None, run_after=None
[2025-10-20T18:06:16.388+0000] {logging_mixin.py:137} INFO - [2025-10-20T18:06:16.388+0000] {dag.py:3441} INFO - Setting next_dagrun for dataset_consumes_1_never_scheduled to None, run_after=None
[2025-10-20T18:06:16.389+0000] {logging_mixin.py:137} INFO - [2025-10-20T18:06:16.389+0000] {dag.py:3441} INFO - Setting next_dagrun for dataset_consumes_unknown_never_scheduled to None, run_after=None
[2025-10-20T18:06:16.390+0000] {logging_mixin.py:137} INFO - [2025-10-20T18:06:16.390+0000] {dag.py:3441} INFO - Setting next_dagrun for dataset_produces_1 to 2025-10-19T00:00:00+00:00, run_after=2025-10-20T00:00:00+00:00
[2025-10-20T18:06:16.390+0000] {logging_mixin.py:137} INFO - [2025-10-20T18:06:16.390+0000] {dag.py:3441} INFO - Setting next_dagrun for dataset_produces_2 to None, run_after=None
[2025-10-20T18:06:16.403+0000] {processor.py:175} INFO - Processing /home/airflow/.local/lib/python3.7/site-packages/airflow/example_dags/example_datasets.py took 0.054 seconds
[2025-10-20T18:06:46.727+0000] {processor.py:153} INFO - Started process (PID=1230) to work on /home/airflow/.local/lib/python3.7/site-packages/airflow/example_dags/example_datasets.py
[2025-10-20T18:06:46.728+0000] {processor.py:743} INFO - Processing file /home/airflow/.local/lib/python3.7/site-packages/airflow/example_dags/example_datasets.py for tasks to queue
[2025-10-20T18:06:46.728+0000] {logging_mixin.py:137} INFO - [2025-10-20T18:06:46.728+0000] {dagbag.py:538} INFO - Filling up the DagBag from /home/airflow/.local/lib/python3.7/site-packages/airflow/example_dags/example_datasets.py
[2025-10-20T18:06:46.735+0000] {processor.py:753} INFO - DAG(s) dict_keys(['dataset_produces_1', 'dataset_consumes_1_never_scheduled', 'dataset_consumes_unknown_never_scheduled', 'dataset_consumes_1', 'dataset_produces_2', 'dataset_consumes_1_and_2']) retrieved from /home/airflow/.local/lib/python3.7/site-packages/airflow/example_dags/example_datasets.py
[2025-10-20T18:06:46.749+0000] {logging_mixin.py:137} INFO - [2025-10-20T18:06:46.749+0000] {dag.py:2690} INFO - Sync 6 DAGs
[2025-10-20T18:06:46.759+0000] {logging_mixin.py:137} INFO - [2025-10-20T18:06:46.759+0000] {dag.py:3441} INFO - Setting next_dagrun for dataset_consumes_1 to None, run_after=None
[2025-10-20T18:06:46.761+0000] {logging_mixin.py:137} INFO - [2025-10-20T18:06:46.761+0000] {dag.py:3441} INFO - Setting next_dagrun for dataset_consumes_1_and_2 to None, run_after=None
[2025-10-20T18:06:46.761+0000] {logging_mixin.py:137} INFO - [2025-10-20T18:06:46.761+0000] {dag.py:3441} INFO - Setting next_dagrun for dataset_consumes_1_never_scheduled to None, run_after=None
[2025-10-20T18:06:46.761+0000] {logging_mixin.py:137} INFO - [2025-10-20T18:06:46.761+0000] {dag.py:3441} INFO - Setting next_dagrun for dataset_consumes_unknown_never_scheduled to None, run_after=None
[2025-10-20T18:06:46.762+0000] {logging_mixin.py:137} INFO - [2025-10-20T18:06:46.762+0000] {dag.py:3441} INFO - Setting next_dagrun for dataset_produces_1 to 2025-10-19T00:00:00+00:00, run_after=2025-10-20T00:00:00+00:00
[2025-10-20T18:06:46.763+0000] {logging_mixin.py:137} INFO - [2025-10-20T18:06:46.763+0000] {dag.py:3441} INFO - Setting next_dagrun for dataset_produces_2 to None, run_after=None
[2025-10-20T18:06:46.773+0000] {processor.py:175} INFO - Processing /home/airflow/.local/lib/python3.7/site-packages/airflow/example_dags/example_datasets.py took 0.047 seconds
[2025-10-20T18:07:16.936+0000] {processor.py:153} INFO - Started process (PID=1325) to work on /home/airflow/.local/lib/python3.7/site-packages/airflow/example_dags/example_datasets.py
[2025-10-20T18:07:16.936+0000] {processor.py:743} INFO - Processing file /home/airflow/.local/lib/python3.7/site-packages/airflow/example_dags/example_datasets.py for tasks to queue
[2025-10-20T18:07:16.936+0000] {logging_mixin.py:137} INFO - [2025-10-20T18:07:16.936+0000] {dagbag.py:538} INFO - Filling up the DagBag from /home/airflow/.local/lib/python3.7/site-packages/airflow/example_dags/example_datasets.py
[2025-10-20T18:07:16.942+0000] {processor.py:753} INFO - DAG(s) dict_keys(['dataset_consumes_1_never_scheduled', 'dataset_consumes_unknown_never_scheduled', 'dataset_produces_1', 'dataset_consumes_1', 'dataset_produces_2', 'dataset_consumes_1_and_2']) retrieved from /home/airflow/.local/lib/python3.7/site-packages/airflow/example_dags/example_datasets.py
[2025-10-20T18:07:16.955+0000] {logging_mixin.py:137} INFO - [2025-10-20T18:07:16.955+0000] {dag.py:2690} INFO - Sync 6 DAGs
[2025-10-20T18:07:16.964+0000] {logging_mixin.py:137} INFO - [2025-10-20T18:07:16.964+0000] {dag.py:3441} INFO - Setting next_dagrun for dataset_consumes_1 to None, run_after=None
[2025-10-20T18:07:16.965+0000] {logging_mixin.py:137} INFO - [2025-10-20T18:07:16.965+0000] {dag.py:3441} INFO - Setting next_dagrun for dataset_consumes_1_and_2 to None, run_after=None
[2025-10-20T18:07:16.965+0000] {logging_mixin.py:137} INFO - [2025-10-20T18:07:16.965+0000] {dag.py:3441} INFO - Setting next_dagrun for dataset_consumes_1_never_scheduled to None, run_after=None
[2025-10-20T18:07:16.966+0000] {logging_mixin.py:137} INFO - [2025-10-20T18:07:16.966+0000] {dag.py:3441} INFO - Setting next_dagrun for dataset_consumes_unknown_never_scheduled to None, run_after=None
[2025-10-20T18:07:16.967+0000] {logging_mixin.py:137} INFO - [2025-10-20T18:07:16.966+0000] {dag.py:3441} INFO - Setting next_dagrun for dataset_produces_1 to 2025-10-19T00:00:00+00:00, run_after=2025-10-20T00:00:00+00:00
[2025-10-20T18:07:16.967+0000] {logging_mixin.py:137} INFO - [2025-10-20T18:07:16.967+0000] {dag.py:3441} INFO - Setting next_dagrun for dataset_produces_2 to None, run_after=None
[2025-10-20T18:07:16.977+0000] {processor.py:175} INFO - Processing /home/airflow/.local/lib/python3.7/site-packages/airflow/example_dags/example_datasets.py took 0.042 seconds
[2025-10-20T18:07:47.089+0000] {processor.py:153} INFO - Started process (PID=1407) to work on /home/airflow/.local/lib/python3.7/site-packages/airflow/example_dags/example_datasets.py
[2025-10-20T18:07:47.090+0000] {processor.py:743} INFO - Processing file /home/airflow/.local/lib/python3.7/site-packages/airflow/example_dags/example_datasets.py for tasks to queue
[2025-10-20T18:07:47.090+0000] {logging_mixin.py:137} INFO - [2025-10-20T18:07:47.090+0000] {dagbag.py:538} INFO - Filling up the DagBag from /home/airflow/.local/lib/python3.7/site-packages/airflow/example_dags/example_datasets.py
[2025-10-20T18:07:47.097+0000] {processor.py:753} INFO - DAG(s) dict_keys(['dataset_consumes_unknown_never_scheduled', 'dataset_produces_2', 'dataset_consumes_1_never_scheduled', 'dataset_consumes_1', 'dataset_consumes_1_and_2', 'dataset_produces_1']) retrieved from /home/airflow/.local/lib/python3.7/site-packages/airflow/example_dags/example_datasets.py
[2025-10-20T18:07:47.113+0000] {logging_mixin.py:137} INFO - [2025-10-20T18:07:47.113+0000] {dag.py:2690} INFO - Sync 6 DAGs
[2025-10-20T18:07:47.128+0000] {logging_mixin.py:137} INFO - [2025-10-20T18:07:47.128+0000] {dag.py:3441} INFO - Setting next_dagrun for dataset_consumes_1 to None, run_after=None
[2025-10-20T18:07:47.129+0000] {logging_mixin.py:137} INFO - [2025-10-20T18:07:47.129+0000] {dag.py:3441} INFO - Setting next_dagrun for dataset_consumes_1_and_2 to None, run_after=None
[2025-10-20T18:07:47.130+0000] {logging_mixin.py:137} INFO - [2025-10-20T18:07:47.130+0000] {dag.py:3441} INFO - Setting next_dagrun for dataset_consumes_1_never_scheduled to None, run_after=None
[2025-10-20T18:07:47.131+0000] {logging_mixin.py:137} INFO - [2025-10-20T18:07:47.131+0000] {dag.py:3441} INFO - Setting next_dagrun for dataset_consumes_unknown_never_scheduled to None, run_after=None
[2025-10-20T18:07:47.135+0000] {logging_mixin.py:137} INFO - [2025-10-20T18:07:47.135+0000] {dag.py:3441} INFO - Setting next_dagrun for dataset_produces_1 to 2025-10-19T00:00:00+00:00, run_after=2025-10-20T00:00:00+00:00
[2025-10-20T18:07:47.136+0000] {logging_mixin.py:137} INFO - [2025-10-20T18:07:47.136+0000] {dag.py:3441} INFO - Setting next_dagrun for dataset_produces_2 to None, run_after=None
[2025-10-20T18:07:47.181+0000] {processor.py:175} INFO - Processing /home/airflow/.local/lib/python3.7/site-packages/airflow/example_dags/example_datasets.py took 0.094 seconds
[2025-10-20T18:08:17.443+0000] {processor.py:153} INFO - Started process (PID=1491) to work on /home/airflow/.local/lib/python3.7/site-packages/airflow/example_dags/example_datasets.py
[2025-10-20T18:08:17.444+0000] {processor.py:743} INFO - Processing file /home/airflow/.local/lib/python3.7/site-packages/airflow/example_dags/example_datasets.py for tasks to queue
[2025-10-20T18:08:17.444+0000] {logging_mixin.py:137} INFO - [2025-10-20T18:08:17.444+0000] {dagbag.py:538} INFO - Filling up the DagBag from /home/airflow/.local/lib/python3.7/site-packages/airflow/example_dags/example_datasets.py
[2025-10-20T18:08:17.451+0000] {processor.py:753} INFO - DAG(s) dict_keys(['dataset_produces_1', 'dataset_consumes_1_and_2', 'dataset_consumes_unknown_never_scheduled', 'dataset_produces_2', 'dataset_consumes_1_never_scheduled', 'dataset_consumes_1']) retrieved from /home/airflow/.local/lib/python3.7/site-packages/airflow/example_dags/example_datasets.py
[2025-10-20T18:08:17.467+0000] {logging_mixin.py:137} INFO - [2025-10-20T18:08:17.467+0000] {dag.py:2690} INFO - Sync 6 DAGs
[2025-10-20T18:08:17.479+0000] {logging_mixin.py:137} INFO - [2025-10-20T18:08:17.479+0000] {dag.py:3441} INFO - Setting next_dagrun for dataset_consumes_1 to None, run_after=None
[2025-10-20T18:08:17.481+0000] {logging_mixin.py:137} INFO - [2025-10-20T18:08:17.481+0000] {dag.py:3441} INFO - Setting next_dagrun for dataset_consumes_1_and_2 to None, run_after=None
[2025-10-20T18:08:17.481+0000] {logging_mixin.py:137} INFO - [2025-10-20T18:08:17.481+0000] {dag.py:3441} INFO - Setting next_dagrun for dataset_consumes_1_never_scheduled to None, run_after=None
[2025-10-20T18:08:17.482+0000] {logging_mixin.py:137} INFO - [2025-10-20T18:08:17.482+0000] {dag.py:3441} INFO - Setting next_dagrun for dataset_consumes_unknown_never_scheduled to None, run_after=None
[2025-10-20T18:08:17.482+0000] {logging_mixin.py:137} INFO - [2025-10-20T18:08:17.482+0000] {dag.py:3441} INFO - Setting next_dagrun for dataset_produces_1 to 2025-10-19T00:00:00+00:00, run_after=2025-10-20T00:00:00+00:00
[2025-10-20T18:08:17.483+0000] {logging_mixin.py:137} INFO - [2025-10-20T18:08:17.483+0000] {dag.py:3441} INFO - Setting next_dagrun for dataset_produces_2 to None, run_after=None
[2025-10-20T18:08:17.493+0000] {processor.py:175} INFO - Processing /home/airflow/.local/lib/python3.7/site-packages/airflow/example_dags/example_datasets.py took 0.053 seconds
[2025-10-20T18:08:47.711+0000] {processor.py:153} INFO - Started process (PID=1584) to work on /home/airflow/.local/lib/python3.7/site-packages/airflow/example_dags/example_datasets.py
[2025-10-20T18:08:47.712+0000] {processor.py:743} INFO - Processing file /home/airflow/.local/lib/python3.7/site-packages/airflow/example_dags/example_datasets.py for tasks to queue
[2025-10-20T18:08:47.712+0000] {logging_mixin.py:137} INFO - [2025-10-20T18:08:47.712+0000] {dagbag.py:538} INFO - Filling up the DagBag from /home/airflow/.local/lib/python3.7/site-packages/airflow/example_dags/example_datasets.py
[2025-10-20T18:08:47.718+0000] {processor.py:753} INFO - DAG(s) dict_keys(['dataset_consumes_1_and_2', 'dataset_consumes_unknown_never_scheduled', 'dataset_produces_2', 'dataset_produces_1', 'dataset_consumes_1', 'dataset_consumes_1_never_scheduled']) retrieved from /home/airflow/.local/lib/python3.7/site-packages/airflow/example_dags/example_datasets.py
[2025-10-20T18:08:47.732+0000] {logging_mixin.py:137} INFO - [2025-10-20T18:08:47.732+0000] {dag.py:2690} INFO - Sync 6 DAGs
[2025-10-20T18:08:47.742+0000] {logging_mixin.py:137} INFO - [2025-10-20T18:08:47.742+0000] {dag.py:3441} INFO - Setting next_dagrun for dataset_consumes_1 to None, run_after=None
[2025-10-20T18:08:47.744+0000] {logging_mixin.py:137} INFO - [2025-10-20T18:08:47.744+0000] {dag.py:3441} INFO - Setting next_dagrun for dataset_consumes_1_and_2 to None, run_after=None
[2025-10-20T18:08:47.745+0000] {logging_mixin.py:137} INFO - [2025-10-20T18:08:47.745+0000] {dag.py:3441} INFO - Setting next_dagrun for dataset_consumes_1_never_scheduled to None, run_after=None
[2025-10-20T18:08:47.745+0000] {logging_mixin.py:137} INFO - [2025-10-20T18:08:47.745+0000] {dag.py:3441} INFO - Setting next_dagrun for dataset_consumes_unknown_never_scheduled to None, run_after=None
[2025-10-20T18:08:47.746+0000] {logging_mixin.py:137} INFO - [2025-10-20T18:08:47.746+0000] {dag.py:3441} INFO - Setting next_dagrun for dataset_produces_1 to 2025-10-19T00:00:00+00:00, run_after=2025-10-20T00:00:00+00:00
[2025-10-20T18:08:47.746+0000] {logging_mixin.py:137} INFO - [2025-10-20T18:08:47.746+0000] {dag.py:3441} INFO - Setting next_dagrun for dataset_produces_2 to None, run_after=None
[2025-10-20T18:08:47.757+0000] {processor.py:175} INFO - Processing /home/airflow/.local/lib/python3.7/site-packages/airflow/example_dags/example_datasets.py took 0.047 seconds
