[2025-10-20T18:00:11.591+0000] {processor.py:153} INFO - Started process (PID=66) to work on /home/airflow/.local/lib/python3.7/site-packages/airflow/example_dags/example_sensors.py
[2025-10-20T18:00:11.592+0000] {processor.py:743} INFO - Processing file /home/airflow/.local/lib/python3.7/site-packages/airflow/example_dags/example_sensors.py for tasks to queue
[2025-10-20T18:00:11.592+0000] {logging_mixin.py:137} INFO - [2025-10-20T18:00:11.592+0000] {dagbag.py:538} INFO - Filling up the DagBag from /home/airflow/.local/lib/python3.7/site-packages/airflow/example_dags/example_sensors.py
[2025-10-20T18:00:11.608+0000] {processor.py:753} INFO - DAG(s) dict_keys(['example_sensors']) retrieved from /home/airflow/.local/lib/python3.7/site-packages/airflow/example_dags/example_sensors.py
[2025-10-20T18:00:11.615+0000] {logging_mixin.py:137} INFO - [2025-10-20T18:00:11.615+0000] {dag.py:2690} INFO - Sync 1 DAGs
[2025-10-20T18:00:11.625+0000] {logging_mixin.py:137} INFO - [2025-10-20T18:00:11.625+0000] {dag.py:3441} INFO - Setting next_dagrun for example_sensors to None, run_after=None
[2025-10-20T18:00:11.637+0000] {processor.py:175} INFO - Processing /home/airflow/.local/lib/python3.7/site-packages/airflow/example_dags/example_sensors.py took 0.049 seconds
[2025-10-20T18:00:41.909+0000] {processor.py:153} INFO - Started process (PID=159) to work on /home/airflow/.local/lib/python3.7/site-packages/airflow/example_dags/example_sensors.py
[2025-10-20T18:00:41.909+0000] {processor.py:743} INFO - Processing file /home/airflow/.local/lib/python3.7/site-packages/airflow/example_dags/example_sensors.py for tasks to queue
[2025-10-20T18:00:41.909+0000] {logging_mixin.py:137} INFO - [2025-10-20T18:00:41.909+0000] {dagbag.py:538} INFO - Filling up the DagBag from /home/airflow/.local/lib/python3.7/site-packages/airflow/example_dags/example_sensors.py
[2025-10-20T18:00:41.916+0000] {processor.py:753} INFO - DAG(s) dict_keys(['example_sensors']) retrieved from /home/airflow/.local/lib/python3.7/site-packages/airflow/example_dags/example_sensors.py
[2025-10-20T18:00:41.927+0000] {logging_mixin.py:137} INFO - [2025-10-20T18:00:41.927+0000] {dag.py:2690} INFO - Sync 1 DAGs
[2025-10-20T18:00:41.937+0000] {logging_mixin.py:137} INFO - [2025-10-20T18:00:41.937+0000] {dag.py:3441} INFO - Setting next_dagrun for example_sensors to None, run_after=None
[2025-10-20T18:00:41.944+0000] {processor.py:175} INFO - Processing /home/airflow/.local/lib/python3.7/site-packages/airflow/example_dags/example_sensors.py took 0.036 seconds
[2025-10-20T18:01:12.455+0000] {processor.py:153} INFO - Started process (PID=252) to work on /home/airflow/.local/lib/python3.7/site-packages/airflow/example_dags/example_sensors.py
[2025-10-20T18:01:12.456+0000] {processor.py:743} INFO - Processing file /home/airflow/.local/lib/python3.7/site-packages/airflow/example_dags/example_sensors.py for tasks to queue
[2025-10-20T18:01:12.456+0000] {logging_mixin.py:137} INFO - [2025-10-20T18:01:12.456+0000] {dagbag.py:538} INFO - Filling up the DagBag from /home/airflow/.local/lib/python3.7/site-packages/airflow/example_dags/example_sensors.py
[2025-10-20T18:01:12.464+0000] {processor.py:753} INFO - DAG(s) dict_keys(['example_sensors']) retrieved from /home/airflow/.local/lib/python3.7/site-packages/airflow/example_dags/example_sensors.py
[2025-10-20T18:01:12.476+0000] {logging_mixin.py:137} INFO - [2025-10-20T18:01:12.476+0000] {dag.py:2690} INFO - Sync 1 DAGs
[2025-10-20T18:01:12.488+0000] {logging_mixin.py:137} INFO - [2025-10-20T18:01:12.488+0000] {dag.py:3441} INFO - Setting next_dagrun for example_sensors to None, run_after=None
[2025-10-20T18:01:12.497+0000] {processor.py:175} INFO - Processing /home/airflow/.local/lib/python3.7/site-packages/airflow/example_dags/example_sensors.py took 0.043 seconds
[2025-10-20T18:01:42.733+0000] {processor.py:153} INFO - Started process (PID=327) to work on /home/airflow/.local/lib/python3.7/site-packages/airflow/example_dags/example_sensors.py
[2025-10-20T18:01:42.734+0000] {processor.py:743} INFO - Processing file /home/airflow/.local/lib/python3.7/site-packages/airflow/example_dags/example_sensors.py for tasks to queue
[2025-10-20T18:01:42.734+0000] {logging_mixin.py:137} INFO - [2025-10-20T18:01:42.734+0000] {dagbag.py:538} INFO - Filling up the DagBag from /home/airflow/.local/lib/python3.7/site-packages/airflow/example_dags/example_sensors.py
[2025-10-20T18:01:42.741+0000] {processor.py:753} INFO - DAG(s) dict_keys(['example_sensors']) retrieved from /home/airflow/.local/lib/python3.7/site-packages/airflow/example_dags/example_sensors.py
[2025-10-20T18:01:42.752+0000] {logging_mixin.py:137} INFO - [2025-10-20T18:01:42.752+0000] {dag.py:2690} INFO - Sync 1 DAGs
[2025-10-20T18:01:42.761+0000] {logging_mixin.py:137} INFO - [2025-10-20T18:01:42.761+0000] {dag.py:3441} INFO - Setting next_dagrun for example_sensors to None, run_after=None
[2025-10-20T18:01:42.767+0000] {processor.py:175} INFO - Processing /home/airflow/.local/lib/python3.7/site-packages/airflow/example_dags/example_sensors.py took 0.035 seconds
[2025-10-20T18:02:12.960+0000] {processor.py:153} INFO - Started process (PID=420) to work on /home/airflow/.local/lib/python3.7/site-packages/airflow/example_dags/example_sensors.py
[2025-10-20T18:02:12.960+0000] {processor.py:743} INFO - Processing file /home/airflow/.local/lib/python3.7/site-packages/airflow/example_dags/example_sensors.py for tasks to queue
[2025-10-20T18:02:12.961+0000] {logging_mixin.py:137} INFO - [2025-10-20T18:02:12.961+0000] {dagbag.py:538} INFO - Filling up the DagBag from /home/airflow/.local/lib/python3.7/site-packages/airflow/example_dags/example_sensors.py
[2025-10-20T18:02:12.969+0000] {processor.py:753} INFO - DAG(s) dict_keys(['example_sensors']) retrieved from /home/airflow/.local/lib/python3.7/site-packages/airflow/example_dags/example_sensors.py
[2025-10-20T18:02:12.979+0000] {logging_mixin.py:137} INFO - [2025-10-20T18:02:12.979+0000] {dag.py:2690} INFO - Sync 1 DAGs
[2025-10-20T18:02:12.988+0000] {logging_mixin.py:137} INFO - [2025-10-20T18:02:12.988+0000] {dag.py:3441} INFO - Setting next_dagrun for example_sensors to None, run_after=None
[2025-10-20T18:02:12.994+0000] {processor.py:175} INFO - Processing /home/airflow/.local/lib/python3.7/site-packages/airflow/example_dags/example_sensors.py took 0.036 seconds
[2025-10-20T18:02:43.117+0000] {processor.py:153} INFO - Started process (PID=513) to work on /home/airflow/.local/lib/python3.7/site-packages/airflow/example_dags/example_sensors.py
[2025-10-20T18:02:43.117+0000] {processor.py:743} INFO - Processing file /home/airflow/.local/lib/python3.7/site-packages/airflow/example_dags/example_sensors.py for tasks to queue
[2025-10-20T18:02:43.118+0000] {logging_mixin.py:137} INFO - [2025-10-20T18:02:43.118+0000] {dagbag.py:538} INFO - Filling up the DagBag from /home/airflow/.local/lib/python3.7/site-packages/airflow/example_dags/example_sensors.py
[2025-10-20T18:02:43.124+0000] {processor.py:753} INFO - DAG(s) dict_keys(['example_sensors']) retrieved from /home/airflow/.local/lib/python3.7/site-packages/airflow/example_dags/example_sensors.py
[2025-10-20T18:02:43.134+0000] {logging_mixin.py:137} INFO - [2025-10-20T18:02:43.134+0000] {dag.py:2690} INFO - Sync 1 DAGs
[2025-10-20T18:02:43.142+0000] {logging_mixin.py:137} INFO - [2025-10-20T18:02:43.142+0000] {dag.py:3441} INFO - Setting next_dagrun for example_sensors to None, run_after=None
[2025-10-20T18:02:43.148+0000] {processor.py:175} INFO - Processing /home/airflow/.local/lib/python3.7/site-packages/airflow/example_dags/example_sensors.py took 0.032 seconds
[2025-10-20T18:03:13.457+0000] {processor.py:153} INFO - Started process (PID=605) to work on /home/airflow/.local/lib/python3.7/site-packages/airflow/example_dags/example_sensors.py
[2025-10-20T18:03:13.458+0000] {processor.py:743} INFO - Processing file /home/airflow/.local/lib/python3.7/site-packages/airflow/example_dags/example_sensors.py for tasks to queue
[2025-10-20T18:03:13.458+0000] {logging_mixin.py:137} INFO - [2025-10-20T18:03:13.458+0000] {dagbag.py:538} INFO - Filling up the DagBag from /home/airflow/.local/lib/python3.7/site-packages/airflow/example_dags/example_sensors.py
[2025-10-20T18:03:13.466+0000] {processor.py:753} INFO - DAG(s) dict_keys(['example_sensors']) retrieved from /home/airflow/.local/lib/python3.7/site-packages/airflow/example_dags/example_sensors.py
[2025-10-20T18:03:13.476+0000] {logging_mixin.py:137} INFO - [2025-10-20T18:03:13.476+0000] {dag.py:2690} INFO - Sync 1 DAGs
[2025-10-20T18:03:13.484+0000] {logging_mixin.py:137} INFO - [2025-10-20T18:03:13.484+0000] {dag.py:3441} INFO - Setting next_dagrun for example_sensors to None, run_after=None
[2025-10-20T18:03:13.490+0000] {processor.py:175} INFO - Processing /home/airflow/.local/lib/python3.7/site-packages/airflow/example_dags/example_sensors.py took 0.034 seconds
[2025-10-20T18:03:43.669+0000] {processor.py:153} INFO - Started process (PID=680) to work on /home/airflow/.local/lib/python3.7/site-packages/airflow/example_dags/example_sensors.py
[2025-10-20T18:03:43.669+0000] {processor.py:743} INFO - Processing file /home/airflow/.local/lib/python3.7/site-packages/airflow/example_dags/example_sensors.py for tasks to queue
[2025-10-20T18:03:43.670+0000] {logging_mixin.py:137} INFO - [2025-10-20T18:03:43.670+0000] {dagbag.py:538} INFO - Filling up the DagBag from /home/airflow/.local/lib/python3.7/site-packages/airflow/example_dags/example_sensors.py
[2025-10-20T18:03:43.678+0000] {processor.py:753} INFO - DAG(s) dict_keys(['example_sensors']) retrieved from /home/airflow/.local/lib/python3.7/site-packages/airflow/example_dags/example_sensors.py
[2025-10-20T18:03:43.688+0000] {logging_mixin.py:137} INFO - [2025-10-20T18:03:43.688+0000] {dag.py:2690} INFO - Sync 1 DAGs
[2025-10-20T18:03:43.697+0000] {logging_mixin.py:137} INFO - [2025-10-20T18:03:43.697+0000] {dag.py:3441} INFO - Setting next_dagrun for example_sensors to None, run_after=None
[2025-10-20T18:03:43.703+0000] {processor.py:175} INFO - Processing /home/airflow/.local/lib/python3.7/site-packages/airflow/example_dags/example_sensors.py took 0.035 seconds
[2025-10-20T18:04:13.909+0000] {processor.py:153} INFO - Started process (PID=773) to work on /home/airflow/.local/lib/python3.7/site-packages/airflow/example_dags/example_sensors.py
[2025-10-20T18:04:13.909+0000] {processor.py:743} INFO - Processing file /home/airflow/.local/lib/python3.7/site-packages/airflow/example_dags/example_sensors.py for tasks to queue
[2025-10-20T18:04:13.910+0000] {logging_mixin.py:137} INFO - [2025-10-20T18:04:13.909+0000] {dagbag.py:538} INFO - Filling up the DagBag from /home/airflow/.local/lib/python3.7/site-packages/airflow/example_dags/example_sensors.py
[2025-10-20T18:04:13.917+0000] {processor.py:753} INFO - DAG(s) dict_keys(['example_sensors']) retrieved from /home/airflow/.local/lib/python3.7/site-packages/airflow/example_dags/example_sensors.py
[2025-10-20T18:04:13.927+0000] {logging_mixin.py:137} INFO - [2025-10-20T18:04:13.927+0000] {dag.py:2690} INFO - Sync 1 DAGs
[2025-10-20T18:04:13.935+0000] {logging_mixin.py:137} INFO - [2025-10-20T18:04:13.935+0000] {dag.py:3441} INFO - Setting next_dagrun for example_sensors to None, run_after=None
[2025-10-20T18:04:13.941+0000] {processor.py:175} INFO - Processing /home/airflow/.local/lib/python3.7/site-packages/airflow/example_dags/example_sensors.py took 0.034 seconds
[2025-10-20T18:04:44.180+0000] {processor.py:153} INFO - Started process (PID=866) to work on /home/airflow/.local/lib/python3.7/site-packages/airflow/example_dags/example_sensors.py
[2025-10-20T18:04:44.181+0000] {processor.py:743} INFO - Processing file /home/airflow/.local/lib/python3.7/site-packages/airflow/example_dags/example_sensors.py for tasks to queue
[2025-10-20T18:04:44.181+0000] {logging_mixin.py:137} INFO - [2025-10-20T18:04:44.181+0000] {dagbag.py:538} INFO - Filling up the DagBag from /home/airflow/.local/lib/python3.7/site-packages/airflow/example_dags/example_sensors.py
[2025-10-20T18:04:44.187+0000] {processor.py:753} INFO - DAG(s) dict_keys(['example_sensors']) retrieved from /home/airflow/.local/lib/python3.7/site-packages/airflow/example_dags/example_sensors.py
[2025-10-20T18:04:44.197+0000] {logging_mixin.py:137} INFO - [2025-10-20T18:04:44.196+0000] {dag.py:2690} INFO - Sync 1 DAGs
[2025-10-20T18:04:44.205+0000] {logging_mixin.py:137} INFO - [2025-10-20T18:04:44.205+0000] {dag.py:3441} INFO - Setting next_dagrun for example_sensors to None, run_after=None
[2025-10-20T18:04:44.210+0000] {processor.py:175} INFO - Processing /home/airflow/.local/lib/python3.7/site-packages/airflow/example_dags/example_sensors.py took 0.031 seconds
[2025-10-20T18:05:14.385+0000] {processor.py:153} INFO - Started process (PID=959) to work on /home/airflow/.local/lib/python3.7/site-packages/airflow/example_dags/example_sensors.py
[2025-10-20T18:05:14.386+0000] {processor.py:743} INFO - Processing file /home/airflow/.local/lib/python3.7/site-packages/airflow/example_dags/example_sensors.py for tasks to queue
[2025-10-20T18:05:14.386+0000] {logging_mixin.py:137} INFO - [2025-10-20T18:05:14.386+0000] {dagbag.py:538} INFO - Filling up the DagBag from /home/airflow/.local/lib/python3.7/site-packages/airflow/example_dags/example_sensors.py
[2025-10-20T18:05:14.393+0000] {processor.py:753} INFO - DAG(s) dict_keys(['example_sensors']) retrieved from /home/airflow/.local/lib/python3.7/site-packages/airflow/example_dags/example_sensors.py
[2025-10-20T18:05:14.405+0000] {logging_mixin.py:137} INFO - [2025-10-20T18:05:14.405+0000] {dag.py:2690} INFO - Sync 1 DAGs
[2025-10-20T18:05:14.414+0000] {logging_mixin.py:137} INFO - [2025-10-20T18:05:14.414+0000] {dag.py:3441} INFO - Setting next_dagrun for example_sensors to None, run_after=None
[2025-10-20T18:05:14.420+0000] {processor.py:175} INFO - Processing /home/airflow/.local/lib/python3.7/site-packages/airflow/example_dags/example_sensors.py took 0.036 seconds
[2025-10-20T18:05:45.174+0000] {processor.py:153} INFO - Started process (PID=1041) to work on /home/airflow/.local/lib/python3.7/site-packages/airflow/example_dags/example_sensors.py
[2025-10-20T18:05:45.175+0000] {processor.py:743} INFO - Processing file /home/airflow/.local/lib/python3.7/site-packages/airflow/example_dags/example_sensors.py for tasks to queue
[2025-10-20T18:05:45.176+0000] {logging_mixin.py:137} INFO - [2025-10-20T18:05:45.176+0000] {dagbag.py:538} INFO - Filling up the DagBag from /home/airflow/.local/lib/python3.7/site-packages/airflow/example_dags/example_sensors.py
[2025-10-20T18:05:45.191+0000] {processor.py:753} INFO - DAG(s) dict_keys(['example_sensors']) retrieved from /home/airflow/.local/lib/python3.7/site-packages/airflow/example_dags/example_sensors.py
[2025-10-20T18:05:45.225+0000] {logging_mixin.py:137} INFO - [2025-10-20T18:05:45.225+0000] {dag.py:2690} INFO - Sync 1 DAGs
[2025-10-20T18:05:45.249+0000] {logging_mixin.py:137} INFO - [2025-10-20T18:05:45.249+0000] {dag.py:3441} INFO - Setting next_dagrun for example_sensors to None, run_after=None
[2025-10-20T18:05:45.279+0000] {processor.py:175} INFO - Processing /home/airflow/.local/lib/python3.7/site-packages/airflow/example_dags/example_sensors.py took 0.108 seconds
[2025-10-20T18:06:16.112+0000] {processor.py:153} INFO - Started process (PID=1127) to work on /home/airflow/.local/lib/python3.7/site-packages/airflow/example_dags/example_sensors.py
[2025-10-20T18:06:16.112+0000] {processor.py:743} INFO - Processing file /home/airflow/.local/lib/python3.7/site-packages/airflow/example_dags/example_sensors.py for tasks to queue
[2025-10-20T18:06:16.113+0000] {logging_mixin.py:137} INFO - [2025-10-20T18:06:16.113+0000] {dagbag.py:538} INFO - Filling up the DagBag from /home/airflow/.local/lib/python3.7/site-packages/airflow/example_dags/example_sensors.py
[2025-10-20T18:06:16.120+0000] {processor.py:753} INFO - DAG(s) dict_keys(['example_sensors']) retrieved from /home/airflow/.local/lib/python3.7/site-packages/airflow/example_dags/example_sensors.py
[2025-10-20T18:06:16.131+0000] {logging_mixin.py:137} INFO - [2025-10-20T18:06:16.131+0000] {dag.py:2690} INFO - Sync 1 DAGs
[2025-10-20T18:06:16.142+0000] {logging_mixin.py:137} INFO - [2025-10-20T18:06:16.142+0000] {dag.py:3441} INFO - Setting next_dagrun for example_sensors to None, run_after=None
[2025-10-20T18:06:16.148+0000] {processor.py:175} INFO - Processing /home/airflow/.local/lib/python3.7/site-packages/airflow/example_dags/example_sensors.py took 0.038 seconds
[2025-10-20T18:06:46.487+0000] {processor.py:153} INFO - Started process (PID=1220) to work on /home/airflow/.local/lib/python3.7/site-packages/airflow/example_dags/example_sensors.py
[2025-10-20T18:06:46.487+0000] {processor.py:743} INFO - Processing file /home/airflow/.local/lib/python3.7/site-packages/airflow/example_dags/example_sensors.py for tasks to queue
[2025-10-20T18:06:46.487+0000] {logging_mixin.py:137} INFO - [2025-10-20T18:06:46.487+0000] {dagbag.py:538} INFO - Filling up the DagBag from /home/airflow/.local/lib/python3.7/site-packages/airflow/example_dags/example_sensors.py
[2025-10-20T18:06:46.495+0000] {processor.py:753} INFO - DAG(s) dict_keys(['example_sensors']) retrieved from /home/airflow/.local/lib/python3.7/site-packages/airflow/example_dags/example_sensors.py
[2025-10-20T18:06:46.505+0000] {logging_mixin.py:137} INFO - [2025-10-20T18:06:46.505+0000] {dag.py:2690} INFO - Sync 1 DAGs
[2025-10-20T18:06:46.515+0000] {logging_mixin.py:137} INFO - [2025-10-20T18:06:46.515+0000] {dag.py:3441} INFO - Setting next_dagrun for example_sensors to None, run_after=None
[2025-10-20T18:06:46.521+0000] {processor.py:175} INFO - Processing /home/airflow/.local/lib/python3.7/site-packages/airflow/example_dags/example_sensors.py took 0.036 seconds
[2025-10-20T18:07:16.683+0000] {processor.py:153} INFO - Started process (PID=1313) to work on /home/airflow/.local/lib/python3.7/site-packages/airflow/example_dags/example_sensors.py
[2025-10-20T18:07:16.683+0000] {processor.py:743} INFO - Processing file /home/airflow/.local/lib/python3.7/site-packages/airflow/example_dags/example_sensors.py for tasks to queue
[2025-10-20T18:07:16.683+0000] {logging_mixin.py:137} INFO - [2025-10-20T18:07:16.683+0000] {dagbag.py:538} INFO - Filling up the DagBag from /home/airflow/.local/lib/python3.7/site-packages/airflow/example_dags/example_sensors.py
[2025-10-20T18:07:16.691+0000] {processor.py:753} INFO - DAG(s) dict_keys(['example_sensors']) retrieved from /home/airflow/.local/lib/python3.7/site-packages/airflow/example_dags/example_sensors.py
[2025-10-20T18:07:16.702+0000] {logging_mixin.py:137} INFO - [2025-10-20T18:07:16.702+0000] {dag.py:2690} INFO - Sync 1 DAGs
[2025-10-20T18:07:16.710+0000] {logging_mixin.py:137} INFO - [2025-10-20T18:07:16.710+0000] {dag.py:3441} INFO - Setting next_dagrun for example_sensors to None, run_after=None
[2025-10-20T18:07:16.718+0000] {processor.py:175} INFO - Processing /home/airflow/.local/lib/python3.7/site-packages/airflow/example_dags/example_sensors.py took 0.036 seconds
[2025-10-20T18:07:46.822+0000] {processor.py:153} INFO - Started process (PID=1395) to work on /home/airflow/.local/lib/python3.7/site-packages/airflow/example_dags/example_sensors.py
[2025-10-20T18:07:46.822+0000] {processor.py:743} INFO - Processing file /home/airflow/.local/lib/python3.7/site-packages/airflow/example_dags/example_sensors.py for tasks to queue
[2025-10-20T18:07:46.822+0000] {logging_mixin.py:137} INFO - [2025-10-20T18:07:46.822+0000] {dagbag.py:538} INFO - Filling up the DagBag from /home/airflow/.local/lib/python3.7/site-packages/airflow/example_dags/example_sensors.py
[2025-10-20T18:07:46.830+0000] {processor.py:753} INFO - DAG(s) dict_keys(['example_sensors']) retrieved from /home/airflow/.local/lib/python3.7/site-packages/airflow/example_dags/example_sensors.py
[2025-10-20T18:07:46.843+0000] {logging_mixin.py:137} INFO - [2025-10-20T18:07:46.843+0000] {dag.py:2690} INFO - Sync 1 DAGs
[2025-10-20T18:07:46.854+0000] {logging_mixin.py:137} INFO - [2025-10-20T18:07:46.854+0000] {dag.py:3441} INFO - Setting next_dagrun for example_sensors to None, run_after=None
[2025-10-20T18:07:46.862+0000] {processor.py:175} INFO - Processing /home/airflow/.local/lib/python3.7/site-packages/airflow/example_dags/example_sensors.py took 0.042 seconds
[2025-10-20T18:08:17.130+0000] {processor.py:153} INFO - Started process (PID=1481) to work on /home/airflow/.local/lib/python3.7/site-packages/airflow/example_dags/example_sensors.py
[2025-10-20T18:08:17.131+0000] {processor.py:743} INFO - Processing file /home/airflow/.local/lib/python3.7/site-packages/airflow/example_dags/example_sensors.py for tasks to queue
[2025-10-20T18:08:17.131+0000] {logging_mixin.py:137} INFO - [2025-10-20T18:08:17.131+0000] {dagbag.py:538} INFO - Filling up the DagBag from /home/airflow/.local/lib/python3.7/site-packages/airflow/example_dags/example_sensors.py
[2025-10-20T18:08:17.139+0000] {processor.py:753} INFO - DAG(s) dict_keys(['example_sensors']) retrieved from /home/airflow/.local/lib/python3.7/site-packages/airflow/example_dags/example_sensors.py
[2025-10-20T18:08:17.151+0000] {logging_mixin.py:137} INFO - [2025-10-20T18:08:17.151+0000] {dag.py:2690} INFO - Sync 1 DAGs
[2025-10-20T18:08:17.160+0000] {logging_mixin.py:137} INFO - [2025-10-20T18:08:17.160+0000] {dag.py:3441} INFO - Setting next_dagrun for example_sensors to None, run_after=None
[2025-10-20T18:08:17.166+0000] {processor.py:175} INFO - Processing /home/airflow/.local/lib/python3.7/site-packages/airflow/example_dags/example_sensors.py took 0.038 seconds
[2025-10-20T18:08:47.454+0000] {processor.py:153} INFO - Started process (PID=1574) to work on /home/airflow/.local/lib/python3.7/site-packages/airflow/example_dags/example_sensors.py
[2025-10-20T18:08:47.454+0000] {processor.py:743} INFO - Processing file /home/airflow/.local/lib/python3.7/site-packages/airflow/example_dags/example_sensors.py for tasks to queue
[2025-10-20T18:08:47.455+0000] {logging_mixin.py:137} INFO - [2025-10-20T18:08:47.455+0000] {dagbag.py:538} INFO - Filling up the DagBag from /home/airflow/.local/lib/python3.7/site-packages/airflow/example_dags/example_sensors.py
[2025-10-20T18:08:47.463+0000] {processor.py:753} INFO - DAG(s) dict_keys(['example_sensors']) retrieved from /home/airflow/.local/lib/python3.7/site-packages/airflow/example_dags/example_sensors.py
[2025-10-20T18:08:47.475+0000] {logging_mixin.py:137} INFO - [2025-10-20T18:08:47.475+0000] {dag.py:2690} INFO - Sync 1 DAGs
[2025-10-20T18:08:47.483+0000] {logging_mixin.py:137} INFO - [2025-10-20T18:08:47.483+0000] {dag.py:3441} INFO - Setting next_dagrun for example_sensors to None, run_after=None
[2025-10-20T18:08:47.493+0000] {processor.py:175} INFO - Processing /home/airflow/.local/lib/python3.7/site-packages/airflow/example_dags/example_sensors.py took 0.040 seconds
