[2025-10-20T18:00:11.651+0000] {processor.py:153} INFO - Started process (PID=68) to work on /home/airflow/.local/lib/python3.7/site-packages/airflow/example_dags/example_bash_operator.py
[2025-10-20T18:00:11.652+0000] {processor.py:743} INFO - Processing file /home/airflow/.local/lib/python3.7/site-packages/airflow/example_dags/example_bash_operator.py for tasks to queue
[2025-10-20T18:00:11.653+0000] {logging_mixin.py:137} INFO - [2025-10-20T18:00:11.653+0000] {dagbag.py:538} INFO - Filling up the DagBag from /home/airflow/.local/lib/python3.7/site-packages/airflow/example_dags/example_bash_operator.py
[2025-10-20T18:00:11.669+0000] {processor.py:753} INFO - DAG(s) dict_keys(['example_bash_operator']) retrieved from /home/airflow/.local/lib/python3.7/site-packages/airflow/example_dags/example_bash_operator.py
[2025-10-20T18:00:11.677+0000] {logging_mixin.py:137} INFO - [2025-10-20T18:00:11.677+0000] {dag.py:2690} INFO - Sync 1 DAGs
[2025-10-20T18:00:11.690+0000] {logging_mixin.py:137} INFO - [2025-10-20T18:00:11.690+0000] {dag.py:3441} INFO - Setting next_dagrun for example_bash_operator to 2025-10-19T00:00:00+00:00, run_after=2025-10-20T00:00:00+00:00
[2025-10-20T18:00:11.699+0000] {processor.py:175} INFO - Processing /home/airflow/.local/lib/python3.7/site-packages/airflow/example_dags/example_bash_operator.py took 0.051 seconds
[2025-10-20T18:00:41.952+0000] {processor.py:153} INFO - Started process (PID=161) to work on /home/airflow/.local/lib/python3.7/site-packages/airflow/example_dags/example_bash_operator.py
[2025-10-20T18:00:41.952+0000] {processor.py:743} INFO - Processing file /home/airflow/.local/lib/python3.7/site-packages/airflow/example_dags/example_bash_operator.py for tasks to queue
[2025-10-20T18:00:41.952+0000] {logging_mixin.py:137} INFO - [2025-10-20T18:00:41.952+0000] {dagbag.py:538} INFO - Filling up the DagBag from /home/airflow/.local/lib/python3.7/site-packages/airflow/example_dags/example_bash_operator.py
[2025-10-20T18:00:41.961+0000] {processor.py:753} INFO - DAG(s) dict_keys(['example_bash_operator']) retrieved from /home/airflow/.local/lib/python3.7/site-packages/airflow/example_dags/example_bash_operator.py
[2025-10-20T18:00:41.974+0000] {logging_mixin.py:137} INFO - [2025-10-20T18:00:41.974+0000] {dag.py:2690} INFO - Sync 1 DAGs
[2025-10-20T18:00:41.984+0000] {logging_mixin.py:137} INFO - [2025-10-20T18:00:41.984+0000] {dag.py:3441} INFO - Setting next_dagrun for example_bash_operator to 2025-10-19T00:00:00+00:00, run_after=2025-10-20T00:00:00+00:00
[2025-10-20T18:00:41.991+0000] {processor.py:175} INFO - Processing /home/airflow/.local/lib/python3.7/site-packages/airflow/example_dags/example_bash_operator.py took 0.040 seconds
[2025-10-20T18:01:12.508+0000] {processor.py:153} INFO - Started process (PID=254) to work on /home/airflow/.local/lib/python3.7/site-packages/airflow/example_dags/example_bash_operator.py
[2025-10-20T18:01:12.509+0000] {processor.py:743} INFO - Processing file /home/airflow/.local/lib/python3.7/site-packages/airflow/example_dags/example_bash_operator.py for tasks to queue
[2025-10-20T18:01:12.509+0000] {logging_mixin.py:137} INFO - [2025-10-20T18:01:12.509+0000] {dagbag.py:538} INFO - Filling up the DagBag from /home/airflow/.local/lib/python3.7/site-packages/airflow/example_dags/example_bash_operator.py
[2025-10-20T18:01:12.519+0000] {processor.py:753} INFO - DAG(s) dict_keys(['example_bash_operator']) retrieved from /home/airflow/.local/lib/python3.7/site-packages/airflow/example_dags/example_bash_operator.py
[2025-10-20T18:01:12.535+0000] {logging_mixin.py:137} INFO - [2025-10-20T18:01:12.535+0000] {dag.py:2690} INFO - Sync 1 DAGs
[2025-10-20T18:01:12.546+0000] {logging_mixin.py:137} INFO - [2025-10-20T18:01:12.546+0000] {dag.py:3441} INFO - Setting next_dagrun for example_bash_operator to 2025-10-19T00:00:00+00:00, run_after=2025-10-20T00:00:00+00:00
[2025-10-20T18:01:12.553+0000] {processor.py:175} INFO - Processing /home/airflow/.local/lib/python3.7/site-packages/airflow/example_dags/example_bash_operator.py took 0.047 seconds
[2025-10-20T18:01:42.775+0000] {processor.py:153} INFO - Started process (PID=329) to work on /home/airflow/.local/lib/python3.7/site-packages/airflow/example_dags/example_bash_operator.py
[2025-10-20T18:01:42.775+0000] {processor.py:743} INFO - Processing file /home/airflow/.local/lib/python3.7/site-packages/airflow/example_dags/example_bash_operator.py for tasks to queue
[2025-10-20T18:01:42.775+0000] {logging_mixin.py:137} INFO - [2025-10-20T18:01:42.775+0000] {dagbag.py:538} INFO - Filling up the DagBag from /home/airflow/.local/lib/python3.7/site-packages/airflow/example_dags/example_bash_operator.py
[2025-10-20T18:01:42.783+0000] {processor.py:753} INFO - DAG(s) dict_keys(['example_bash_operator']) retrieved from /home/airflow/.local/lib/python3.7/site-packages/airflow/example_dags/example_bash_operator.py
[2025-10-20T18:01:42.797+0000] {logging_mixin.py:137} INFO - [2025-10-20T18:01:42.797+0000] {dag.py:2690} INFO - Sync 1 DAGs
[2025-10-20T18:01:42.807+0000] {logging_mixin.py:137} INFO - [2025-10-20T18:01:42.807+0000] {dag.py:3441} INFO - Setting next_dagrun for example_bash_operator to 2025-10-19T00:00:00+00:00, run_after=2025-10-20T00:00:00+00:00
[2025-10-20T18:01:42.813+0000] {processor.py:175} INFO - Processing /home/airflow/.local/lib/python3.7/site-packages/airflow/example_dags/example_bash_operator.py took 0.040 seconds
[2025-10-20T18:02:13.003+0000] {processor.py:153} INFO - Started process (PID=422) to work on /home/airflow/.local/lib/python3.7/site-packages/airflow/example_dags/example_bash_operator.py
[2025-10-20T18:02:13.004+0000] {processor.py:743} INFO - Processing file /home/airflow/.local/lib/python3.7/site-packages/airflow/example_dags/example_bash_operator.py for tasks to queue
[2025-10-20T18:02:13.004+0000] {logging_mixin.py:137} INFO - [2025-10-20T18:02:13.004+0000] {dagbag.py:538} INFO - Filling up the DagBag from /home/airflow/.local/lib/python3.7/site-packages/airflow/example_dags/example_bash_operator.py
[2025-10-20T18:02:13.012+0000] {processor.py:753} INFO - DAG(s) dict_keys(['example_bash_operator']) retrieved from /home/airflow/.local/lib/python3.7/site-packages/airflow/example_dags/example_bash_operator.py
[2025-10-20T18:02:13.025+0000] {logging_mixin.py:137} INFO - [2025-10-20T18:02:13.025+0000] {dag.py:2690} INFO - Sync 1 DAGs
[2025-10-20T18:02:13.035+0000] {logging_mixin.py:137} INFO - [2025-10-20T18:02:13.035+0000] {dag.py:3441} INFO - Setting next_dagrun for example_bash_operator to 2025-10-19T00:00:00+00:00, run_after=2025-10-20T00:00:00+00:00
[2025-10-20T18:02:13.041+0000] {processor.py:175} INFO - Processing /home/airflow/.local/lib/python3.7/site-packages/airflow/example_dags/example_bash_operator.py took 0.039 seconds
[2025-10-20T18:02:43.193+0000] {processor.py:153} INFO - Started process (PID=515) to work on /home/airflow/.local/lib/python3.7/site-packages/airflow/example_dags/example_bash_operator.py
[2025-10-20T18:02:43.193+0000] {processor.py:743} INFO - Processing file /home/airflow/.local/lib/python3.7/site-packages/airflow/example_dags/example_bash_operator.py for tasks to queue
[2025-10-20T18:02:43.193+0000] {logging_mixin.py:137} INFO - [2025-10-20T18:02:43.193+0000] {dagbag.py:538} INFO - Filling up the DagBag from /home/airflow/.local/lib/python3.7/site-packages/airflow/example_dags/example_bash_operator.py
[2025-10-20T18:02:43.201+0000] {processor.py:753} INFO - DAG(s) dict_keys(['example_bash_operator']) retrieved from /home/airflow/.local/lib/python3.7/site-packages/airflow/example_dags/example_bash_operator.py
[2025-10-20T18:02:43.213+0000] {logging_mixin.py:137} INFO - [2025-10-20T18:02:43.213+0000] {dag.py:2690} INFO - Sync 1 DAGs
[2025-10-20T18:02:43.222+0000] {logging_mixin.py:137} INFO - [2025-10-20T18:02:43.222+0000] {dag.py:3441} INFO - Setting next_dagrun for example_bash_operator to 2025-10-19T00:00:00+00:00, run_after=2025-10-20T00:00:00+00:00
[2025-10-20T18:02:43.229+0000] {processor.py:175} INFO - Processing /home/airflow/.local/lib/python3.7/site-packages/airflow/example_dags/example_bash_operator.py took 0.038 seconds
[2025-10-20T18:03:13.497+0000] {processor.py:153} INFO - Started process (PID=607) to work on /home/airflow/.local/lib/python3.7/site-packages/airflow/example_dags/example_bash_operator.py
[2025-10-20T18:03:13.499+0000] {processor.py:743} INFO - Processing file /home/airflow/.local/lib/python3.7/site-packages/airflow/example_dags/example_bash_operator.py for tasks to queue
[2025-10-20T18:03:13.499+0000] {logging_mixin.py:137} INFO - [2025-10-20T18:03:13.499+0000] {dagbag.py:538} INFO - Filling up the DagBag from /home/airflow/.local/lib/python3.7/site-packages/airflow/example_dags/example_bash_operator.py
[2025-10-20T18:03:13.507+0000] {processor.py:753} INFO - DAG(s) dict_keys(['example_bash_operator']) retrieved from /home/airflow/.local/lib/python3.7/site-packages/airflow/example_dags/example_bash_operator.py
[2025-10-20T18:03:13.521+0000] {logging_mixin.py:137} INFO - [2025-10-20T18:03:13.521+0000] {dag.py:2690} INFO - Sync 1 DAGs
[2025-10-20T18:03:13.530+0000] {logging_mixin.py:137} INFO - [2025-10-20T18:03:13.530+0000] {dag.py:3441} INFO - Setting next_dagrun for example_bash_operator to 2025-10-19T00:00:00+00:00, run_after=2025-10-20T00:00:00+00:00
[2025-10-20T18:03:13.536+0000] {processor.py:175} INFO - Processing /home/airflow/.local/lib/python3.7/site-packages/airflow/example_dags/example_bash_operator.py took 0.040 seconds
[2025-10-20T18:03:43.710+0000] {processor.py:153} INFO - Started process (PID=682) to work on /home/airflow/.local/lib/python3.7/site-packages/airflow/example_dags/example_bash_operator.py
[2025-10-20T18:03:43.711+0000] {processor.py:743} INFO - Processing file /home/airflow/.local/lib/python3.7/site-packages/airflow/example_dags/example_bash_operator.py for tasks to queue
[2025-10-20T18:03:43.711+0000] {logging_mixin.py:137} INFO - [2025-10-20T18:03:43.711+0000] {dagbag.py:538} INFO - Filling up the DagBag from /home/airflow/.local/lib/python3.7/site-packages/airflow/example_dags/example_bash_operator.py
[2025-10-20T18:03:43.719+0000] {processor.py:753} INFO - DAG(s) dict_keys(['example_bash_operator']) retrieved from /home/airflow/.local/lib/python3.7/site-packages/airflow/example_dags/example_bash_operator.py
[2025-10-20T18:03:43.734+0000] {logging_mixin.py:137} INFO - [2025-10-20T18:03:43.734+0000] {dag.py:2690} INFO - Sync 1 DAGs
[2025-10-20T18:03:43.743+0000] {logging_mixin.py:137} INFO - [2025-10-20T18:03:43.743+0000] {dag.py:3441} INFO - Setting next_dagrun for example_bash_operator to 2025-10-19T00:00:00+00:00, run_after=2025-10-20T00:00:00+00:00
[2025-10-20T18:03:43.749+0000] {processor.py:175} INFO - Processing /home/airflow/.local/lib/python3.7/site-packages/airflow/example_dags/example_bash_operator.py took 0.040 seconds
[2025-10-20T18:04:13.953+0000] {processor.py:153} INFO - Started process (PID=775) to work on /home/airflow/.local/lib/python3.7/site-packages/airflow/example_dags/example_bash_operator.py
[2025-10-20T18:04:13.953+0000] {processor.py:743} INFO - Processing file /home/airflow/.local/lib/python3.7/site-packages/airflow/example_dags/example_bash_operator.py for tasks to queue
[2025-10-20T18:04:13.954+0000] {logging_mixin.py:137} INFO - [2025-10-20T18:04:13.954+0000] {dagbag.py:538} INFO - Filling up the DagBag from /home/airflow/.local/lib/python3.7/site-packages/airflow/example_dags/example_bash_operator.py
[2025-10-20T18:04:13.964+0000] {processor.py:753} INFO - DAG(s) dict_keys(['example_bash_operator']) retrieved from /home/airflow/.local/lib/python3.7/site-packages/airflow/example_dags/example_bash_operator.py
[2025-10-20T18:04:13.977+0000] {logging_mixin.py:137} INFO - [2025-10-20T18:04:13.977+0000] {dag.py:2690} INFO - Sync 1 DAGs
[2025-10-20T18:04:13.987+0000] {logging_mixin.py:137} INFO - [2025-10-20T18:04:13.987+0000] {dag.py:3441} INFO - Setting next_dagrun for example_bash_operator to 2025-10-19T00:00:00+00:00, run_after=2025-10-20T00:00:00+00:00
[2025-10-20T18:04:13.994+0000] {processor.py:175} INFO - Processing /home/airflow/.local/lib/python3.7/site-packages/airflow/example_dags/example_bash_operator.py took 0.043 seconds
[2025-10-20T18:04:44.218+0000] {processor.py:153} INFO - Started process (PID=868) to work on /home/airflow/.local/lib/python3.7/site-packages/airflow/example_dags/example_bash_operator.py
[2025-10-20T18:04:44.218+0000] {processor.py:743} INFO - Processing file /home/airflow/.local/lib/python3.7/site-packages/airflow/example_dags/example_bash_operator.py for tasks to queue
[2025-10-20T18:04:44.218+0000] {logging_mixin.py:137} INFO - [2025-10-20T18:04:44.218+0000] {dagbag.py:538} INFO - Filling up the DagBag from /home/airflow/.local/lib/python3.7/site-packages/airflow/example_dags/example_bash_operator.py
[2025-10-20T18:04:44.226+0000] {processor.py:753} INFO - DAG(s) dict_keys(['example_bash_operator']) retrieved from /home/airflow/.local/lib/python3.7/site-packages/airflow/example_dags/example_bash_operator.py
[2025-10-20T18:04:44.239+0000] {logging_mixin.py:137} INFO - [2025-10-20T18:04:44.239+0000] {dag.py:2690} INFO - Sync 1 DAGs
[2025-10-20T18:04:44.248+0000] {logging_mixin.py:137} INFO - [2025-10-20T18:04:44.248+0000] {dag.py:3441} INFO - Setting next_dagrun for example_bash_operator to 2025-10-19T00:00:00+00:00, run_after=2025-10-20T00:00:00+00:00
[2025-10-20T18:04:44.254+0000] {processor.py:175} INFO - Processing /home/airflow/.local/lib/python3.7/site-packages/airflow/example_dags/example_bash_operator.py took 0.037 seconds
[2025-10-20T18:05:14.429+0000] {processor.py:153} INFO - Started process (PID=961) to work on /home/airflow/.local/lib/python3.7/site-packages/airflow/example_dags/example_bash_operator.py
[2025-10-20T18:05:14.432+0000] {processor.py:743} INFO - Processing file /home/airflow/.local/lib/python3.7/site-packages/airflow/example_dags/example_bash_operator.py for tasks to queue
[2025-10-20T18:05:14.432+0000] {logging_mixin.py:137} INFO - [2025-10-20T18:05:14.432+0000] {dagbag.py:538} INFO - Filling up the DagBag from /home/airflow/.local/lib/python3.7/site-packages/airflow/example_dags/example_bash_operator.py
[2025-10-20T18:05:14.440+0000] {processor.py:753} INFO - DAG(s) dict_keys(['example_bash_operator']) retrieved from /home/airflow/.local/lib/python3.7/site-packages/airflow/example_dags/example_bash_operator.py
[2025-10-20T18:05:14.454+0000] {logging_mixin.py:137} INFO - [2025-10-20T18:05:14.454+0000] {dag.py:2690} INFO - Sync 1 DAGs
[2025-10-20T18:05:14.464+0000] {logging_mixin.py:137} INFO - [2025-10-20T18:05:14.464+0000] {dag.py:3441} INFO - Setting next_dagrun for example_bash_operator to 2025-10-19T00:00:00+00:00, run_after=2025-10-20T00:00:00+00:00
[2025-10-20T18:05:14.470+0000] {processor.py:175} INFO - Processing /home/airflow/.local/lib/python3.7/site-packages/airflow/example_dags/example_bash_operator.py took 0.042 seconds
[2025-10-20T18:05:45.349+0000] {processor.py:153} INFO - Started process (PID=1045) to work on /home/airflow/.local/lib/python3.7/site-packages/airflow/example_dags/example_bash_operator.py
[2025-10-20T18:05:45.350+0000] {processor.py:743} INFO - Processing file /home/airflow/.local/lib/python3.7/site-packages/airflow/example_dags/example_bash_operator.py for tasks to queue
[2025-10-20T18:05:45.351+0000] {logging_mixin.py:137} INFO - [2025-10-20T18:05:45.351+0000] {dagbag.py:538} INFO - Filling up the DagBag from /home/airflow/.local/lib/python3.7/site-packages/airflow/example_dags/example_bash_operator.py
[2025-10-20T18:05:45.371+0000] {processor.py:753} INFO - DAG(s) dict_keys(['example_bash_operator']) retrieved from /home/airflow/.local/lib/python3.7/site-packages/airflow/example_dags/example_bash_operator.py
[2025-10-20T18:05:45.399+0000] {logging_mixin.py:137} INFO - [2025-10-20T18:05:45.399+0000] {dag.py:2690} INFO - Sync 1 DAGs
[2025-10-20T18:05:45.419+0000] {logging_mixin.py:137} INFO - [2025-10-20T18:05:45.419+0000] {dag.py:3441} INFO - Setting next_dagrun for example_bash_operator to 2025-10-19T00:00:00+00:00, run_after=2025-10-20T00:00:00+00:00
[2025-10-20T18:05:45.450+0000] {processor.py:175} INFO - Processing /home/airflow/.local/lib/python3.7/site-packages/airflow/example_dags/example_bash_operator.py took 0.104 seconds
[2025-10-20T18:06:16.158+0000] {processor.py:153} INFO - Started process (PID=1129) to work on /home/airflow/.local/lib/python3.7/site-packages/airflow/example_dags/example_bash_operator.py
[2025-10-20T18:06:16.159+0000] {processor.py:743} INFO - Processing file /home/airflow/.local/lib/python3.7/site-packages/airflow/example_dags/example_bash_operator.py for tasks to queue
[2025-10-20T18:06:16.159+0000] {logging_mixin.py:137} INFO - [2025-10-20T18:06:16.159+0000] {dagbag.py:538} INFO - Filling up the DagBag from /home/airflow/.local/lib/python3.7/site-packages/airflow/example_dags/example_bash_operator.py
[2025-10-20T18:06:16.168+0000] {processor.py:753} INFO - DAG(s) dict_keys(['example_bash_operator']) retrieved from /home/airflow/.local/lib/python3.7/site-packages/airflow/example_dags/example_bash_operator.py
[2025-10-20T18:06:16.183+0000] {logging_mixin.py:137} INFO - [2025-10-20T18:06:16.183+0000] {dag.py:2690} INFO - Sync 1 DAGs
[2025-10-20T18:06:16.194+0000] {logging_mixin.py:137} INFO - [2025-10-20T18:06:16.194+0000] {dag.py:3441} INFO - Setting next_dagrun for example_bash_operator to 2025-10-19T00:00:00+00:00, run_after=2025-10-20T00:00:00+00:00
[2025-10-20T18:06:16.201+0000] {processor.py:175} INFO - Processing /home/airflow/.local/lib/python3.7/site-packages/airflow/example_dags/example_bash_operator.py took 0.044 seconds
[2025-10-20T18:06:46.532+0000] {processor.py:153} INFO - Started process (PID=1222) to work on /home/airflow/.local/lib/python3.7/site-packages/airflow/example_dags/example_bash_operator.py
[2025-10-20T18:06:46.532+0000] {processor.py:743} INFO - Processing file /home/airflow/.local/lib/python3.7/site-packages/airflow/example_dags/example_bash_operator.py for tasks to queue
[2025-10-20T18:06:46.532+0000] {logging_mixin.py:137} INFO - [2025-10-20T18:06:46.532+0000] {dagbag.py:538} INFO - Filling up the DagBag from /home/airflow/.local/lib/python3.7/site-packages/airflow/example_dags/example_bash_operator.py
[2025-10-20T18:06:46.541+0000] {processor.py:753} INFO - DAG(s) dict_keys(['example_bash_operator']) retrieved from /home/airflow/.local/lib/python3.7/site-packages/airflow/example_dags/example_bash_operator.py
[2025-10-20T18:06:46.555+0000] {logging_mixin.py:137} INFO - [2025-10-20T18:06:46.555+0000] {dag.py:2690} INFO - Sync 1 DAGs
[2025-10-20T18:06:46.565+0000] {logging_mixin.py:137} INFO - [2025-10-20T18:06:46.565+0000] {dag.py:3441} INFO - Setting next_dagrun for example_bash_operator to 2025-10-19T00:00:00+00:00, run_after=2025-10-20T00:00:00+00:00
[2025-10-20T18:06:46.574+0000] {processor.py:175} INFO - Processing /home/airflow/.local/lib/python3.7/site-packages/airflow/example_dags/example_bash_operator.py took 0.044 seconds
[2025-10-20T18:07:16.726+0000] {processor.py:153} INFO - Started process (PID=1315) to work on /home/airflow/.local/lib/python3.7/site-packages/airflow/example_dags/example_bash_operator.py
[2025-10-20T18:07:16.727+0000] {processor.py:743} INFO - Processing file /home/airflow/.local/lib/python3.7/site-packages/airflow/example_dags/example_bash_operator.py for tasks to queue
[2025-10-20T18:07:16.727+0000] {logging_mixin.py:137} INFO - [2025-10-20T18:07:16.727+0000] {dagbag.py:538} INFO - Filling up the DagBag from /home/airflow/.local/lib/python3.7/site-packages/airflow/example_dags/example_bash_operator.py
[2025-10-20T18:07:16.735+0000] {processor.py:753} INFO - DAG(s) dict_keys(['example_bash_operator']) retrieved from /home/airflow/.local/lib/python3.7/site-packages/airflow/example_dags/example_bash_operator.py
[2025-10-20T18:07:16.748+0000] {logging_mixin.py:137} INFO - [2025-10-20T18:07:16.748+0000] {dag.py:2690} INFO - Sync 1 DAGs
[2025-10-20T18:07:16.757+0000] {logging_mixin.py:137} INFO - [2025-10-20T18:07:16.757+0000] {dag.py:3441} INFO - Setting next_dagrun for example_bash_operator to 2025-10-19T00:00:00+00:00, run_after=2025-10-20T00:00:00+00:00
[2025-10-20T18:07:16.766+0000] {processor.py:175} INFO - Processing /home/airflow/.local/lib/python3.7/site-packages/airflow/example_dags/example_bash_operator.py took 0.041 seconds
[2025-10-20T18:07:46.876+0000] {processor.py:153} INFO - Started process (PID=1399) to work on /home/airflow/.local/lib/python3.7/site-packages/airflow/example_dags/example_bash_operator.py
[2025-10-20T18:07:46.877+0000] {processor.py:743} INFO - Processing file /home/airflow/.local/lib/python3.7/site-packages/airflow/example_dags/example_bash_operator.py for tasks to queue
[2025-10-20T18:07:46.877+0000] {logging_mixin.py:137} INFO - [2025-10-20T18:07:46.877+0000] {dagbag.py:538} INFO - Filling up the DagBag from /home/airflow/.local/lib/python3.7/site-packages/airflow/example_dags/example_bash_operator.py
[2025-10-20T18:07:46.887+0000] {processor.py:753} INFO - DAG(s) dict_keys(['example_bash_operator']) retrieved from /home/airflow/.local/lib/python3.7/site-packages/airflow/example_dags/example_bash_operator.py
[2025-10-20T18:07:46.902+0000] {logging_mixin.py:137} INFO - [2025-10-20T18:07:46.902+0000] {dag.py:2690} INFO - Sync 1 DAGs
[2025-10-20T18:07:46.912+0000] {logging_mixin.py:137} INFO - [2025-10-20T18:07:46.912+0000] {dag.py:3441} INFO - Setting next_dagrun for example_bash_operator to 2025-10-19T00:00:00+00:00, run_after=2025-10-20T00:00:00+00:00
[2025-10-20T18:07:46.920+0000] {processor.py:175} INFO - Processing /home/airflow/.local/lib/python3.7/site-packages/airflow/example_dags/example_bash_operator.py took 0.045 seconds
[2025-10-20T18:08:17.213+0000] {processor.py:153} INFO - Started process (PID=1483) to work on /home/airflow/.local/lib/python3.7/site-packages/airflow/example_dags/example_bash_operator.py
[2025-10-20T18:08:17.213+0000] {processor.py:743} INFO - Processing file /home/airflow/.local/lib/python3.7/site-packages/airflow/example_dags/example_bash_operator.py for tasks to queue
[2025-10-20T18:08:17.213+0000] {logging_mixin.py:137} INFO - [2025-10-20T18:08:17.213+0000] {dagbag.py:538} INFO - Filling up the DagBag from /home/airflow/.local/lib/python3.7/site-packages/airflow/example_dags/example_bash_operator.py
[2025-10-20T18:08:17.222+0000] {processor.py:753} INFO - DAG(s) dict_keys(['example_bash_operator']) retrieved from /home/airflow/.local/lib/python3.7/site-packages/airflow/example_dags/example_bash_operator.py
[2025-10-20T18:08:17.235+0000] {logging_mixin.py:137} INFO - [2025-10-20T18:08:17.235+0000] {dag.py:2690} INFO - Sync 1 DAGs
[2025-10-20T18:08:17.244+0000] {logging_mixin.py:137} INFO - [2025-10-20T18:08:17.244+0000] {dag.py:3441} INFO - Setting next_dagrun for example_bash_operator to 2025-10-19T00:00:00+00:00, run_after=2025-10-20T00:00:00+00:00
[2025-10-20T18:08:17.250+0000] {processor.py:175} INFO - Processing /home/airflow/.local/lib/python3.7/site-packages/airflow/example_dags/example_bash_operator.py took 0.038 seconds
[2025-10-20T18:08:47.502+0000] {processor.py:153} INFO - Started process (PID=1576) to work on /home/airflow/.local/lib/python3.7/site-packages/airflow/example_dags/example_bash_operator.py
[2025-10-20T18:08:47.502+0000] {processor.py:743} INFO - Processing file /home/airflow/.local/lib/python3.7/site-packages/airflow/example_dags/example_bash_operator.py for tasks to queue
[2025-10-20T18:08:47.502+0000] {logging_mixin.py:137} INFO - [2025-10-20T18:08:47.502+0000] {dagbag.py:538} INFO - Filling up the DagBag from /home/airflow/.local/lib/python3.7/site-packages/airflow/example_dags/example_bash_operator.py
[2025-10-20T18:08:47.511+0000] {processor.py:753} INFO - DAG(s) dict_keys(['example_bash_operator']) retrieved from /home/airflow/.local/lib/python3.7/site-packages/airflow/example_dags/example_bash_operator.py
[2025-10-20T18:08:47.525+0000] {logging_mixin.py:137} INFO - [2025-10-20T18:08:47.524+0000] {dag.py:2690} INFO - Sync 1 DAGs
[2025-10-20T18:08:47.536+0000] {logging_mixin.py:137} INFO - [2025-10-20T18:08:47.536+0000] {dag.py:3441} INFO - Setting next_dagrun for example_bash_operator to 2025-10-19T00:00:00+00:00, run_after=2025-10-20T00:00:00+00:00
[2025-10-20T18:08:47.548+0000] {processor.py:175} INFO - Processing /home/airflow/.local/lib/python3.7/site-packages/airflow/example_dags/example_bash_operator.py took 0.048 seconds
