[2025-10-20T18:00:11.066+0000] {processor.py:153} INFO - Started process (PID=50) to work on /home/airflow/.local/lib/python3.7/site-packages/airflow/example_dags/example_trigger_controller_dag.py
[2025-10-20T18:00:11.068+0000] {processor.py:743} INFO - Processing file /home/airflow/.local/lib/python3.7/site-packages/airflow/example_dags/example_trigger_controller_dag.py for tasks to queue
[2025-10-20T18:00:11.069+0000] {logging_mixin.py:137} INFO - [2025-10-20T18:00:11.069+0000] {dagbag.py:538} INFO - Filling up the DagBag from /home/airflow/.local/lib/python3.7/site-packages/airflow/example_dags/example_trigger_controller_dag.py
[2025-10-20T18:00:11.077+0000] {processor.py:753} INFO - DAG(s) dict_keys(['example_trigger_controller_dag']) retrieved from /home/airflow/.local/lib/python3.7/site-packages/airflow/example_dags/example_trigger_controller_dag.py
[2025-10-20T18:00:11.084+0000] {logging_mixin.py:137} INFO - [2025-10-20T18:00:11.084+0000] {dag.py:2690} INFO - Sync 1 DAGs
[2025-10-20T18:00:11.104+0000] {logging_mixin.py:137} INFO - [2025-10-20T18:00:11.104+0000] {dag.py:3441} INFO - Setting next_dagrun for example_trigger_controller_dag to 2021-01-01T00:00:00+00:00, run_after=2021-01-01T00:00:00+00:00
[2025-10-20T18:00:11.114+0000] {processor.py:175} INFO - Processing /home/airflow/.local/lib/python3.7/site-packages/airflow/example_dags/example_trigger_controller_dag.py took 0.050 seconds
[2025-10-20T18:00:41.544+0000] {processor.py:153} INFO - Started process (PID=143) to work on /home/airflow/.local/lib/python3.7/site-packages/airflow/example_dags/example_trigger_controller_dag.py
[2025-10-20T18:00:41.545+0000] {processor.py:743} INFO - Processing file /home/airflow/.local/lib/python3.7/site-packages/airflow/example_dags/example_trigger_controller_dag.py for tasks to queue
[2025-10-20T18:00:41.545+0000] {logging_mixin.py:137} INFO - [2025-10-20T18:00:41.545+0000] {dagbag.py:538} INFO - Filling up the DagBag from /home/airflow/.local/lib/python3.7/site-packages/airflow/example_dags/example_trigger_controller_dag.py
[2025-10-20T18:00:41.550+0000] {processor.py:753} INFO - DAG(s) dict_keys(['example_trigger_controller_dag']) retrieved from /home/airflow/.local/lib/python3.7/site-packages/airflow/example_dags/example_trigger_controller_dag.py
[2025-10-20T18:00:41.559+0000] {logging_mixin.py:137} INFO - [2025-10-20T18:00:41.559+0000] {dag.py:2690} INFO - Sync 1 DAGs
[2025-10-20T18:00:41.568+0000] {logging_mixin.py:137} INFO - [2025-10-20T18:00:41.568+0000] {dag.py:3441} INFO - Setting next_dagrun for example_trigger_controller_dag to 2021-01-01T00:00:00+00:00, run_after=2021-01-01T00:00:00+00:00
[2025-10-20T18:00:41.574+0000] {processor.py:175} INFO - Processing /home/airflow/.local/lib/python3.7/site-packages/airflow/example_dags/example_trigger_controller_dag.py took 0.032 seconds
[2025-10-20T18:01:11.834+0000] {processor.py:153} INFO - Started process (PID=227) to work on /home/airflow/.local/lib/python3.7/site-packages/airflow/example_dags/example_trigger_controller_dag.py
[2025-10-20T18:01:11.834+0000] {processor.py:743} INFO - Processing file /home/airflow/.local/lib/python3.7/site-packages/airflow/example_dags/example_trigger_controller_dag.py for tasks to queue
[2025-10-20T18:01:11.834+0000] {logging_mixin.py:137} INFO - [2025-10-20T18:01:11.834+0000] {dagbag.py:538} INFO - Filling up the DagBag from /home/airflow/.local/lib/python3.7/site-packages/airflow/example_dags/example_trigger_controller_dag.py
[2025-10-20T18:01:11.840+0000] {processor.py:753} INFO - DAG(s) dict_keys(['example_trigger_controller_dag']) retrieved from /home/airflow/.local/lib/python3.7/site-packages/airflow/example_dags/example_trigger_controller_dag.py
[2025-10-20T18:01:11.853+0000] {logging_mixin.py:137} INFO - [2025-10-20T18:01:11.853+0000] {dag.py:2690} INFO - Sync 1 DAGs
[2025-10-20T18:01:11.864+0000] {logging_mixin.py:137} INFO - [2025-10-20T18:01:11.864+0000] {dag.py:3441} INFO - Setting next_dagrun for example_trigger_controller_dag to 2021-01-01T00:00:00+00:00, run_after=2021-01-01T00:00:00+00:00
[2025-10-20T18:01:11.872+0000] {processor.py:175} INFO - Processing /home/airflow/.local/lib/python3.7/site-packages/airflow/example_dags/example_trigger_controller_dag.py took 0.040 seconds
[2025-10-20T18:01:42.373+0000] {processor.py:153} INFO - Started process (PID=311) to work on /home/airflow/.local/lib/python3.7/site-packages/airflow/example_dags/example_trigger_controller_dag.py
[2025-10-20T18:01:42.374+0000] {processor.py:743} INFO - Processing file /home/airflow/.local/lib/python3.7/site-packages/airflow/example_dags/example_trigger_controller_dag.py for tasks to queue
[2025-10-20T18:01:42.374+0000] {logging_mixin.py:137} INFO - [2025-10-20T18:01:42.374+0000] {dagbag.py:538} INFO - Filling up the DagBag from /home/airflow/.local/lib/python3.7/site-packages/airflow/example_dags/example_trigger_controller_dag.py
[2025-10-20T18:01:42.379+0000] {processor.py:753} INFO - DAG(s) dict_keys(['example_trigger_controller_dag']) retrieved from /home/airflow/.local/lib/python3.7/site-packages/airflow/example_dags/example_trigger_controller_dag.py
[2025-10-20T18:01:42.390+0000] {logging_mixin.py:137} INFO - [2025-10-20T18:01:42.389+0000] {dag.py:2690} INFO - Sync 1 DAGs
[2025-10-20T18:01:42.405+0000] {logging_mixin.py:137} INFO - [2025-10-20T18:01:42.405+0000] {dag.py:3441} INFO - Setting next_dagrun for example_trigger_controller_dag to 2021-01-01T00:00:00+00:00, run_after=2021-01-01T00:00:00+00:00
[2025-10-20T18:01:42.413+0000] {processor.py:175} INFO - Processing /home/airflow/.local/lib/python3.7/site-packages/airflow/example_dags/example_trigger_controller_dag.py took 0.041 seconds
[2025-10-20T18:02:12.572+0000] {processor.py:153} INFO - Started process (PID=404) to work on /home/airflow/.local/lib/python3.7/site-packages/airflow/example_dags/example_trigger_controller_dag.py
[2025-10-20T18:02:12.572+0000] {processor.py:743} INFO - Processing file /home/airflow/.local/lib/python3.7/site-packages/airflow/example_dags/example_trigger_controller_dag.py for tasks to queue
[2025-10-20T18:02:12.572+0000] {logging_mixin.py:137} INFO - [2025-10-20T18:02:12.572+0000] {dagbag.py:538} INFO - Filling up the DagBag from /home/airflow/.local/lib/python3.7/site-packages/airflow/example_dags/example_trigger_controller_dag.py
[2025-10-20T18:02:12.577+0000] {processor.py:753} INFO - DAG(s) dict_keys(['example_trigger_controller_dag']) retrieved from /home/airflow/.local/lib/python3.7/site-packages/airflow/example_dags/example_trigger_controller_dag.py
[2025-10-20T18:02:12.586+0000] {logging_mixin.py:137} INFO - [2025-10-20T18:02:12.586+0000] {dag.py:2690} INFO - Sync 1 DAGs
[2025-10-20T18:02:12.595+0000] {logging_mixin.py:137} INFO - [2025-10-20T18:02:12.595+0000] {dag.py:3441} INFO - Setting next_dagrun for example_trigger_controller_dag to 2021-01-01T00:00:00+00:00, run_after=2021-01-01T00:00:00+00:00
[2025-10-20T18:02:12.601+0000] {processor.py:175} INFO - Processing /home/airflow/.local/lib/python3.7/site-packages/airflow/example_dags/example_trigger_controller_dag.py took 0.031 seconds
[2025-10-20T18:02:42.744+0000] {processor.py:153} INFO - Started process (PID=497) to work on /home/airflow/.local/lib/python3.7/site-packages/airflow/example_dags/example_trigger_controller_dag.py
[2025-10-20T18:02:42.745+0000] {processor.py:743} INFO - Processing file /home/airflow/.local/lib/python3.7/site-packages/airflow/example_dags/example_trigger_controller_dag.py for tasks to queue
[2025-10-20T18:02:42.745+0000] {logging_mixin.py:137} INFO - [2025-10-20T18:02:42.745+0000] {dagbag.py:538} INFO - Filling up the DagBag from /home/airflow/.local/lib/python3.7/site-packages/airflow/example_dags/example_trigger_controller_dag.py
[2025-10-20T18:02:42.750+0000] {processor.py:753} INFO - DAG(s) dict_keys(['example_trigger_controller_dag']) retrieved from /home/airflow/.local/lib/python3.7/site-packages/airflow/example_dags/example_trigger_controller_dag.py
[2025-10-20T18:02:42.761+0000] {logging_mixin.py:137} INFO - [2025-10-20T18:02:42.760+0000] {dag.py:2690} INFO - Sync 1 DAGs
[2025-10-20T18:02:42.770+0000] {logging_mixin.py:137} INFO - [2025-10-20T18:02:42.770+0000] {dag.py:3441} INFO - Setting next_dagrun for example_trigger_controller_dag to 2021-01-01T00:00:00+00:00, run_after=2021-01-01T00:00:00+00:00
[2025-10-20T18:02:42.776+0000] {processor.py:175} INFO - Processing /home/airflow/.local/lib/python3.7/site-packages/airflow/example_dags/example_trigger_controller_dag.py took 0.033 seconds
[2025-10-20T18:03:13.068+0000] {processor.py:153} INFO - Started process (PID=589) to work on /home/airflow/.local/lib/python3.7/site-packages/airflow/example_dags/example_trigger_controller_dag.py
[2025-10-20T18:03:13.068+0000] {processor.py:743} INFO - Processing file /home/airflow/.local/lib/python3.7/site-packages/airflow/example_dags/example_trigger_controller_dag.py for tasks to queue
[2025-10-20T18:03:13.069+0000] {logging_mixin.py:137} INFO - [2025-10-20T18:03:13.069+0000] {dagbag.py:538} INFO - Filling up the DagBag from /home/airflow/.local/lib/python3.7/site-packages/airflow/example_dags/example_trigger_controller_dag.py
[2025-10-20T18:03:13.073+0000] {processor.py:753} INFO - DAG(s) dict_keys(['example_trigger_controller_dag']) retrieved from /home/airflow/.local/lib/python3.7/site-packages/airflow/example_dags/example_trigger_controller_dag.py
[2025-10-20T18:03:13.086+0000] {logging_mixin.py:137} INFO - [2025-10-20T18:03:13.086+0000] {dag.py:2690} INFO - Sync 1 DAGs
[2025-10-20T18:03:13.097+0000] {logging_mixin.py:137} INFO - [2025-10-20T18:03:13.097+0000] {dag.py:3441} INFO - Setting next_dagrun for example_trigger_controller_dag to 2021-01-01T00:00:00+00:00, run_after=2021-01-01T00:00:00+00:00
[2025-10-20T18:03:13.105+0000] {processor.py:175} INFO - Processing /home/airflow/.local/lib/python3.7/site-packages/airflow/example_dags/example_trigger_controller_dag.py took 0.039 seconds
[2025-10-20T18:03:43.310+0000] {processor.py:153} INFO - Started process (PID=664) to work on /home/airflow/.local/lib/python3.7/site-packages/airflow/example_dags/example_trigger_controller_dag.py
[2025-10-20T18:03:43.310+0000] {processor.py:743} INFO - Processing file /home/airflow/.local/lib/python3.7/site-packages/airflow/example_dags/example_trigger_controller_dag.py for tasks to queue
[2025-10-20T18:03:43.310+0000] {logging_mixin.py:137} INFO - [2025-10-20T18:03:43.310+0000] {dagbag.py:538} INFO - Filling up the DagBag from /home/airflow/.local/lib/python3.7/site-packages/airflow/example_dags/example_trigger_controller_dag.py
[2025-10-20T18:03:43.314+0000] {processor.py:753} INFO - DAG(s) dict_keys(['example_trigger_controller_dag']) retrieved from /home/airflow/.local/lib/python3.7/site-packages/airflow/example_dags/example_trigger_controller_dag.py
[2025-10-20T18:03:43.324+0000] {logging_mixin.py:137} INFO - [2025-10-20T18:03:43.324+0000] {dag.py:2690} INFO - Sync 1 DAGs
[2025-10-20T18:03:43.333+0000] {logging_mixin.py:137} INFO - [2025-10-20T18:03:43.333+0000] {dag.py:3441} INFO - Setting next_dagrun for example_trigger_controller_dag to 2021-01-01T00:00:00+00:00, run_after=2021-01-01T00:00:00+00:00
[2025-10-20T18:03:43.339+0000] {processor.py:175} INFO - Processing /home/airflow/.local/lib/python3.7/site-packages/airflow/example_dags/example_trigger_controller_dag.py took 0.030 seconds
[2025-10-20T18:04:13.543+0000] {processor.py:153} INFO - Started process (PID=757) to work on /home/airflow/.local/lib/python3.7/site-packages/airflow/example_dags/example_trigger_controller_dag.py
[2025-10-20T18:04:13.544+0000] {processor.py:743} INFO - Processing file /home/airflow/.local/lib/python3.7/site-packages/airflow/example_dags/example_trigger_controller_dag.py for tasks to queue
[2025-10-20T18:04:13.544+0000] {logging_mixin.py:137} INFO - [2025-10-20T18:04:13.544+0000] {dagbag.py:538} INFO - Filling up the DagBag from /home/airflow/.local/lib/python3.7/site-packages/airflow/example_dags/example_trigger_controller_dag.py
[2025-10-20T18:04:13.548+0000] {processor.py:753} INFO - DAG(s) dict_keys(['example_trigger_controller_dag']) retrieved from /home/airflow/.local/lib/python3.7/site-packages/airflow/example_dags/example_trigger_controller_dag.py
[2025-10-20T18:04:13.558+0000] {logging_mixin.py:137} INFO - [2025-10-20T18:04:13.557+0000] {dag.py:2690} INFO - Sync 1 DAGs
[2025-10-20T18:04:13.566+0000] {logging_mixin.py:137} INFO - [2025-10-20T18:04:13.566+0000] {dag.py:3441} INFO - Setting next_dagrun for example_trigger_controller_dag to 2021-01-01T00:00:00+00:00, run_after=2021-01-01T00:00:00+00:00
[2025-10-20T18:04:13.573+0000] {processor.py:175} INFO - Processing /home/airflow/.local/lib/python3.7/site-packages/airflow/example_dags/example_trigger_controller_dag.py took 0.031 seconds
[2025-10-20T18:04:43.781+0000] {processor.py:153} INFO - Started process (PID=850) to work on /home/airflow/.local/lib/python3.7/site-packages/airflow/example_dags/example_trigger_controller_dag.py
[2025-10-20T18:04:43.782+0000] {processor.py:743} INFO - Processing file /home/airflow/.local/lib/python3.7/site-packages/airflow/example_dags/example_trigger_controller_dag.py for tasks to queue
[2025-10-20T18:04:43.782+0000] {logging_mixin.py:137} INFO - [2025-10-20T18:04:43.782+0000] {dagbag.py:538} INFO - Filling up the DagBag from /home/airflow/.local/lib/python3.7/site-packages/airflow/example_dags/example_trigger_controller_dag.py
[2025-10-20T18:04:43.786+0000] {processor.py:753} INFO - DAG(s) dict_keys(['example_trigger_controller_dag']) retrieved from /home/airflow/.local/lib/python3.7/site-packages/airflow/example_dags/example_trigger_controller_dag.py
[2025-10-20T18:04:43.795+0000] {logging_mixin.py:137} INFO - [2025-10-20T18:04:43.795+0000] {dag.py:2690} INFO - Sync 1 DAGs
[2025-10-20T18:04:43.804+0000] {logging_mixin.py:137} INFO - [2025-10-20T18:04:43.804+0000] {dag.py:3441} INFO - Setting next_dagrun for example_trigger_controller_dag to 2021-01-01T00:00:00+00:00, run_after=2021-01-01T00:00:00+00:00
[2025-10-20T18:04:43.811+0000] {processor.py:175} INFO - Processing /home/airflow/.local/lib/python3.7/site-packages/airflow/example_dags/example_trigger_controller_dag.py took 0.030 seconds
[2025-10-20T18:05:14.013+0000] {processor.py:153} INFO - Started process (PID=943) to work on /home/airflow/.local/lib/python3.7/site-packages/airflow/example_dags/example_trigger_controller_dag.py
[2025-10-20T18:05:14.013+0000] {processor.py:743} INFO - Processing file /home/airflow/.local/lib/python3.7/site-packages/airflow/example_dags/example_trigger_controller_dag.py for tasks to queue
[2025-10-20T18:05:14.014+0000] {logging_mixin.py:137} INFO - [2025-10-20T18:05:14.014+0000] {dagbag.py:538} INFO - Filling up the DagBag from /home/airflow/.local/lib/python3.7/site-packages/airflow/example_dags/example_trigger_controller_dag.py
[2025-10-20T18:05:14.018+0000] {processor.py:753} INFO - DAG(s) dict_keys(['example_trigger_controller_dag']) retrieved from /home/airflow/.local/lib/python3.7/site-packages/airflow/example_dags/example_trigger_controller_dag.py
[2025-10-20T18:05:14.027+0000] {logging_mixin.py:137} INFO - [2025-10-20T18:05:14.027+0000] {dag.py:2690} INFO - Sync 1 DAGs
[2025-10-20T18:05:14.036+0000] {logging_mixin.py:137} INFO - [2025-10-20T18:05:14.036+0000] {dag.py:3441} INFO - Setting next_dagrun for example_trigger_controller_dag to 2021-01-01T00:00:00+00:00, run_after=2021-01-01T00:00:00+00:00
[2025-10-20T18:05:14.043+0000] {processor.py:175} INFO - Processing /home/airflow/.local/lib/python3.7/site-packages/airflow/example_dags/example_trigger_controller_dag.py took 0.031 seconds
[2025-10-20T18:05:44.491+0000] {processor.py:153} INFO - Started process (PID=1018) to work on /home/airflow/.local/lib/python3.7/site-packages/airflow/example_dags/example_trigger_controller_dag.py
[2025-10-20T18:05:44.492+0000] {processor.py:743} INFO - Processing file /home/airflow/.local/lib/python3.7/site-packages/airflow/example_dags/example_trigger_controller_dag.py for tasks to queue
[2025-10-20T18:05:44.492+0000] {logging_mixin.py:137} INFO - [2025-10-20T18:05:44.492+0000] {dagbag.py:538} INFO - Filling up the DagBag from /home/airflow/.local/lib/python3.7/site-packages/airflow/example_dags/example_trigger_controller_dag.py
[2025-10-20T18:05:44.497+0000] {processor.py:753} INFO - DAG(s) dict_keys(['example_trigger_controller_dag']) retrieved from /home/airflow/.local/lib/python3.7/site-packages/airflow/example_dags/example_trigger_controller_dag.py
[2025-10-20T18:05:44.511+0000] {logging_mixin.py:137} INFO - [2025-10-20T18:05:44.511+0000] {dag.py:2690} INFO - Sync 1 DAGs
[2025-10-20T18:05:44.524+0000] {logging_mixin.py:137} INFO - [2025-10-20T18:05:44.524+0000] {dag.py:3441} INFO - Setting next_dagrun for example_trigger_controller_dag to 2021-01-01T00:00:00+00:00, run_after=2021-01-01T00:00:00+00:00
[2025-10-20T18:05:44.533+0000] {processor.py:175} INFO - Processing /home/airflow/.local/lib/python3.7/site-packages/airflow/example_dags/example_trigger_controller_dag.py took 0.044 seconds
[2025-10-20T18:06:14.682+0000] {processor.py:153} INFO - Started process (PID=1111) to work on /home/airflow/.local/lib/python3.7/site-packages/airflow/example_dags/example_trigger_controller_dag.py
[2025-10-20T18:06:14.682+0000] {processor.py:743} INFO - Processing file /home/airflow/.local/lib/python3.7/site-packages/airflow/example_dags/example_trigger_controller_dag.py for tasks to queue
[2025-10-20T18:06:14.682+0000] {logging_mixin.py:137} INFO - [2025-10-20T18:06:14.682+0000] {dagbag.py:538} INFO - Filling up the DagBag from /home/airflow/.local/lib/python3.7/site-packages/airflow/example_dags/example_trigger_controller_dag.py
[2025-10-20T18:06:14.687+0000] {processor.py:753} INFO - DAG(s) dict_keys(['example_trigger_controller_dag']) retrieved from /home/airflow/.local/lib/python3.7/site-packages/airflow/example_dags/example_trigger_controller_dag.py
[2025-10-20T18:06:14.696+0000] {logging_mixin.py:137} INFO - [2025-10-20T18:06:14.696+0000] {dag.py:2690} INFO - Sync 1 DAGs
[2025-10-20T18:06:14.706+0000] {logging_mixin.py:137} INFO - [2025-10-20T18:06:14.706+0000] {dag.py:3441} INFO - Setting next_dagrun for example_trigger_controller_dag to 2021-01-01T00:00:00+00:00, run_after=2021-01-01T00:00:00+00:00
[2025-10-20T18:06:14.712+0000] {processor.py:175} INFO - Processing /home/airflow/.local/lib/python3.7/site-packages/airflow/example_dags/example_trigger_controller_dag.py took 0.031 seconds
[2025-10-20T18:06:44.945+0000] {processor.py:153} INFO - Started process (PID=1204) to work on /home/airflow/.local/lib/python3.7/site-packages/airflow/example_dags/example_trigger_controller_dag.py
[2025-10-20T18:06:44.946+0000] {processor.py:743} INFO - Processing file /home/airflow/.local/lib/python3.7/site-packages/airflow/example_dags/example_trigger_controller_dag.py for tasks to queue
[2025-10-20T18:06:44.946+0000] {logging_mixin.py:137} INFO - [2025-10-20T18:06:44.946+0000] {dagbag.py:538} INFO - Filling up the DagBag from /home/airflow/.local/lib/python3.7/site-packages/airflow/example_dags/example_trigger_controller_dag.py
[2025-10-20T18:06:44.952+0000] {processor.py:753} INFO - DAG(s) dict_keys(['example_trigger_controller_dag']) retrieved from /home/airflow/.local/lib/python3.7/site-packages/airflow/example_dags/example_trigger_controller_dag.py
[2025-10-20T18:06:44.965+0000] {logging_mixin.py:137} INFO - [2025-10-20T18:06:44.965+0000] {dag.py:2690} INFO - Sync 1 DAGs
[2025-10-20T18:06:44.980+0000] {logging_mixin.py:137} INFO - [2025-10-20T18:06:44.980+0000] {dag.py:3441} INFO - Setting next_dagrun for example_trigger_controller_dag to 2021-01-01T00:00:00+00:00, run_after=2021-01-01T00:00:00+00:00
[2025-10-20T18:06:44.988+0000] {processor.py:175} INFO - Processing /home/airflow/.local/lib/python3.7/site-packages/airflow/example_dags/example_trigger_controller_dag.py took 0.044 seconds
[2025-10-20T18:07:15.275+0000] {processor.py:153} INFO - Started process (PID=1297) to work on /home/airflow/.local/lib/python3.7/site-packages/airflow/example_dags/example_trigger_controller_dag.py
[2025-10-20T18:07:15.275+0000] {processor.py:743} INFO - Processing file /home/airflow/.local/lib/python3.7/site-packages/airflow/example_dags/example_trigger_controller_dag.py for tasks to queue
[2025-10-20T18:07:15.275+0000] {logging_mixin.py:137} INFO - [2025-10-20T18:07:15.275+0000] {dagbag.py:538} INFO - Filling up the DagBag from /home/airflow/.local/lib/python3.7/site-packages/airflow/example_dags/example_trigger_controller_dag.py
[2025-10-20T18:07:15.279+0000] {processor.py:753} INFO - DAG(s) dict_keys(['example_trigger_controller_dag']) retrieved from /home/airflow/.local/lib/python3.7/site-packages/airflow/example_dags/example_trigger_controller_dag.py
[2025-10-20T18:07:15.289+0000] {logging_mixin.py:137} INFO - [2025-10-20T18:07:15.289+0000] {dag.py:2690} INFO - Sync 1 DAGs
[2025-10-20T18:07:15.298+0000] {logging_mixin.py:137} INFO - [2025-10-20T18:07:15.298+0000] {dag.py:3441} INFO - Setting next_dagrun for example_trigger_controller_dag to 2021-01-01T00:00:00+00:00, run_after=2021-01-01T00:00:00+00:00
[2025-10-20T18:07:15.305+0000] {processor.py:175} INFO - Processing /home/airflow/.local/lib/python3.7/site-packages/airflow/example_dags/example_trigger_controller_dag.py took 0.031 seconds
[2025-10-20T18:07:45.441+0000] {processor.py:153} INFO - Started process (PID=1372) to work on /home/airflow/.local/lib/python3.7/site-packages/airflow/example_dags/example_trigger_controller_dag.py
[2025-10-20T18:07:45.441+0000] {processor.py:743} INFO - Processing file /home/airflow/.local/lib/python3.7/site-packages/airflow/example_dags/example_trigger_controller_dag.py for tasks to queue
[2025-10-20T18:07:45.441+0000] {logging_mixin.py:137} INFO - [2025-10-20T18:07:45.441+0000] {dagbag.py:538} INFO - Filling up the DagBag from /home/airflow/.local/lib/python3.7/site-packages/airflow/example_dags/example_trigger_controller_dag.py
[2025-10-20T18:07:45.445+0000] {processor.py:753} INFO - DAG(s) dict_keys(['example_trigger_controller_dag']) retrieved from /home/airflow/.local/lib/python3.7/site-packages/airflow/example_dags/example_trigger_controller_dag.py
[2025-10-20T18:07:45.455+0000] {logging_mixin.py:137} INFO - [2025-10-20T18:07:45.455+0000] {dag.py:2690} INFO - Sync 1 DAGs
[2025-10-20T18:07:45.463+0000] {logging_mixin.py:137} INFO - [2025-10-20T18:07:45.463+0000] {dag.py:3441} INFO - Setting next_dagrun for example_trigger_controller_dag to 2021-01-01T00:00:00+00:00, run_after=2021-01-01T00:00:00+00:00
[2025-10-20T18:07:45.469+0000] {processor.py:175} INFO - Processing /home/airflow/.local/lib/python3.7/site-packages/airflow/example_dags/example_trigger_controller_dag.py took 0.030 seconds
[2025-10-20T18:08:15.760+0000] {processor.py:153} INFO - Started process (PID=1465) to work on /home/airflow/.local/lib/python3.7/site-packages/airflow/example_dags/example_trigger_controller_dag.py
[2025-10-20T18:08:15.760+0000] {processor.py:743} INFO - Processing file /home/airflow/.local/lib/python3.7/site-packages/airflow/example_dags/example_trigger_controller_dag.py for tasks to queue
[2025-10-20T18:08:15.761+0000] {logging_mixin.py:137} INFO - [2025-10-20T18:08:15.761+0000] {dagbag.py:538} INFO - Filling up the DagBag from /home/airflow/.local/lib/python3.7/site-packages/airflow/example_dags/example_trigger_controller_dag.py
[2025-10-20T18:08:15.765+0000] {processor.py:753} INFO - DAG(s) dict_keys(['example_trigger_controller_dag']) retrieved from /home/airflow/.local/lib/python3.7/site-packages/airflow/example_dags/example_trigger_controller_dag.py
[2025-10-20T18:08:15.776+0000] {logging_mixin.py:137} INFO - [2025-10-20T18:08:15.776+0000] {dag.py:2690} INFO - Sync 1 DAGs
[2025-10-20T18:08:15.785+0000] {logging_mixin.py:137} INFO - [2025-10-20T18:08:15.785+0000] {dag.py:3441} INFO - Setting next_dagrun for example_trigger_controller_dag to 2021-01-01T00:00:00+00:00, run_after=2021-01-01T00:00:00+00:00
[2025-10-20T18:08:15.792+0000] {processor.py:175} INFO - Processing /home/airflow/.local/lib/python3.7/site-packages/airflow/example_dags/example_trigger_controller_dag.py took 0.034 seconds
[2025-10-20T18:08:46.014+0000] {processor.py:153} INFO - Started process (PID=1558) to work on /home/airflow/.local/lib/python3.7/site-packages/airflow/example_dags/example_trigger_controller_dag.py
[2025-10-20T18:08:46.014+0000] {processor.py:743} INFO - Processing file /home/airflow/.local/lib/python3.7/site-packages/airflow/example_dags/example_trigger_controller_dag.py for tasks to queue
[2025-10-20T18:08:46.014+0000] {logging_mixin.py:137} INFO - [2025-10-20T18:08:46.014+0000] {dagbag.py:538} INFO - Filling up the DagBag from /home/airflow/.local/lib/python3.7/site-packages/airflow/example_dags/example_trigger_controller_dag.py
[2025-10-20T18:08:46.019+0000] {processor.py:753} INFO - DAG(s) dict_keys(['example_trigger_controller_dag']) retrieved from /home/airflow/.local/lib/python3.7/site-packages/airflow/example_dags/example_trigger_controller_dag.py
[2025-10-20T18:08:46.028+0000] {logging_mixin.py:137} INFO - [2025-10-20T18:08:46.028+0000] {dag.py:2690} INFO - Sync 1 DAGs
[2025-10-20T18:08:46.038+0000] {logging_mixin.py:137} INFO - [2025-10-20T18:08:46.037+0000] {dag.py:3441} INFO - Setting next_dagrun for example_trigger_controller_dag to 2021-01-01T00:00:00+00:00, run_after=2021-01-01T00:00:00+00:00
[2025-10-20T18:08:46.044+0000] {processor.py:175} INFO - Processing /home/airflow/.local/lib/python3.7/site-packages/airflow/example_dags/example_trigger_controller_dag.py took 0.031 seconds
