[2025-10-20T18:00:11.420+0000] {processor.py:153} INFO - Started process (PID=61) to work on /home/airflow/.local/lib/python3.7/site-packages/airflow/example_dags/example_sensor_decorator.py
[2025-10-20T18:00:11.421+0000] {processor.py:743} INFO - Processing file /home/airflow/.local/lib/python3.7/site-packages/airflow/example_dags/example_sensor_decorator.py for tasks to queue
[2025-10-20T18:00:11.422+0000] {logging_mixin.py:137} INFO - [2025-10-20T18:00:11.422+0000] {dagbag.py:538} INFO - Filling up the DagBag from /home/airflow/.local/lib/python3.7/site-packages/airflow/example_dags/example_sensor_decorator.py
[2025-10-20T18:00:11.434+0000] {processor.py:753} INFO - DAG(s) dict_keys(['example_sensor_decorator']) retrieved from /home/airflow/.local/lib/python3.7/site-packages/airflow/example_dags/example_sensor_decorator.py
[2025-10-20T18:00:11.441+0000] {logging_mixin.py:137} INFO - [2025-10-20T18:00:11.441+0000] {dag.py:2690} INFO - Sync 1 DAGs
[2025-10-20T18:00:11.467+0000] {logging_mixin.py:137} INFO - [2025-10-20T18:00:11.467+0000] {dag.py:3441} INFO - Setting next_dagrun for example_sensor_decorator to None, run_after=None
[2025-10-20T18:00:11.482+0000] {processor.py:175} INFO - Processing /home/airflow/.local/lib/python3.7/site-packages/airflow/example_dags/example_sensor_decorator.py took 0.063 seconds
[2025-10-20T18:00:41.806+0000] {processor.py:153} INFO - Started process (PID=154) to work on /home/airflow/.local/lib/python3.7/site-packages/airflow/example_dags/example_sensor_decorator.py
[2025-10-20T18:00:41.806+0000] {processor.py:743} INFO - Processing file /home/airflow/.local/lib/python3.7/site-packages/airflow/example_dags/example_sensor_decorator.py for tasks to queue
[2025-10-20T18:00:41.806+0000] {logging_mixin.py:137} INFO - [2025-10-20T18:00:41.806+0000] {dagbag.py:538} INFO - Filling up the DagBag from /home/airflow/.local/lib/python3.7/site-packages/airflow/example_dags/example_sensor_decorator.py
[2025-10-20T18:00:41.816+0000] {processor.py:753} INFO - DAG(s) dict_keys(['example_sensor_decorator']) retrieved from /home/airflow/.local/lib/python3.7/site-packages/airflow/example_dags/example_sensor_decorator.py
[2025-10-20T18:00:41.825+0000] {logging_mixin.py:137} INFO - [2025-10-20T18:00:41.825+0000] {dag.py:2690} INFO - Sync 1 DAGs
[2025-10-20T18:00:41.835+0000] {logging_mixin.py:137} INFO - [2025-10-20T18:00:41.835+0000] {dag.py:3441} INFO - Setting next_dagrun for example_sensor_decorator to None, run_after=None
[2025-10-20T18:00:41.841+0000] {processor.py:175} INFO - Processing /home/airflow/.local/lib/python3.7/site-packages/airflow/example_dags/example_sensor_decorator.py took 0.037 seconds
[2025-10-20T18:01:12.334+0000] {processor.py:153} INFO - Started process (PID=247) to work on /home/airflow/.local/lib/python3.7/site-packages/airflow/example_dags/example_sensor_decorator.py
[2025-10-20T18:01:12.336+0000] {processor.py:743} INFO - Processing file /home/airflow/.local/lib/python3.7/site-packages/airflow/example_dags/example_sensor_decorator.py for tasks to queue
[2025-10-20T18:01:12.336+0000] {logging_mixin.py:137} INFO - [2025-10-20T18:01:12.336+0000] {dagbag.py:538} INFO - Filling up the DagBag from /home/airflow/.local/lib/python3.7/site-packages/airflow/example_dags/example_sensor_decorator.py
[2025-10-20T18:01:12.346+0000] {processor.py:753} INFO - DAG(s) dict_keys(['example_sensor_decorator']) retrieved from /home/airflow/.local/lib/python3.7/site-packages/airflow/example_dags/example_sensor_decorator.py
[2025-10-20T18:01:12.360+0000] {logging_mixin.py:137} INFO - [2025-10-20T18:01:12.360+0000] {dag.py:2690} INFO - Sync 1 DAGs
[2025-10-20T18:01:12.372+0000] {logging_mixin.py:137} INFO - [2025-10-20T18:01:12.372+0000] {dag.py:3441} INFO - Setting next_dagrun for example_sensor_decorator to None, run_after=None
[2025-10-20T18:01:12.381+0000] {processor.py:175} INFO - Processing /home/airflow/.local/lib/python3.7/site-packages/airflow/example_dags/example_sensor_decorator.py took 0.048 seconds
[2025-10-20T18:01:42.626+0000] {processor.py:153} INFO - Started process (PID=322) to work on /home/airflow/.local/lib/python3.7/site-packages/airflow/example_dags/example_sensor_decorator.py
[2025-10-20T18:01:42.626+0000] {processor.py:743} INFO - Processing file /home/airflow/.local/lib/python3.7/site-packages/airflow/example_dags/example_sensor_decorator.py for tasks to queue
[2025-10-20T18:01:42.626+0000] {logging_mixin.py:137} INFO - [2025-10-20T18:01:42.626+0000] {dagbag.py:538} INFO - Filling up the DagBag from /home/airflow/.local/lib/python3.7/site-packages/airflow/example_dags/example_sensor_decorator.py
[2025-10-20T18:01:42.635+0000] {processor.py:753} INFO - DAG(s) dict_keys(['example_sensor_decorator']) retrieved from /home/airflow/.local/lib/python3.7/site-packages/airflow/example_dags/example_sensor_decorator.py
[2025-10-20T18:01:42.645+0000] {logging_mixin.py:137} INFO - [2025-10-20T18:01:42.645+0000] {dag.py:2690} INFO - Sync 1 DAGs
[2025-10-20T18:01:42.654+0000] {logging_mixin.py:137} INFO - [2025-10-20T18:01:42.654+0000] {dag.py:3441} INFO - Setting next_dagrun for example_sensor_decorator to None, run_after=None
[2025-10-20T18:01:42.660+0000] {processor.py:175} INFO - Processing /home/airflow/.local/lib/python3.7/site-packages/airflow/example_dags/example_sensor_decorator.py took 0.036 seconds
[2025-10-20T18:02:12.850+0000] {processor.py:153} INFO - Started process (PID=415) to work on /home/airflow/.local/lib/python3.7/site-packages/airflow/example_dags/example_sensor_decorator.py
[2025-10-20T18:02:12.851+0000] {processor.py:743} INFO - Processing file /home/airflow/.local/lib/python3.7/site-packages/airflow/example_dags/example_sensor_decorator.py for tasks to queue
[2025-10-20T18:02:12.851+0000] {logging_mixin.py:137} INFO - [2025-10-20T18:02:12.851+0000] {dagbag.py:538} INFO - Filling up the DagBag from /home/airflow/.local/lib/python3.7/site-packages/airflow/example_dags/example_sensor_decorator.py
[2025-10-20T18:02:12.860+0000] {processor.py:753} INFO - DAG(s) dict_keys(['example_sensor_decorator']) retrieved from /home/airflow/.local/lib/python3.7/site-packages/airflow/example_dags/example_sensor_decorator.py
[2025-10-20T18:02:12.870+0000] {logging_mixin.py:137} INFO - [2025-10-20T18:02:12.870+0000] {dag.py:2690} INFO - Sync 1 DAGs
[2025-10-20T18:02:12.879+0000] {logging_mixin.py:137} INFO - [2025-10-20T18:02:12.879+0000] {dag.py:3441} INFO - Setting next_dagrun for example_sensor_decorator to None, run_after=None
[2025-10-20T18:02:12.885+0000] {processor.py:175} INFO - Processing /home/airflow/.local/lib/python3.7/site-packages/airflow/example_dags/example_sensor_decorator.py took 0.036 seconds
[2025-10-20T18:02:43.003+0000] {processor.py:153} INFO - Started process (PID=508) to work on /home/airflow/.local/lib/python3.7/site-packages/airflow/example_dags/example_sensor_decorator.py
[2025-10-20T18:02:43.003+0000] {processor.py:743} INFO - Processing file /home/airflow/.local/lib/python3.7/site-packages/airflow/example_dags/example_sensor_decorator.py for tasks to queue
[2025-10-20T18:02:43.003+0000] {logging_mixin.py:137} INFO - [2025-10-20T18:02:43.003+0000] {dagbag.py:538} INFO - Filling up the DagBag from /home/airflow/.local/lib/python3.7/site-packages/airflow/example_dags/example_sensor_decorator.py
[2025-10-20T18:02:43.012+0000] {processor.py:753} INFO - DAG(s) dict_keys(['example_sensor_decorator']) retrieved from /home/airflow/.local/lib/python3.7/site-packages/airflow/example_dags/example_sensor_decorator.py
[2025-10-20T18:02:43.021+0000] {logging_mixin.py:137} INFO - [2025-10-20T18:02:43.020+0000] {dag.py:2690} INFO - Sync 1 DAGs
[2025-10-20T18:02:43.029+0000] {logging_mixin.py:137} INFO - [2025-10-20T18:02:43.029+0000] {dag.py:3441} INFO - Setting next_dagrun for example_sensor_decorator to None, run_after=None
[2025-10-20T18:02:43.036+0000] {processor.py:175} INFO - Processing /home/airflow/.local/lib/python3.7/site-packages/airflow/example_dags/example_sensor_decorator.py took 0.034 seconds
[2025-10-20T18:03:13.346+0000] {processor.py:153} INFO - Started process (PID=600) to work on /home/airflow/.local/lib/python3.7/site-packages/airflow/example_dags/example_sensor_decorator.py
[2025-10-20T18:03:13.346+0000] {processor.py:743} INFO - Processing file /home/airflow/.local/lib/python3.7/site-packages/airflow/example_dags/example_sensor_decorator.py for tasks to queue
[2025-10-20T18:03:13.347+0000] {logging_mixin.py:137} INFO - [2025-10-20T18:03:13.347+0000] {dagbag.py:538} INFO - Filling up the DagBag from /home/airflow/.local/lib/python3.7/site-packages/airflow/example_dags/example_sensor_decorator.py
[2025-10-20T18:03:13.355+0000] {processor.py:753} INFO - DAG(s) dict_keys(['example_sensor_decorator']) retrieved from /home/airflow/.local/lib/python3.7/site-packages/airflow/example_dags/example_sensor_decorator.py
[2025-10-20T18:03:13.364+0000] {logging_mixin.py:137} INFO - [2025-10-20T18:03:13.364+0000] {dag.py:2690} INFO - Sync 1 DAGs
[2025-10-20T18:03:13.375+0000] {logging_mixin.py:137} INFO - [2025-10-20T18:03:13.374+0000] {dag.py:3441} INFO - Setting next_dagrun for example_sensor_decorator to None, run_after=None
[2025-10-20T18:03:13.381+0000] {processor.py:175} INFO - Processing /home/airflow/.local/lib/python3.7/site-packages/airflow/example_dags/example_sensor_decorator.py took 0.036 seconds
[2025-10-20T18:03:43.559+0000] {processor.py:153} INFO - Started process (PID=675) to work on /home/airflow/.local/lib/python3.7/site-packages/airflow/example_dags/example_sensor_decorator.py
[2025-10-20T18:03:43.559+0000] {processor.py:743} INFO - Processing file /home/airflow/.local/lib/python3.7/site-packages/airflow/example_dags/example_sensor_decorator.py for tasks to queue
[2025-10-20T18:03:43.559+0000] {logging_mixin.py:137} INFO - [2025-10-20T18:03:43.559+0000] {dagbag.py:538} INFO - Filling up the DagBag from /home/airflow/.local/lib/python3.7/site-packages/airflow/example_dags/example_sensor_decorator.py
[2025-10-20T18:03:43.568+0000] {processor.py:753} INFO - DAG(s) dict_keys(['example_sensor_decorator']) retrieved from /home/airflow/.local/lib/python3.7/site-packages/airflow/example_dags/example_sensor_decorator.py
[2025-10-20T18:03:43.577+0000] {logging_mixin.py:137} INFO - [2025-10-20T18:03:43.577+0000] {dag.py:2690} INFO - Sync 1 DAGs
[2025-10-20T18:03:43.588+0000] {logging_mixin.py:137} INFO - [2025-10-20T18:03:43.588+0000] {dag.py:3441} INFO - Setting next_dagrun for example_sensor_decorator to None, run_after=None
[2025-10-20T18:03:43.594+0000] {processor.py:175} INFO - Processing /home/airflow/.local/lib/python3.7/site-packages/airflow/example_dags/example_sensor_decorator.py took 0.037 seconds
[2025-10-20T18:04:13.795+0000] {processor.py:153} INFO - Started process (PID=768) to work on /home/airflow/.local/lib/python3.7/site-packages/airflow/example_dags/example_sensor_decorator.py
[2025-10-20T18:04:13.795+0000] {processor.py:743} INFO - Processing file /home/airflow/.local/lib/python3.7/site-packages/airflow/example_dags/example_sensor_decorator.py for tasks to queue
[2025-10-20T18:04:13.795+0000] {logging_mixin.py:137} INFO - [2025-10-20T18:04:13.795+0000] {dagbag.py:538} INFO - Filling up the DagBag from /home/airflow/.local/lib/python3.7/site-packages/airflow/example_dags/example_sensor_decorator.py
[2025-10-20T18:04:13.804+0000] {processor.py:753} INFO - DAG(s) dict_keys(['example_sensor_decorator']) retrieved from /home/airflow/.local/lib/python3.7/site-packages/airflow/example_dags/example_sensor_decorator.py
[2025-10-20T18:04:13.812+0000] {logging_mixin.py:137} INFO - [2025-10-20T18:04:13.812+0000] {dag.py:2690} INFO - Sync 1 DAGs
[2025-10-20T18:04:13.821+0000] {logging_mixin.py:137} INFO - [2025-10-20T18:04:13.821+0000] {dag.py:3441} INFO - Setting next_dagrun for example_sensor_decorator to None, run_after=None
[2025-10-20T18:04:13.827+0000] {processor.py:175} INFO - Processing /home/airflow/.local/lib/python3.7/site-packages/airflow/example_dags/example_sensor_decorator.py took 0.034 seconds
[2025-10-20T18:04:44.063+0000] {processor.py:153} INFO - Started process (PID=861) to work on /home/airflow/.local/lib/python3.7/site-packages/airflow/example_dags/example_sensor_decorator.py
[2025-10-20T18:04:44.063+0000] {processor.py:743} INFO - Processing file /home/airflow/.local/lib/python3.7/site-packages/airflow/example_dags/example_sensor_decorator.py for tasks to queue
[2025-10-20T18:04:44.063+0000] {logging_mixin.py:137} INFO - [2025-10-20T18:04:44.063+0000] {dagbag.py:538} INFO - Filling up the DagBag from /home/airflow/.local/lib/python3.7/site-packages/airflow/example_dags/example_sensor_decorator.py
[2025-10-20T18:04:44.071+0000] {processor.py:753} INFO - DAG(s) dict_keys(['example_sensor_decorator']) retrieved from /home/airflow/.local/lib/python3.7/site-packages/airflow/example_dags/example_sensor_decorator.py
[2025-10-20T18:04:44.079+0000] {logging_mixin.py:137} INFO - [2025-10-20T18:04:44.079+0000] {dag.py:2690} INFO - Sync 1 DAGs
[2025-10-20T18:04:44.087+0000] {logging_mixin.py:137} INFO - [2025-10-20T18:04:44.087+0000] {dag.py:3441} INFO - Setting next_dagrun for example_sensor_decorator to None, run_after=None
[2025-10-20T18:04:44.093+0000] {processor.py:175} INFO - Processing /home/airflow/.local/lib/python3.7/site-packages/airflow/example_dags/example_sensor_decorator.py took 0.031 seconds
[2025-10-20T18:05:14.278+0000] {processor.py:153} INFO - Started process (PID=954) to work on /home/airflow/.local/lib/python3.7/site-packages/airflow/example_dags/example_sensor_decorator.py
[2025-10-20T18:05:14.279+0000] {processor.py:743} INFO - Processing file /home/airflow/.local/lib/python3.7/site-packages/airflow/example_dags/example_sensor_decorator.py for tasks to queue
[2025-10-20T18:05:14.279+0000] {logging_mixin.py:137} INFO - [2025-10-20T18:05:14.279+0000] {dagbag.py:538} INFO - Filling up the DagBag from /home/airflow/.local/lib/python3.7/site-packages/airflow/example_dags/example_sensor_decorator.py
[2025-10-20T18:05:14.287+0000] {processor.py:753} INFO - DAG(s) dict_keys(['example_sensor_decorator']) retrieved from /home/airflow/.local/lib/python3.7/site-packages/airflow/example_dags/example_sensor_decorator.py
[2025-10-20T18:05:14.297+0000] {logging_mixin.py:137} INFO - [2025-10-20T18:05:14.296+0000] {dag.py:2690} INFO - Sync 1 DAGs
[2025-10-20T18:05:14.305+0000] {logging_mixin.py:137} INFO - [2025-10-20T18:05:14.305+0000] {dag.py:3441} INFO - Setting next_dagrun for example_sensor_decorator to None, run_after=None
[2025-10-20T18:05:14.312+0000] {processor.py:175} INFO - Processing /home/airflow/.local/lib/python3.7/site-packages/airflow/example_dags/example_sensor_decorator.py took 0.035 seconds
[2025-10-20T18:05:44.863+0000] {processor.py:153} INFO - Started process (PID=1029) to work on /home/airflow/.local/lib/python3.7/site-packages/airflow/example_dags/example_sensor_decorator.py
[2025-10-20T18:05:44.863+0000] {processor.py:743} INFO - Processing file /home/airflow/.local/lib/python3.7/site-packages/airflow/example_dags/example_sensor_decorator.py for tasks to queue
[2025-10-20T18:05:44.864+0000] {logging_mixin.py:137} INFO - [2025-10-20T18:05:44.864+0000] {dagbag.py:538} INFO - Filling up the DagBag from /home/airflow/.local/lib/python3.7/site-packages/airflow/example_dags/example_sensor_decorator.py
[2025-10-20T18:05:44.875+0000] {processor.py:753} INFO - DAG(s) dict_keys(['example_sensor_decorator']) retrieved from /home/airflow/.local/lib/python3.7/site-packages/airflow/example_dags/example_sensor_decorator.py
[2025-10-20T18:05:44.889+0000] {logging_mixin.py:137} INFO - [2025-10-20T18:05:44.889+0000] {dag.py:2690} INFO - Sync 1 DAGs
[2025-10-20T18:05:44.901+0000] {logging_mixin.py:137} INFO - [2025-10-20T18:05:44.901+0000] {dag.py:3441} INFO - Setting next_dagrun for example_sensor_decorator to None, run_after=None
[2025-10-20T18:05:44.909+0000] {processor.py:175} INFO - Processing /home/airflow/.local/lib/python3.7/site-packages/airflow/example_dags/example_sensor_decorator.py took 0.048 seconds
[2025-10-20T18:06:14.973+0000] {processor.py:153} INFO - Started process (PID=1122) to work on /home/airflow/.local/lib/python3.7/site-packages/airflow/example_dags/example_sensor_decorator.py
[2025-10-20T18:06:14.973+0000] {processor.py:743} INFO - Processing file /home/airflow/.local/lib/python3.7/site-packages/airflow/example_dags/example_sensor_decorator.py for tasks to queue
[2025-10-20T18:06:14.973+0000] {logging_mixin.py:137} INFO - [2025-10-20T18:06:14.973+0000] {dagbag.py:538} INFO - Filling up the DagBag from /home/airflow/.local/lib/python3.7/site-packages/airflow/example_dags/example_sensor_decorator.py
[2025-10-20T18:06:14.982+0000] {processor.py:753} INFO - DAG(s) dict_keys(['example_sensor_decorator']) retrieved from /home/airflow/.local/lib/python3.7/site-packages/airflow/example_dags/example_sensor_decorator.py
[2025-10-20T18:06:14.992+0000] {logging_mixin.py:137} INFO - [2025-10-20T18:06:14.992+0000] {dag.py:2690} INFO - Sync 1 DAGs
[2025-10-20T18:06:15.001+0000] {logging_mixin.py:137} INFO - [2025-10-20T18:06:15.001+0000] {dag.py:3441} INFO - Setting next_dagrun for example_sensor_decorator to None, run_after=None
[2025-10-20T18:06:15.007+0000] {processor.py:175} INFO - Processing /home/airflow/.local/lib/python3.7/site-packages/airflow/example_dags/example_sensor_decorator.py took 0.036 seconds
[2025-10-20T18:06:45.356+0000] {processor.py:153} INFO - Started process (PID=1215) to work on /home/airflow/.local/lib/python3.7/site-packages/airflow/example_dags/example_sensor_decorator.py
[2025-10-20T18:06:45.357+0000] {processor.py:743} INFO - Processing file /home/airflow/.local/lib/python3.7/site-packages/airflow/example_dags/example_sensor_decorator.py for tasks to queue
[2025-10-20T18:06:45.357+0000] {logging_mixin.py:137} INFO - [2025-10-20T18:06:45.357+0000] {dagbag.py:538} INFO - Filling up the DagBag from /home/airflow/.local/lib/python3.7/site-packages/airflow/example_dags/example_sensor_decorator.py
[2025-10-20T18:06:45.367+0000] {processor.py:753} INFO - DAG(s) dict_keys(['example_sensor_decorator']) retrieved from /home/airflow/.local/lib/python3.7/site-packages/airflow/example_dags/example_sensor_decorator.py
[2025-10-20T18:06:45.377+0000] {logging_mixin.py:137} INFO - [2025-10-20T18:06:45.377+0000] {dag.py:2690} INFO - Sync 1 DAGs
[2025-10-20T18:06:45.388+0000] {logging_mixin.py:137} INFO - [2025-10-20T18:06:45.388+0000] {dag.py:3441} INFO - Setting next_dagrun for example_sensor_decorator to None, run_after=None
[2025-10-20T18:06:45.395+0000] {processor.py:175} INFO - Processing /home/airflow/.local/lib/python3.7/site-packages/airflow/example_dags/example_sensor_decorator.py took 0.040 seconds
[2025-10-20T18:07:15.559+0000] {processor.py:153} INFO - Started process (PID=1308) to work on /home/airflow/.local/lib/python3.7/site-packages/airflow/example_dags/example_sensor_decorator.py
[2025-10-20T18:07:15.560+0000] {processor.py:743} INFO - Processing file /home/airflow/.local/lib/python3.7/site-packages/airflow/example_dags/example_sensor_decorator.py for tasks to queue
[2025-10-20T18:07:15.560+0000] {logging_mixin.py:137} INFO - [2025-10-20T18:07:15.560+0000] {dagbag.py:538} INFO - Filling up the DagBag from /home/airflow/.local/lib/python3.7/site-packages/airflow/example_dags/example_sensor_decorator.py
[2025-10-20T18:07:15.568+0000] {processor.py:753} INFO - DAG(s) dict_keys(['example_sensor_decorator']) retrieved from /home/airflow/.local/lib/python3.7/site-packages/airflow/example_dags/example_sensor_decorator.py
[2025-10-20T18:07:15.576+0000] {logging_mixin.py:137} INFO - [2025-10-20T18:07:15.576+0000] {dag.py:2690} INFO - Sync 1 DAGs
[2025-10-20T18:07:15.584+0000] {logging_mixin.py:137} INFO - [2025-10-20T18:07:15.584+0000] {dag.py:3441} INFO - Setting next_dagrun for example_sensor_decorator to None, run_after=None
[2025-10-20T18:07:15.589+0000] {processor.py:175} INFO - Processing /home/airflow/.local/lib/python3.7/site-packages/airflow/example_dags/example_sensor_decorator.py took 0.031 seconds
[2025-10-20T18:07:45.715+0000] {processor.py:153} INFO - Started process (PID=1383) to work on /home/airflow/.local/lib/python3.7/site-packages/airflow/example_dags/example_sensor_decorator.py
[2025-10-20T18:07:45.716+0000] {processor.py:743} INFO - Processing file /home/airflow/.local/lib/python3.7/site-packages/airflow/example_dags/example_sensor_decorator.py for tasks to queue
[2025-10-20T18:07:45.716+0000] {logging_mixin.py:137} INFO - [2025-10-20T18:07:45.716+0000] {dagbag.py:538} INFO - Filling up the DagBag from /home/airflow/.local/lib/python3.7/site-packages/airflow/example_dags/example_sensor_decorator.py
[2025-10-20T18:07:45.725+0000] {processor.py:753} INFO - DAG(s) dict_keys(['example_sensor_decorator']) retrieved from /home/airflow/.local/lib/python3.7/site-packages/airflow/example_dags/example_sensor_decorator.py
[2025-10-20T18:07:45.733+0000] {logging_mixin.py:137} INFO - [2025-10-20T18:07:45.733+0000] {dag.py:2690} INFO - Sync 1 DAGs
[2025-10-20T18:07:45.742+0000] {logging_mixin.py:137} INFO - [2025-10-20T18:07:45.742+0000] {dag.py:3441} INFO - Setting next_dagrun for example_sensor_decorator to None, run_after=None
[2025-10-20T18:07:45.748+0000] {processor.py:175} INFO - Processing /home/airflow/.local/lib/python3.7/site-packages/airflow/example_dags/example_sensor_decorator.py took 0.034 seconds
[2025-10-20T18:08:16.000+0000] {processor.py:153} INFO - Started process (PID=1476) to work on /home/airflow/.local/lib/python3.7/site-packages/airflow/example_dags/example_sensor_decorator.py
[2025-10-20T18:08:16.000+0000] {processor.py:743} INFO - Processing file /home/airflow/.local/lib/python3.7/site-packages/airflow/example_dags/example_sensor_decorator.py for tasks to queue
[2025-10-20T18:08:16.000+0000] {logging_mixin.py:137} INFO - [2025-10-20T18:08:16.000+0000] {dagbag.py:538} INFO - Filling up the DagBag from /home/airflow/.local/lib/python3.7/site-packages/airflow/example_dags/example_sensor_decorator.py
[2025-10-20T18:08:16.009+0000] {processor.py:753} INFO - DAG(s) dict_keys(['example_sensor_decorator']) retrieved from /home/airflow/.local/lib/python3.7/site-packages/airflow/example_dags/example_sensor_decorator.py
[2025-10-20T18:08:16.017+0000] {logging_mixin.py:137} INFO - [2025-10-20T18:08:16.017+0000] {dag.py:2690} INFO - Sync 1 DAGs
[2025-10-20T18:08:16.026+0000] {logging_mixin.py:137} INFO - [2025-10-20T18:08:16.026+0000] {dag.py:3441} INFO - Setting next_dagrun for example_sensor_decorator to None, run_after=None
[2025-10-20T18:08:16.035+0000] {processor.py:175} INFO - Processing /home/airflow/.local/lib/python3.7/site-packages/airflow/example_dags/example_sensor_decorator.py took 0.037 seconds
[2025-10-20T18:08:46.323+0000] {processor.py:153} INFO - Started process (PID=1569) to work on /home/airflow/.local/lib/python3.7/site-packages/airflow/example_dags/example_sensor_decorator.py
[2025-10-20T18:08:46.324+0000] {processor.py:743} INFO - Processing file /home/airflow/.local/lib/python3.7/site-packages/airflow/example_dags/example_sensor_decorator.py for tasks to queue
[2025-10-20T18:08:46.324+0000] {logging_mixin.py:137} INFO - [2025-10-20T18:08:46.324+0000] {dagbag.py:538} INFO - Filling up the DagBag from /home/airflow/.local/lib/python3.7/site-packages/airflow/example_dags/example_sensor_decorator.py
[2025-10-20T18:08:46.334+0000] {processor.py:753} INFO - DAG(s) dict_keys(['example_sensor_decorator']) retrieved from /home/airflow/.local/lib/python3.7/site-packages/airflow/example_dags/example_sensor_decorator.py
[2025-10-20T18:08:46.343+0000] {logging_mixin.py:137} INFO - [2025-10-20T18:08:46.343+0000] {dag.py:2690} INFO - Sync 1 DAGs
[2025-10-20T18:08:46.353+0000] {logging_mixin.py:137} INFO - [2025-10-20T18:08:46.353+0000] {dag.py:3441} INFO - Setting next_dagrun for example_sensor_decorator to None, run_after=None
[2025-10-20T18:08:46.359+0000] {processor.py:175} INFO - Processing /home/airflow/.local/lib/python3.7/site-packages/airflow/example_dags/example_sensor_decorator.py took 0.037 seconds
