[2025-10-20T18:00:11.848+0000] {processor.py:153} INFO - Started process (PID=74) to work on /home/airflow/.local/lib/python3.7/site-packages/airflow/example_dags/example_latest_only_with_trigger.py
[2025-10-20T18:00:11.849+0000] {processor.py:743} INFO - Processing file /home/airflow/.local/lib/python3.7/site-packages/airflow/example_dags/example_latest_only_with_trigger.py for tasks to queue
[2025-10-20T18:00:11.849+0000] {logging_mixin.py:137} INFO - [2025-10-20T18:00:11.849+0000] {dagbag.py:538} INFO - Filling up the DagBag from /home/airflow/.local/lib/python3.7/site-packages/airflow/example_dags/example_latest_only_with_trigger.py
[2025-10-20T18:00:11.859+0000] {processor.py:753} INFO - DAG(s) dict_keys(['latest_only_with_trigger']) retrieved from /home/airflow/.local/lib/python3.7/site-packages/airflow/example_dags/example_latest_only_with_trigger.py
[2025-10-20T18:00:11.866+0000] {logging_mixin.py:137} INFO - [2025-10-20T18:00:11.866+0000] {dag.py:2690} INFO - Sync 1 DAGs
[2025-10-20T18:00:11.881+0000] {logging_mixin.py:137} INFO - [2025-10-20T18:00:11.881+0000] {dag.py:3441} INFO - Setting next_dagrun for latest_only_with_trigger to 2025-10-20T14:00:11.880935+00:00, run_after=2025-10-20T18:00:11.880935+00:00
[2025-10-20T18:00:11.889+0000] {processor.py:175} INFO - Processing /home/airflow/.local/lib/python3.7/site-packages/airflow/example_dags/example_latest_only_with_trigger.py took 0.043 seconds
[2025-10-20T18:00:42.113+0000] {processor.py:153} INFO - Started process (PID=167) to work on /home/airflow/.local/lib/python3.7/site-packages/airflow/example_dags/example_latest_only_with_trigger.py
[2025-10-20T18:00:42.113+0000] {processor.py:743} INFO - Processing file /home/airflow/.local/lib/python3.7/site-packages/airflow/example_dags/example_latest_only_with_trigger.py for tasks to queue
[2025-10-20T18:00:42.113+0000] {logging_mixin.py:137} INFO - [2025-10-20T18:00:42.113+0000] {dagbag.py:538} INFO - Filling up the DagBag from /home/airflow/.local/lib/python3.7/site-packages/airflow/example_dags/example_latest_only_with_trigger.py
[2025-10-20T18:00:42.119+0000] {processor.py:753} INFO - DAG(s) dict_keys(['latest_only_with_trigger']) retrieved from /home/airflow/.local/lib/python3.7/site-packages/airflow/example_dags/example_latest_only_with_trigger.py
[2025-10-20T18:00:42.132+0000] {logging_mixin.py:137} INFO - [2025-10-20T18:00:42.132+0000] {dag.py:2690} INFO - Sync 1 DAGs
[2025-10-20T18:00:42.141+0000] {logging_mixin.py:137} INFO - [2025-10-20T18:00:42.141+0000] {dag.py:3441} INFO - Setting next_dagrun for latest_only_with_trigger to 2025-10-20T14:00:42.141265+00:00, run_after=2025-10-20T18:00:42.141265+00:00
[2025-10-20T18:00:42.147+0000] {processor.py:175} INFO - Processing /home/airflow/.local/lib/python3.7/site-packages/airflow/example_dags/example_latest_only_with_trigger.py took 0.036 seconds
[2025-10-20T18:01:12.697+0000] {processor.py:153} INFO - Started process (PID=260) to work on /home/airflow/.local/lib/python3.7/site-packages/airflow/example_dags/example_latest_only_with_trigger.py
[2025-10-20T18:01:12.698+0000] {processor.py:743} INFO - Processing file /home/airflow/.local/lib/python3.7/site-packages/airflow/example_dags/example_latest_only_with_trigger.py for tasks to queue
[2025-10-20T18:01:12.698+0000] {logging_mixin.py:137} INFO - [2025-10-20T18:01:12.698+0000] {dagbag.py:538} INFO - Filling up the DagBag from /home/airflow/.local/lib/python3.7/site-packages/airflow/example_dags/example_latest_only_with_trigger.py
[2025-10-20T18:01:12.705+0000] {processor.py:753} INFO - DAG(s) dict_keys(['latest_only_with_trigger']) retrieved from /home/airflow/.local/lib/python3.7/site-packages/airflow/example_dags/example_latest_only_with_trigger.py
[2025-10-20T18:01:12.718+0000] {logging_mixin.py:137} INFO - [2025-10-20T18:01:12.718+0000] {dag.py:2690} INFO - Sync 1 DAGs
[2025-10-20T18:01:12.732+0000] {logging_mixin.py:137} INFO - [2025-10-20T18:01:12.732+0000] {dag.py:3441} INFO - Setting next_dagrun for latest_only_with_trigger to 2025-10-20T14:01:12.732757+00:00, run_after=2025-10-20T18:01:12.732757+00:00
[2025-10-20T18:01:12.742+0000] {processor.py:175} INFO - Processing /home/airflow/.local/lib/python3.7/site-packages/airflow/example_dags/example_latest_only_with_trigger.py took 0.046 seconds
[2025-10-20T18:01:42.914+0000] {processor.py:153} INFO - Started process (PID=335) to work on /home/airflow/.local/lib/python3.7/site-packages/airflow/example_dags/example_latest_only_with_trigger.py
[2025-10-20T18:01:42.914+0000] {processor.py:743} INFO - Processing file /home/airflow/.local/lib/python3.7/site-packages/airflow/example_dags/example_latest_only_with_trigger.py for tasks to queue
[2025-10-20T18:01:42.915+0000] {logging_mixin.py:137} INFO - [2025-10-20T18:01:42.915+0000] {dagbag.py:538} INFO - Filling up the DagBag from /home/airflow/.local/lib/python3.7/site-packages/airflow/example_dags/example_latest_only_with_trigger.py
[2025-10-20T18:01:42.921+0000] {processor.py:753} INFO - DAG(s) dict_keys(['latest_only_with_trigger']) retrieved from /home/airflow/.local/lib/python3.7/site-packages/airflow/example_dags/example_latest_only_with_trigger.py
[2025-10-20T18:01:42.930+0000] {logging_mixin.py:137} INFO - [2025-10-20T18:01:42.930+0000] {dag.py:2690} INFO - Sync 1 DAGs
[2025-10-20T18:01:42.939+0000] {logging_mixin.py:137} INFO - [2025-10-20T18:01:42.939+0000] {dag.py:3441} INFO - Setting next_dagrun for latest_only_with_trigger to 2025-10-20T14:01:42.939307+00:00, run_after=2025-10-20T18:01:42.939307+00:00
[2025-10-20T18:01:42.945+0000] {processor.py:175} INFO - Processing /home/airflow/.local/lib/python3.7/site-packages/airflow/example_dags/example_latest_only_with_trigger.py took 0.033 seconds
[2025-10-20T18:02:13.141+0000] {processor.py:153} INFO - Started process (PID=428) to work on /home/airflow/.local/lib/python3.7/site-packages/airflow/example_dags/example_latest_only_with_trigger.py
[2025-10-20T18:02:13.141+0000] {processor.py:743} INFO - Processing file /home/airflow/.local/lib/python3.7/site-packages/airflow/example_dags/example_latest_only_with_trigger.py for tasks to queue
[2025-10-20T18:02:13.142+0000] {logging_mixin.py:137} INFO - [2025-10-20T18:02:13.142+0000] {dagbag.py:538} INFO - Filling up the DagBag from /home/airflow/.local/lib/python3.7/site-packages/airflow/example_dags/example_latest_only_with_trigger.py
[2025-10-20T18:02:13.149+0000] {processor.py:753} INFO - DAG(s) dict_keys(['latest_only_with_trigger']) retrieved from /home/airflow/.local/lib/python3.7/site-packages/airflow/example_dags/example_latest_only_with_trigger.py
[2025-10-20T18:02:13.158+0000] {logging_mixin.py:137} INFO - [2025-10-20T18:02:13.158+0000] {dag.py:2690} INFO - Sync 1 DAGs
[2025-10-20T18:02:13.167+0000] {logging_mixin.py:137} INFO - [2025-10-20T18:02:13.167+0000] {dag.py:3441} INFO - Setting next_dagrun for latest_only_with_trigger to 2025-10-20T14:02:13.167099+00:00, run_after=2025-10-20T18:02:13.167099+00:00
[2025-10-20T18:02:13.173+0000] {processor.py:175} INFO - Processing /home/airflow/.local/lib/python3.7/site-packages/airflow/example_dags/example_latest_only_with_trigger.py took 0.033 seconds
[2025-10-20T18:02:43.354+0000] {processor.py:153} INFO - Started process (PID=521) to work on /home/airflow/.local/lib/python3.7/site-packages/airflow/example_dags/example_latest_only_with_trigger.py
[2025-10-20T18:02:43.354+0000] {processor.py:743} INFO - Processing file /home/airflow/.local/lib/python3.7/site-packages/airflow/example_dags/example_latest_only_with_trigger.py for tasks to queue
[2025-10-20T18:02:43.354+0000] {logging_mixin.py:137} INFO - [2025-10-20T18:02:43.354+0000] {dagbag.py:538} INFO - Filling up the DagBag from /home/airflow/.local/lib/python3.7/site-packages/airflow/example_dags/example_latest_only_with_trigger.py
[2025-10-20T18:02:43.359+0000] {processor.py:753} INFO - DAG(s) dict_keys(['latest_only_with_trigger']) retrieved from /home/airflow/.local/lib/python3.7/site-packages/airflow/example_dags/example_latest_only_with_trigger.py
[2025-10-20T18:02:43.369+0000] {logging_mixin.py:137} INFO - [2025-10-20T18:02:43.369+0000] {dag.py:2690} INFO - Sync 1 DAGs
[2025-10-20T18:02:43.378+0000] {logging_mixin.py:137} INFO - [2025-10-20T18:02:43.378+0000] {dag.py:3441} INFO - Setting next_dagrun for latest_only_with_trigger to 2025-10-20T14:02:43.377695+00:00, run_after=2025-10-20T18:02:43.377695+00:00
[2025-10-20T18:02:43.384+0000] {processor.py:175} INFO - Processing /home/airflow/.local/lib/python3.7/site-packages/airflow/example_dags/example_latest_only_with_trigger.py took 0.031 seconds
[2025-10-20T18:03:13.636+0000] {processor.py:153} INFO - Started process (PID=613) to work on /home/airflow/.local/lib/python3.7/site-packages/airflow/example_dags/example_latest_only_with_trigger.py
[2025-10-20T18:03:13.636+0000] {processor.py:743} INFO - Processing file /home/airflow/.local/lib/python3.7/site-packages/airflow/example_dags/example_latest_only_with_trigger.py for tasks to queue
[2025-10-20T18:03:13.637+0000] {logging_mixin.py:137} INFO - [2025-10-20T18:03:13.637+0000] {dagbag.py:538} INFO - Filling up the DagBag from /home/airflow/.local/lib/python3.7/site-packages/airflow/example_dags/example_latest_only_with_trigger.py
[2025-10-20T18:03:13.642+0000] {processor.py:753} INFO - DAG(s) dict_keys(['latest_only_with_trigger']) retrieved from /home/airflow/.local/lib/python3.7/site-packages/airflow/example_dags/example_latest_only_with_trigger.py
[2025-10-20T18:03:13.652+0000] {logging_mixin.py:137} INFO - [2025-10-20T18:03:13.652+0000] {dag.py:2690} INFO - Sync 1 DAGs
[2025-10-20T18:03:13.662+0000] {logging_mixin.py:137} INFO - [2025-10-20T18:03:13.662+0000] {dag.py:3441} INFO - Setting next_dagrun for latest_only_with_trigger to 2025-10-20T14:03:13.661912+00:00, run_after=2025-10-20T18:03:13.661912+00:00
[2025-10-20T18:03:13.668+0000] {processor.py:175} INFO - Processing /home/airflow/.local/lib/python3.7/site-packages/airflow/example_dags/example_latest_only_with_trigger.py took 0.033 seconds
[2025-10-20T18:03:43.847+0000] {processor.py:153} INFO - Started process (PID=688) to work on /home/airflow/.local/lib/python3.7/site-packages/airflow/example_dags/example_latest_only_with_trigger.py
[2025-10-20T18:03:43.847+0000] {processor.py:743} INFO - Processing file /home/airflow/.local/lib/python3.7/site-packages/airflow/example_dags/example_latest_only_with_trigger.py for tasks to queue
[2025-10-20T18:03:43.848+0000] {logging_mixin.py:137} INFO - [2025-10-20T18:03:43.848+0000] {dagbag.py:538} INFO - Filling up the DagBag from /home/airflow/.local/lib/python3.7/site-packages/airflow/example_dags/example_latest_only_with_trigger.py
[2025-10-20T18:03:43.856+0000] {processor.py:753} INFO - DAG(s) dict_keys(['latest_only_with_trigger']) retrieved from /home/airflow/.local/lib/python3.7/site-packages/airflow/example_dags/example_latest_only_with_trigger.py
[2025-10-20T18:03:43.864+0000] {logging_mixin.py:137} INFO - [2025-10-20T18:03:43.864+0000] {dag.py:2690} INFO - Sync 1 DAGs
[2025-10-20T18:03:43.873+0000] {logging_mixin.py:137} INFO - [2025-10-20T18:03:43.873+0000] {dag.py:3441} INFO - Setting next_dagrun for latest_only_with_trigger to 2025-10-20T14:03:43.873357+00:00, run_after=2025-10-20T18:03:43.873357+00:00
[2025-10-20T18:03:43.879+0000] {processor.py:175} INFO - Processing /home/airflow/.local/lib/python3.7/site-packages/airflow/example_dags/example_latest_only_with_trigger.py took 0.034 seconds
[2025-10-20T18:04:14.133+0000] {processor.py:153} INFO - Started process (PID=781) to work on /home/airflow/.local/lib/python3.7/site-packages/airflow/example_dags/example_latest_only_with_trigger.py
[2025-10-20T18:04:14.134+0000] {processor.py:743} INFO - Processing file /home/airflow/.local/lib/python3.7/site-packages/airflow/example_dags/example_latest_only_with_trigger.py for tasks to queue
[2025-10-20T18:04:14.134+0000] {logging_mixin.py:137} INFO - [2025-10-20T18:04:14.134+0000] {dagbag.py:538} INFO - Filling up the DagBag from /home/airflow/.local/lib/python3.7/site-packages/airflow/example_dags/example_latest_only_with_trigger.py
[2025-10-20T18:04:14.140+0000] {processor.py:753} INFO - DAG(s) dict_keys(['latest_only_with_trigger']) retrieved from /home/airflow/.local/lib/python3.7/site-packages/airflow/example_dags/example_latest_only_with_trigger.py
[2025-10-20T18:04:14.149+0000] {logging_mixin.py:137} INFO - [2025-10-20T18:04:14.149+0000] {dag.py:2690} INFO - Sync 1 DAGs
[2025-10-20T18:04:14.159+0000] {logging_mixin.py:137} INFO - [2025-10-20T18:04:14.159+0000] {dag.py:3441} INFO - Setting next_dagrun for latest_only_with_trigger to 2025-10-20T14:04:14.159167+00:00, run_after=2025-10-20T18:04:14.159167+00:00
[2025-10-20T18:04:14.165+0000] {processor.py:175} INFO - Processing /home/airflow/.local/lib/python3.7/site-packages/airflow/example_dags/example_latest_only_with_trigger.py took 0.033 seconds
[2025-10-20T18:04:44.353+0000] {processor.py:153} INFO - Started process (PID=874) to work on /home/airflow/.local/lib/python3.7/site-packages/airflow/example_dags/example_latest_only_with_trigger.py
[2025-10-20T18:04:44.353+0000] {processor.py:743} INFO - Processing file /home/airflow/.local/lib/python3.7/site-packages/airflow/example_dags/example_latest_only_with_trigger.py for tasks to queue
[2025-10-20T18:04:44.353+0000] {logging_mixin.py:137} INFO - [2025-10-20T18:04:44.353+0000] {dagbag.py:538} INFO - Filling up the DagBag from /home/airflow/.local/lib/python3.7/site-packages/airflow/example_dags/example_latest_only_with_trigger.py
[2025-10-20T18:04:44.359+0000] {processor.py:753} INFO - DAG(s) dict_keys(['latest_only_with_trigger']) retrieved from /home/airflow/.local/lib/python3.7/site-packages/airflow/example_dags/example_latest_only_with_trigger.py
[2025-10-20T18:04:44.368+0000] {logging_mixin.py:137} INFO - [2025-10-20T18:04:44.367+0000] {dag.py:2690} INFO - Sync 1 DAGs
[2025-10-20T18:04:44.376+0000] {logging_mixin.py:137} INFO - [2025-10-20T18:04:44.376+0000] {dag.py:3441} INFO - Setting next_dagrun for latest_only_with_trigger to 2025-10-20T14:04:44.376773+00:00, run_after=2025-10-20T18:04:44.376773+00:00
[2025-10-20T18:04:44.383+0000] {processor.py:175} INFO - Processing /home/airflow/.local/lib/python3.7/site-packages/airflow/example_dags/example_latest_only_with_trigger.py took 0.031 seconds
[2025-10-20T18:05:14.572+0000] {processor.py:153} INFO - Started process (PID=967) to work on /home/airflow/.local/lib/python3.7/site-packages/airflow/example_dags/example_latest_only_with_trigger.py
[2025-10-20T18:05:14.573+0000] {processor.py:743} INFO - Processing file /home/airflow/.local/lib/python3.7/site-packages/airflow/example_dags/example_latest_only_with_trigger.py for tasks to queue
[2025-10-20T18:05:14.573+0000] {logging_mixin.py:137} INFO - [2025-10-20T18:05:14.573+0000] {dagbag.py:538} INFO - Filling up the DagBag from /home/airflow/.local/lib/python3.7/site-packages/airflow/example_dags/example_latest_only_with_trigger.py
[2025-10-20T18:05:14.579+0000] {processor.py:753} INFO - DAG(s) dict_keys(['latest_only_with_trigger']) retrieved from /home/airflow/.local/lib/python3.7/site-packages/airflow/example_dags/example_latest_only_with_trigger.py
[2025-10-20T18:05:14.590+0000] {logging_mixin.py:137} INFO - [2025-10-20T18:05:14.590+0000] {dag.py:2690} INFO - Sync 1 DAGs
[2025-10-20T18:05:14.599+0000] {logging_mixin.py:137} INFO - [2025-10-20T18:05:14.599+0000] {dag.py:3441} INFO - Setting next_dagrun for latest_only_with_trigger to 2025-10-20T14:05:14.599578+00:00, run_after=2025-10-20T18:05:14.599578+00:00
[2025-10-20T18:05:14.606+0000] {processor.py:175} INFO - Processing /home/airflow/.local/lib/python3.7/site-packages/airflow/example_dags/example_latest_only_with_trigger.py took 0.035 seconds
[2025-10-20T18:05:45.829+0000] {processor.py:153} INFO - Started process (PID=1051) to work on /home/airflow/.local/lib/python3.7/site-packages/airflow/example_dags/example_latest_only_with_trigger.py
[2025-10-20T18:05:45.837+0000] {processor.py:743} INFO - Processing file /home/airflow/.local/lib/python3.7/site-packages/airflow/example_dags/example_latest_only_with_trigger.py for tasks to queue
[2025-10-20T18:05:45.840+0000] {logging_mixin.py:137} INFO - [2025-10-20T18:05:45.839+0000] {dagbag.py:538} INFO - Filling up the DagBag from /home/airflow/.local/lib/python3.7/site-packages/airflow/example_dags/example_latest_only_with_trigger.py
[2025-10-20T18:05:45.848+0000] {processor.py:753} INFO - DAG(s) dict_keys(['latest_only_with_trigger']) retrieved from /home/airflow/.local/lib/python3.7/site-packages/airflow/example_dags/example_latest_only_with_trigger.py
[2025-10-20T18:05:45.876+0000] {logging_mixin.py:137} INFO - [2025-10-20T18:05:45.876+0000] {dag.py:2690} INFO - Sync 1 DAGs
[2025-10-20T18:05:45.901+0000] {logging_mixin.py:137} INFO - [2025-10-20T18:05:45.901+0000] {dag.py:3441} INFO - Setting next_dagrun for latest_only_with_trigger to 2025-10-20T14:05:45.901190+00:00, run_after=2025-10-20T18:05:45.901190+00:00
[2025-10-20T18:05:45.930+0000] {processor.py:175} INFO - Processing /home/airflow/.local/lib/python3.7/site-packages/airflow/example_dags/example_latest_only_with_trigger.py took 0.104 seconds
[2025-10-20T18:06:16.312+0000] {processor.py:153} INFO - Started process (PID=1135) to work on /home/airflow/.local/lib/python3.7/site-packages/airflow/example_dags/example_latest_only_with_trigger.py
[2025-10-20T18:06:16.312+0000] {processor.py:743} INFO - Processing file /home/airflow/.local/lib/python3.7/site-packages/airflow/example_dags/example_latest_only_with_trigger.py for tasks to queue
[2025-10-20T18:06:16.313+0000] {logging_mixin.py:137} INFO - [2025-10-20T18:06:16.313+0000] {dagbag.py:538} INFO - Filling up the DagBag from /home/airflow/.local/lib/python3.7/site-packages/airflow/example_dags/example_latest_only_with_trigger.py
[2025-10-20T18:06:16.318+0000] {processor.py:753} INFO - DAG(s) dict_keys(['latest_only_with_trigger']) retrieved from /home/airflow/.local/lib/python3.7/site-packages/airflow/example_dags/example_latest_only_with_trigger.py
[2025-10-20T18:06:16.327+0000] {logging_mixin.py:137} INFO - [2025-10-20T18:06:16.327+0000] {dag.py:2690} INFO - Sync 1 DAGs
[2025-10-20T18:06:16.336+0000] {logging_mixin.py:137} INFO - [2025-10-20T18:06:16.336+0000] {dag.py:3441} INFO - Setting next_dagrun for latest_only_with_trigger to 2025-10-20T14:06:16.336545+00:00, run_after=2025-10-20T18:06:16.336545+00:00
[2025-10-20T18:06:16.343+0000] {processor.py:175} INFO - Processing /home/airflow/.local/lib/python3.7/site-packages/airflow/example_dags/example_latest_only_with_trigger.py took 0.032 seconds
[2025-10-20T18:06:46.683+0000] {processor.py:153} INFO - Started process (PID=1228) to work on /home/airflow/.local/lib/python3.7/site-packages/airflow/example_dags/example_latest_only_with_trigger.py
[2025-10-20T18:06:46.683+0000] {processor.py:743} INFO - Processing file /home/airflow/.local/lib/python3.7/site-packages/airflow/example_dags/example_latest_only_with_trigger.py for tasks to queue
[2025-10-20T18:06:46.683+0000] {logging_mixin.py:137} INFO - [2025-10-20T18:06:46.683+0000] {dagbag.py:538} INFO - Filling up the DagBag from /home/airflow/.local/lib/python3.7/site-packages/airflow/example_dags/example_latest_only_with_trigger.py
[2025-10-20T18:06:46.689+0000] {processor.py:753} INFO - DAG(s) dict_keys(['latest_only_with_trigger']) retrieved from /home/airflow/.local/lib/python3.7/site-packages/airflow/example_dags/example_latest_only_with_trigger.py
[2025-10-20T18:06:46.699+0000] {logging_mixin.py:137} INFO - [2025-10-20T18:06:46.699+0000] {dag.py:2690} INFO - Sync 1 DAGs
[2025-10-20T18:06:46.712+0000] {logging_mixin.py:137} INFO - [2025-10-20T18:06:46.712+0000] {dag.py:3441} INFO - Setting next_dagrun for latest_only_with_trigger to 2025-10-20T14:06:46.712437+00:00, run_after=2025-10-20T18:06:46.712437+00:00
[2025-10-20T18:06:46.719+0000] {processor.py:175} INFO - Processing /home/airflow/.local/lib/python3.7/site-packages/airflow/example_dags/example_latest_only_with_trigger.py took 0.038 seconds
[2025-10-20T18:07:16.871+0000] {processor.py:153} INFO - Started process (PID=1321) to work on /home/airflow/.local/lib/python3.7/site-packages/airflow/example_dags/example_latest_only_with_trigger.py
[2025-10-20T18:07:16.871+0000] {processor.py:743} INFO - Processing file /home/airflow/.local/lib/python3.7/site-packages/airflow/example_dags/example_latest_only_with_trigger.py for tasks to queue
[2025-10-20T18:07:16.871+0000] {logging_mixin.py:137} INFO - [2025-10-20T18:07:16.871+0000] {dagbag.py:538} INFO - Filling up the DagBag from /home/airflow/.local/lib/python3.7/site-packages/airflow/example_dags/example_latest_only_with_trigger.py
[2025-10-20T18:07:16.876+0000] {processor.py:753} INFO - DAG(s) dict_keys(['latest_only_with_trigger']) retrieved from /home/airflow/.local/lib/python3.7/site-packages/airflow/example_dags/example_latest_only_with_trigger.py
[2025-10-20T18:07:16.886+0000] {logging_mixin.py:137} INFO - [2025-10-20T18:07:16.886+0000] {dag.py:2690} INFO - Sync 1 DAGs
[2025-10-20T18:07:16.895+0000] {logging_mixin.py:137} INFO - [2025-10-20T18:07:16.895+0000] {dag.py:3441} INFO - Setting next_dagrun for latest_only_with_trigger to 2025-10-20T14:07:16.895014+00:00, run_after=2025-10-20T18:07:16.895014+00:00
[2025-10-20T18:07:16.901+0000] {processor.py:175} INFO - Processing /home/airflow/.local/lib/python3.7/site-packages/airflow/example_dags/example_latest_only_with_trigger.py took 0.031 seconds
[2025-10-20T18:07:47.041+0000] {processor.py:153} INFO - Started process (PID=1405) to work on /home/airflow/.local/lib/python3.7/site-packages/airflow/example_dags/example_latest_only_with_trigger.py
[2025-10-20T18:07:47.041+0000] {processor.py:743} INFO - Processing file /home/airflow/.local/lib/python3.7/site-packages/airflow/example_dags/example_latest_only_with_trigger.py for tasks to queue
[2025-10-20T18:07:47.042+0000] {logging_mixin.py:137} INFO - [2025-10-20T18:07:47.042+0000] {dagbag.py:538} INFO - Filling up the DagBag from /home/airflow/.local/lib/python3.7/site-packages/airflow/example_dags/example_latest_only_with_trigger.py
[2025-10-20T18:07:47.048+0000] {processor.py:753} INFO - DAG(s) dict_keys(['latest_only_with_trigger']) retrieved from /home/airflow/.local/lib/python3.7/site-packages/airflow/example_dags/example_latest_only_with_trigger.py
[2025-10-20T18:07:47.058+0000] {logging_mixin.py:137} INFO - [2025-10-20T18:07:47.058+0000] {dag.py:2690} INFO - Sync 1 DAGs
[2025-10-20T18:07:47.068+0000] {logging_mixin.py:137} INFO - [2025-10-20T18:07:47.068+0000] {dag.py:3441} INFO - Setting next_dagrun for latest_only_with_trigger to 2025-10-20T14:07:47.068569+00:00, run_after=2025-10-20T18:07:47.068569+00:00
[2025-10-20T18:07:47.079+0000] {processor.py:175} INFO - Processing /home/airflow/.local/lib/python3.7/site-packages/airflow/example_dags/example_latest_only_with_trigger.py took 0.039 seconds
[2025-10-20T18:08:17.398+0000] {processor.py:153} INFO - Started process (PID=1489) to work on /home/airflow/.local/lib/python3.7/site-packages/airflow/example_dags/example_latest_only_with_trigger.py
[2025-10-20T18:08:17.398+0000] {processor.py:743} INFO - Processing file /home/airflow/.local/lib/python3.7/site-packages/airflow/example_dags/example_latest_only_with_trigger.py for tasks to queue
[2025-10-20T18:08:17.399+0000] {logging_mixin.py:137} INFO - [2025-10-20T18:08:17.399+0000] {dagbag.py:538} INFO - Filling up the DagBag from /home/airflow/.local/lib/python3.7/site-packages/airflow/example_dags/example_latest_only_with_trigger.py
[2025-10-20T18:08:17.405+0000] {processor.py:753} INFO - DAG(s) dict_keys(['latest_only_with_trigger']) retrieved from /home/airflow/.local/lib/python3.7/site-packages/airflow/example_dags/example_latest_only_with_trigger.py
[2025-10-20T18:08:17.415+0000] {logging_mixin.py:137} INFO - [2025-10-20T18:08:17.415+0000] {dag.py:2690} INFO - Sync 1 DAGs
[2025-10-20T18:08:17.425+0000] {logging_mixin.py:137} INFO - [2025-10-20T18:08:17.425+0000] {dag.py:3441} INFO - Setting next_dagrun for latest_only_with_trigger to 2025-10-20T14:08:17.425409+00:00, run_after=2025-10-20T18:08:17.425409+00:00
[2025-10-20T18:08:17.432+0000] {processor.py:175} INFO - Processing /home/airflow/.local/lib/python3.7/site-packages/airflow/example_dags/example_latest_only_with_trigger.py took 0.036 seconds
[2025-10-20T18:08:47.663+0000] {processor.py:153} INFO - Started process (PID=1582) to work on /home/airflow/.local/lib/python3.7/site-packages/airflow/example_dags/example_latest_only_with_trigger.py
[2025-10-20T18:08:47.664+0000] {processor.py:743} INFO - Processing file /home/airflow/.local/lib/python3.7/site-packages/airflow/example_dags/example_latest_only_with_trigger.py for tasks to queue
[2025-10-20T18:08:47.664+0000] {logging_mixin.py:137} INFO - [2025-10-20T18:08:47.664+0000] {dagbag.py:538} INFO - Filling up the DagBag from /home/airflow/.local/lib/python3.7/site-packages/airflow/example_dags/example_latest_only_with_trigger.py
[2025-10-20T18:08:47.670+0000] {processor.py:753} INFO - DAG(s) dict_keys(['latest_only_with_trigger']) retrieved from /home/airflow/.local/lib/python3.7/site-packages/airflow/example_dags/example_latest_only_with_trigger.py
[2025-10-20T18:08:47.681+0000] {logging_mixin.py:137} INFO - [2025-10-20T18:08:47.681+0000] {dag.py:2690} INFO - Sync 1 DAGs
[2025-10-20T18:08:47.692+0000] {logging_mixin.py:137} INFO - [2025-10-20T18:08:47.692+0000] {dag.py:3441} INFO - Setting next_dagrun for latest_only_with_trigger to 2025-10-20T14:08:47.692432+00:00, run_after=2025-10-20T18:08:47.692432+00:00
[2025-10-20T18:08:47.698+0000] {processor.py:175} INFO - Processing /home/airflow/.local/lib/python3.7/site-packages/airflow/example_dags/example_latest_only_with_trigger.py took 0.037 seconds
