[2025-10-20T18:00:11.846+0000] {processor.py:153} INFO - Started process (PID=73) to work on /home/airflow/.local/lib/python3.7/site-packages/airflow/example_dags/example_xcom.py
[2025-10-20T18:00:11.847+0000] {processor.py:743} INFO - Processing file /home/airflow/.local/lib/python3.7/site-packages/airflow/example_dags/example_xcom.py for tasks to queue
[2025-10-20T18:00:11.847+0000] {logging_mixin.py:137} INFO - [2025-10-20T18:00:11.847+0000] {dagbag.py:538} INFO - Filling up the DagBag from /home/airflow/.local/lib/python3.7/site-packages/airflow/example_dags/example_xcom.py
[2025-10-20T18:00:11.862+0000] {processor.py:753} INFO - DAG(s) dict_keys(['example_xcom']) retrieved from /home/airflow/.local/lib/python3.7/site-packages/airflow/example_dags/example_xcom.py
[2025-10-20T18:00:11.868+0000] {logging_mixin.py:137} INFO - [2025-10-20T18:00:11.868+0000] {dag.py:2690} INFO - Sync 1 DAGs
[2025-10-20T18:00:11.881+0000] {logging_mixin.py:137} INFO - [2025-10-20T18:00:11.880+0000] {dag.py:3441} INFO - Setting next_dagrun for example_xcom to 2021-01-01T00:00:00+00:00, run_after=2021-01-01T00:00:00+00:00
[2025-10-20T18:00:11.888+0000] {processor.py:175} INFO - Processing /home/airflow/.local/lib/python3.7/site-packages/airflow/example_dags/example_xcom.py took 0.045 seconds
[2025-10-20T18:00:42.066+0000] {processor.py:153} INFO - Started process (PID=166) to work on /home/airflow/.local/lib/python3.7/site-packages/airflow/example_dags/example_xcom.py
[2025-10-20T18:00:42.067+0000] {processor.py:743} INFO - Processing file /home/airflow/.local/lib/python3.7/site-packages/airflow/example_dags/example_xcom.py for tasks to queue
[2025-10-20T18:00:42.067+0000] {logging_mixin.py:137} INFO - [2025-10-20T18:00:42.067+0000] {dagbag.py:538} INFO - Filling up the DagBag from /home/airflow/.local/lib/python3.7/site-packages/airflow/example_dags/example_xcom.py
[2025-10-20T18:00:42.076+0000] {processor.py:753} INFO - DAG(s) dict_keys(['example_xcom']) retrieved from /home/airflow/.local/lib/python3.7/site-packages/airflow/example_dags/example_xcom.py
[2025-10-20T18:00:42.087+0000] {logging_mixin.py:137} INFO - [2025-10-20T18:00:42.087+0000] {dag.py:2690} INFO - Sync 1 DAGs
[2025-10-20T18:00:42.098+0000] {logging_mixin.py:137} INFO - [2025-10-20T18:00:42.098+0000] {dag.py:3441} INFO - Setting next_dagrun for example_xcom to 2021-01-01T00:00:00+00:00, run_after=2021-01-01T00:00:00+00:00
[2025-10-20T18:00:42.105+0000] {processor.py:175} INFO - Processing /home/airflow/.local/lib/python3.7/site-packages/airflow/example_dags/example_xcom.py took 0.040 seconds
[2025-10-20T18:01:12.663+0000] {processor.py:153} INFO - Started process (PID=259) to work on /home/airflow/.local/lib/python3.7/site-packages/airflow/example_dags/example_xcom.py
[2025-10-20T18:01:12.665+0000] {processor.py:743} INFO - Processing file /home/airflow/.local/lib/python3.7/site-packages/airflow/example_dags/example_xcom.py for tasks to queue
[2025-10-20T18:01:12.665+0000] {logging_mixin.py:137} INFO - [2025-10-20T18:01:12.665+0000] {dagbag.py:538} INFO - Filling up the DagBag from /home/airflow/.local/lib/python3.7/site-packages/airflow/example_dags/example_xcom.py
[2025-10-20T18:01:12.676+0000] {processor.py:753} INFO - DAG(s) dict_keys(['example_xcom']) retrieved from /home/airflow/.local/lib/python3.7/site-packages/airflow/example_dags/example_xcom.py
[2025-10-20T18:01:12.694+0000] {logging_mixin.py:137} INFO - [2025-10-20T18:01:12.694+0000] {dag.py:2690} INFO - Sync 1 DAGs
[2025-10-20T18:01:12.707+0000] {logging_mixin.py:137} INFO - [2025-10-20T18:01:12.707+0000] {dag.py:3441} INFO - Setting next_dagrun for example_xcom to 2021-01-01T00:00:00+00:00, run_after=2021-01-01T00:00:00+00:00
[2025-10-20T18:01:12.715+0000] {processor.py:175} INFO - Processing /home/airflow/.local/lib/python3.7/site-packages/airflow/example_dags/example_xcom.py took 0.053 seconds
[2025-10-20T18:01:42.876+0000] {processor.py:153} INFO - Started process (PID=334) to work on /home/airflow/.local/lib/python3.7/site-packages/airflow/example_dags/example_xcom.py
[2025-10-20T18:01:42.876+0000] {processor.py:743} INFO - Processing file /home/airflow/.local/lib/python3.7/site-packages/airflow/example_dags/example_xcom.py for tasks to queue
[2025-10-20T18:01:42.877+0000] {logging_mixin.py:137} INFO - [2025-10-20T18:01:42.877+0000] {dagbag.py:538} INFO - Filling up the DagBag from /home/airflow/.local/lib/python3.7/site-packages/airflow/example_dags/example_xcom.py
[2025-10-20T18:01:42.885+0000] {processor.py:753} INFO - DAG(s) dict_keys(['example_xcom']) retrieved from /home/airflow/.local/lib/python3.7/site-packages/airflow/example_dags/example_xcom.py
[2025-10-20T18:01:42.894+0000] {logging_mixin.py:137} INFO - [2025-10-20T18:01:42.894+0000] {dag.py:2690} INFO - Sync 1 DAGs
[2025-10-20T18:01:42.902+0000] {logging_mixin.py:137} INFO - [2025-10-20T18:01:42.902+0000] {dag.py:3441} INFO - Setting next_dagrun for example_xcom to 2021-01-01T00:00:00+00:00, run_after=2021-01-01T00:00:00+00:00
[2025-10-20T18:01:42.908+0000] {processor.py:175} INFO - Processing /home/airflow/.local/lib/python3.7/site-packages/airflow/example_dags/example_xcom.py took 0.034 seconds
[2025-10-20T18:02:13.106+0000] {processor.py:153} INFO - Started process (PID=427) to work on /home/airflow/.local/lib/python3.7/site-packages/airflow/example_dags/example_xcom.py
[2025-10-20T18:02:13.106+0000] {processor.py:743} INFO - Processing file /home/airflow/.local/lib/python3.7/site-packages/airflow/example_dags/example_xcom.py for tasks to queue
[2025-10-20T18:02:13.106+0000] {logging_mixin.py:137} INFO - [2025-10-20T18:02:13.106+0000] {dagbag.py:538} INFO - Filling up the DagBag from /home/airflow/.local/lib/python3.7/site-packages/airflow/example_dags/example_xcom.py
[2025-10-20T18:02:13.115+0000] {processor.py:753} INFO - DAG(s) dict_keys(['example_xcom']) retrieved from /home/airflow/.local/lib/python3.7/site-packages/airflow/example_dags/example_xcom.py
[2025-10-20T18:02:13.125+0000] {logging_mixin.py:137} INFO - [2025-10-20T18:02:13.125+0000] {dag.py:2690} INFO - Sync 1 DAGs
[2025-10-20T18:02:13.135+0000] {logging_mixin.py:137} INFO - [2025-10-20T18:02:13.135+0000] {dag.py:3441} INFO - Setting next_dagrun for example_xcom to 2021-01-01T00:00:00+00:00, run_after=2021-01-01T00:00:00+00:00
[2025-10-20T18:02:13.142+0000] {processor.py:175} INFO - Processing /home/airflow/.local/lib/python3.7/site-packages/airflow/example_dags/example_xcom.py took 0.038 seconds
[2025-10-20T18:02:43.315+0000] {processor.py:153} INFO - Started process (PID=520) to work on /home/airflow/.local/lib/python3.7/site-packages/airflow/example_dags/example_xcom.py
[2025-10-20T18:02:43.316+0000] {processor.py:743} INFO - Processing file /home/airflow/.local/lib/python3.7/site-packages/airflow/example_dags/example_xcom.py for tasks to queue
[2025-10-20T18:02:43.316+0000] {logging_mixin.py:137} INFO - [2025-10-20T18:02:43.316+0000] {dagbag.py:538} INFO - Filling up the DagBag from /home/airflow/.local/lib/python3.7/site-packages/airflow/example_dags/example_xcom.py
[2025-10-20T18:02:43.324+0000] {processor.py:753} INFO - DAG(s) dict_keys(['example_xcom']) retrieved from /home/airflow/.local/lib/python3.7/site-packages/airflow/example_dags/example_xcom.py
[2025-10-20T18:02:43.333+0000] {logging_mixin.py:137} INFO - [2025-10-20T18:02:43.333+0000] {dag.py:2690} INFO - Sync 1 DAGs
[2025-10-20T18:02:43.341+0000] {logging_mixin.py:137} INFO - [2025-10-20T18:02:43.341+0000] {dag.py:3441} INFO - Setting next_dagrun for example_xcom to 2021-01-01T00:00:00+00:00, run_after=2021-01-01T00:00:00+00:00
[2025-10-20T18:02:43.347+0000] {processor.py:175} INFO - Processing /home/airflow/.local/lib/python3.7/site-packages/airflow/example_dags/example_xcom.py took 0.033 seconds
[2025-10-20T18:03:13.602+0000] {processor.py:153} INFO - Started process (PID=612) to work on /home/airflow/.local/lib/python3.7/site-packages/airflow/example_dags/example_xcom.py
[2025-10-20T18:03:13.603+0000] {processor.py:743} INFO - Processing file /home/airflow/.local/lib/python3.7/site-packages/airflow/example_dags/example_xcom.py for tasks to queue
[2025-10-20T18:03:13.603+0000] {logging_mixin.py:137} INFO - [2025-10-20T18:03:13.603+0000] {dagbag.py:538} INFO - Filling up the DagBag from /home/airflow/.local/lib/python3.7/site-packages/airflow/example_dags/example_xcom.py
[2025-10-20T18:03:13.612+0000] {processor.py:753} INFO - DAG(s) dict_keys(['example_xcom']) retrieved from /home/airflow/.local/lib/python3.7/site-packages/airflow/example_dags/example_xcom.py
[2025-10-20T18:03:13.622+0000] {logging_mixin.py:137} INFO - [2025-10-20T18:03:13.622+0000] {dag.py:2690} INFO - Sync 1 DAGs
[2025-10-20T18:03:13.630+0000] {logging_mixin.py:137} INFO - [2025-10-20T18:03:13.630+0000] {dag.py:3441} INFO - Setting next_dagrun for example_xcom to 2021-01-01T00:00:00+00:00, run_after=2021-01-01T00:00:00+00:00
[2025-10-20T18:03:13.640+0000] {processor.py:175} INFO - Processing /home/airflow/.local/lib/python3.7/site-packages/airflow/example_dags/example_xcom.py took 0.039 seconds
[2025-10-20T18:03:43.812+0000] {processor.py:153} INFO - Started process (PID=687) to work on /home/airflow/.local/lib/python3.7/site-packages/airflow/example_dags/example_xcom.py
[2025-10-20T18:03:43.812+0000] {processor.py:743} INFO - Processing file /home/airflow/.local/lib/python3.7/site-packages/airflow/example_dags/example_xcom.py for tasks to queue
[2025-10-20T18:03:43.812+0000] {logging_mixin.py:137} INFO - [2025-10-20T18:03:43.812+0000] {dagbag.py:538} INFO - Filling up the DagBag from /home/airflow/.local/lib/python3.7/site-packages/airflow/example_dags/example_xcom.py
[2025-10-20T18:03:43.820+0000] {processor.py:753} INFO - DAG(s) dict_keys(['example_xcom']) retrieved from /home/airflow/.local/lib/python3.7/site-packages/airflow/example_dags/example_xcom.py
[2025-10-20T18:03:43.829+0000] {logging_mixin.py:137} INFO - [2025-10-20T18:03:43.829+0000] {dag.py:2690} INFO - Sync 1 DAGs
[2025-10-20T18:03:43.839+0000] {logging_mixin.py:137} INFO - [2025-10-20T18:03:43.839+0000] {dag.py:3441} INFO - Setting next_dagrun for example_xcom to 2021-01-01T00:00:00+00:00, run_after=2021-01-01T00:00:00+00:00
[2025-10-20T18:03:43.845+0000] {processor.py:175} INFO - Processing /home/airflow/.local/lib/python3.7/site-packages/airflow/example_dags/example_xcom.py took 0.035 seconds
[2025-10-20T18:04:14.092+0000] {processor.py:153} INFO - Started process (PID=780) to work on /home/airflow/.local/lib/python3.7/site-packages/airflow/example_dags/example_xcom.py
[2025-10-20T18:04:14.092+0000] {processor.py:743} INFO - Processing file /home/airflow/.local/lib/python3.7/site-packages/airflow/example_dags/example_xcom.py for tasks to queue
[2025-10-20T18:04:14.092+0000] {logging_mixin.py:137} INFO - [2025-10-20T18:04:14.092+0000] {dagbag.py:538} INFO - Filling up the DagBag from /home/airflow/.local/lib/python3.7/site-packages/airflow/example_dags/example_xcom.py
[2025-10-20T18:04:14.101+0000] {processor.py:753} INFO - DAG(s) dict_keys(['example_xcom']) retrieved from /home/airflow/.local/lib/python3.7/site-packages/airflow/example_dags/example_xcom.py
[2025-10-20T18:04:14.111+0000] {logging_mixin.py:137} INFO - [2025-10-20T18:04:14.111+0000] {dag.py:2690} INFO - Sync 1 DAGs
[2025-10-20T18:04:14.120+0000] {logging_mixin.py:137} INFO - [2025-10-20T18:04:14.120+0000] {dag.py:3441} INFO - Setting next_dagrun for example_xcom to 2021-01-01T00:00:00+00:00, run_after=2021-01-01T00:00:00+00:00
[2025-10-20T18:04:14.126+0000] {processor.py:175} INFO - Processing /home/airflow/.local/lib/python3.7/site-packages/airflow/example_dags/example_xcom.py took 0.036 seconds
[2025-10-20T18:04:44.340+0000] {processor.py:153} INFO - Started process (PID=873) to work on /home/airflow/.local/lib/python3.7/site-packages/airflow/example_dags/example_xcom.py
[2025-10-20T18:04:44.341+0000] {processor.py:743} INFO - Processing file /home/airflow/.local/lib/python3.7/site-packages/airflow/example_dags/example_xcom.py for tasks to queue
[2025-10-20T18:04:44.342+0000] {logging_mixin.py:137} INFO - [2025-10-20T18:04:44.342+0000] {dagbag.py:538} INFO - Filling up the DagBag from /home/airflow/.local/lib/python3.7/site-packages/airflow/example_dags/example_xcom.py
[2025-10-20T18:04:44.352+0000] {processor.py:753} INFO - DAG(s) dict_keys(['example_xcom']) retrieved from /home/airflow/.local/lib/python3.7/site-packages/airflow/example_dags/example_xcom.py
[2025-10-20T18:04:44.362+0000] {logging_mixin.py:137} INFO - [2025-10-20T18:04:44.361+0000] {dag.py:2690} INFO - Sync 1 DAGs
[2025-10-20T18:04:44.370+0000] {logging_mixin.py:137} INFO - [2025-10-20T18:04:44.370+0000] {dag.py:3441} INFO - Setting next_dagrun for example_xcom to 2021-01-01T00:00:00+00:00, run_after=2021-01-01T00:00:00+00:00
[2025-10-20T18:04:44.376+0000] {processor.py:175} INFO - Processing /home/airflow/.local/lib/python3.7/site-packages/airflow/example_dags/example_xcom.py took 0.037 seconds
[2025-10-20T18:05:14.539+0000] {processor.py:153} INFO - Started process (PID=966) to work on /home/airflow/.local/lib/python3.7/site-packages/airflow/example_dags/example_xcom.py
[2025-10-20T18:05:14.539+0000] {processor.py:743} INFO - Processing file /home/airflow/.local/lib/python3.7/site-packages/airflow/example_dags/example_xcom.py for tasks to queue
[2025-10-20T18:05:14.540+0000] {logging_mixin.py:137} INFO - [2025-10-20T18:05:14.540+0000] {dagbag.py:538} INFO - Filling up the DagBag from /home/airflow/.local/lib/python3.7/site-packages/airflow/example_dags/example_xcom.py
[2025-10-20T18:05:14.548+0000] {processor.py:753} INFO - DAG(s) dict_keys(['example_xcom']) retrieved from /home/airflow/.local/lib/python3.7/site-packages/airflow/example_dags/example_xcom.py
[2025-10-20T18:05:14.559+0000] {logging_mixin.py:137} INFO - [2025-10-20T18:05:14.558+0000] {dag.py:2690} INFO - Sync 1 DAGs
[2025-10-20T18:05:14.567+0000] {logging_mixin.py:137} INFO - [2025-10-20T18:05:14.567+0000] {dag.py:3441} INFO - Setting next_dagrun for example_xcom to 2021-01-01T00:00:00+00:00, run_after=2021-01-01T00:00:00+00:00
[2025-10-20T18:05:14.577+0000] {processor.py:175} INFO - Processing /home/airflow/.local/lib/python3.7/site-packages/airflow/example_dags/example_xcom.py took 0.040 seconds
[2025-10-20T18:05:45.693+0000] {processor.py:153} INFO - Started process (PID=1050) to work on /home/airflow/.local/lib/python3.7/site-packages/airflow/example_dags/example_xcom.py
[2025-10-20T18:05:45.694+0000] {processor.py:743} INFO - Processing file /home/airflow/.local/lib/python3.7/site-packages/airflow/example_dags/example_xcom.py for tasks to queue
[2025-10-20T18:05:45.696+0000] {logging_mixin.py:137} INFO - [2025-10-20T18:05:45.695+0000] {dagbag.py:538} INFO - Filling up the DagBag from /home/airflow/.local/lib/python3.7/site-packages/airflow/example_dags/example_xcom.py
[2025-10-20T18:05:45.732+0000] {processor.py:753} INFO - DAG(s) dict_keys(['example_xcom']) retrieved from /home/airflow/.local/lib/python3.7/site-packages/airflow/example_dags/example_xcom.py
[2025-10-20T18:05:45.790+0000] {logging_mixin.py:137} INFO - [2025-10-20T18:05:45.789+0000] {dag.py:2690} INFO - Sync 1 DAGs
[2025-10-20T18:05:45.826+0000] {logging_mixin.py:137} INFO - [2025-10-20T18:05:45.826+0000] {dag.py:3441} INFO - Setting next_dagrun for example_xcom to 2021-01-01T00:00:00+00:00, run_after=2021-01-01T00:00:00+00:00
[2025-10-20T18:05:45.859+0000] {processor.py:175} INFO - Processing /home/airflow/.local/lib/python3.7/site-packages/airflow/example_dags/example_xcom.py took 0.170 seconds
[2025-10-20T18:06:16.291+0000] {processor.py:153} INFO - Started process (PID=1134) to work on /home/airflow/.local/lib/python3.7/site-packages/airflow/example_dags/example_xcom.py
[2025-10-20T18:06:16.291+0000] {processor.py:743} INFO - Processing file /home/airflow/.local/lib/python3.7/site-packages/airflow/example_dags/example_xcom.py for tasks to queue
[2025-10-20T18:06:16.291+0000] {logging_mixin.py:137} INFO - [2025-10-20T18:06:16.291+0000] {dagbag.py:538} INFO - Filling up the DagBag from /home/airflow/.local/lib/python3.7/site-packages/airflow/example_dags/example_xcom.py
[2025-10-20T18:06:16.300+0000] {processor.py:753} INFO - DAG(s) dict_keys(['example_xcom']) retrieved from /home/airflow/.local/lib/python3.7/site-packages/airflow/example_dags/example_xcom.py
[2025-10-20T18:06:16.311+0000] {logging_mixin.py:137} INFO - [2025-10-20T18:06:16.311+0000] {dag.py:2690} INFO - Sync 1 DAGs
[2025-10-20T18:06:16.321+0000] {logging_mixin.py:137} INFO - [2025-10-20T18:06:16.321+0000] {dag.py:3441} INFO - Setting next_dagrun for example_xcom to 2021-01-01T00:00:00+00:00, run_after=2021-01-01T00:00:00+00:00
[2025-10-20T18:06:16.327+0000] {processor.py:175} INFO - Processing /home/airflow/.local/lib/python3.7/site-packages/airflow/example_dags/example_xcom.py took 0.038 seconds
[2025-10-20T18:06:46.655+0000] {processor.py:153} INFO - Started process (PID=1227) to work on /home/airflow/.local/lib/python3.7/site-packages/airflow/example_dags/example_xcom.py
[2025-10-20T18:06:46.655+0000] {processor.py:743} INFO - Processing file /home/airflow/.local/lib/python3.7/site-packages/airflow/example_dags/example_xcom.py for tasks to queue
[2025-10-20T18:06:46.655+0000] {logging_mixin.py:137} INFO - [2025-10-20T18:06:46.655+0000] {dagbag.py:538} INFO - Filling up the DagBag from /home/airflow/.local/lib/python3.7/site-packages/airflow/example_dags/example_xcom.py
[2025-10-20T18:06:46.664+0000] {processor.py:753} INFO - DAG(s) dict_keys(['example_xcom']) retrieved from /home/airflow/.local/lib/python3.7/site-packages/airflow/example_dags/example_xcom.py
[2025-10-20T18:06:46.674+0000] {logging_mixin.py:137} INFO - [2025-10-20T18:06:46.674+0000] {dag.py:2690} INFO - Sync 1 DAGs
[2025-10-20T18:06:46.685+0000] {logging_mixin.py:137} INFO - [2025-10-20T18:06:46.685+0000] {dag.py:3441} INFO - Setting next_dagrun for example_xcom to 2021-01-01T00:00:00+00:00, run_after=2021-01-01T00:00:00+00:00
[2025-10-20T18:06:46.692+0000] {processor.py:175} INFO - Processing /home/airflow/.local/lib/python3.7/site-packages/airflow/example_dags/example_xcom.py took 0.039 seconds
[2025-10-20T18:07:16.848+0000] {processor.py:153} INFO - Started process (PID=1320) to work on /home/airflow/.local/lib/python3.7/site-packages/airflow/example_dags/example_xcom.py
[2025-10-20T18:07:16.849+0000] {processor.py:743} INFO - Processing file /home/airflow/.local/lib/python3.7/site-packages/airflow/example_dags/example_xcom.py for tasks to queue
[2025-10-20T18:07:16.850+0000] {logging_mixin.py:137} INFO - [2025-10-20T18:07:16.850+0000] {dagbag.py:538} INFO - Filling up the DagBag from /home/airflow/.local/lib/python3.7/site-packages/airflow/example_dags/example_xcom.py
[2025-10-20T18:07:16.859+0000] {processor.py:753} INFO - DAG(s) dict_keys(['example_xcom']) retrieved from /home/airflow/.local/lib/python3.7/site-packages/airflow/example_dags/example_xcom.py
[2025-10-20T18:07:16.869+0000] {logging_mixin.py:137} INFO - [2025-10-20T18:07:16.869+0000] {dag.py:2690} INFO - Sync 1 DAGs
[2025-10-20T18:07:16.879+0000] {logging_mixin.py:137} INFO - [2025-10-20T18:07:16.878+0000] {dag.py:3441} INFO - Setting next_dagrun for example_xcom to 2021-01-01T00:00:00+00:00, run_after=2021-01-01T00:00:00+00:00
[2025-10-20T18:07:16.885+0000] {processor.py:175} INFO - Processing /home/airflow/.local/lib/python3.7/site-packages/airflow/example_dags/example_xcom.py took 0.038 seconds
[2025-10-20T18:07:47.015+0000] {processor.py:153} INFO - Started process (PID=1404) to work on /home/airflow/.local/lib/python3.7/site-packages/airflow/example_dags/example_xcom.py
[2025-10-20T18:07:47.016+0000] {processor.py:743} INFO - Processing file /home/airflow/.local/lib/python3.7/site-packages/airflow/example_dags/example_xcom.py for tasks to queue
[2025-10-20T18:07:47.016+0000] {logging_mixin.py:137} INFO - [2025-10-20T18:07:47.016+0000] {dagbag.py:538} INFO - Filling up the DagBag from /home/airflow/.local/lib/python3.7/site-packages/airflow/example_dags/example_xcom.py
[2025-10-20T18:07:47.026+0000] {processor.py:753} INFO - DAG(s) dict_keys(['example_xcom']) retrieved from /home/airflow/.local/lib/python3.7/site-packages/airflow/example_dags/example_xcom.py
[2025-10-20T18:07:47.041+0000] {logging_mixin.py:137} INFO - [2025-10-20T18:07:47.041+0000] {dag.py:2690} INFO - Sync 1 DAGs
[2025-10-20T18:07:47.051+0000] {logging_mixin.py:137} INFO - [2025-10-20T18:07:47.051+0000] {dag.py:3441} INFO - Setting next_dagrun for example_xcom to 2021-01-01T00:00:00+00:00, run_after=2021-01-01T00:00:00+00:00
[2025-10-20T18:07:47.059+0000] {processor.py:175} INFO - Processing /home/airflow/.local/lib/python3.7/site-packages/airflow/example_dags/example_xcom.py took 0.045 seconds
[2025-10-20T18:08:17.341+0000] {processor.py:153} INFO - Started process (PID=1488) to work on /home/airflow/.local/lib/python3.7/site-packages/airflow/example_dags/example_xcom.py
[2025-10-20T18:08:17.342+0000] {processor.py:743} INFO - Processing file /home/airflow/.local/lib/python3.7/site-packages/airflow/example_dags/example_xcom.py for tasks to queue
[2025-10-20T18:08:17.342+0000] {logging_mixin.py:137} INFO - [2025-10-20T18:08:17.342+0000] {dagbag.py:538} INFO - Filling up the DagBag from /home/airflow/.local/lib/python3.7/site-packages/airflow/example_dags/example_xcom.py
[2025-10-20T18:08:17.350+0000] {processor.py:753} INFO - DAG(s) dict_keys(['example_xcom']) retrieved from /home/airflow/.local/lib/python3.7/site-packages/airflow/example_dags/example_xcom.py
[2025-10-20T18:08:17.367+0000] {logging_mixin.py:137} INFO - [2025-10-20T18:08:17.367+0000] {dag.py:2690} INFO - Sync 1 DAGs
[2025-10-20T18:08:17.384+0000] {logging_mixin.py:137} INFO - [2025-10-20T18:08:17.383+0000] {dag.py:3441} INFO - Setting next_dagrun for example_xcom to 2021-01-01T00:00:00+00:00, run_after=2021-01-01T00:00:00+00:00
[2025-10-20T18:08:17.390+0000] {processor.py:175} INFO - Processing /home/airflow/.local/lib/python3.7/site-packages/airflow/example_dags/example_xcom.py took 0.050 seconds
[2025-10-20T18:08:47.637+0000] {processor.py:153} INFO - Started process (PID=1581) to work on /home/airflow/.local/lib/python3.7/site-packages/airflow/example_dags/example_xcom.py
[2025-10-20T18:08:47.638+0000] {processor.py:743} INFO - Processing file /home/airflow/.local/lib/python3.7/site-packages/airflow/example_dags/example_xcom.py for tasks to queue
[2025-10-20T18:08:47.639+0000] {logging_mixin.py:137} INFO - [2025-10-20T18:08:47.639+0000] {dagbag.py:538} INFO - Filling up the DagBag from /home/airflow/.local/lib/python3.7/site-packages/airflow/example_dags/example_xcom.py
[2025-10-20T18:08:47.648+0000] {processor.py:753} INFO - DAG(s) dict_keys(['example_xcom']) retrieved from /home/airflow/.local/lib/python3.7/site-packages/airflow/example_dags/example_xcom.py
[2025-10-20T18:08:47.661+0000] {logging_mixin.py:137} INFO - [2025-10-20T18:08:47.661+0000] {dag.py:2690} INFO - Sync 1 DAGs
[2025-10-20T18:08:47.671+0000] {logging_mixin.py:137} INFO - [2025-10-20T18:08:47.671+0000] {dag.py:3441} INFO - Setting next_dagrun for example_xcom to 2021-01-01T00:00:00+00:00, run_after=2021-01-01T00:00:00+00:00
[2025-10-20T18:08:47.678+0000] {processor.py:175} INFO - Processing /home/airflow/.local/lib/python3.7/site-packages/airflow/example_dags/example_xcom.py took 0.042 seconds
