[2025-10-20T18:00:11.711+0000] {processor.py:153} INFO - Started process (PID=70) to work on /home/airflow/.local/lib/python3.7/site-packages/airflow/example_dags/example_subdag_operator.py
[2025-10-20T18:00:11.712+0000] {processor.py:743} INFO - Processing file /home/airflow/.local/lib/python3.7/site-packages/airflow/example_dags/example_subdag_operator.py for tasks to queue
[2025-10-20T18:00:11.712+0000] {logging_mixin.py:137} INFO - [2025-10-20T18:00:11.712+0000] {dagbag.py:538} INFO - Filling up the DagBag from /home/airflow/.local/lib/python3.7/site-packages/airflow/example_dags/example_subdag_operator.py
[2025-10-20T18:00:11.741+0000] {processor.py:753} INFO - DAG(s) dict_keys(['example_subdag_operator.section-1', 'example_subdag_operator.section-2', 'example_subdag_operator']) retrieved from /home/airflow/.local/lib/python3.7/site-packages/airflow/example_dags/example_subdag_operator.py
[2025-10-20T18:00:11.744+0000] {logging_mixin.py:137} INFO - [2025-10-20T18:00:11.744+0000] {dag.py:2690} INFO - Sync 3 DAGs
[2025-10-20T18:00:11.762+0000] {logging_mixin.py:137} INFO - [2025-10-20T18:00:11.762+0000] {dag.py:3441} INFO - Setting next_dagrun for example_subdag_operator to 2022-01-01T00:00:00+00:00, run_after=2022-01-01T00:00:00+00:00
[2025-10-20T18:00:11.764+0000] {logging_mixin.py:137} INFO - [2025-10-20T18:00:11.764+0000] {dag.py:3441} INFO - Setting next_dagrun for example_subdag_operator.section-1 to None, run_after=None
[2025-10-20T18:00:11.765+0000] {logging_mixin.py:137} INFO - [2025-10-20T18:00:11.765+0000] {dag.py:3441} INFO - Setting next_dagrun for example_subdag_operator.section-2 to None, run_after=None
[2025-10-20T18:00:11.770+0000] {logging_mixin.py:137} INFO - [2025-10-20T18:00:11.769+0000] {dag.py:2690} INFO - Sync 2 DAGs
[2025-10-20T18:00:11.773+0000] {logging_mixin.py:137} INFO - [2025-10-20T18:00:11.773+0000] {dag.py:3441} INFO - Setting next_dagrun for example_subdag_operator.section-1 to None, run_after=None
[2025-10-20T18:00:11.773+0000] {logging_mixin.py:137} INFO - [2025-10-20T18:00:11.773+0000] {dag.py:3441} INFO - Setting next_dagrun for example_subdag_operator.section-2 to None, run_after=None
[2025-10-20T18:00:11.778+0000] {processor.py:175} INFO - Processing /home/airflow/.local/lib/python3.7/site-packages/airflow/example_dags/example_subdag_operator.py took 0.069 seconds
[2025-10-20T18:00:41.999+0000] {processor.py:153} INFO - Started process (PID=163) to work on /home/airflow/.local/lib/python3.7/site-packages/airflow/example_dags/example_subdag_operator.py
[2025-10-20T18:00:41.999+0000] {processor.py:743} INFO - Processing file /home/airflow/.local/lib/python3.7/site-packages/airflow/example_dags/example_subdag_operator.py for tasks to queue
[2025-10-20T18:00:41.999+0000] {logging_mixin.py:137} INFO - [2025-10-20T18:00:41.999+0000] {dagbag.py:538} INFO - Filling up the DagBag from /home/airflow/.local/lib/python3.7/site-packages/airflow/example_dags/example_subdag_operator.py
[2025-10-20T18:00:42.011+0000] {processor.py:753} INFO - DAG(s) dict_keys(['example_subdag_operator.section-1', 'example_subdag_operator.section-2', 'example_subdag_operator']) retrieved from /home/airflow/.local/lib/python3.7/site-packages/airflow/example_dags/example_subdag_operator.py
[2025-10-20T18:00:42.018+0000] {logging_mixin.py:137} INFO - [2025-10-20T18:00:42.018+0000] {dag.py:2690} INFO - Sync 3 DAGs
[2025-10-20T18:00:42.028+0000] {logging_mixin.py:137} INFO - [2025-10-20T18:00:42.028+0000] {dag.py:3441} INFO - Setting next_dagrun for example_subdag_operator to 2022-01-01T00:00:00+00:00, run_after=2022-01-01T00:00:00+00:00
[2025-10-20T18:00:42.029+0000] {logging_mixin.py:137} INFO - [2025-10-20T18:00:42.029+0000] {dag.py:3441} INFO - Setting next_dagrun for example_subdag_operator.section-1 to None, run_after=None
[2025-10-20T18:00:42.030+0000] {logging_mixin.py:137} INFO - [2025-10-20T18:00:42.030+0000] {dag.py:3441} INFO - Setting next_dagrun for example_subdag_operator.section-2 to None, run_after=None
[2025-10-20T18:00:42.032+0000] {logging_mixin.py:137} INFO - [2025-10-20T18:00:42.032+0000] {dag.py:2690} INFO - Sync 2 DAGs
[2025-10-20T18:00:42.034+0000] {logging_mixin.py:137} INFO - [2025-10-20T18:00:42.034+0000] {dag.py:3441} INFO - Setting next_dagrun for example_subdag_operator.section-1 to None, run_after=None
[2025-10-20T18:00:42.034+0000] {logging_mixin.py:137} INFO - [2025-10-20T18:00:42.034+0000] {dag.py:3441} INFO - Setting next_dagrun for example_subdag_operator.section-2 to None, run_after=None
[2025-10-20T18:00:42.038+0000] {processor.py:175} INFO - Processing /home/airflow/.local/lib/python3.7/site-packages/airflow/example_dags/example_subdag_operator.py took 0.041 seconds
[2025-10-20T18:01:12.566+0000] {processor.py:153} INFO - Started process (PID=256) to work on /home/airflow/.local/lib/python3.7/site-packages/airflow/example_dags/example_subdag_operator.py
[2025-10-20T18:01:12.566+0000] {processor.py:743} INFO - Processing file /home/airflow/.local/lib/python3.7/site-packages/airflow/example_dags/example_subdag_operator.py for tasks to queue
[2025-10-20T18:01:12.566+0000] {logging_mixin.py:137} INFO - [2025-10-20T18:01:12.566+0000] {dagbag.py:538} INFO - Filling up the DagBag from /home/airflow/.local/lib/python3.7/site-packages/airflow/example_dags/example_subdag_operator.py
[2025-10-20T18:01:12.581+0000] {processor.py:753} INFO - DAG(s) dict_keys(['example_subdag_operator.section-1', 'example_subdag_operator.section-2', 'example_subdag_operator']) retrieved from /home/airflow/.local/lib/python3.7/site-packages/airflow/example_dags/example_subdag_operator.py
[2025-10-20T18:01:12.591+0000] {logging_mixin.py:137} INFO - [2025-10-20T18:01:12.591+0000] {dag.py:2690} INFO - Sync 3 DAGs
[2025-10-20T18:01:12.604+0000] {logging_mixin.py:137} INFO - [2025-10-20T18:01:12.603+0000] {dag.py:3441} INFO - Setting next_dagrun for example_subdag_operator to 2022-01-01T00:00:00+00:00, run_after=2022-01-01T00:00:00+00:00
[2025-10-20T18:01:12.605+0000] {logging_mixin.py:137} INFO - [2025-10-20T18:01:12.605+0000] {dag.py:3441} INFO - Setting next_dagrun for example_subdag_operator.section-1 to None, run_after=None
[2025-10-20T18:01:12.606+0000] {logging_mixin.py:137} INFO - [2025-10-20T18:01:12.606+0000] {dag.py:3441} INFO - Setting next_dagrun for example_subdag_operator.section-2 to None, run_after=None
[2025-10-20T18:01:12.609+0000] {logging_mixin.py:137} INFO - [2025-10-20T18:01:12.609+0000] {dag.py:2690} INFO - Sync 2 DAGs
[2025-10-20T18:01:12.611+0000] {logging_mixin.py:137} INFO - [2025-10-20T18:01:12.611+0000] {dag.py:3441} INFO - Setting next_dagrun for example_subdag_operator.section-1 to None, run_after=None
[2025-10-20T18:01:12.611+0000] {logging_mixin.py:137} INFO - [2025-10-20T18:01:12.611+0000] {dag.py:3441} INFO - Setting next_dagrun for example_subdag_operator.section-2 to None, run_after=None
[2025-10-20T18:01:12.616+0000] {processor.py:175} INFO - Processing /home/airflow/.local/lib/python3.7/site-packages/airflow/example_dags/example_subdag_operator.py took 0.052 seconds
[2025-10-20T18:01:42.821+0000] {processor.py:153} INFO - Started process (PID=331) to work on /home/airflow/.local/lib/python3.7/site-packages/airflow/example_dags/example_subdag_operator.py
[2025-10-20T18:01:42.822+0000] {processor.py:743} INFO - Processing file /home/airflow/.local/lib/python3.7/site-packages/airflow/example_dags/example_subdag_operator.py for tasks to queue
[2025-10-20T18:01:42.822+0000] {logging_mixin.py:137} INFO - [2025-10-20T18:01:42.822+0000] {dagbag.py:538} INFO - Filling up the DagBag from /home/airflow/.local/lib/python3.7/site-packages/airflow/example_dags/example_subdag_operator.py
[2025-10-20T18:01:42.834+0000] {processor.py:753} INFO - DAG(s) dict_keys(['example_subdag_operator.section-1', 'example_subdag_operator.section-2', 'example_subdag_operator']) retrieved from /home/airflow/.local/lib/python3.7/site-packages/airflow/example_dags/example_subdag_operator.py
[2025-10-20T18:01:42.842+0000] {logging_mixin.py:137} INFO - [2025-10-20T18:01:42.842+0000] {dag.py:2690} INFO - Sync 3 DAGs
[2025-10-20T18:01:42.851+0000] {logging_mixin.py:137} INFO - [2025-10-20T18:01:42.851+0000] {dag.py:3441} INFO - Setting next_dagrun for example_subdag_operator to 2022-01-01T00:00:00+00:00, run_after=2022-01-01T00:00:00+00:00
[2025-10-20T18:01:42.852+0000] {logging_mixin.py:137} INFO - [2025-10-20T18:01:42.852+0000] {dag.py:3441} INFO - Setting next_dagrun for example_subdag_operator.section-1 to None, run_after=None
[2025-10-20T18:01:42.852+0000] {logging_mixin.py:137} INFO - [2025-10-20T18:01:42.852+0000] {dag.py:3441} INFO - Setting next_dagrun for example_subdag_operator.section-2 to None, run_after=None
[2025-10-20T18:01:42.855+0000] {logging_mixin.py:137} INFO - [2025-10-20T18:01:42.855+0000] {dag.py:2690} INFO - Sync 2 DAGs
[2025-10-20T18:01:42.857+0000] {logging_mixin.py:137} INFO - [2025-10-20T18:01:42.857+0000] {dag.py:3441} INFO - Setting next_dagrun for example_subdag_operator.section-1 to None, run_after=None
[2025-10-20T18:01:42.857+0000] {logging_mixin.py:137} INFO - [2025-10-20T18:01:42.857+0000] {dag.py:3441} INFO - Setting next_dagrun for example_subdag_operator.section-2 to None, run_after=None
[2025-10-20T18:01:42.860+0000] {processor.py:175} INFO - Processing /home/airflow/.local/lib/python3.7/site-packages/airflow/example_dags/example_subdag_operator.py took 0.040 seconds
[2025-10-20T18:02:13.050+0000] {processor.py:153} INFO - Started process (PID=424) to work on /home/airflow/.local/lib/python3.7/site-packages/airflow/example_dags/example_subdag_operator.py
[2025-10-20T18:02:13.050+0000] {processor.py:743} INFO - Processing file /home/airflow/.local/lib/python3.7/site-packages/airflow/example_dags/example_subdag_operator.py for tasks to queue
[2025-10-20T18:02:13.050+0000] {logging_mixin.py:137} INFO - [2025-10-20T18:02:13.050+0000] {dagbag.py:538} INFO - Filling up the DagBag from /home/airflow/.local/lib/python3.7/site-packages/airflow/example_dags/example_subdag_operator.py
[2025-10-20T18:02:13.062+0000] {processor.py:753} INFO - DAG(s) dict_keys(['example_subdag_operator.section-1', 'example_subdag_operator.section-2', 'example_subdag_operator']) retrieved from /home/airflow/.local/lib/python3.7/site-packages/airflow/example_dags/example_subdag_operator.py
[2025-10-20T18:02:13.068+0000] {logging_mixin.py:137} INFO - [2025-10-20T18:02:13.068+0000] {dag.py:2690} INFO - Sync 3 DAGs
[2025-10-20T18:02:13.077+0000] {logging_mixin.py:137} INFO - [2025-10-20T18:02:13.077+0000] {dag.py:3441} INFO - Setting next_dagrun for example_subdag_operator to 2022-01-01T00:00:00+00:00, run_after=2022-01-01T00:00:00+00:00
[2025-10-20T18:02:13.078+0000] {logging_mixin.py:137} INFO - [2025-10-20T18:02:13.078+0000] {dag.py:3441} INFO - Setting next_dagrun for example_subdag_operator.section-1 to None, run_after=None
[2025-10-20T18:02:13.078+0000] {logging_mixin.py:137} INFO - [2025-10-20T18:02:13.078+0000] {dag.py:3441} INFO - Setting next_dagrun for example_subdag_operator.section-2 to None, run_after=None
[2025-10-20T18:02:13.080+0000] {logging_mixin.py:137} INFO - [2025-10-20T18:02:13.080+0000] {dag.py:2690} INFO - Sync 2 DAGs
[2025-10-20T18:02:13.082+0000] {logging_mixin.py:137} INFO - [2025-10-20T18:02:13.082+0000] {dag.py:3441} INFO - Setting next_dagrun for example_subdag_operator.section-1 to None, run_after=None
[2025-10-20T18:02:13.083+0000] {logging_mixin.py:137} INFO - [2025-10-20T18:02:13.082+0000] {dag.py:3441} INFO - Setting next_dagrun for example_subdag_operator.section-2 to None, run_after=None
[2025-10-20T18:02:13.087+0000] {processor.py:175} INFO - Processing /home/airflow/.local/lib/python3.7/site-packages/airflow/example_dags/example_subdag_operator.py took 0.038 seconds
[2025-10-20T18:02:43.234+0000] {processor.py:153} INFO - Started process (PID=517) to work on /home/airflow/.local/lib/python3.7/site-packages/airflow/example_dags/example_subdag_operator.py
[2025-10-20T18:02:43.234+0000] {processor.py:743} INFO - Processing file /home/airflow/.local/lib/python3.7/site-packages/airflow/example_dags/example_subdag_operator.py for tasks to queue
[2025-10-20T18:02:43.235+0000] {logging_mixin.py:137} INFO - [2025-10-20T18:02:43.234+0000] {dagbag.py:538} INFO - Filling up the DagBag from /home/airflow/.local/lib/python3.7/site-packages/airflow/example_dags/example_subdag_operator.py
[2025-10-20T18:02:43.245+0000] {processor.py:753} INFO - DAG(s) dict_keys(['example_subdag_operator.section-1', 'example_subdag_operator.section-2', 'example_subdag_operator']) retrieved from /home/airflow/.local/lib/python3.7/site-packages/airflow/example_dags/example_subdag_operator.py
[2025-10-20T18:02:43.251+0000] {logging_mixin.py:137} INFO - [2025-10-20T18:02:43.251+0000] {dag.py:2690} INFO - Sync 3 DAGs
[2025-10-20T18:02:43.259+0000] {logging_mixin.py:137} INFO - [2025-10-20T18:02:43.259+0000] {dag.py:3441} INFO - Setting next_dagrun for example_subdag_operator to 2022-01-01T00:00:00+00:00, run_after=2022-01-01T00:00:00+00:00
[2025-10-20T18:02:43.260+0000] {logging_mixin.py:137} INFO - [2025-10-20T18:02:43.260+0000] {dag.py:3441} INFO - Setting next_dagrun for example_subdag_operator.section-1 to None, run_after=None
[2025-10-20T18:02:43.260+0000] {logging_mixin.py:137} INFO - [2025-10-20T18:02:43.260+0000] {dag.py:3441} INFO - Setting next_dagrun for example_subdag_operator.section-2 to None, run_after=None
[2025-10-20T18:02:43.263+0000] {logging_mixin.py:137} INFO - [2025-10-20T18:02:43.263+0000] {dag.py:2690} INFO - Sync 2 DAGs
[2025-10-20T18:02:43.264+0000] {logging_mixin.py:137} INFO - [2025-10-20T18:02:43.264+0000] {dag.py:3441} INFO - Setting next_dagrun for example_subdag_operator.section-1 to None, run_after=None
[2025-10-20T18:02:43.264+0000] {logging_mixin.py:137} INFO - [2025-10-20T18:02:43.264+0000] {dag.py:3441} INFO - Setting next_dagrun for example_subdag_operator.section-2 to None, run_after=None
[2025-10-20T18:02:43.268+0000] {processor.py:175} INFO - Processing /home/airflow/.local/lib/python3.7/site-packages/airflow/example_dags/example_subdag_operator.py took 0.035 seconds
[2025-10-20T18:03:13.544+0000] {processor.py:153} INFO - Started process (PID=609) to work on /home/airflow/.local/lib/python3.7/site-packages/airflow/example_dags/example_subdag_operator.py
[2025-10-20T18:03:13.544+0000] {processor.py:743} INFO - Processing file /home/airflow/.local/lib/python3.7/site-packages/airflow/example_dags/example_subdag_operator.py for tasks to queue
[2025-10-20T18:03:13.545+0000] {logging_mixin.py:137} INFO - [2025-10-20T18:03:13.545+0000] {dagbag.py:538} INFO - Filling up the DagBag from /home/airflow/.local/lib/python3.7/site-packages/airflow/example_dags/example_subdag_operator.py
[2025-10-20T18:03:13.558+0000] {processor.py:753} INFO - DAG(s) dict_keys(['example_subdag_operator.section-1', 'example_subdag_operator.section-2', 'example_subdag_operator']) retrieved from /home/airflow/.local/lib/python3.7/site-packages/airflow/example_dags/example_subdag_operator.py
[2025-10-20T18:03:13.564+0000] {logging_mixin.py:137} INFO - [2025-10-20T18:03:13.564+0000] {dag.py:2690} INFO - Sync 3 DAGs
[2025-10-20T18:03:13.573+0000] {logging_mixin.py:137} INFO - [2025-10-20T18:03:13.573+0000] {dag.py:3441} INFO - Setting next_dagrun for example_subdag_operator to 2022-01-01T00:00:00+00:00, run_after=2022-01-01T00:00:00+00:00
[2025-10-20T18:03:13.575+0000] {logging_mixin.py:137} INFO - [2025-10-20T18:03:13.574+0000] {dag.py:3441} INFO - Setting next_dagrun for example_subdag_operator.section-1 to None, run_after=None
[2025-10-20T18:03:13.575+0000] {logging_mixin.py:137} INFO - [2025-10-20T18:03:13.575+0000] {dag.py:3441} INFO - Setting next_dagrun for example_subdag_operator.section-2 to None, run_after=None
[2025-10-20T18:03:13.577+0000] {logging_mixin.py:137} INFO - [2025-10-20T18:03:13.577+0000] {dag.py:2690} INFO - Sync 2 DAGs
[2025-10-20T18:03:13.579+0000] {logging_mixin.py:137} INFO - [2025-10-20T18:03:13.579+0000] {dag.py:3441} INFO - Setting next_dagrun for example_subdag_operator.section-1 to None, run_after=None
[2025-10-20T18:03:13.579+0000] {logging_mixin.py:137} INFO - [2025-10-20T18:03:13.579+0000] {dag.py:3441} INFO - Setting next_dagrun for example_subdag_operator.section-2 to None, run_after=None
[2025-10-20T18:03:13.583+0000] {processor.py:175} INFO - Processing /home/airflow/.local/lib/python3.7/site-packages/airflow/example_dags/example_subdag_operator.py took 0.040 seconds
[2025-10-20T18:03:43.756+0000] {processor.py:153} INFO - Started process (PID=684) to work on /home/airflow/.local/lib/python3.7/site-packages/airflow/example_dags/example_subdag_operator.py
[2025-10-20T18:03:43.757+0000] {processor.py:743} INFO - Processing file /home/airflow/.local/lib/python3.7/site-packages/airflow/example_dags/example_subdag_operator.py for tasks to queue
[2025-10-20T18:03:43.757+0000] {logging_mixin.py:137} INFO - [2025-10-20T18:03:43.757+0000] {dagbag.py:538} INFO - Filling up the DagBag from /home/airflow/.local/lib/python3.7/site-packages/airflow/example_dags/example_subdag_operator.py
[2025-10-20T18:03:43.769+0000] {processor.py:753} INFO - DAG(s) dict_keys(['example_subdag_operator.section-1', 'example_subdag_operator.section-2', 'example_subdag_operator']) retrieved from /home/airflow/.local/lib/python3.7/site-packages/airflow/example_dags/example_subdag_operator.py
[2025-10-20T18:03:43.776+0000] {logging_mixin.py:137} INFO - [2025-10-20T18:03:43.775+0000] {dag.py:2690} INFO - Sync 3 DAGs
[2025-10-20T18:03:43.784+0000] {logging_mixin.py:137} INFO - [2025-10-20T18:03:43.784+0000] {dag.py:3441} INFO - Setting next_dagrun for example_subdag_operator to 2022-01-01T00:00:00+00:00, run_after=2022-01-01T00:00:00+00:00
[2025-10-20T18:03:43.785+0000] {logging_mixin.py:137} INFO - [2025-10-20T18:03:43.785+0000] {dag.py:3441} INFO - Setting next_dagrun for example_subdag_operator.section-1 to None, run_after=None
[2025-10-20T18:03:43.786+0000] {logging_mixin.py:137} INFO - [2025-10-20T18:03:43.786+0000] {dag.py:3441} INFO - Setting next_dagrun for example_subdag_operator.section-2 to None, run_after=None
[2025-10-20T18:03:43.788+0000] {logging_mixin.py:137} INFO - [2025-10-20T18:03:43.788+0000] {dag.py:2690} INFO - Sync 2 DAGs
[2025-10-20T18:03:43.790+0000] {logging_mixin.py:137} INFO - [2025-10-20T18:03:43.790+0000] {dag.py:3441} INFO - Setting next_dagrun for example_subdag_operator.section-1 to None, run_after=None
[2025-10-20T18:03:43.790+0000] {logging_mixin.py:137} INFO - [2025-10-20T18:03:43.790+0000] {dag.py:3441} INFO - Setting next_dagrun for example_subdag_operator.section-2 to None, run_after=None
[2025-10-20T18:03:43.794+0000] {processor.py:175} INFO - Processing /home/airflow/.local/lib/python3.7/site-packages/airflow/example_dags/example_subdag_operator.py took 0.039 seconds
[2025-10-20T18:04:14.003+0000] {processor.py:153} INFO - Started process (PID=777) to work on /home/airflow/.local/lib/python3.7/site-packages/airflow/example_dags/example_subdag_operator.py
[2025-10-20T18:04:14.003+0000] {processor.py:743} INFO - Processing file /home/airflow/.local/lib/python3.7/site-packages/airflow/example_dags/example_subdag_operator.py for tasks to queue
[2025-10-20T18:04:14.003+0000] {logging_mixin.py:137} INFO - [2025-10-20T18:04:14.003+0000] {dagbag.py:538} INFO - Filling up the DagBag from /home/airflow/.local/lib/python3.7/site-packages/airflow/example_dags/example_subdag_operator.py
[2025-10-20T18:04:14.015+0000] {processor.py:753} INFO - DAG(s) dict_keys(['example_subdag_operator.section-1', 'example_subdag_operator.section-2', 'example_subdag_operator']) retrieved from /home/airflow/.local/lib/python3.7/site-packages/airflow/example_dags/example_subdag_operator.py
[2025-10-20T18:04:14.021+0000] {logging_mixin.py:137} INFO - [2025-10-20T18:04:14.021+0000] {dag.py:2690} INFO - Sync 3 DAGs
[2025-10-20T18:04:14.030+0000] {logging_mixin.py:137} INFO - [2025-10-20T18:04:14.030+0000] {dag.py:3441} INFO - Setting next_dagrun for example_subdag_operator to 2022-01-01T00:00:00+00:00, run_after=2022-01-01T00:00:00+00:00
[2025-10-20T18:04:14.031+0000] {logging_mixin.py:137} INFO - [2025-10-20T18:04:14.031+0000] {dag.py:3441} INFO - Setting next_dagrun for example_subdag_operator.section-1 to None, run_after=None
[2025-10-20T18:04:14.031+0000] {logging_mixin.py:137} INFO - [2025-10-20T18:04:14.031+0000] {dag.py:3441} INFO - Setting next_dagrun for example_subdag_operator.section-2 to None, run_after=None
[2025-10-20T18:04:14.034+0000] {logging_mixin.py:137} INFO - [2025-10-20T18:04:14.034+0000] {dag.py:2690} INFO - Sync 2 DAGs
[2025-10-20T18:04:14.036+0000] {logging_mixin.py:137} INFO - [2025-10-20T18:04:14.036+0000] {dag.py:3441} INFO - Setting next_dagrun for example_subdag_operator.section-1 to None, run_after=None
[2025-10-20T18:04:14.036+0000] {logging_mixin.py:137} INFO - [2025-10-20T18:04:14.036+0000] {dag.py:3441} INFO - Setting next_dagrun for example_subdag_operator.section-2 to None, run_after=None
[2025-10-20T18:04:14.039+0000] {processor.py:175} INFO - Processing /home/airflow/.local/lib/python3.7/site-packages/airflow/example_dags/example_subdag_operator.py took 0.038 seconds
[2025-10-20T18:04:44.262+0000] {processor.py:153} INFO - Started process (PID=870) to work on /home/airflow/.local/lib/python3.7/site-packages/airflow/example_dags/example_subdag_operator.py
[2025-10-20T18:04:44.262+0000] {processor.py:743} INFO - Processing file /home/airflow/.local/lib/python3.7/site-packages/airflow/example_dags/example_subdag_operator.py for tasks to queue
[2025-10-20T18:04:44.262+0000] {logging_mixin.py:137} INFO - [2025-10-20T18:04:44.262+0000] {dagbag.py:538} INFO - Filling up the DagBag from /home/airflow/.local/lib/python3.7/site-packages/airflow/example_dags/example_subdag_operator.py
[2025-10-20T18:04:44.273+0000] {processor.py:753} INFO - DAG(s) dict_keys(['example_subdag_operator.section-1', 'example_subdag_operator.section-2', 'example_subdag_operator']) retrieved from /home/airflow/.local/lib/python3.7/site-packages/airflow/example_dags/example_subdag_operator.py
[2025-10-20T18:04:44.279+0000] {logging_mixin.py:137} INFO - [2025-10-20T18:04:44.279+0000] {dag.py:2690} INFO - Sync 3 DAGs
[2025-10-20T18:04:44.289+0000] {logging_mixin.py:137} INFO - [2025-10-20T18:04:44.289+0000] {dag.py:3441} INFO - Setting next_dagrun for example_subdag_operator to 2022-01-01T00:00:00+00:00, run_after=2022-01-01T00:00:00+00:00
[2025-10-20T18:04:44.291+0000] {logging_mixin.py:137} INFO - [2025-10-20T18:04:44.291+0000] {dag.py:3441} INFO - Setting next_dagrun for example_subdag_operator.section-1 to None, run_after=None
[2025-10-20T18:04:44.291+0000] {logging_mixin.py:137} INFO - [2025-10-20T18:04:44.291+0000] {dag.py:3441} INFO - Setting next_dagrun for example_subdag_operator.section-2 to None, run_after=None
[2025-10-20T18:04:44.294+0000] {logging_mixin.py:137} INFO - [2025-10-20T18:04:44.294+0000] {dag.py:2690} INFO - Sync 2 DAGs
[2025-10-20T18:04:44.297+0000] {logging_mixin.py:137} INFO - [2025-10-20T18:04:44.297+0000] {dag.py:3441} INFO - Setting next_dagrun for example_subdag_operator.section-1 to None, run_after=None
[2025-10-20T18:04:44.297+0000] {logging_mixin.py:137} INFO - [2025-10-20T18:04:44.297+0000] {dag.py:3441} INFO - Setting next_dagrun for example_subdag_operator.section-2 to None, run_after=None
[2025-10-20T18:04:44.301+0000] {processor.py:175} INFO - Processing /home/airflow/.local/lib/python3.7/site-packages/airflow/example_dags/example_subdag_operator.py took 0.040 seconds
[2025-10-20T18:05:14.478+0000] {processor.py:153} INFO - Started process (PID=963) to work on /home/airflow/.local/lib/python3.7/site-packages/airflow/example_dags/example_subdag_operator.py
[2025-10-20T18:05:14.479+0000] {processor.py:743} INFO - Processing file /home/airflow/.local/lib/python3.7/site-packages/airflow/example_dags/example_subdag_operator.py for tasks to queue
[2025-10-20T18:05:14.479+0000] {logging_mixin.py:137} INFO - [2025-10-20T18:05:14.479+0000] {dagbag.py:538} INFO - Filling up the DagBag from /home/airflow/.local/lib/python3.7/site-packages/airflow/example_dags/example_subdag_operator.py
[2025-10-20T18:05:14.493+0000] {processor.py:753} INFO - DAG(s) dict_keys(['example_subdag_operator.section-1', 'example_subdag_operator.section-2', 'example_subdag_operator']) retrieved from /home/airflow/.local/lib/python3.7/site-packages/airflow/example_dags/example_subdag_operator.py
[2025-10-20T18:05:14.500+0000] {logging_mixin.py:137} INFO - [2025-10-20T18:05:14.500+0000] {dag.py:2690} INFO - Sync 3 DAGs
[2025-10-20T18:05:14.509+0000] {logging_mixin.py:137} INFO - [2025-10-20T18:05:14.509+0000] {dag.py:3441} INFO - Setting next_dagrun for example_subdag_operator to 2022-01-01T00:00:00+00:00, run_after=2022-01-01T00:00:00+00:00
[2025-10-20T18:05:14.510+0000] {logging_mixin.py:137} INFO - [2025-10-20T18:05:14.510+0000] {dag.py:3441} INFO - Setting next_dagrun for example_subdag_operator.section-1 to None, run_after=None
[2025-10-20T18:05:14.510+0000] {logging_mixin.py:137} INFO - [2025-10-20T18:05:14.510+0000] {dag.py:3441} INFO - Setting next_dagrun for example_subdag_operator.section-2 to None, run_after=None
[2025-10-20T18:05:14.513+0000] {logging_mixin.py:137} INFO - [2025-10-20T18:05:14.513+0000] {dag.py:2690} INFO - Sync 2 DAGs
[2025-10-20T18:05:14.515+0000] {logging_mixin.py:137} INFO - [2025-10-20T18:05:14.515+0000] {dag.py:3441} INFO - Setting next_dagrun for example_subdag_operator.section-1 to None, run_after=None
[2025-10-20T18:05:14.515+0000] {logging_mixin.py:137} INFO - [2025-10-20T18:05:14.515+0000] {dag.py:3441} INFO - Setting next_dagrun for example_subdag_operator.section-2 to None, run_after=None
[2025-10-20T18:05:14.519+0000] {processor.py:175} INFO - Processing /home/airflow/.local/lib/python3.7/site-packages/airflow/example_dags/example_subdag_operator.py took 0.042 seconds
[2025-10-20T18:05:45.469+0000] {processor.py:153} INFO - Started process (PID=1047) to work on /home/airflow/.local/lib/python3.7/site-packages/airflow/example_dags/example_subdag_operator.py
[2025-10-20T18:05:45.471+0000] {processor.py:743} INFO - Processing file /home/airflow/.local/lib/python3.7/site-packages/airflow/example_dags/example_subdag_operator.py for tasks to queue
[2025-10-20T18:05:45.472+0000] {logging_mixin.py:137} INFO - [2025-10-20T18:05:45.472+0000] {dagbag.py:538} INFO - Filling up the DagBag from /home/airflow/.local/lib/python3.7/site-packages/airflow/example_dags/example_subdag_operator.py
[2025-10-20T18:05:45.511+0000] {processor.py:753} INFO - DAG(s) dict_keys(['example_subdag_operator.section-1', 'example_subdag_operator.section-2', 'example_subdag_operator']) retrieved from /home/airflow/.local/lib/python3.7/site-packages/airflow/example_dags/example_subdag_operator.py
[2025-10-20T18:05:45.529+0000] {logging_mixin.py:137} INFO - [2025-10-20T18:05:45.529+0000] {dag.py:2690} INFO - Sync 3 DAGs
[2025-10-20T18:05:45.556+0000] {logging_mixin.py:137} INFO - [2025-10-20T18:05:45.555+0000] {dag.py:3441} INFO - Setting next_dagrun for example_subdag_operator to 2022-01-01T00:00:00+00:00, run_after=2022-01-01T00:00:00+00:00
[2025-10-20T18:05:45.561+0000] {logging_mixin.py:137} INFO - [2025-10-20T18:05:45.561+0000] {dag.py:3441} INFO - Setting next_dagrun for example_subdag_operator.section-1 to None, run_after=None
[2025-10-20T18:05:45.563+0000] {logging_mixin.py:137} INFO - [2025-10-20T18:05:45.563+0000] {dag.py:3441} INFO - Setting next_dagrun for example_subdag_operator.section-2 to None, run_after=None
[2025-10-20T18:05:45.579+0000] {logging_mixin.py:137} INFO - [2025-10-20T18:05:45.579+0000] {dag.py:2690} INFO - Sync 2 DAGs
[2025-10-20T18:05:45.585+0000] {logging_mixin.py:137} INFO - [2025-10-20T18:05:45.584+0000] {dag.py:3441} INFO - Setting next_dagrun for example_subdag_operator.section-1 to None, run_after=None
[2025-10-20T18:05:45.585+0000] {logging_mixin.py:137} INFO - [2025-10-20T18:05:45.585+0000] {dag.py:3441} INFO - Setting next_dagrun for example_subdag_operator.section-2 to None, run_after=None
[2025-10-20T18:05:45.602+0000] {processor.py:175} INFO - Processing /home/airflow/.local/lib/python3.7/site-packages/airflow/example_dags/example_subdag_operator.py took 0.134 seconds
[2025-10-20T18:06:16.211+0000] {processor.py:153} INFO - Started process (PID=1131) to work on /home/airflow/.local/lib/python3.7/site-packages/airflow/example_dags/example_subdag_operator.py
[2025-10-20T18:06:16.211+0000] {processor.py:743} INFO - Processing file /home/airflow/.local/lib/python3.7/site-packages/airflow/example_dags/example_subdag_operator.py for tasks to queue
[2025-10-20T18:06:16.212+0000] {logging_mixin.py:137} INFO - [2025-10-20T18:06:16.211+0000] {dagbag.py:538} INFO - Filling up the DagBag from /home/airflow/.local/lib/python3.7/site-packages/airflow/example_dags/example_subdag_operator.py
[2025-10-20T18:06:16.224+0000] {processor.py:753} INFO - DAG(s) dict_keys(['example_subdag_operator.section-1', 'example_subdag_operator.section-2', 'example_subdag_operator']) retrieved from /home/airflow/.local/lib/python3.7/site-packages/airflow/example_dags/example_subdag_operator.py
[2025-10-20T18:06:16.231+0000] {logging_mixin.py:137} INFO - [2025-10-20T18:06:16.231+0000] {dag.py:2690} INFO - Sync 3 DAGs
[2025-10-20T18:06:16.241+0000] {logging_mixin.py:137} INFO - [2025-10-20T18:06:16.241+0000] {dag.py:3441} INFO - Setting next_dagrun for example_subdag_operator to 2022-01-01T00:00:00+00:00, run_after=2022-01-01T00:00:00+00:00
[2025-10-20T18:06:16.244+0000] {logging_mixin.py:137} INFO - [2025-10-20T18:06:16.244+0000] {dag.py:3441} INFO - Setting next_dagrun for example_subdag_operator.section-1 to None, run_after=None
[2025-10-20T18:06:16.244+0000] {logging_mixin.py:137} INFO - [2025-10-20T18:06:16.244+0000] {dag.py:3441} INFO - Setting next_dagrun for example_subdag_operator.section-2 to None, run_after=None
[2025-10-20T18:06:16.247+0000] {logging_mixin.py:137} INFO - [2025-10-20T18:06:16.247+0000] {dag.py:2690} INFO - Sync 2 DAGs
[2025-10-20T18:06:16.249+0000] {logging_mixin.py:137} INFO - [2025-10-20T18:06:16.249+0000] {dag.py:3441} INFO - Setting next_dagrun for example_subdag_operator.section-1 to None, run_after=None
[2025-10-20T18:06:16.249+0000] {logging_mixin.py:137} INFO - [2025-10-20T18:06:16.249+0000] {dag.py:3441} INFO - Setting next_dagrun for example_subdag_operator.section-2 to None, run_after=None
[2025-10-20T18:06:16.253+0000] {processor.py:175} INFO - Processing /home/airflow/.local/lib/python3.7/site-packages/airflow/example_dags/example_subdag_operator.py took 0.044 seconds
[2025-10-20T18:06:46.583+0000] {processor.py:153} INFO - Started process (PID=1224) to work on /home/airflow/.local/lib/python3.7/site-packages/airflow/example_dags/example_subdag_operator.py
[2025-10-20T18:06:46.583+0000] {processor.py:743} INFO - Processing file /home/airflow/.local/lib/python3.7/site-packages/airflow/example_dags/example_subdag_operator.py for tasks to queue
[2025-10-20T18:06:46.583+0000] {logging_mixin.py:137} INFO - [2025-10-20T18:06:46.583+0000] {dagbag.py:538} INFO - Filling up the DagBag from /home/airflow/.local/lib/python3.7/site-packages/airflow/example_dags/example_subdag_operator.py
[2025-10-20T18:06:46.595+0000] {processor.py:753} INFO - DAG(s) dict_keys(['example_subdag_operator.section-1', 'example_subdag_operator.section-2', 'example_subdag_operator']) retrieved from /home/airflow/.local/lib/python3.7/site-packages/airflow/example_dags/example_subdag_operator.py
[2025-10-20T18:06:46.602+0000] {logging_mixin.py:137} INFO - [2025-10-20T18:06:46.602+0000] {dag.py:2690} INFO - Sync 3 DAGs
[2025-10-20T18:06:46.612+0000] {logging_mixin.py:137} INFO - [2025-10-20T18:06:46.612+0000] {dag.py:3441} INFO - Setting next_dagrun for example_subdag_operator to 2022-01-01T00:00:00+00:00, run_after=2022-01-01T00:00:00+00:00
[2025-10-20T18:06:46.614+0000] {logging_mixin.py:137} INFO - [2025-10-20T18:06:46.614+0000] {dag.py:3441} INFO - Setting next_dagrun for example_subdag_operator.section-1 to None, run_after=None
[2025-10-20T18:06:46.615+0000] {logging_mixin.py:137} INFO - [2025-10-20T18:06:46.615+0000] {dag.py:3441} INFO - Setting next_dagrun for example_subdag_operator.section-2 to None, run_after=None
[2025-10-20T18:06:46.617+0000] {logging_mixin.py:137} INFO - [2025-10-20T18:06:46.617+0000] {dag.py:2690} INFO - Sync 2 DAGs
[2025-10-20T18:06:46.619+0000] {logging_mixin.py:137} INFO - [2025-10-20T18:06:46.619+0000] {dag.py:3441} INFO - Setting next_dagrun for example_subdag_operator.section-1 to None, run_after=None
[2025-10-20T18:06:46.619+0000] {logging_mixin.py:137} INFO - [2025-10-20T18:06:46.619+0000] {dag.py:3441} INFO - Setting next_dagrun for example_subdag_operator.section-2 to None, run_after=None
[2025-10-20T18:06:46.623+0000] {processor.py:175} INFO - Processing /home/airflow/.local/lib/python3.7/site-packages/airflow/example_dags/example_subdag_operator.py took 0.042 seconds
[2025-10-20T18:07:16.774+0000] {processor.py:153} INFO - Started process (PID=1317) to work on /home/airflow/.local/lib/python3.7/site-packages/airflow/example_dags/example_subdag_operator.py
[2025-10-20T18:07:16.774+0000] {processor.py:743} INFO - Processing file /home/airflow/.local/lib/python3.7/site-packages/airflow/example_dags/example_subdag_operator.py for tasks to queue
[2025-10-20T18:07:16.774+0000] {logging_mixin.py:137} INFO - [2025-10-20T18:07:16.774+0000] {dagbag.py:538} INFO - Filling up the DagBag from /home/airflow/.local/lib/python3.7/site-packages/airflow/example_dags/example_subdag_operator.py
[2025-10-20T18:07:16.785+0000] {processor.py:753} INFO - DAG(s) dict_keys(['example_subdag_operator.section-1', 'example_subdag_operator.section-2', 'example_subdag_operator']) retrieved from /home/airflow/.local/lib/python3.7/site-packages/airflow/example_dags/example_subdag_operator.py
[2025-10-20T18:07:16.794+0000] {logging_mixin.py:137} INFO - [2025-10-20T18:07:16.794+0000] {dag.py:2690} INFO - Sync 3 DAGs
[2025-10-20T18:07:16.804+0000] {logging_mixin.py:137} INFO - [2025-10-20T18:07:16.804+0000] {dag.py:3441} INFO - Setting next_dagrun for example_subdag_operator to 2022-01-01T00:00:00+00:00, run_after=2022-01-01T00:00:00+00:00
[2025-10-20T18:07:16.805+0000] {logging_mixin.py:137} INFO - [2025-10-20T18:07:16.805+0000] {dag.py:3441} INFO - Setting next_dagrun for example_subdag_operator.section-1 to None, run_after=None
[2025-10-20T18:07:16.805+0000] {logging_mixin.py:137} INFO - [2025-10-20T18:07:16.805+0000] {dag.py:3441} INFO - Setting next_dagrun for example_subdag_operator.section-2 to None, run_after=None
[2025-10-20T18:07:16.808+0000] {logging_mixin.py:137} INFO - [2025-10-20T18:07:16.808+0000] {dag.py:2690} INFO - Sync 2 DAGs
[2025-10-20T18:07:16.809+0000] {logging_mixin.py:137} INFO - [2025-10-20T18:07:16.809+0000] {dag.py:3441} INFO - Setting next_dagrun for example_subdag_operator.section-1 to None, run_after=None
[2025-10-20T18:07:16.810+0000] {logging_mixin.py:137} INFO - [2025-10-20T18:07:16.810+0000] {dag.py:3441} INFO - Setting next_dagrun for example_subdag_operator.section-2 to None, run_after=None
[2025-10-20T18:07:16.813+0000] {processor.py:175} INFO - Processing /home/airflow/.local/lib/python3.7/site-packages/airflow/example_dags/example_subdag_operator.py took 0.041 seconds
[2025-10-20T18:07:46.930+0000] {processor.py:153} INFO - Started process (PID=1401) to work on /home/airflow/.local/lib/python3.7/site-packages/airflow/example_dags/example_subdag_operator.py
[2025-10-20T18:07:46.930+0000] {processor.py:743} INFO - Processing file /home/airflow/.local/lib/python3.7/site-packages/airflow/example_dags/example_subdag_operator.py for tasks to queue
[2025-10-20T18:07:46.930+0000] {logging_mixin.py:137} INFO - [2025-10-20T18:07:46.930+0000] {dagbag.py:538} INFO - Filling up the DagBag from /home/airflow/.local/lib/python3.7/site-packages/airflow/example_dags/example_subdag_operator.py
[2025-10-20T18:07:46.944+0000] {processor.py:753} INFO - DAG(s) dict_keys(['example_subdag_operator.section-1', 'example_subdag_operator.section-2', 'example_subdag_operator']) retrieved from /home/airflow/.local/lib/python3.7/site-packages/airflow/example_dags/example_subdag_operator.py
[2025-10-20T18:07:46.952+0000] {logging_mixin.py:137} INFO - [2025-10-20T18:07:46.952+0000] {dag.py:2690} INFO - Sync 3 DAGs
[2025-10-20T18:07:46.962+0000] {logging_mixin.py:137} INFO - [2025-10-20T18:07:46.962+0000] {dag.py:3441} INFO - Setting next_dagrun for example_subdag_operator to 2022-01-01T00:00:00+00:00, run_after=2022-01-01T00:00:00+00:00
[2025-10-20T18:07:46.963+0000] {logging_mixin.py:137} INFO - [2025-10-20T18:07:46.963+0000] {dag.py:3441} INFO - Setting next_dagrun for example_subdag_operator.section-1 to None, run_after=None
[2025-10-20T18:07:46.964+0000] {logging_mixin.py:137} INFO - [2025-10-20T18:07:46.964+0000] {dag.py:3441} INFO - Setting next_dagrun for example_subdag_operator.section-2 to None, run_after=None
[2025-10-20T18:07:46.966+0000] {logging_mixin.py:137} INFO - [2025-10-20T18:07:46.966+0000] {dag.py:2690} INFO - Sync 2 DAGs
[2025-10-20T18:07:46.969+0000] {logging_mixin.py:137} INFO - [2025-10-20T18:07:46.969+0000] {dag.py:3441} INFO - Setting next_dagrun for example_subdag_operator.section-1 to None, run_after=None
[2025-10-20T18:07:46.969+0000] {logging_mixin.py:137} INFO - [2025-10-20T18:07:46.969+0000] {dag.py:3441} INFO - Setting next_dagrun for example_subdag_operator.section-2 to None, run_after=None
[2025-10-20T18:07:46.973+0000] {processor.py:175} INFO - Processing /home/airflow/.local/lib/python3.7/site-packages/airflow/example_dags/example_subdag_operator.py took 0.045 seconds
[2025-10-20T18:08:17.256+0000] {processor.py:153} INFO - Started process (PID=1485) to work on /home/airflow/.local/lib/python3.7/site-packages/airflow/example_dags/example_subdag_operator.py
[2025-10-20T18:08:17.256+0000] {processor.py:743} INFO - Processing file /home/airflow/.local/lib/python3.7/site-packages/airflow/example_dags/example_subdag_operator.py for tasks to queue
[2025-10-20T18:08:17.256+0000] {logging_mixin.py:137} INFO - [2025-10-20T18:08:17.256+0000] {dagbag.py:538} INFO - Filling up the DagBag from /home/airflow/.local/lib/python3.7/site-packages/airflow/example_dags/example_subdag_operator.py
[2025-10-20T18:08:17.268+0000] {processor.py:753} INFO - DAG(s) dict_keys(['example_subdag_operator.section-1', 'example_subdag_operator.section-2', 'example_subdag_operator']) retrieved from /home/airflow/.local/lib/python3.7/site-packages/airflow/example_dags/example_subdag_operator.py
[2025-10-20T18:08:17.274+0000] {logging_mixin.py:137} INFO - [2025-10-20T18:08:17.274+0000] {dag.py:2690} INFO - Sync 3 DAGs
[2025-10-20T18:08:17.282+0000] {logging_mixin.py:137} INFO - [2025-10-20T18:08:17.282+0000] {dag.py:3441} INFO - Setting next_dagrun for example_subdag_operator to 2022-01-01T00:00:00+00:00, run_after=2022-01-01T00:00:00+00:00
[2025-10-20T18:08:17.283+0000] {logging_mixin.py:137} INFO - [2025-10-20T18:08:17.283+0000] {dag.py:3441} INFO - Setting next_dagrun for example_subdag_operator.section-1 to None, run_after=None
[2025-10-20T18:08:17.284+0000] {logging_mixin.py:137} INFO - [2025-10-20T18:08:17.283+0000] {dag.py:3441} INFO - Setting next_dagrun for example_subdag_operator.section-2 to None, run_after=None
[2025-10-20T18:08:17.286+0000] {logging_mixin.py:137} INFO - [2025-10-20T18:08:17.286+0000] {dag.py:2690} INFO - Sync 2 DAGs
[2025-10-20T18:08:17.287+0000] {logging_mixin.py:137} INFO - [2025-10-20T18:08:17.287+0000] {dag.py:3441} INFO - Setting next_dagrun for example_subdag_operator.section-1 to None, run_after=None
[2025-10-20T18:08:17.288+0000] {logging_mixin.py:137} INFO - [2025-10-20T18:08:17.288+0000] {dag.py:3441} INFO - Setting next_dagrun for example_subdag_operator.section-2 to None, run_after=None
[2025-10-20T18:08:17.291+0000] {processor.py:175} INFO - Processing /home/airflow/.local/lib/python3.7/site-packages/airflow/example_dags/example_subdag_operator.py took 0.036 seconds
[2025-10-20T18:08:47.559+0000] {processor.py:153} INFO - Started process (PID=1578) to work on /home/airflow/.local/lib/python3.7/site-packages/airflow/example_dags/example_subdag_operator.py
[2025-10-20T18:08:47.559+0000] {processor.py:743} INFO - Processing file /home/airflow/.local/lib/python3.7/site-packages/airflow/example_dags/example_subdag_operator.py for tasks to queue
[2025-10-20T18:08:47.559+0000] {logging_mixin.py:137} INFO - [2025-10-20T18:08:47.559+0000] {dagbag.py:538} INFO - Filling up the DagBag from /home/airflow/.local/lib/python3.7/site-packages/airflow/example_dags/example_subdag_operator.py
[2025-10-20T18:08:47.572+0000] {processor.py:753} INFO - DAG(s) dict_keys(['example_subdag_operator.section-1', 'example_subdag_operator.section-2', 'example_subdag_operator']) retrieved from /home/airflow/.local/lib/python3.7/site-packages/airflow/example_dags/example_subdag_operator.py
[2025-10-20T18:08:47.579+0000] {logging_mixin.py:137} INFO - [2025-10-20T18:08:47.579+0000] {dag.py:2690} INFO - Sync 3 DAGs
[2025-10-20T18:08:47.591+0000] {logging_mixin.py:137} INFO - [2025-10-20T18:08:47.591+0000] {dag.py:3441} INFO - Setting next_dagrun for example_subdag_operator to 2022-01-01T00:00:00+00:00, run_after=2022-01-01T00:00:00+00:00
[2025-10-20T18:08:47.592+0000] {logging_mixin.py:137} INFO - [2025-10-20T18:08:47.592+0000] {dag.py:3441} INFO - Setting next_dagrun for example_subdag_operator.section-1 to None, run_after=None
[2025-10-20T18:08:47.593+0000] {logging_mixin.py:137} INFO - [2025-10-20T18:08:47.593+0000] {dag.py:3441} INFO - Setting next_dagrun for example_subdag_operator.section-2 to None, run_after=None
[2025-10-20T18:08:47.595+0000] {logging_mixin.py:137} INFO - [2025-10-20T18:08:47.595+0000] {dag.py:2690} INFO - Sync 2 DAGs
[2025-10-20T18:08:47.597+0000] {logging_mixin.py:137} INFO - [2025-10-20T18:08:47.597+0000] {dag.py:3441} INFO - Setting next_dagrun for example_subdag_operator.section-1 to None, run_after=None
[2025-10-20T18:08:47.597+0000] {logging_mixin.py:137} INFO - [2025-10-20T18:08:47.597+0000] {dag.py:3441} INFO - Setting next_dagrun for example_subdag_operator.section-2 to None, run_after=None
[2025-10-20T18:08:47.602+0000] {processor.py:175} INFO - Processing /home/airflow/.local/lib/python3.7/site-packages/airflow/example_dags/example_subdag_operator.py took 0.045 seconds
