[2025-10-20T18:00:11.723+0000] {processor.py:153} INFO - Started process (PID=71) to work on /home/airflow/.local/lib/python3.7/site-packages/airflow/example_dags/example_branch_python_dop_operator_3.py
[2025-10-20T18:00:11.724+0000] {processor.py:743} INFO - Processing file /home/airflow/.local/lib/python3.7/site-packages/airflow/example_dags/example_branch_python_dop_operator_3.py for tasks to queue
[2025-10-20T18:00:11.724+0000] {logging_mixin.py:137} INFO - [2025-10-20T18:00:11.724+0000] {dagbag.py:538} INFO - Filling up the DagBag from /home/airflow/.local/lib/python3.7/site-packages/airflow/example_dags/example_branch_python_dop_operator_3.py
[2025-10-20T18:00:11.742+0000] {processor.py:753} INFO - DAG(s) dict_keys(['example_branch_dop_operator_v3']) retrieved from /home/airflow/.local/lib/python3.7/site-packages/airflow/example_dags/example_branch_python_dop_operator_3.py
[2025-10-20T18:00:11.752+0000] {logging_mixin.py:137} INFO - [2025-10-20T18:00:11.752+0000] {dag.py:2690} INFO - Sync 1 DAGs
[2025-10-20T18:00:11.773+0000] {logging_mixin.py:137} INFO - [2025-10-20T18:00:11.773+0000] {dag.py:3441} INFO - Setting next_dagrun for example_branch_dop_operator_v3 to 2025-10-20T17:59:00+00:00, run_after=2025-10-20T18:00:00+00:00
[2025-10-20T18:00:11.782+0000] {processor.py:175} INFO - Processing /home/airflow/.local/lib/python3.7/site-packages/airflow/example_dags/example_branch_python_dop_operator_3.py took 0.062 seconds
[2025-10-20T18:00:42.021+0000] {processor.py:153} INFO - Started process (PID=164) to work on /home/airflow/.local/lib/python3.7/site-packages/airflow/example_dags/example_branch_python_dop_operator_3.py
[2025-10-20T18:00:42.021+0000] {processor.py:743} INFO - Processing file /home/airflow/.local/lib/python3.7/site-packages/airflow/example_dags/example_branch_python_dop_operator_3.py for tasks to queue
[2025-10-20T18:00:42.022+0000] {logging_mixin.py:137} INFO - [2025-10-20T18:00:42.021+0000] {dagbag.py:538} INFO - Filling up the DagBag from /home/airflow/.local/lib/python3.7/site-packages/airflow/example_dags/example_branch_python_dop_operator_3.py
[2025-10-20T18:00:42.031+0000] {processor.py:753} INFO - DAG(s) dict_keys(['example_branch_dop_operator_v3']) retrieved from /home/airflow/.local/lib/python3.7/site-packages/airflow/example_dags/example_branch_python_dop_operator_3.py
[2025-10-20T18:00:42.041+0000] {logging_mixin.py:137} INFO - [2025-10-20T18:00:42.041+0000] {dag.py:2690} INFO - Sync 1 DAGs
[2025-10-20T18:00:42.052+0000] {logging_mixin.py:137} INFO - [2025-10-20T18:00:42.052+0000] {dag.py:3441} INFO - Setting next_dagrun for example_branch_dop_operator_v3 to 2025-10-20T17:59:00+00:00, run_after=2025-10-20T18:00:00+00:00
[2025-10-20T18:00:42.058+0000] {processor.py:175} INFO - Processing /home/airflow/.local/lib/python3.7/site-packages/airflow/example_dags/example_branch_python_dop_operator_3.py took 0.038 seconds
[2025-10-20T18:01:12.601+0000] {processor.py:153} INFO - Started process (PID=257) to work on /home/airflow/.local/lib/python3.7/site-packages/airflow/example_dags/example_branch_python_dop_operator_3.py
[2025-10-20T18:01:12.602+0000] {processor.py:743} INFO - Processing file /home/airflow/.local/lib/python3.7/site-packages/airflow/example_dags/example_branch_python_dop_operator_3.py for tasks to queue
[2025-10-20T18:01:12.602+0000] {logging_mixin.py:137} INFO - [2025-10-20T18:01:12.602+0000] {dagbag.py:538} INFO - Filling up the DagBag from /home/airflow/.local/lib/python3.7/site-packages/airflow/example_dags/example_branch_python_dop_operator_3.py
[2025-10-20T18:01:12.613+0000] {processor.py:753} INFO - DAG(s) dict_keys(['example_branch_dop_operator_v3']) retrieved from /home/airflow/.local/lib/python3.7/site-packages/airflow/example_dags/example_branch_python_dop_operator_3.py
[2025-10-20T18:01:12.628+0000] {logging_mixin.py:137} INFO - [2025-10-20T18:01:12.628+0000] {dag.py:2690} INFO - Sync 1 DAGs
[2025-10-20T18:01:12.643+0000] {logging_mixin.py:137} INFO - [2025-10-20T18:01:12.643+0000] {dag.py:3441} INFO - Setting next_dagrun for example_branch_dop_operator_v3 to 2025-10-20T18:00:00+00:00, run_after=2025-10-20T18:01:00+00:00
[2025-10-20T18:01:12.653+0000] {processor.py:175} INFO - Processing /home/airflow/.local/lib/python3.7/site-packages/airflow/example_dags/example_branch_python_dop_operator_3.py took 0.054 seconds
[2025-10-20T18:01:42.831+0000] {processor.py:153} INFO - Started process (PID=332) to work on /home/airflow/.local/lib/python3.7/site-packages/airflow/example_dags/example_branch_python_dop_operator_3.py
[2025-10-20T18:01:42.831+0000] {processor.py:743} INFO - Processing file /home/airflow/.local/lib/python3.7/site-packages/airflow/example_dags/example_branch_python_dop_operator_3.py for tasks to queue
[2025-10-20T18:01:42.832+0000] {logging_mixin.py:137} INFO - [2025-10-20T18:01:42.832+0000] {dagbag.py:538} INFO - Filling up the DagBag from /home/airflow/.local/lib/python3.7/site-packages/airflow/example_dags/example_branch_python_dop_operator_3.py
[2025-10-20T18:01:42.841+0000] {processor.py:753} INFO - DAG(s) dict_keys(['example_branch_dop_operator_v3']) retrieved from /home/airflow/.local/lib/python3.7/site-packages/airflow/example_dags/example_branch_python_dop_operator_3.py
[2025-10-20T18:01:42.850+0000] {logging_mixin.py:137} INFO - [2025-10-20T18:01:42.850+0000] {dag.py:2690} INFO - Sync 1 DAGs
[2025-10-20T18:01:42.860+0000] {logging_mixin.py:137} INFO - [2025-10-20T18:01:42.860+0000] {dag.py:3441} INFO - Setting next_dagrun for example_branch_dop_operator_v3 to 2025-10-20T18:00:00+00:00, run_after=2025-10-20T18:01:00+00:00
[2025-10-20T18:01:42.868+0000] {processor.py:175} INFO - Processing /home/airflow/.local/lib/python3.7/site-packages/airflow/example_dags/example_branch_python_dop_operator_3.py took 0.039 seconds
[2025-10-20T18:02:13.059+0000] {processor.py:153} INFO - Started process (PID=425) to work on /home/airflow/.local/lib/python3.7/site-packages/airflow/example_dags/example_branch_python_dop_operator_3.py
[2025-10-20T18:02:13.060+0000] {processor.py:743} INFO - Processing file /home/airflow/.local/lib/python3.7/site-packages/airflow/example_dags/example_branch_python_dop_operator_3.py for tasks to queue
[2025-10-20T18:02:13.060+0000] {logging_mixin.py:137} INFO - [2025-10-20T18:02:13.060+0000] {dagbag.py:538} INFO - Filling up the DagBag from /home/airflow/.local/lib/python3.7/site-packages/airflow/example_dags/example_branch_python_dop_operator_3.py
[2025-10-20T18:02:13.069+0000] {processor.py:753} INFO - DAG(s) dict_keys(['example_branch_dop_operator_v3']) retrieved from /home/airflow/.local/lib/python3.7/site-packages/airflow/example_dags/example_branch_python_dop_operator_3.py
[2025-10-20T18:02:13.078+0000] {logging_mixin.py:137} INFO - [2025-10-20T18:02:13.078+0000] {dag.py:2690} INFO - Sync 1 DAGs
[2025-10-20T18:02:13.089+0000] {logging_mixin.py:137} INFO - [2025-10-20T18:02:13.089+0000] {dag.py:3441} INFO - Setting next_dagrun for example_branch_dop_operator_v3 to 2025-10-20T18:01:00+00:00, run_after=2025-10-20T18:02:00+00:00
[2025-10-20T18:02:13.097+0000] {processor.py:175} INFO - Processing /home/airflow/.local/lib/python3.7/site-packages/airflow/example_dags/example_branch_python_dop_operator_3.py took 0.039 seconds
[2025-10-20T18:02:43.274+0000] {processor.py:153} INFO - Started process (PID=518) to work on /home/airflow/.local/lib/python3.7/site-packages/airflow/example_dags/example_branch_python_dop_operator_3.py
[2025-10-20T18:02:43.275+0000] {processor.py:743} INFO - Processing file /home/airflow/.local/lib/python3.7/site-packages/airflow/example_dags/example_branch_python_dop_operator_3.py for tasks to queue
[2025-10-20T18:02:43.275+0000] {logging_mixin.py:137} INFO - [2025-10-20T18:02:43.275+0000] {dagbag.py:538} INFO - Filling up the DagBag from /home/airflow/.local/lib/python3.7/site-packages/airflow/example_dags/example_branch_python_dop_operator_3.py
[2025-10-20T18:02:43.284+0000] {processor.py:753} INFO - DAG(s) dict_keys(['example_branch_dop_operator_v3']) retrieved from /home/airflow/.local/lib/python3.7/site-packages/airflow/example_dags/example_branch_python_dop_operator_3.py
[2025-10-20T18:02:43.293+0000] {logging_mixin.py:137} INFO - [2025-10-20T18:02:43.293+0000] {dag.py:2690} INFO - Sync 1 DAGs
[2025-10-20T18:02:43.304+0000] {logging_mixin.py:137} INFO - [2025-10-20T18:02:43.303+0000] {dag.py:3441} INFO - Setting next_dagrun for example_branch_dop_operator_v3 to 2025-10-20T18:01:00+00:00, run_after=2025-10-20T18:02:00+00:00
[2025-10-20T18:02:43.309+0000] {processor.py:175} INFO - Processing /home/airflow/.local/lib/python3.7/site-packages/airflow/example_dags/example_branch_python_dop_operator_3.py took 0.037 seconds
[2025-10-20T18:03:13.557+0000] {processor.py:153} INFO - Started process (PID=610) to work on /home/airflow/.local/lib/python3.7/site-packages/airflow/example_dags/example_branch_python_dop_operator_3.py
[2025-10-20T18:03:13.558+0000] {processor.py:743} INFO - Processing file /home/airflow/.local/lib/python3.7/site-packages/airflow/example_dags/example_branch_python_dop_operator_3.py for tasks to queue
[2025-10-20T18:03:13.558+0000] {logging_mixin.py:137} INFO - [2025-10-20T18:03:13.558+0000] {dagbag.py:538} INFO - Filling up the DagBag from /home/airflow/.local/lib/python3.7/site-packages/airflow/example_dags/example_branch_python_dop_operator_3.py
[2025-10-20T18:03:13.567+0000] {processor.py:753} INFO - DAG(s) dict_keys(['example_branch_dop_operator_v3']) retrieved from /home/airflow/.local/lib/python3.7/site-packages/airflow/example_dags/example_branch_python_dop_operator_3.py
[2025-10-20T18:03:13.577+0000] {logging_mixin.py:137} INFO - [2025-10-20T18:03:13.577+0000] {dag.py:2690} INFO - Sync 1 DAGs
[2025-10-20T18:03:13.588+0000] {logging_mixin.py:137} INFO - [2025-10-20T18:03:13.588+0000] {dag.py:3441} INFO - Setting next_dagrun for example_branch_dop_operator_v3 to 2025-10-20T18:02:00+00:00, run_after=2025-10-20T18:03:00+00:00
[2025-10-20T18:03:13.594+0000] {processor.py:175} INFO - Processing /home/airflow/.local/lib/python3.7/site-packages/airflow/example_dags/example_branch_python_dop_operator_3.py took 0.038 seconds
[2025-10-20T18:03:43.766+0000] {processor.py:153} INFO - Started process (PID=685) to work on /home/airflow/.local/lib/python3.7/site-packages/airflow/example_dags/example_branch_python_dop_operator_3.py
[2025-10-20T18:03:43.767+0000] {processor.py:743} INFO - Processing file /home/airflow/.local/lib/python3.7/site-packages/airflow/example_dags/example_branch_python_dop_operator_3.py for tasks to queue
[2025-10-20T18:03:43.767+0000] {logging_mixin.py:137} INFO - [2025-10-20T18:03:43.767+0000] {dagbag.py:538} INFO - Filling up the DagBag from /home/airflow/.local/lib/python3.7/site-packages/airflow/example_dags/example_branch_python_dop_operator_3.py
[2025-10-20T18:03:43.776+0000] {processor.py:753} INFO - DAG(s) dict_keys(['example_branch_dop_operator_v3']) retrieved from /home/airflow/.local/lib/python3.7/site-packages/airflow/example_dags/example_branch_python_dop_operator_3.py
[2025-10-20T18:03:43.785+0000] {logging_mixin.py:137} INFO - [2025-10-20T18:03:43.785+0000] {dag.py:2690} INFO - Sync 1 DAGs
[2025-10-20T18:03:43.795+0000] {logging_mixin.py:137} INFO - [2025-10-20T18:03:43.795+0000] {dag.py:3441} INFO - Setting next_dagrun for example_branch_dop_operator_v3 to 2025-10-20T18:02:00+00:00, run_after=2025-10-20T18:03:00+00:00
[2025-10-20T18:03:43.801+0000] {processor.py:175} INFO - Processing /home/airflow/.local/lib/python3.7/site-packages/airflow/example_dags/example_branch_python_dop_operator_3.py took 0.036 seconds
[2025-10-20T18:04:14.047+0000] {processor.py:153} INFO - Started process (PID=778) to work on /home/airflow/.local/lib/python3.7/site-packages/airflow/example_dags/example_branch_python_dop_operator_3.py
[2025-10-20T18:04:14.047+0000] {processor.py:743} INFO - Processing file /home/airflow/.local/lib/python3.7/site-packages/airflow/example_dags/example_branch_python_dop_operator_3.py for tasks to queue
[2025-10-20T18:04:14.048+0000] {logging_mixin.py:137} INFO - [2025-10-20T18:04:14.048+0000] {dagbag.py:538} INFO - Filling up the DagBag from /home/airflow/.local/lib/python3.7/site-packages/airflow/example_dags/example_branch_python_dop_operator_3.py
[2025-10-20T18:04:14.057+0000] {processor.py:753} INFO - DAG(s) dict_keys(['example_branch_dop_operator_v3']) retrieved from /home/airflow/.local/lib/python3.7/site-packages/airflow/example_dags/example_branch_python_dop_operator_3.py
[2025-10-20T18:04:14.067+0000] {logging_mixin.py:137} INFO - [2025-10-20T18:04:14.067+0000] {dag.py:2690} INFO - Sync 1 DAGs
[2025-10-20T18:04:14.078+0000] {logging_mixin.py:137} INFO - [2025-10-20T18:04:14.078+0000] {dag.py:3441} INFO - Setting next_dagrun for example_branch_dop_operator_v3 to 2025-10-20T18:03:00+00:00, run_after=2025-10-20T18:04:00+00:00
[2025-10-20T18:04:14.085+0000] {processor.py:175} INFO - Processing /home/airflow/.local/lib/python3.7/site-packages/airflow/example_dags/example_branch_python_dop_operator_3.py took 0.039 seconds
[2025-10-20T18:04:44.298+0000] {processor.py:153} INFO - Started process (PID=871) to work on /home/airflow/.local/lib/python3.7/site-packages/airflow/example_dags/example_branch_python_dop_operator_3.py
[2025-10-20T18:04:44.298+0000] {processor.py:743} INFO - Processing file /home/airflow/.local/lib/python3.7/site-packages/airflow/example_dags/example_branch_python_dop_operator_3.py for tasks to queue
[2025-10-20T18:04:44.298+0000] {logging_mixin.py:137} INFO - [2025-10-20T18:04:44.298+0000] {dagbag.py:538} INFO - Filling up the DagBag from /home/airflow/.local/lib/python3.7/site-packages/airflow/example_dags/example_branch_python_dop_operator_3.py
[2025-10-20T18:04:44.307+0000] {processor.py:753} INFO - DAG(s) dict_keys(['example_branch_dop_operator_v3']) retrieved from /home/airflow/.local/lib/python3.7/site-packages/airflow/example_dags/example_branch_python_dop_operator_3.py
[2025-10-20T18:04:44.316+0000] {logging_mixin.py:137} INFO - [2025-10-20T18:04:44.316+0000] {dag.py:2690} INFO - Sync 1 DAGs
[2025-10-20T18:04:44.327+0000] {logging_mixin.py:137} INFO - [2025-10-20T18:04:44.327+0000] {dag.py:3441} INFO - Setting next_dagrun for example_branch_dop_operator_v3 to 2025-10-20T18:03:00+00:00, run_after=2025-10-20T18:04:00+00:00
[2025-10-20T18:04:44.333+0000] {processor.py:175} INFO - Processing /home/airflow/.local/lib/python3.7/site-packages/airflow/example_dags/example_branch_python_dop_operator_3.py took 0.037 seconds
[2025-10-20T18:05:14.492+0000] {processor.py:153} INFO - Started process (PID=964) to work on /home/airflow/.local/lib/python3.7/site-packages/airflow/example_dags/example_branch_python_dop_operator_3.py
[2025-10-20T18:05:14.492+0000] {processor.py:743} INFO - Processing file /home/airflow/.local/lib/python3.7/site-packages/airflow/example_dags/example_branch_python_dop_operator_3.py for tasks to queue
[2025-10-20T18:05:14.493+0000] {logging_mixin.py:137} INFO - [2025-10-20T18:05:14.493+0000] {dagbag.py:538} INFO - Filling up the DagBag from /home/airflow/.local/lib/python3.7/site-packages/airflow/example_dags/example_branch_python_dop_operator_3.py
[2025-10-20T18:05:14.502+0000] {processor.py:753} INFO - DAG(s) dict_keys(['example_branch_dop_operator_v3']) retrieved from /home/airflow/.local/lib/python3.7/site-packages/airflow/example_dags/example_branch_python_dop_operator_3.py
[2025-10-20T18:05:14.511+0000] {logging_mixin.py:137} INFO - [2025-10-20T18:05:14.511+0000] {dag.py:2690} INFO - Sync 1 DAGs
[2025-10-20T18:05:14.522+0000] {logging_mixin.py:137} INFO - [2025-10-20T18:05:14.522+0000] {dag.py:3441} INFO - Setting next_dagrun for example_branch_dop_operator_v3 to 2025-10-20T18:04:00+00:00, run_after=2025-10-20T18:05:00+00:00
[2025-10-20T18:05:14.531+0000] {processor.py:175} INFO - Processing /home/airflow/.local/lib/python3.7/site-packages/airflow/example_dags/example_branch_python_dop_operator_3.py took 0.041 seconds
[2025-10-20T18:05:45.564+0000] {processor.py:153} INFO - Started process (PID=1048) to work on /home/airflow/.local/lib/python3.7/site-packages/airflow/example_dags/example_branch_python_dop_operator_3.py
[2025-10-20T18:05:45.565+0000] {processor.py:743} INFO - Processing file /home/airflow/.local/lib/python3.7/site-packages/airflow/example_dags/example_branch_python_dop_operator_3.py for tasks to queue
[2025-10-20T18:05:45.567+0000] {logging_mixin.py:137} INFO - [2025-10-20T18:05:45.566+0000] {dagbag.py:538} INFO - Filling up the DagBag from /home/airflow/.local/lib/python3.7/site-packages/airflow/example_dags/example_branch_python_dop_operator_3.py
[2025-10-20T18:05:45.587+0000] {processor.py:753} INFO - DAG(s) dict_keys(['example_branch_dop_operator_v3']) retrieved from /home/airflow/.local/lib/python3.7/site-packages/airflow/example_dags/example_branch_python_dop_operator_3.py
[2025-10-20T18:05:45.607+0000] {logging_mixin.py:137} INFO - [2025-10-20T18:05:45.607+0000] {dag.py:2690} INFO - Sync 1 DAGs
[2025-10-20T18:05:45.631+0000] {logging_mixin.py:137} INFO - [2025-10-20T18:05:45.630+0000] {dag.py:3441} INFO - Setting next_dagrun for example_branch_dop_operator_v3 to 2025-10-20T18:04:00+00:00, run_after=2025-10-20T18:05:00+00:00
[2025-10-20T18:05:45.665+0000] {processor.py:175} INFO - Processing /home/airflow/.local/lib/python3.7/site-packages/airflow/example_dags/example_branch_python_dop_operator_3.py took 0.103 seconds
[2025-10-20T18:06:16.242+0000] {processor.py:153} INFO - Started process (PID=1132) to work on /home/airflow/.local/lib/python3.7/site-packages/airflow/example_dags/example_branch_python_dop_operator_3.py
[2025-10-20T18:06:16.242+0000] {processor.py:743} INFO - Processing file /home/airflow/.local/lib/python3.7/site-packages/airflow/example_dags/example_branch_python_dop_operator_3.py for tasks to queue
[2025-10-20T18:06:16.243+0000] {logging_mixin.py:137} INFO - [2025-10-20T18:06:16.243+0000] {dagbag.py:538} INFO - Filling up the DagBag from /home/airflow/.local/lib/python3.7/site-packages/airflow/example_dags/example_branch_python_dop_operator_3.py
[2025-10-20T18:06:16.252+0000] {processor.py:753} INFO - DAG(s) dict_keys(['example_branch_dop_operator_v3']) retrieved from /home/airflow/.local/lib/python3.7/site-packages/airflow/example_dags/example_branch_python_dop_operator_3.py
[2025-10-20T18:06:16.264+0000] {logging_mixin.py:137} INFO - [2025-10-20T18:06:16.264+0000] {dag.py:2690} INFO - Sync 1 DAGs
[2025-10-20T18:06:16.276+0000] {logging_mixin.py:137} INFO - [2025-10-20T18:06:16.275+0000] {dag.py:3441} INFO - Setting next_dagrun for example_branch_dop_operator_v3 to 2025-10-20T18:05:00+00:00, run_after=2025-10-20T18:06:00+00:00
[2025-10-20T18:06:16.282+0000] {processor.py:175} INFO - Processing /home/airflow/.local/lib/python3.7/site-packages/airflow/example_dags/example_branch_python_dop_operator_3.py took 0.042 seconds
[2025-10-20T18:06:46.609+0000] {processor.py:153} INFO - Started process (PID=1225) to work on /home/airflow/.local/lib/python3.7/site-packages/airflow/example_dags/example_branch_python_dop_operator_3.py
[2025-10-20T18:06:46.609+0000] {processor.py:743} INFO - Processing file /home/airflow/.local/lib/python3.7/site-packages/airflow/example_dags/example_branch_python_dop_operator_3.py for tasks to queue
[2025-10-20T18:06:46.610+0000] {logging_mixin.py:137} INFO - [2025-10-20T18:06:46.609+0000] {dagbag.py:538} INFO - Filling up the DagBag from /home/airflow/.local/lib/python3.7/site-packages/airflow/example_dags/example_branch_python_dop_operator_3.py
[2025-10-20T18:06:46.619+0000] {processor.py:753} INFO - DAG(s) dict_keys(['example_branch_dop_operator_v3']) retrieved from /home/airflow/.local/lib/python3.7/site-packages/airflow/example_dags/example_branch_python_dop_operator_3.py
[2025-10-20T18:06:46.629+0000] {logging_mixin.py:137} INFO - [2025-10-20T18:06:46.628+0000] {dag.py:2690} INFO - Sync 1 DAGs
[2025-10-20T18:06:46.640+0000] {logging_mixin.py:137} INFO - [2025-10-20T18:06:46.640+0000] {dag.py:3441} INFO - Setting next_dagrun for example_branch_dop_operator_v3 to 2025-10-20T18:05:00+00:00, run_after=2025-10-20T18:06:00+00:00
[2025-10-20T18:06:46.647+0000] {processor.py:175} INFO - Processing /home/airflow/.local/lib/python3.7/site-packages/airflow/example_dags/example_branch_python_dop_operator_3.py took 0.039 seconds
[2025-10-20T18:07:16.803+0000] {processor.py:153} INFO - Started process (PID=1318) to work on /home/airflow/.local/lib/python3.7/site-packages/airflow/example_dags/example_branch_python_dop_operator_3.py
[2025-10-20T18:07:16.804+0000] {processor.py:743} INFO - Processing file /home/airflow/.local/lib/python3.7/site-packages/airflow/example_dags/example_branch_python_dop_operator_3.py for tasks to queue
[2025-10-20T18:07:16.804+0000] {logging_mixin.py:137} INFO - [2025-10-20T18:07:16.804+0000] {dagbag.py:538} INFO - Filling up the DagBag from /home/airflow/.local/lib/python3.7/site-packages/airflow/example_dags/example_branch_python_dop_operator_3.py
[2025-10-20T18:07:16.813+0000] {processor.py:753} INFO - DAG(s) dict_keys(['example_branch_dop_operator_v3']) retrieved from /home/airflow/.local/lib/python3.7/site-packages/airflow/example_dags/example_branch_python_dop_operator_3.py
[2025-10-20T18:07:16.824+0000] {logging_mixin.py:137} INFO - [2025-10-20T18:07:16.824+0000] {dag.py:2690} INFO - Sync 1 DAGs
[2025-10-20T18:07:16.834+0000] {logging_mixin.py:137} INFO - [2025-10-20T18:07:16.834+0000] {dag.py:3441} INFO - Setting next_dagrun for example_branch_dop_operator_v3 to 2025-10-20T18:06:00+00:00, run_after=2025-10-20T18:07:00+00:00
[2025-10-20T18:07:16.841+0000] {processor.py:175} INFO - Processing /home/airflow/.local/lib/python3.7/site-packages/airflow/example_dags/example_branch_python_dop_operator_3.py took 0.039 seconds
[2025-10-20T18:07:46.961+0000] {processor.py:153} INFO - Started process (PID=1402) to work on /home/airflow/.local/lib/python3.7/site-packages/airflow/example_dags/example_branch_python_dop_operator_3.py
[2025-10-20T18:07:46.961+0000] {processor.py:743} INFO - Processing file /home/airflow/.local/lib/python3.7/site-packages/airflow/example_dags/example_branch_python_dop_operator_3.py for tasks to queue
[2025-10-20T18:07:46.962+0000] {logging_mixin.py:137} INFO - [2025-10-20T18:07:46.962+0000] {dagbag.py:538} INFO - Filling up the DagBag from /home/airflow/.local/lib/python3.7/site-packages/airflow/example_dags/example_branch_python_dop_operator_3.py
[2025-10-20T18:07:46.971+0000] {processor.py:753} INFO - DAG(s) dict_keys(['example_branch_dop_operator_v3']) retrieved from /home/airflow/.local/lib/python3.7/site-packages/airflow/example_dags/example_branch_python_dop_operator_3.py
[2025-10-20T18:07:46.987+0000] {logging_mixin.py:137} INFO - [2025-10-20T18:07:46.986+0000] {dag.py:2690} INFO - Sync 1 DAGs
[2025-10-20T18:07:46.998+0000] {logging_mixin.py:137} INFO - [2025-10-20T18:07:46.998+0000] {dag.py:3441} INFO - Setting next_dagrun for example_branch_dop_operator_v3 to 2025-10-20T18:06:00+00:00, run_after=2025-10-20T18:07:00+00:00
[2025-10-20T18:07:47.006+0000] {processor.py:175} INFO - Processing /home/airflow/.local/lib/python3.7/site-packages/airflow/example_dags/example_branch_python_dop_operator_3.py took 0.047 seconds
[2025-10-20T18:08:17.298+0000] {processor.py:153} INFO - Started process (PID=1486) to work on /home/airflow/.local/lib/python3.7/site-packages/airflow/example_dags/example_branch_python_dop_operator_3.py
[2025-10-20T18:08:17.298+0000] {processor.py:743} INFO - Processing file /home/airflow/.local/lib/python3.7/site-packages/airflow/example_dags/example_branch_python_dop_operator_3.py for tasks to queue
[2025-10-20T18:08:17.298+0000] {logging_mixin.py:137} INFO - [2025-10-20T18:08:17.298+0000] {dagbag.py:538} INFO - Filling up the DagBag from /home/airflow/.local/lib/python3.7/site-packages/airflow/example_dags/example_branch_python_dop_operator_3.py
[2025-10-20T18:08:17.308+0000] {processor.py:753} INFO - DAG(s) dict_keys(['example_branch_dop_operator_v3']) retrieved from /home/airflow/.local/lib/python3.7/site-packages/airflow/example_dags/example_branch_python_dop_operator_3.py
[2025-10-20T18:08:17.317+0000] {logging_mixin.py:137} INFO - [2025-10-20T18:08:17.317+0000] {dag.py:2690} INFO - Sync 1 DAGs
[2025-10-20T18:08:17.328+0000] {logging_mixin.py:137} INFO - [2025-10-20T18:08:17.328+0000] {dag.py:3441} INFO - Setting next_dagrun for example_branch_dop_operator_v3 to 2025-10-20T18:07:00+00:00, run_after=2025-10-20T18:08:00+00:00
[2025-10-20T18:08:17.334+0000] {processor.py:175} INFO - Processing /home/airflow/.local/lib/python3.7/site-packages/airflow/example_dags/example_branch_python_dop_operator_3.py took 0.038 seconds
[2025-10-20T18:08:47.585+0000] {processor.py:153} INFO - Started process (PID=1579) to work on /home/airflow/.local/lib/python3.7/site-packages/airflow/example_dags/example_branch_python_dop_operator_3.py
[2025-10-20T18:08:47.585+0000] {processor.py:743} INFO - Processing file /home/airflow/.local/lib/python3.7/site-packages/airflow/example_dags/example_branch_python_dop_operator_3.py for tasks to queue
[2025-10-20T18:08:47.586+0000] {logging_mixin.py:137} INFO - [2025-10-20T18:08:47.586+0000] {dagbag.py:538} INFO - Filling up the DagBag from /home/airflow/.local/lib/python3.7/site-packages/airflow/example_dags/example_branch_python_dop_operator_3.py
[2025-10-20T18:08:47.595+0000] {processor.py:753} INFO - DAG(s) dict_keys(['example_branch_dop_operator_v3']) retrieved from /home/airflow/.local/lib/python3.7/site-packages/airflow/example_dags/example_branch_python_dop_operator_3.py
[2025-10-20T18:08:47.607+0000] {logging_mixin.py:137} INFO - [2025-10-20T18:08:47.607+0000] {dag.py:2690} INFO - Sync 1 DAGs
[2025-10-20T18:08:47.621+0000] {logging_mixin.py:137} INFO - [2025-10-20T18:08:47.621+0000] {dag.py:3441} INFO - Setting next_dagrun for example_branch_dop_operator_v3 to 2025-10-20T18:07:00+00:00, run_after=2025-10-20T18:08:00+00:00
[2025-10-20T18:08:47.629+0000] {processor.py:175} INFO - Processing /home/airflow/.local/lib/python3.7/site-packages/airflow/example_dags/example_branch_python_dop_operator_3.py took 0.046 seconds
