[2025-10-20T18:00:11.897+0000] {processor.py:153} INFO - Started process (PID=75) to work on /home/airflow/.local/lib/python3.7/site-packages/airflow/example_dags/example_short_circuit_operator.py
[2025-10-20T18:00:11.898+0000] {processor.py:743} INFO - Processing file /home/airflow/.local/lib/python3.7/site-packages/airflow/example_dags/example_short_circuit_operator.py for tasks to queue
[2025-10-20T18:00:11.899+0000] {logging_mixin.py:137} INFO - [2025-10-20T18:00:11.899+0000] {dagbag.py:538} INFO - Filling up the DagBag from /home/airflow/.local/lib/python3.7/site-packages/airflow/example_dags/example_short_circuit_operator.py
[2025-10-20T18:00:11.910+0000] {processor.py:753} INFO - DAG(s) dict_keys(['example_short_circuit_operator']) retrieved from /home/airflow/.local/lib/python3.7/site-packages/airflow/example_dags/example_short_circuit_operator.py
[2025-10-20T18:00:11.918+0000] {logging_mixin.py:137} INFO - [2025-10-20T18:00:11.918+0000] {dag.py:2690} INFO - Sync 1 DAGs
[2025-10-20T18:00:11.931+0000] {logging_mixin.py:137} INFO - [2025-10-20T18:00:11.931+0000] {dag.py:3441} INFO - Setting next_dagrun for example_short_circuit_operator to 2025-10-19T18:00:11.931558+00:00, run_after=2025-10-20T18:00:11.931558+00:00
[2025-10-20T18:00:11.941+0000] {processor.py:175} INFO - Processing /home/airflow/.local/lib/python3.7/site-packages/airflow/example_dags/example_short_circuit_operator.py took 0.045 seconds
[2025-10-20T18:00:42.154+0000] {processor.py:153} INFO - Started process (PID=168) to work on /home/airflow/.local/lib/python3.7/site-packages/airflow/example_dags/example_short_circuit_operator.py
[2025-10-20T18:00:42.155+0000] {processor.py:743} INFO - Processing file /home/airflow/.local/lib/python3.7/site-packages/airflow/example_dags/example_short_circuit_operator.py for tasks to queue
[2025-10-20T18:00:42.155+0000] {logging_mixin.py:137} INFO - [2025-10-20T18:00:42.155+0000] {dagbag.py:538} INFO - Filling up the DagBag from /home/airflow/.local/lib/python3.7/site-packages/airflow/example_dags/example_short_circuit_operator.py
[2025-10-20T18:00:42.161+0000] {processor.py:753} INFO - DAG(s) dict_keys(['example_short_circuit_operator']) retrieved from /home/airflow/.local/lib/python3.7/site-packages/airflow/example_dags/example_short_circuit_operator.py
[2025-10-20T18:00:42.171+0000] {logging_mixin.py:137} INFO - [2025-10-20T18:00:42.171+0000] {dag.py:2690} INFO - Sync 1 DAGs
[2025-10-20T18:00:42.180+0000] {logging_mixin.py:137} INFO - [2025-10-20T18:00:42.180+0000] {dag.py:3441} INFO - Setting next_dagrun for example_short_circuit_operator to 2025-10-19T18:00:42.180555+00:00, run_after=2025-10-20T18:00:42.180555+00:00
[2025-10-20T18:00:42.187+0000] {processor.py:175} INFO - Processing /home/airflow/.local/lib/python3.7/site-packages/airflow/example_dags/example_short_circuit_operator.py took 0.034 seconds
[2025-10-20T18:01:12.728+0000] {processor.py:153} INFO - Started process (PID=261) to work on /home/airflow/.local/lib/python3.7/site-packages/airflow/example_dags/example_short_circuit_operator.py
[2025-10-20T18:01:12.729+0000] {processor.py:743} INFO - Processing file /home/airflow/.local/lib/python3.7/site-packages/airflow/example_dags/example_short_circuit_operator.py for tasks to queue
[2025-10-20T18:01:12.730+0000] {logging_mixin.py:137} INFO - [2025-10-20T18:01:12.730+0000] {dagbag.py:538} INFO - Filling up the DagBag from /home/airflow/.local/lib/python3.7/site-packages/airflow/example_dags/example_short_circuit_operator.py
[2025-10-20T18:01:12.738+0000] {processor.py:753} INFO - DAG(s) dict_keys(['example_short_circuit_operator']) retrieved from /home/airflow/.local/lib/python3.7/site-packages/airflow/example_dags/example_short_circuit_operator.py
[2025-10-20T18:01:12.756+0000] {logging_mixin.py:137} INFO - [2025-10-20T18:01:12.756+0000] {dag.py:2690} INFO - Sync 1 DAGs
[2025-10-20T18:01:12.774+0000] {logging_mixin.py:137} INFO - [2025-10-20T18:01:12.774+0000] {dag.py:3441} INFO - Setting next_dagrun for example_short_circuit_operator to 2025-10-19T18:01:12.774321+00:00, run_after=2025-10-20T18:01:12.774321+00:00
[2025-10-20T18:01:12.786+0000] {processor.py:175} INFO - Processing /home/airflow/.local/lib/python3.7/site-packages/airflow/example_dags/example_short_circuit_operator.py took 0.059 seconds
[2025-10-20T18:01:42.917+0000] {processor.py:153} INFO - Started process (PID=336) to work on /home/airflow/.local/lib/python3.7/site-packages/airflow/example_dags/example_short_circuit_operator.py
[2025-10-20T18:01:42.917+0000] {processor.py:743} INFO - Processing file /home/airflow/.local/lib/python3.7/site-packages/airflow/example_dags/example_short_circuit_operator.py for tasks to queue
[2025-10-20T18:01:42.918+0000] {logging_mixin.py:137} INFO - [2025-10-20T18:01:42.917+0000] {dagbag.py:538} INFO - Filling up the DagBag from /home/airflow/.local/lib/python3.7/site-packages/airflow/example_dags/example_short_circuit_operator.py
[2025-10-20T18:01:42.923+0000] {processor.py:753} INFO - DAG(s) dict_keys(['example_short_circuit_operator']) retrieved from /home/airflow/.local/lib/python3.7/site-packages/airflow/example_dags/example_short_circuit_operator.py
[2025-10-20T18:01:42.933+0000] {logging_mixin.py:137} INFO - [2025-10-20T18:01:42.933+0000] {dag.py:2690} INFO - Sync 1 DAGs
[2025-10-20T18:01:42.942+0000] {logging_mixin.py:137} INFO - [2025-10-20T18:01:42.942+0000] {dag.py:3441} INFO - Setting next_dagrun for example_short_circuit_operator to 2025-10-19T18:01:42.942613+00:00, run_after=2025-10-20T18:01:42.942613+00:00
[2025-10-20T18:01:42.948+0000] {processor.py:175} INFO - Processing /home/airflow/.local/lib/python3.7/site-packages/airflow/example_dags/example_short_circuit_operator.py took 0.032 seconds
[2025-10-20T18:02:13.151+0000] {processor.py:153} INFO - Started process (PID=429) to work on /home/airflow/.local/lib/python3.7/site-packages/airflow/example_dags/example_short_circuit_operator.py
[2025-10-20T18:02:13.151+0000] {processor.py:743} INFO - Processing file /home/airflow/.local/lib/python3.7/site-packages/airflow/example_dags/example_short_circuit_operator.py for tasks to queue
[2025-10-20T18:02:13.152+0000] {logging_mixin.py:137} INFO - [2025-10-20T18:02:13.152+0000] {dagbag.py:538} INFO - Filling up the DagBag from /home/airflow/.local/lib/python3.7/site-packages/airflow/example_dags/example_short_circuit_operator.py
[2025-10-20T18:02:13.158+0000] {processor.py:753} INFO - DAG(s) dict_keys(['example_short_circuit_operator']) retrieved from /home/airflow/.local/lib/python3.7/site-packages/airflow/example_dags/example_short_circuit_operator.py
[2025-10-20T18:02:13.167+0000] {logging_mixin.py:137} INFO - [2025-10-20T18:02:13.167+0000] {dag.py:2690} INFO - Sync 1 DAGs
[2025-10-20T18:02:13.177+0000] {logging_mixin.py:137} INFO - [2025-10-20T18:02:13.177+0000] {dag.py:3441} INFO - Setting next_dagrun for example_short_circuit_operator to 2025-10-19T18:02:13.176976+00:00, run_after=2025-10-20T18:02:13.176976+00:00
[2025-10-20T18:02:13.184+0000] {processor.py:175} INFO - Processing /home/airflow/.local/lib/python3.7/site-packages/airflow/example_dags/example_short_circuit_operator.py took 0.035 seconds
[2025-10-20T18:02:43.355+0000] {processor.py:153} INFO - Started process (PID=522) to work on /home/airflow/.local/lib/python3.7/site-packages/airflow/example_dags/example_short_circuit_operator.py
[2025-10-20T18:02:43.355+0000] {processor.py:743} INFO - Processing file /home/airflow/.local/lib/python3.7/site-packages/airflow/example_dags/example_short_circuit_operator.py for tasks to queue
[2025-10-20T18:02:43.355+0000] {logging_mixin.py:137} INFO - [2025-10-20T18:02:43.355+0000] {dagbag.py:538} INFO - Filling up the DagBag from /home/airflow/.local/lib/python3.7/site-packages/airflow/example_dags/example_short_circuit_operator.py
[2025-10-20T18:02:43.361+0000] {processor.py:753} INFO - DAG(s) dict_keys(['example_short_circuit_operator']) retrieved from /home/airflow/.local/lib/python3.7/site-packages/airflow/example_dags/example_short_circuit_operator.py
[2025-10-20T18:02:43.369+0000] {logging_mixin.py:137} INFO - [2025-10-20T18:02:43.369+0000] {dag.py:2690} INFO - Sync 1 DAGs
[2025-10-20T18:02:43.378+0000] {logging_mixin.py:137} INFO - [2025-10-20T18:02:43.378+0000] {dag.py:3441} INFO - Setting next_dagrun for example_short_circuit_operator to 2025-10-19T18:02:43.378147+00:00, run_after=2025-10-20T18:02:43.378147+00:00
[2025-10-20T18:02:43.384+0000] {processor.py:175} INFO - Processing /home/airflow/.local/lib/python3.7/site-packages/airflow/example_dags/example_short_circuit_operator.py took 0.030 seconds
[2025-10-20T18:03:13.650+0000] {processor.py:153} INFO - Started process (PID=614) to work on /home/airflow/.local/lib/python3.7/site-packages/airflow/example_dags/example_short_circuit_operator.py
[2025-10-20T18:03:13.650+0000] {processor.py:743} INFO - Processing file /home/airflow/.local/lib/python3.7/site-packages/airflow/example_dags/example_short_circuit_operator.py for tasks to queue
[2025-10-20T18:03:13.651+0000] {logging_mixin.py:137} INFO - [2025-10-20T18:03:13.651+0000] {dagbag.py:538} INFO - Filling up the DagBag from /home/airflow/.local/lib/python3.7/site-packages/airflow/example_dags/example_short_circuit_operator.py
[2025-10-20T18:03:13.657+0000] {processor.py:753} INFO - DAG(s) dict_keys(['example_short_circuit_operator']) retrieved from /home/airflow/.local/lib/python3.7/site-packages/airflow/example_dags/example_short_circuit_operator.py
[2025-10-20T18:03:13.667+0000] {logging_mixin.py:137} INFO - [2025-10-20T18:03:13.667+0000] {dag.py:2690} INFO - Sync 1 DAGs
[2025-10-20T18:03:13.676+0000] {logging_mixin.py:137} INFO - [2025-10-20T18:03:13.676+0000] {dag.py:3441} INFO - Setting next_dagrun for example_short_circuit_operator to 2025-10-19T18:03:13.676395+00:00, run_after=2025-10-20T18:03:13.676395+00:00
[2025-10-20T18:03:13.682+0000] {processor.py:175} INFO - Processing /home/airflow/.local/lib/python3.7/site-packages/airflow/example_dags/example_short_circuit_operator.py took 0.033 seconds
[2025-10-20T18:03:43.853+0000] {processor.py:153} INFO - Started process (PID=689) to work on /home/airflow/.local/lib/python3.7/site-packages/airflow/example_dags/example_short_circuit_operator.py
[2025-10-20T18:03:43.854+0000] {processor.py:743} INFO - Processing file /home/airflow/.local/lib/python3.7/site-packages/airflow/example_dags/example_short_circuit_operator.py for tasks to queue
[2025-10-20T18:03:43.854+0000] {logging_mixin.py:137} INFO - [2025-10-20T18:03:43.854+0000] {dagbag.py:538} INFO - Filling up the DagBag from /home/airflow/.local/lib/python3.7/site-packages/airflow/example_dags/example_short_circuit_operator.py
[2025-10-20T18:03:43.860+0000] {processor.py:753} INFO - DAG(s) dict_keys(['example_short_circuit_operator']) retrieved from /home/airflow/.local/lib/python3.7/site-packages/airflow/example_dags/example_short_circuit_operator.py
[2025-10-20T18:03:43.872+0000] {logging_mixin.py:137} INFO - [2025-10-20T18:03:43.872+0000] {dag.py:2690} INFO - Sync 1 DAGs
[2025-10-20T18:03:43.881+0000] {logging_mixin.py:137} INFO - [2025-10-20T18:03:43.881+0000] {dag.py:3441} INFO - Setting next_dagrun for example_short_circuit_operator to 2025-10-19T18:03:43.881394+00:00, run_after=2025-10-20T18:03:43.881394+00:00
[2025-10-20T18:03:43.888+0000] {processor.py:175} INFO - Processing /home/airflow/.local/lib/python3.7/site-packages/airflow/example_dags/example_short_circuit_operator.py took 0.036 seconds
[2025-10-20T18:04:14.135+0000] {processor.py:153} INFO - Started process (PID=782) to work on /home/airflow/.local/lib/python3.7/site-packages/airflow/example_dags/example_short_circuit_operator.py
[2025-10-20T18:04:14.135+0000] {processor.py:743} INFO - Processing file /home/airflow/.local/lib/python3.7/site-packages/airflow/example_dags/example_short_circuit_operator.py for tasks to queue
[2025-10-20T18:04:14.135+0000] {logging_mixin.py:137} INFO - [2025-10-20T18:04:14.135+0000] {dagbag.py:538} INFO - Filling up the DagBag from /home/airflow/.local/lib/python3.7/site-packages/airflow/example_dags/example_short_circuit_operator.py
[2025-10-20T18:04:14.141+0000] {processor.py:753} INFO - DAG(s) dict_keys(['example_short_circuit_operator']) retrieved from /home/airflow/.local/lib/python3.7/site-packages/airflow/example_dags/example_short_circuit_operator.py
[2025-10-20T18:04:14.151+0000] {logging_mixin.py:137} INFO - [2025-10-20T18:04:14.151+0000] {dag.py:2690} INFO - Sync 1 DAGs
[2025-10-20T18:04:14.159+0000] {logging_mixin.py:137} INFO - [2025-10-20T18:04:14.159+0000] {dag.py:3441} INFO - Setting next_dagrun for example_short_circuit_operator to 2025-10-19T18:04:14.159738+00:00, run_after=2025-10-20T18:04:14.159738+00:00
[2025-10-20T18:04:14.165+0000] {processor.py:175} INFO - Processing /home/airflow/.local/lib/python3.7/site-packages/airflow/example_dags/example_short_circuit_operator.py took 0.032 seconds
[2025-10-20T18:04:44.384+0000] {processor.py:153} INFO - Started process (PID=875) to work on /home/airflow/.local/lib/python3.7/site-packages/airflow/example_dags/example_short_circuit_operator.py
[2025-10-20T18:04:44.385+0000] {processor.py:743} INFO - Processing file /home/airflow/.local/lib/python3.7/site-packages/airflow/example_dags/example_short_circuit_operator.py for tasks to queue
[2025-10-20T18:04:44.385+0000] {logging_mixin.py:137} INFO - [2025-10-20T18:04:44.385+0000] {dagbag.py:538} INFO - Filling up the DagBag from /home/airflow/.local/lib/python3.7/site-packages/airflow/example_dags/example_short_circuit_operator.py
[2025-10-20T18:04:44.391+0000] {processor.py:753} INFO - DAG(s) dict_keys(['example_short_circuit_operator']) retrieved from /home/airflow/.local/lib/python3.7/site-packages/airflow/example_dags/example_short_circuit_operator.py
[2025-10-20T18:04:44.400+0000] {logging_mixin.py:137} INFO - [2025-10-20T18:04:44.400+0000] {dag.py:2690} INFO - Sync 1 DAGs
[2025-10-20T18:04:44.410+0000] {logging_mixin.py:137} INFO - [2025-10-20T18:04:44.410+0000] {dag.py:3441} INFO - Setting next_dagrun for example_short_circuit_operator to 2025-10-19T18:04:44.409954+00:00, run_after=2025-10-20T18:04:44.409954+00:00
[2025-10-20T18:04:44.416+0000] {processor.py:175} INFO - Processing /home/airflow/.local/lib/python3.7/site-packages/airflow/example_dags/example_short_circuit_operator.py took 0.034 seconds
[2025-10-20T18:05:14.586+0000] {processor.py:153} INFO - Started process (PID=968) to work on /home/airflow/.local/lib/python3.7/site-packages/airflow/example_dags/example_short_circuit_operator.py
[2025-10-20T18:05:14.586+0000] {processor.py:743} INFO - Processing file /home/airflow/.local/lib/python3.7/site-packages/airflow/example_dags/example_short_circuit_operator.py for tasks to queue
[2025-10-20T18:05:14.586+0000] {logging_mixin.py:137} INFO - [2025-10-20T18:05:14.586+0000] {dagbag.py:538} INFO - Filling up the DagBag from /home/airflow/.local/lib/python3.7/site-packages/airflow/example_dags/example_short_circuit_operator.py
[2025-10-20T18:05:14.593+0000] {processor.py:753} INFO - DAG(s) dict_keys(['example_short_circuit_operator']) retrieved from /home/airflow/.local/lib/python3.7/site-packages/airflow/example_dags/example_short_circuit_operator.py
[2025-10-20T18:05:14.602+0000] {logging_mixin.py:137} INFO - [2025-10-20T18:05:14.602+0000] {dag.py:2690} INFO - Sync 1 DAGs
[2025-10-20T18:05:14.612+0000] {logging_mixin.py:137} INFO - [2025-10-20T18:05:14.612+0000] {dag.py:3441} INFO - Setting next_dagrun for example_short_circuit_operator to 2025-10-19T18:05:14.611962+00:00, run_after=2025-10-20T18:05:14.611962+00:00
[2025-10-20T18:05:14.618+0000] {processor.py:175} INFO - Processing /home/airflow/.local/lib/python3.7/site-packages/airflow/example_dags/example_short_circuit_operator.py took 0.034 seconds
[2025-10-20T18:05:45.884+0000] {processor.py:153} INFO - Started process (PID=1052) to work on /home/airflow/.local/lib/python3.7/site-packages/airflow/example_dags/example_short_circuit_operator.py
[2025-10-20T18:05:45.885+0000] {processor.py:743} INFO - Processing file /home/airflow/.local/lib/python3.7/site-packages/airflow/example_dags/example_short_circuit_operator.py for tasks to queue
[2025-10-20T18:05:45.888+0000] {logging_mixin.py:137} INFO - [2025-10-20T18:05:45.888+0000] {dagbag.py:538} INFO - Filling up the DagBag from /home/airflow/.local/lib/python3.7/site-packages/airflow/example_dags/example_short_circuit_operator.py
[2025-10-20T18:05:45.905+0000] {processor.py:753} INFO - DAG(s) dict_keys(['example_short_circuit_operator']) retrieved from /home/airflow/.local/lib/python3.7/site-packages/airflow/example_dags/example_short_circuit_operator.py
[2025-10-20T18:05:45.935+0000] {logging_mixin.py:137} INFO - [2025-10-20T18:05:45.935+0000] {dag.py:2690} INFO - Sync 1 DAGs
[2025-10-20T18:05:45.987+0000] {logging_mixin.py:137} INFO - [2025-10-20T18:05:45.987+0000] {dag.py:3441} INFO - Setting next_dagrun for example_short_circuit_operator to 2025-10-19T18:05:45.987212+00:00, run_after=2025-10-20T18:05:45.987212+00:00
[2025-10-20T18:05:46.062+0000] {processor.py:175} INFO - Processing /home/airflow/.local/lib/python3.7/site-packages/airflow/example_dags/example_short_circuit_operator.py took 0.182 seconds
[2025-10-20T18:06:16.335+0000] {processor.py:153} INFO - Started process (PID=1136) to work on /home/airflow/.local/lib/python3.7/site-packages/airflow/example_dags/example_short_circuit_operator.py
[2025-10-20T18:06:16.335+0000] {processor.py:743} INFO - Processing file /home/airflow/.local/lib/python3.7/site-packages/airflow/example_dags/example_short_circuit_operator.py for tasks to queue
[2025-10-20T18:06:16.336+0000] {logging_mixin.py:137} INFO - [2025-10-20T18:06:16.335+0000] {dagbag.py:538} INFO - Filling up the DagBag from /home/airflow/.local/lib/python3.7/site-packages/airflow/example_dags/example_short_circuit_operator.py
[2025-10-20T18:06:16.342+0000] {processor.py:753} INFO - DAG(s) dict_keys(['example_short_circuit_operator']) retrieved from /home/airflow/.local/lib/python3.7/site-packages/airflow/example_dags/example_short_circuit_operator.py
[2025-10-20T18:06:16.352+0000] {logging_mixin.py:137} INFO - [2025-10-20T18:06:16.352+0000] {dag.py:2690} INFO - Sync 1 DAGs
[2025-10-20T18:06:16.361+0000] {logging_mixin.py:137} INFO - [2025-10-20T18:06:16.361+0000] {dag.py:3441} INFO - Setting next_dagrun for example_short_circuit_operator to 2025-10-19T18:06:16.361202+00:00, run_after=2025-10-20T18:06:16.361202+00:00
[2025-10-20T18:06:16.368+0000] {processor.py:175} INFO - Processing /home/airflow/.local/lib/python3.7/site-packages/airflow/example_dags/example_short_circuit_operator.py took 0.034 seconds
[2025-10-20T18:06:46.700+0000] {processor.py:153} INFO - Started process (PID=1229) to work on /home/airflow/.local/lib/python3.7/site-packages/airflow/example_dags/example_short_circuit_operator.py
[2025-10-20T18:06:46.700+0000] {processor.py:743} INFO - Processing file /home/airflow/.local/lib/python3.7/site-packages/airflow/example_dags/example_short_circuit_operator.py for tasks to queue
[2025-10-20T18:06:46.701+0000] {logging_mixin.py:137} INFO - [2025-10-20T18:06:46.701+0000] {dagbag.py:538} INFO - Filling up the DagBag from /home/airflow/.local/lib/python3.7/site-packages/airflow/example_dags/example_short_circuit_operator.py
[2025-10-20T18:06:46.709+0000] {processor.py:753} INFO - DAG(s) dict_keys(['example_short_circuit_operator']) retrieved from /home/airflow/.local/lib/python3.7/site-packages/airflow/example_dags/example_short_circuit_operator.py
[2025-10-20T18:06:46.719+0000] {logging_mixin.py:137} INFO - [2025-10-20T18:06:46.719+0000] {dag.py:2690} INFO - Sync 1 DAGs
[2025-10-20T18:06:46.729+0000] {logging_mixin.py:137} INFO - [2025-10-20T18:06:46.729+0000] {dag.py:3441} INFO - Setting next_dagrun for example_short_circuit_operator to 2025-10-19T18:06:46.729668+00:00, run_after=2025-10-20T18:06:46.729668+00:00
[2025-10-20T18:06:46.736+0000] {processor.py:175} INFO - Processing /home/airflow/.local/lib/python3.7/site-packages/airflow/example_dags/example_short_circuit_operator.py took 0.037 seconds
[2025-10-20T18:07:16.893+0000] {processor.py:153} INFO - Started process (PID=1322) to work on /home/airflow/.local/lib/python3.7/site-packages/airflow/example_dags/example_short_circuit_operator.py
[2025-10-20T18:07:16.893+0000] {processor.py:743} INFO - Processing file /home/airflow/.local/lib/python3.7/site-packages/airflow/example_dags/example_short_circuit_operator.py for tasks to queue
[2025-10-20T18:07:16.893+0000] {logging_mixin.py:137} INFO - [2025-10-20T18:07:16.893+0000] {dagbag.py:538} INFO - Filling up the DagBag from /home/airflow/.local/lib/python3.7/site-packages/airflow/example_dags/example_short_circuit_operator.py
[2025-10-20T18:07:16.900+0000] {processor.py:753} INFO - DAG(s) dict_keys(['example_short_circuit_operator']) retrieved from /home/airflow/.local/lib/python3.7/site-packages/airflow/example_dags/example_short_circuit_operator.py
[2025-10-20T18:07:16.911+0000] {logging_mixin.py:137} INFO - [2025-10-20T18:07:16.911+0000] {dag.py:2690} INFO - Sync 1 DAGs
[2025-10-20T18:07:16.922+0000] {logging_mixin.py:137} INFO - [2025-10-20T18:07:16.921+0000] {dag.py:3441} INFO - Setting next_dagrun for example_short_circuit_operator to 2025-10-19T18:07:16.921878+00:00, run_after=2025-10-20T18:07:16.921878+00:00
[2025-10-20T18:07:16.928+0000] {processor.py:175} INFO - Processing /home/airflow/.local/lib/python3.7/site-packages/airflow/example_dags/example_short_circuit_operator.py took 0.037 seconds
[2025-10-20T18:07:47.068+0000] {processor.py:153} INFO - Started process (PID=1406) to work on /home/airflow/.local/lib/python3.7/site-packages/airflow/example_dags/example_short_circuit_operator.py
[2025-10-20T18:07:47.069+0000] {processor.py:743} INFO - Processing file /home/airflow/.local/lib/python3.7/site-packages/airflow/example_dags/example_short_circuit_operator.py for tasks to queue
[2025-10-20T18:07:47.070+0000] {logging_mixin.py:137} INFO - [2025-10-20T18:07:47.070+0000] {dagbag.py:538} INFO - Filling up the DagBag from /home/airflow/.local/lib/python3.7/site-packages/airflow/example_dags/example_short_circuit_operator.py
[2025-10-20T18:07:47.077+0000] {processor.py:753} INFO - DAG(s) dict_keys(['example_short_circuit_operator']) retrieved from /home/airflow/.local/lib/python3.7/site-packages/airflow/example_dags/example_short_circuit_operator.py
[2025-10-20T18:07:47.091+0000] {logging_mixin.py:137} INFO - [2025-10-20T18:07:47.091+0000] {dag.py:2690} INFO - Sync 1 DAGs
[2025-10-20T18:07:47.102+0000] {logging_mixin.py:137} INFO - [2025-10-20T18:07:47.102+0000] {dag.py:3441} INFO - Setting next_dagrun for example_short_circuit_operator to 2025-10-19T18:07:47.102069+00:00, run_after=2025-10-20T18:07:47.102069+00:00
[2025-10-20T18:07:47.109+0000] {processor.py:175} INFO - Processing /home/airflow/.local/lib/python3.7/site-packages/airflow/example_dags/example_short_circuit_operator.py took 0.043 seconds
[2025-10-20T18:08:17.400+0000] {processor.py:153} INFO - Started process (PID=1490) to work on /home/airflow/.local/lib/python3.7/site-packages/airflow/example_dags/example_short_circuit_operator.py
[2025-10-20T18:08:17.400+0000] {processor.py:743} INFO - Processing file /home/airflow/.local/lib/python3.7/site-packages/airflow/example_dags/example_short_circuit_operator.py for tasks to queue
[2025-10-20T18:08:17.400+0000] {logging_mixin.py:137} INFO - [2025-10-20T18:08:17.400+0000] {dagbag.py:538} INFO - Filling up the DagBag from /home/airflow/.local/lib/python3.7/site-packages/airflow/example_dags/example_short_circuit_operator.py
[2025-10-20T18:08:17.408+0000] {processor.py:753} INFO - DAG(s) dict_keys(['example_short_circuit_operator']) retrieved from /home/airflow/.local/lib/python3.7/site-packages/airflow/example_dags/example_short_circuit_operator.py
[2025-10-20T18:08:17.421+0000] {logging_mixin.py:137} INFO - [2025-10-20T18:08:17.421+0000] {dag.py:2690} INFO - Sync 1 DAGs
[2025-10-20T18:08:17.436+0000] {logging_mixin.py:137} INFO - [2025-10-20T18:08:17.435+0000] {dag.py:3441} INFO - Setting next_dagrun for example_short_circuit_operator to 2025-10-19T18:08:17.435782+00:00, run_after=2025-10-20T18:08:17.435782+00:00
[2025-10-20T18:08:17.444+0000] {processor.py:175} INFO - Processing /home/airflow/.local/lib/python3.7/site-packages/airflow/example_dags/example_short_circuit_operator.py took 0.046 seconds
[2025-10-20T18:08:47.687+0000] {processor.py:153} INFO - Started process (PID=1583) to work on /home/airflow/.local/lib/python3.7/site-packages/airflow/example_dags/example_short_circuit_operator.py
[2025-10-20T18:08:47.687+0000] {processor.py:743} INFO - Processing file /home/airflow/.local/lib/python3.7/site-packages/airflow/example_dags/example_short_circuit_operator.py for tasks to queue
[2025-10-20T18:08:47.688+0000] {logging_mixin.py:137} INFO - [2025-10-20T18:08:47.688+0000] {dagbag.py:538} INFO - Filling up the DagBag from /home/airflow/.local/lib/python3.7/site-packages/airflow/example_dags/example_short_circuit_operator.py
[2025-10-20T18:08:47.694+0000] {processor.py:753} INFO - DAG(s) dict_keys(['example_short_circuit_operator']) retrieved from /home/airflow/.local/lib/python3.7/site-packages/airflow/example_dags/example_short_circuit_operator.py
[2025-10-20T18:08:47.703+0000] {logging_mixin.py:137} INFO - [2025-10-20T18:08:47.703+0000] {dag.py:2690} INFO - Sync 1 DAGs
[2025-10-20T18:08:47.714+0000] {logging_mixin.py:137} INFO - [2025-10-20T18:08:47.714+0000] {dag.py:3441} INFO - Setting next_dagrun for example_short_circuit_operator to 2025-10-19T18:08:47.714743+00:00, run_after=2025-10-20T18:08:47.714743+00:00
[2025-10-20T18:08:47.721+0000] {processor.py:175} INFO - Processing /home/airflow/.local/lib/python3.7/site-packages/airflow/example_dags/example_short_circuit_operator.py took 0.035 seconds
