[2025-10-20T18:00:11.202+0000] {processor.py:153} INFO - Started process (PID=55) to work on /home/airflow/.local/lib/python3.7/site-packages/airflow/example_dags/example_skip_dag.py
[2025-10-20T18:00:11.203+0000] {processor.py:743} INFO - Processing file /home/airflow/.local/lib/python3.7/site-packages/airflow/example_dags/example_skip_dag.py for tasks to queue
[2025-10-20T18:00:11.204+0000] {logging_mixin.py:137} INFO - [2025-10-20T18:00:11.204+0000] {dagbag.py:538} INFO - Filling up the DagBag from /home/airflow/.local/lib/python3.7/site-packages/airflow/example_dags/example_skip_dag.py
[2025-10-20T18:00:11.216+0000] {processor.py:753} INFO - DAG(s) dict_keys(['example_skip_dag']) retrieved from /home/airflow/.local/lib/python3.7/site-packages/airflow/example_dags/example_skip_dag.py
[2025-10-20T18:00:11.227+0000] {logging_mixin.py:137} INFO - [2025-10-20T18:00:11.227+0000] {dag.py:2690} INFO - Sync 1 DAGs
[2025-10-20T18:00:11.242+0000] {logging_mixin.py:137} INFO - [2025-10-20T18:00:11.242+0000] {dag.py:3441} INFO - Setting next_dagrun for example_skip_dag to 2025-10-19T18:00:11.242577+00:00, run_after=2025-10-20T18:00:11.242577+00:00
[2025-10-20T18:00:11.255+0000] {processor.py:175} INFO - Processing /home/airflow/.local/lib/python3.7/site-packages/airflow/example_dags/example_skip_dag.py took 0.057 seconds
[2025-10-20T18:00:41.641+0000] {processor.py:153} INFO - Started process (PID=148) to work on /home/airflow/.local/lib/python3.7/site-packages/airflow/example_dags/example_skip_dag.py
[2025-10-20T18:00:41.641+0000] {processor.py:743} INFO - Processing file /home/airflow/.local/lib/python3.7/site-packages/airflow/example_dags/example_skip_dag.py for tasks to queue
[2025-10-20T18:00:41.641+0000] {logging_mixin.py:137} INFO - [2025-10-20T18:00:41.641+0000] {dagbag.py:538} INFO - Filling up the DagBag from /home/airflow/.local/lib/python3.7/site-packages/airflow/example_dags/example_skip_dag.py
[2025-10-20T18:00:41.648+0000] {processor.py:753} INFO - DAG(s) dict_keys(['example_skip_dag']) retrieved from /home/airflow/.local/lib/python3.7/site-packages/airflow/example_dags/example_skip_dag.py
[2025-10-20T18:00:41.658+0000] {logging_mixin.py:137} INFO - [2025-10-20T18:00:41.658+0000] {dag.py:2690} INFO - Sync 1 DAGs
[2025-10-20T18:00:41.670+0000] {logging_mixin.py:137} INFO - [2025-10-20T18:00:41.670+0000] {dag.py:3441} INFO - Setting next_dagrun for example_skip_dag to 2025-10-19T18:00:41.670560+00:00, run_after=2025-10-20T18:00:41.670560+00:00
[2025-10-20T18:00:41.682+0000] {processor.py:175} INFO - Processing /home/airflow/.local/lib/python3.7/site-packages/airflow/example_dags/example_skip_dag.py took 0.043 seconds
[2025-10-20T18:01:11.983+0000] {processor.py:153} INFO - Started process (PID=232) to work on /home/airflow/.local/lib/python3.7/site-packages/airflow/example_dags/example_skip_dag.py
[2025-10-20T18:01:11.983+0000] {processor.py:743} INFO - Processing file /home/airflow/.local/lib/python3.7/site-packages/airflow/example_dags/example_skip_dag.py for tasks to queue
[2025-10-20T18:01:11.983+0000] {logging_mixin.py:137} INFO - [2025-10-20T18:01:11.983+0000] {dagbag.py:538} INFO - Filling up the DagBag from /home/airflow/.local/lib/python3.7/site-packages/airflow/example_dags/example_skip_dag.py
[2025-10-20T18:01:11.990+0000] {processor.py:753} INFO - DAG(s) dict_keys(['example_skip_dag']) retrieved from /home/airflow/.local/lib/python3.7/site-packages/airflow/example_dags/example_skip_dag.py
[2025-10-20T18:01:12.001+0000] {logging_mixin.py:137} INFO - [2025-10-20T18:01:12.001+0000] {dag.py:2690} INFO - Sync 1 DAGs
[2025-10-20T18:01:12.011+0000] {logging_mixin.py:137} INFO - [2025-10-20T18:01:12.011+0000] {dag.py:3441} INFO - Setting next_dagrun for example_skip_dag to 2025-10-19T18:01:12.011498+00:00, run_after=2025-10-20T18:01:12.011498+00:00
[2025-10-20T18:01:12.019+0000] {processor.py:175} INFO - Processing /home/airflow/.local/lib/python3.7/site-packages/airflow/example_dags/example_skip_dag.py took 0.038 seconds
[2025-10-20T18:01:42.476+0000] {processor.py:153} INFO - Started process (PID=316) to work on /home/airflow/.local/lib/python3.7/site-packages/airflow/example_dags/example_skip_dag.py
[2025-10-20T18:01:42.476+0000] {processor.py:743} INFO - Processing file /home/airflow/.local/lib/python3.7/site-packages/airflow/example_dags/example_skip_dag.py for tasks to queue
[2025-10-20T18:01:42.476+0000] {logging_mixin.py:137} INFO - [2025-10-20T18:01:42.476+0000] {dagbag.py:538} INFO - Filling up the DagBag from /home/airflow/.local/lib/python3.7/site-packages/airflow/example_dags/example_skip_dag.py
[2025-10-20T18:01:42.482+0000] {processor.py:753} INFO - DAG(s) dict_keys(['example_skip_dag']) retrieved from /home/airflow/.local/lib/python3.7/site-packages/airflow/example_dags/example_skip_dag.py
[2025-10-20T18:01:42.492+0000] {logging_mixin.py:137} INFO - [2025-10-20T18:01:42.492+0000] {dag.py:2690} INFO - Sync 1 DAGs
[2025-10-20T18:01:42.503+0000] {logging_mixin.py:137} INFO - [2025-10-20T18:01:42.503+0000] {dag.py:3441} INFO - Setting next_dagrun for example_skip_dag to 2025-10-19T18:01:42.503309+00:00, run_after=2025-10-20T18:01:42.503309+00:00
[2025-10-20T18:01:42.509+0000] {processor.py:175} INFO - Processing /home/airflow/.local/lib/python3.7/site-packages/airflow/example_dags/example_skip_dag.py took 0.035 seconds
[2025-10-20T18:02:12.682+0000] {processor.py:153} INFO - Started process (PID=409) to work on /home/airflow/.local/lib/python3.7/site-packages/airflow/example_dags/example_skip_dag.py
[2025-10-20T18:02:12.683+0000] {processor.py:743} INFO - Processing file /home/airflow/.local/lib/python3.7/site-packages/airflow/example_dags/example_skip_dag.py for tasks to queue
[2025-10-20T18:02:12.683+0000] {logging_mixin.py:137} INFO - [2025-10-20T18:02:12.683+0000] {dagbag.py:538} INFO - Filling up the DagBag from /home/airflow/.local/lib/python3.7/site-packages/airflow/example_dags/example_skip_dag.py
[2025-10-20T18:02:12.688+0000] {processor.py:753} INFO - DAG(s) dict_keys(['example_skip_dag']) retrieved from /home/airflow/.local/lib/python3.7/site-packages/airflow/example_dags/example_skip_dag.py
[2025-10-20T18:02:12.696+0000] {logging_mixin.py:137} INFO - [2025-10-20T18:02:12.696+0000] {dag.py:2690} INFO - Sync 1 DAGs
[2025-10-20T18:02:12.705+0000] {logging_mixin.py:137} INFO - [2025-10-20T18:02:12.705+0000] {dag.py:3441} INFO - Setting next_dagrun for example_skip_dag to 2025-10-19T18:02:12.704974+00:00, run_after=2025-10-20T18:02:12.704974+00:00
[2025-10-20T18:02:12.711+0000] {processor.py:175} INFO - Processing /home/airflow/.local/lib/python3.7/site-packages/airflow/example_dags/example_skip_dag.py took 0.030 seconds
[2025-10-20T18:02:42.843+0000] {processor.py:153} INFO - Started process (PID=502) to work on /home/airflow/.local/lib/python3.7/site-packages/airflow/example_dags/example_skip_dag.py
[2025-10-20T18:02:42.843+0000] {processor.py:743} INFO - Processing file /home/airflow/.local/lib/python3.7/site-packages/airflow/example_dags/example_skip_dag.py for tasks to queue
[2025-10-20T18:02:42.843+0000] {logging_mixin.py:137} INFO - [2025-10-20T18:02:42.843+0000] {dagbag.py:538} INFO - Filling up the DagBag from /home/airflow/.local/lib/python3.7/site-packages/airflow/example_dags/example_skip_dag.py
[2025-10-20T18:02:42.848+0000] {processor.py:753} INFO - DAG(s) dict_keys(['example_skip_dag']) retrieved from /home/airflow/.local/lib/python3.7/site-packages/airflow/example_dags/example_skip_dag.py
[2025-10-20T18:02:42.857+0000] {logging_mixin.py:137} INFO - [2025-10-20T18:02:42.857+0000] {dag.py:2690} INFO - Sync 1 DAGs
[2025-10-20T18:02:42.866+0000] {logging_mixin.py:137} INFO - [2025-10-20T18:02:42.866+0000] {dag.py:3441} INFO - Setting next_dagrun for example_skip_dag to 2025-10-19T18:02:42.866733+00:00, run_after=2025-10-20T18:02:42.866733+00:00
[2025-10-20T18:02:42.873+0000] {processor.py:175} INFO - Processing /home/airflow/.local/lib/python3.7/site-packages/airflow/example_dags/example_skip_dag.py took 0.032 seconds
[2025-10-20T18:03:13.182+0000] {processor.py:153} INFO - Started process (PID=594) to work on /home/airflow/.local/lib/python3.7/site-packages/airflow/example_dags/example_skip_dag.py
[2025-10-20T18:03:13.182+0000] {processor.py:743} INFO - Processing file /home/airflow/.local/lib/python3.7/site-packages/airflow/example_dags/example_skip_dag.py for tasks to queue
[2025-10-20T18:03:13.183+0000] {logging_mixin.py:137} INFO - [2025-10-20T18:03:13.183+0000] {dagbag.py:538} INFO - Filling up the DagBag from /home/airflow/.local/lib/python3.7/site-packages/airflow/example_dags/example_skip_dag.py
[2025-10-20T18:03:13.190+0000] {processor.py:753} INFO - DAG(s) dict_keys(['example_skip_dag']) retrieved from /home/airflow/.local/lib/python3.7/site-packages/airflow/example_dags/example_skip_dag.py
[2025-10-20T18:03:13.202+0000] {logging_mixin.py:137} INFO - [2025-10-20T18:03:13.202+0000] {dag.py:2690} INFO - Sync 1 DAGs
[2025-10-20T18:03:13.213+0000] {logging_mixin.py:137} INFO - [2025-10-20T18:03:13.213+0000] {dag.py:3441} INFO - Setting next_dagrun for example_skip_dag to 2025-10-19T18:03:13.213627+00:00, run_after=2025-10-20T18:03:13.213627+00:00
[2025-10-20T18:03:13.222+0000] {processor.py:175} INFO - Processing /home/airflow/.local/lib/python3.7/site-packages/airflow/example_dags/example_skip_dag.py took 0.043 seconds
[2025-10-20T18:03:43.420+0000] {processor.py:153} INFO - Started process (PID=669) to work on /home/airflow/.local/lib/python3.7/site-packages/airflow/example_dags/example_skip_dag.py
[2025-10-20T18:03:43.421+0000] {processor.py:743} INFO - Processing file /home/airflow/.local/lib/python3.7/site-packages/airflow/example_dags/example_skip_dag.py for tasks to queue
[2025-10-20T18:03:43.421+0000] {logging_mixin.py:137} INFO - [2025-10-20T18:03:43.421+0000] {dagbag.py:538} INFO - Filling up the DagBag from /home/airflow/.local/lib/python3.7/site-packages/airflow/example_dags/example_skip_dag.py
[2025-10-20T18:03:43.426+0000] {processor.py:753} INFO - DAG(s) dict_keys(['example_skip_dag']) retrieved from /home/airflow/.local/lib/python3.7/site-packages/airflow/example_dags/example_skip_dag.py
[2025-10-20T18:03:43.434+0000] {logging_mixin.py:137} INFO - [2025-10-20T18:03:43.434+0000] {dag.py:2690} INFO - Sync 1 DAGs
[2025-10-20T18:03:43.443+0000] {logging_mixin.py:137} INFO - [2025-10-20T18:03:43.443+0000] {dag.py:3441} INFO - Setting next_dagrun for example_skip_dag to 2025-10-19T18:03:43.443210+00:00, run_after=2025-10-20T18:03:43.443210+00:00
[2025-10-20T18:03:43.448+0000] {processor.py:175} INFO - Processing /home/airflow/.local/lib/python3.7/site-packages/airflow/example_dags/example_skip_dag.py took 0.029 seconds
[2025-10-20T18:04:13.654+0000] {processor.py:153} INFO - Started process (PID=762) to work on /home/airflow/.local/lib/python3.7/site-packages/airflow/example_dags/example_skip_dag.py
[2025-10-20T18:04:13.655+0000] {processor.py:743} INFO - Processing file /home/airflow/.local/lib/python3.7/site-packages/airflow/example_dags/example_skip_dag.py for tasks to queue
[2025-10-20T18:04:13.655+0000] {logging_mixin.py:137} INFO - [2025-10-20T18:04:13.655+0000] {dagbag.py:538} INFO - Filling up the DagBag from /home/airflow/.local/lib/python3.7/site-packages/airflow/example_dags/example_skip_dag.py
[2025-10-20T18:04:13.660+0000] {processor.py:753} INFO - DAG(s) dict_keys(['example_skip_dag']) retrieved from /home/airflow/.local/lib/python3.7/site-packages/airflow/example_dags/example_skip_dag.py
[2025-10-20T18:04:13.668+0000] {logging_mixin.py:137} INFO - [2025-10-20T18:04:13.668+0000] {dag.py:2690} INFO - Sync 1 DAGs
[2025-10-20T18:04:13.676+0000] {logging_mixin.py:137} INFO - [2025-10-20T18:04:13.676+0000] {dag.py:3441} INFO - Setting next_dagrun for example_skip_dag to 2025-10-19T18:04:13.676172+00:00, run_after=2025-10-20T18:04:13.676172+00:00
[2025-10-20T18:04:13.682+0000] {processor.py:175} INFO - Processing /home/airflow/.local/lib/python3.7/site-packages/airflow/example_dags/example_skip_dag.py took 0.029 seconds
[2025-10-20T18:04:43.930+0000] {processor.py:153} INFO - Started process (PID=855) to work on /home/airflow/.local/lib/python3.7/site-packages/airflow/example_dags/example_skip_dag.py
[2025-10-20T18:04:43.930+0000] {processor.py:743} INFO - Processing file /home/airflow/.local/lib/python3.7/site-packages/airflow/example_dags/example_skip_dag.py for tasks to queue
[2025-10-20T18:04:43.930+0000] {logging_mixin.py:137} INFO - [2025-10-20T18:04:43.930+0000] {dagbag.py:538} INFO - Filling up the DagBag from /home/airflow/.local/lib/python3.7/site-packages/airflow/example_dags/example_skip_dag.py
[2025-10-20T18:04:43.936+0000] {processor.py:753} INFO - DAG(s) dict_keys(['example_skip_dag']) retrieved from /home/airflow/.local/lib/python3.7/site-packages/airflow/example_dags/example_skip_dag.py
[2025-10-20T18:04:43.945+0000] {logging_mixin.py:137} INFO - [2025-10-20T18:04:43.945+0000] {dag.py:2690} INFO - Sync 1 DAGs
[2025-10-20T18:04:43.953+0000] {logging_mixin.py:137} INFO - [2025-10-20T18:04:43.953+0000] {dag.py:3441} INFO - Setting next_dagrun for example_skip_dag to 2025-10-19T18:04:43.953427+00:00, run_after=2025-10-20T18:04:43.953427+00:00
[2025-10-20T18:04:43.960+0000] {processor.py:175} INFO - Processing /home/airflow/.local/lib/python3.7/site-packages/airflow/example_dags/example_skip_dag.py took 0.031 seconds
[2025-10-20T18:05:14.130+0000] {processor.py:153} INFO - Started process (PID=948) to work on /home/airflow/.local/lib/python3.7/site-packages/airflow/example_dags/example_skip_dag.py
[2025-10-20T18:05:14.130+0000] {processor.py:743} INFO - Processing file /home/airflow/.local/lib/python3.7/site-packages/airflow/example_dags/example_skip_dag.py for tasks to queue
[2025-10-20T18:05:14.130+0000] {logging_mixin.py:137} INFO - [2025-10-20T18:05:14.130+0000] {dagbag.py:538} INFO - Filling up the DagBag from /home/airflow/.local/lib/python3.7/site-packages/airflow/example_dags/example_skip_dag.py
[2025-10-20T18:05:14.136+0000] {processor.py:753} INFO - DAG(s) dict_keys(['example_skip_dag']) retrieved from /home/airflow/.local/lib/python3.7/site-packages/airflow/example_dags/example_skip_dag.py
[2025-10-20T18:05:14.145+0000] {logging_mixin.py:137} INFO - [2025-10-20T18:05:14.145+0000] {dag.py:2690} INFO - Sync 1 DAGs
[2025-10-20T18:05:14.153+0000] {logging_mixin.py:137} INFO - [2025-10-20T18:05:14.153+0000] {dag.py:3441} INFO - Setting next_dagrun for example_skip_dag to 2025-10-19T18:05:14.153572+00:00, run_after=2025-10-20T18:05:14.153572+00:00
[2025-10-20T18:05:14.159+0000] {processor.py:175} INFO - Processing /home/airflow/.local/lib/python3.7/site-packages/airflow/example_dags/example_skip_dag.py took 0.030 seconds
[2025-10-20T18:05:44.647+0000] {processor.py:153} INFO - Started process (PID=1023) to work on /home/airflow/.local/lib/python3.7/site-packages/airflow/example_dags/example_skip_dag.py
[2025-10-20T18:05:44.648+0000] {processor.py:743} INFO - Processing file /home/airflow/.local/lib/python3.7/site-packages/airflow/example_dags/example_skip_dag.py for tasks to queue
[2025-10-20T18:05:44.648+0000] {logging_mixin.py:137} INFO - [2025-10-20T18:05:44.648+0000] {dagbag.py:538} INFO - Filling up the DagBag from /home/airflow/.local/lib/python3.7/site-packages/airflow/example_dags/example_skip_dag.py
[2025-10-20T18:05:44.655+0000] {processor.py:753} INFO - DAG(s) dict_keys(['example_skip_dag']) retrieved from /home/airflow/.local/lib/python3.7/site-packages/airflow/example_dags/example_skip_dag.py
[2025-10-20T18:05:44.668+0000] {logging_mixin.py:137} INFO - [2025-10-20T18:05:44.668+0000] {dag.py:2690} INFO - Sync 1 DAGs
[2025-10-20T18:05:44.679+0000] {logging_mixin.py:137} INFO - [2025-10-20T18:05:44.679+0000] {dag.py:3441} INFO - Setting next_dagrun for example_skip_dag to 2025-10-19T18:05:44.679303+00:00, run_after=2025-10-20T18:05:44.679303+00:00
[2025-10-20T18:05:44.686+0000] {processor.py:175} INFO - Processing /home/airflow/.local/lib/python3.7/site-packages/airflow/example_dags/example_skip_dag.py took 0.041 seconds
[2025-10-20T18:06:14.832+0000] {processor.py:153} INFO - Started process (PID=1116) to work on /home/airflow/.local/lib/python3.7/site-packages/airflow/example_dags/example_skip_dag.py
[2025-10-20T18:06:14.833+0000] {processor.py:743} INFO - Processing file /home/airflow/.local/lib/python3.7/site-packages/airflow/example_dags/example_skip_dag.py for tasks to queue
[2025-10-20T18:06:14.833+0000] {logging_mixin.py:137} INFO - [2025-10-20T18:06:14.833+0000] {dagbag.py:538} INFO - Filling up the DagBag from /home/airflow/.local/lib/python3.7/site-packages/airflow/example_dags/example_skip_dag.py
[2025-10-20T18:06:14.837+0000] {processor.py:753} INFO - DAG(s) dict_keys(['example_skip_dag']) retrieved from /home/airflow/.local/lib/python3.7/site-packages/airflow/example_dags/example_skip_dag.py
[2025-10-20T18:06:14.846+0000] {logging_mixin.py:137} INFO - [2025-10-20T18:06:14.846+0000] {dag.py:2690} INFO - Sync 1 DAGs
[2025-10-20T18:06:14.854+0000] {logging_mixin.py:137} INFO - [2025-10-20T18:06:14.854+0000] {dag.py:3441} INFO - Setting next_dagrun for example_skip_dag to 2025-10-19T18:06:14.854554+00:00, run_after=2025-10-20T18:06:14.854554+00:00
[2025-10-20T18:06:14.860+0000] {processor.py:175} INFO - Processing /home/airflow/.local/lib/python3.7/site-packages/airflow/example_dags/example_skip_dag.py took 0.029 seconds
[2025-10-20T18:06:45.168+0000] {processor.py:153} INFO - Started process (PID=1209) to work on /home/airflow/.local/lib/python3.7/site-packages/airflow/example_dags/example_skip_dag.py
[2025-10-20T18:06:45.169+0000] {processor.py:743} INFO - Processing file /home/airflow/.local/lib/python3.7/site-packages/airflow/example_dags/example_skip_dag.py for tasks to queue
[2025-10-20T18:06:45.169+0000] {logging_mixin.py:137} INFO - [2025-10-20T18:06:45.169+0000] {dagbag.py:538} INFO - Filling up the DagBag from /home/airflow/.local/lib/python3.7/site-packages/airflow/example_dags/example_skip_dag.py
[2025-10-20T18:06:45.176+0000] {processor.py:753} INFO - DAG(s) dict_keys(['example_skip_dag']) retrieved from /home/airflow/.local/lib/python3.7/site-packages/airflow/example_dags/example_skip_dag.py
[2025-10-20T18:06:45.187+0000] {logging_mixin.py:137} INFO - [2025-10-20T18:06:45.187+0000] {dag.py:2690} INFO - Sync 1 DAGs
[2025-10-20T18:06:45.198+0000] {logging_mixin.py:137} INFO - [2025-10-20T18:06:45.198+0000] {dag.py:3441} INFO - Setting next_dagrun for example_skip_dag to 2025-10-19T18:06:45.198653+00:00, run_after=2025-10-20T18:06:45.198653+00:00
[2025-10-20T18:06:45.206+0000] {processor.py:175} INFO - Processing /home/airflow/.local/lib/python3.7/site-packages/airflow/example_dags/example_skip_dag.py took 0.039 seconds
[2025-10-20T18:07:15.424+0000] {processor.py:153} INFO - Started process (PID=1302) to work on /home/airflow/.local/lib/python3.7/site-packages/airflow/example_dags/example_skip_dag.py
[2025-10-20T18:07:15.424+0000] {processor.py:743} INFO - Processing file /home/airflow/.local/lib/python3.7/site-packages/airflow/example_dags/example_skip_dag.py for tasks to queue
[2025-10-20T18:07:15.424+0000] {logging_mixin.py:137} INFO - [2025-10-20T18:07:15.424+0000] {dagbag.py:538} INFO - Filling up the DagBag from /home/airflow/.local/lib/python3.7/site-packages/airflow/example_dags/example_skip_dag.py
[2025-10-20T18:07:15.429+0000] {processor.py:753} INFO - DAG(s) dict_keys(['example_skip_dag']) retrieved from /home/airflow/.local/lib/python3.7/site-packages/airflow/example_dags/example_skip_dag.py
[2025-10-20T18:07:15.439+0000] {logging_mixin.py:137} INFO - [2025-10-20T18:07:15.439+0000] {dag.py:2690} INFO - Sync 1 DAGs
[2025-10-20T18:07:15.448+0000] {logging_mixin.py:137} INFO - [2025-10-20T18:07:15.448+0000] {dag.py:3441} INFO - Setting next_dagrun for example_skip_dag to 2025-10-19T18:07:15.448385+00:00, run_after=2025-10-20T18:07:15.448385+00:00
[2025-10-20T18:07:15.454+0000] {processor.py:175} INFO - Processing /home/airflow/.local/lib/python3.7/site-packages/airflow/example_dags/example_skip_dag.py took 0.032 seconds
[2025-10-20T18:07:45.552+0000] {processor.py:153} INFO - Started process (PID=1377) to work on /home/airflow/.local/lib/python3.7/site-packages/airflow/example_dags/example_skip_dag.py
[2025-10-20T18:07:45.553+0000] {processor.py:743} INFO - Processing file /home/airflow/.local/lib/python3.7/site-packages/airflow/example_dags/example_skip_dag.py for tasks to queue
[2025-10-20T18:07:45.553+0000] {logging_mixin.py:137} INFO - [2025-10-20T18:07:45.553+0000] {dagbag.py:538} INFO - Filling up the DagBag from /home/airflow/.local/lib/python3.7/site-packages/airflow/example_dags/example_skip_dag.py
[2025-10-20T18:07:45.558+0000] {processor.py:753} INFO - DAG(s) dict_keys(['example_skip_dag']) retrieved from /home/airflow/.local/lib/python3.7/site-packages/airflow/example_dags/example_skip_dag.py
[2025-10-20T18:07:45.568+0000] {logging_mixin.py:137} INFO - [2025-10-20T18:07:45.568+0000] {dag.py:2690} INFO - Sync 1 DAGs
[2025-10-20T18:07:45.576+0000] {logging_mixin.py:137} INFO - [2025-10-20T18:07:45.576+0000] {dag.py:3441} INFO - Setting next_dagrun for example_skip_dag to 2025-10-19T18:07:45.576690+00:00, run_after=2025-10-20T18:07:45.576690+00:00
[2025-10-20T18:07:45.583+0000] {processor.py:175} INFO - Processing /home/airflow/.local/lib/python3.7/site-packages/airflow/example_dags/example_skip_dag.py took 0.032 seconds
[2025-10-20T18:08:15.850+0000] {processor.py:153} INFO - Started process (PID=1470) to work on /home/airflow/.local/lib/python3.7/site-packages/airflow/example_dags/example_skip_dag.py
[2025-10-20T18:08:15.851+0000] {processor.py:743} INFO - Processing file /home/airflow/.local/lib/python3.7/site-packages/airflow/example_dags/example_skip_dag.py for tasks to queue
[2025-10-20T18:08:15.851+0000] {logging_mixin.py:137} INFO - [2025-10-20T18:08:15.851+0000] {dagbag.py:538} INFO - Filling up the DagBag from /home/airflow/.local/lib/python3.7/site-packages/airflow/example_dags/example_skip_dag.py
[2025-10-20T18:08:15.858+0000] {processor.py:753} INFO - DAG(s) dict_keys(['example_skip_dag']) retrieved from /home/airflow/.local/lib/python3.7/site-packages/airflow/example_dags/example_skip_dag.py
[2025-10-20T18:08:15.870+0000] {logging_mixin.py:137} INFO - [2025-10-20T18:08:15.870+0000] {dag.py:2690} INFO - Sync 1 DAGs
[2025-10-20T18:08:15.880+0000] {logging_mixin.py:137} INFO - [2025-10-20T18:08:15.880+0000] {dag.py:3441} INFO - Setting next_dagrun for example_skip_dag to 2025-10-19T18:08:15.880236+00:00, run_after=2025-10-20T18:08:15.880236+00:00
[2025-10-20T18:08:15.887+0000] {processor.py:175} INFO - Processing /home/airflow/.local/lib/python3.7/site-packages/airflow/example_dags/example_skip_dag.py took 0.038 seconds
[2025-10-20T18:08:46.179+0000] {processor.py:153} INFO - Started process (PID=1563) to work on /home/airflow/.local/lib/python3.7/site-packages/airflow/example_dags/example_skip_dag.py
[2025-10-20T18:08:46.180+0000] {processor.py:743} INFO - Processing file /home/airflow/.local/lib/python3.7/site-packages/airflow/example_dags/example_skip_dag.py for tasks to queue
[2025-10-20T18:08:46.180+0000] {logging_mixin.py:137} INFO - [2025-10-20T18:08:46.180+0000] {dagbag.py:538} INFO - Filling up the DagBag from /home/airflow/.local/lib/python3.7/site-packages/airflow/example_dags/example_skip_dag.py
[2025-10-20T18:08:46.186+0000] {processor.py:753} INFO - DAG(s) dict_keys(['example_skip_dag']) retrieved from /home/airflow/.local/lib/python3.7/site-packages/airflow/example_dags/example_skip_dag.py
[2025-10-20T18:08:46.196+0000] {logging_mixin.py:137} INFO - [2025-10-20T18:08:46.196+0000] {dag.py:2690} INFO - Sync 1 DAGs
[2025-10-20T18:08:46.206+0000] {logging_mixin.py:137} INFO - [2025-10-20T18:08:46.206+0000] {dag.py:3441} INFO - Setting next_dagrun for example_skip_dag to 2025-10-19T18:08:46.206280+00:00, run_after=2025-10-20T18:08:46.206280+00:00
[2025-10-20T18:08:46.212+0000] {processor.py:175} INFO - Processing /home/airflow/.local/lib/python3.7/site-packages/airflow/example_dags/example_skip_dag.py took 0.035 seconds
