[2025-10-20T18:00:10.933+0000] {processor.py:153} INFO - Started process (PID=46) to work on /home/airflow/.local/lib/python3.7/site-packages/airflow/example_dags/example_external_task_marker_dag.py
[2025-10-20T18:00:10.934+0000] {processor.py:743} INFO - Processing file /home/airflow/.local/lib/python3.7/site-packages/airflow/example_dags/example_external_task_marker_dag.py for tasks to queue
[2025-10-20T18:00:10.934+0000] {logging_mixin.py:137} INFO - [2025-10-20T18:00:10.934+0000] {dagbag.py:538} INFO - Filling up the DagBag from /home/airflow/.local/lib/python3.7/site-packages/airflow/example_dags/example_external_task_marker_dag.py
[2025-10-20T18:00:10.942+0000] {processor.py:753} INFO - DAG(s) dict_keys(['example_external_task_marker_child', 'example_external_task_marker_parent']) retrieved from /home/airflow/.local/lib/python3.7/site-packages/airflow/example_dags/example_external_task_marker_dag.py
[2025-10-20T18:00:10.948+0000] {logging_mixin.py:137} INFO - [2025-10-20T18:00:10.948+0000] {dag.py:2690} INFO - Sync 2 DAGs
[2025-10-20T18:00:10.963+0000] {logging_mixin.py:137} INFO - [2025-10-20T18:00:10.962+0000] {dag.py:3441} INFO - Setting next_dagrun for example_external_task_marker_child to None, run_after=None
[2025-10-20T18:00:10.964+0000] {logging_mixin.py:137} INFO - [2025-10-20T18:00:10.964+0000] {dag.py:3441} INFO - Setting next_dagrun for example_external_task_marker_parent to None, run_after=None
[2025-10-20T18:00:10.971+0000] {processor.py:175} INFO - Processing /home/airflow/.local/lib/python3.7/site-packages/airflow/example_dags/example_external_task_marker_dag.py took 0.040 seconds
[2025-10-20T18:00:41.460+0000] {processor.py:153} INFO - Started process (PID=139) to work on /home/airflow/.local/lib/python3.7/site-packages/airflow/example_dags/example_external_task_marker_dag.py
[2025-10-20T18:00:41.461+0000] {processor.py:743} INFO - Processing file /home/airflow/.local/lib/python3.7/site-packages/airflow/example_dags/example_external_task_marker_dag.py for tasks to queue
[2025-10-20T18:00:41.461+0000] {logging_mixin.py:137} INFO - [2025-10-20T18:00:41.461+0000] {dagbag.py:538} INFO - Filling up the DagBag from /home/airflow/.local/lib/python3.7/site-packages/airflow/example_dags/example_external_task_marker_dag.py
[2025-10-20T18:00:41.467+0000] {processor.py:753} INFO - DAG(s) dict_keys(['example_external_task_marker_child', 'example_external_task_marker_parent']) retrieved from /home/airflow/.local/lib/python3.7/site-packages/airflow/example_dags/example_external_task_marker_dag.py
[2025-10-20T18:00:41.490+0000] {logging_mixin.py:137} INFO - [2025-10-20T18:00:41.490+0000] {dag.py:2690} INFO - Sync 2 DAGs
[2025-10-20T18:00:41.500+0000] {logging_mixin.py:137} INFO - [2025-10-20T18:00:41.500+0000] {dag.py:3441} INFO - Setting next_dagrun for example_external_task_marker_child to None, run_after=None
[2025-10-20T18:00:41.501+0000] {logging_mixin.py:137} INFO - [2025-10-20T18:00:41.501+0000] {dag.py:3441} INFO - Setting next_dagrun for example_external_task_marker_parent to None, run_after=None
[2025-10-20T18:00:41.507+0000] {processor.py:175} INFO - Processing /home/airflow/.local/lib/python3.7/site-packages/airflow/example_dags/example_external_task_marker_dag.py took 0.048 seconds
[2025-10-20T18:01:11.672+0000] {processor.py:153} INFO - Started process (PID=220) to work on /home/airflow/.local/lib/python3.7/site-packages/airflow/example_dags/example_external_task_marker_dag.py
[2025-10-20T18:01:11.672+0000] {processor.py:743} INFO - Processing file /home/airflow/.local/lib/python3.7/site-packages/airflow/example_dags/example_external_task_marker_dag.py for tasks to queue
[2025-10-20T18:01:11.673+0000] {logging_mixin.py:137} INFO - [2025-10-20T18:01:11.673+0000] {dagbag.py:538} INFO - Filling up the DagBag from /home/airflow/.local/lib/python3.7/site-packages/airflow/example_dags/example_external_task_marker_dag.py
[2025-10-20T18:01:11.678+0000] {processor.py:753} INFO - DAG(s) dict_keys(['example_external_task_marker_child', 'example_external_task_marker_parent']) retrieved from /home/airflow/.local/lib/python3.7/site-packages/airflow/example_dags/example_external_task_marker_dag.py
[2025-10-20T18:01:11.690+0000] {logging_mixin.py:137} INFO - [2025-10-20T18:01:11.690+0000] {dag.py:2690} INFO - Sync 2 DAGs
[2025-10-20T18:01:11.705+0000] {logging_mixin.py:137} INFO - [2025-10-20T18:01:11.705+0000] {dag.py:3441} INFO - Setting next_dagrun for example_external_task_marker_child to None, run_after=None
[2025-10-20T18:01:11.706+0000] {logging_mixin.py:137} INFO - [2025-10-20T18:01:11.706+0000] {dag.py:3441} INFO - Setting next_dagrun for example_external_task_marker_parent to None, run_after=None
[2025-10-20T18:01:11.713+0000] {processor.py:175} INFO - Processing /home/airflow/.local/lib/python3.7/site-packages/airflow/example_dags/example_external_task_marker_dag.py took 0.043 seconds
[2025-10-20T18:01:42.262+0000] {processor.py:153} INFO - Started process (PID=307) to work on /home/airflow/.local/lib/python3.7/site-packages/airflow/example_dags/example_external_task_marker_dag.py
[2025-10-20T18:01:42.262+0000] {processor.py:743} INFO - Processing file /home/airflow/.local/lib/python3.7/site-packages/airflow/example_dags/example_external_task_marker_dag.py for tasks to queue
[2025-10-20T18:01:42.262+0000] {logging_mixin.py:137} INFO - [2025-10-20T18:01:42.262+0000] {dagbag.py:538} INFO - Filling up the DagBag from /home/airflow/.local/lib/python3.7/site-packages/airflow/example_dags/example_external_task_marker_dag.py
[2025-10-20T18:01:42.267+0000] {processor.py:753} INFO - DAG(s) dict_keys(['example_external_task_marker_child', 'example_external_task_marker_parent']) retrieved from /home/airflow/.local/lib/python3.7/site-packages/airflow/example_dags/example_external_task_marker_dag.py
[2025-10-20T18:01:42.276+0000] {logging_mixin.py:137} INFO - [2025-10-20T18:01:42.276+0000] {dag.py:2690} INFO - Sync 2 DAGs
[2025-10-20T18:01:42.285+0000] {logging_mixin.py:137} INFO - [2025-10-20T18:01:42.285+0000] {dag.py:3441} INFO - Setting next_dagrun for example_external_task_marker_child to None, run_after=None
[2025-10-20T18:01:42.286+0000] {logging_mixin.py:137} INFO - [2025-10-20T18:01:42.286+0000] {dag.py:3441} INFO - Setting next_dagrun for example_external_task_marker_parent to None, run_after=None
[2025-10-20T18:01:42.291+0000] {processor.py:175} INFO - Processing /home/airflow/.local/lib/python3.7/site-packages/airflow/example_dags/example_external_task_marker_dag.py took 0.031 seconds
[2025-10-20T18:02:12.458+0000] {processor.py:153} INFO - Started process (PID=400) to work on /home/airflow/.local/lib/python3.7/site-packages/airflow/example_dags/example_external_task_marker_dag.py
[2025-10-20T18:02:12.458+0000] {processor.py:743} INFO - Processing file /home/airflow/.local/lib/python3.7/site-packages/airflow/example_dags/example_external_task_marker_dag.py for tasks to queue
[2025-10-20T18:02:12.458+0000] {logging_mixin.py:137} INFO - [2025-10-20T18:02:12.458+0000] {dagbag.py:538} INFO - Filling up the DagBag from /home/airflow/.local/lib/python3.7/site-packages/airflow/example_dags/example_external_task_marker_dag.py
[2025-10-20T18:02:12.463+0000] {processor.py:753} INFO - DAG(s) dict_keys(['example_external_task_marker_child', 'example_external_task_marker_parent']) retrieved from /home/airflow/.local/lib/python3.7/site-packages/airflow/example_dags/example_external_task_marker_dag.py
[2025-10-20T18:02:12.473+0000] {logging_mixin.py:137} INFO - [2025-10-20T18:02:12.473+0000] {dag.py:2690} INFO - Sync 2 DAGs
[2025-10-20T18:02:12.481+0000] {logging_mixin.py:137} INFO - [2025-10-20T18:02:12.481+0000] {dag.py:3441} INFO - Setting next_dagrun for example_external_task_marker_child to None, run_after=None
[2025-10-20T18:02:12.483+0000] {logging_mixin.py:137} INFO - [2025-10-20T18:02:12.483+0000] {dag.py:3441} INFO - Setting next_dagrun for example_external_task_marker_parent to None, run_after=None
[2025-10-20T18:02:12.488+0000] {processor.py:175} INFO - Processing /home/airflow/.local/lib/python3.7/site-packages/airflow/example_dags/example_external_task_marker_dag.py took 0.032 seconds
[2025-10-20T18:02:42.664+0000] {processor.py:153} INFO - Started process (PID=493) to work on /home/airflow/.local/lib/python3.7/site-packages/airflow/example_dags/example_external_task_marker_dag.py
[2025-10-20T18:02:42.665+0000] {processor.py:743} INFO - Processing file /home/airflow/.local/lib/python3.7/site-packages/airflow/example_dags/example_external_task_marker_dag.py for tasks to queue
[2025-10-20T18:02:42.666+0000] {logging_mixin.py:137} INFO - [2025-10-20T18:02:42.666+0000] {dagbag.py:538} INFO - Filling up the DagBag from /home/airflow/.local/lib/python3.7/site-packages/airflow/example_dags/example_external_task_marker_dag.py
[2025-10-20T18:02:42.673+0000] {processor.py:753} INFO - DAG(s) dict_keys(['example_external_task_marker_child', 'example_external_task_marker_parent']) retrieved from /home/airflow/.local/lib/python3.7/site-packages/airflow/example_dags/example_external_task_marker_dag.py
[2025-10-20T18:02:42.682+0000] {logging_mixin.py:137} INFO - [2025-10-20T18:02:42.682+0000] {dag.py:2690} INFO - Sync 2 DAGs
[2025-10-20T18:02:42.691+0000] {logging_mixin.py:137} INFO - [2025-10-20T18:02:42.691+0000] {dag.py:3441} INFO - Setting next_dagrun for example_external_task_marker_child to None, run_after=None
[2025-10-20T18:02:42.692+0000] {logging_mixin.py:137} INFO - [2025-10-20T18:02:42.692+0000] {dag.py:3441} INFO - Setting next_dagrun for example_external_task_marker_parent to None, run_after=None
[2025-10-20T18:02:42.698+0000] {processor.py:175} INFO - Processing /home/airflow/.local/lib/python3.7/site-packages/airflow/example_dags/example_external_task_marker_dag.py took 0.035 seconds
[2025-10-20T18:03:12.938+0000] {processor.py:153} INFO - Started process (PID=585) to work on /home/airflow/.local/lib/python3.7/site-packages/airflow/example_dags/example_external_task_marker_dag.py
[2025-10-20T18:03:12.938+0000] {processor.py:743} INFO - Processing file /home/airflow/.local/lib/python3.7/site-packages/airflow/example_dags/example_external_task_marker_dag.py for tasks to queue
[2025-10-20T18:03:12.938+0000] {logging_mixin.py:137} INFO - [2025-10-20T18:03:12.938+0000] {dagbag.py:538} INFO - Filling up the DagBag from /home/airflow/.local/lib/python3.7/site-packages/airflow/example_dags/example_external_task_marker_dag.py
[2025-10-20T18:03:12.944+0000] {processor.py:753} INFO - DAG(s) dict_keys(['example_external_task_marker_parent', 'example_external_task_marker_child']) retrieved from /home/airflow/.local/lib/python3.7/site-packages/airflow/example_dags/example_external_task_marker_dag.py
[2025-10-20T18:03:12.954+0000] {logging_mixin.py:137} INFO - [2025-10-20T18:03:12.954+0000] {dag.py:2690} INFO - Sync 2 DAGs
[2025-10-20T18:03:12.964+0000] {logging_mixin.py:137} INFO - [2025-10-20T18:03:12.964+0000] {dag.py:3441} INFO - Setting next_dagrun for example_external_task_marker_child to None, run_after=None
[2025-10-20T18:03:12.965+0000] {logging_mixin.py:137} INFO - [2025-10-20T18:03:12.965+0000] {dag.py:3441} INFO - Setting next_dagrun for example_external_task_marker_parent to None, run_after=None
[2025-10-20T18:03:12.970+0000] {processor.py:175} INFO - Processing /home/airflow/.local/lib/python3.7/site-packages/airflow/example_dags/example_external_task_marker_dag.py took 0.034 seconds
[2025-10-20T18:03:43.199+0000] {processor.py:153} INFO - Started process (PID=660) to work on /home/airflow/.local/lib/python3.7/site-packages/airflow/example_dags/example_external_task_marker_dag.py
[2025-10-20T18:03:43.199+0000] {processor.py:743} INFO - Processing file /home/airflow/.local/lib/python3.7/site-packages/airflow/example_dags/example_external_task_marker_dag.py for tasks to queue
[2025-10-20T18:03:43.199+0000] {logging_mixin.py:137} INFO - [2025-10-20T18:03:43.199+0000] {dagbag.py:538} INFO - Filling up the DagBag from /home/airflow/.local/lib/python3.7/site-packages/airflow/example_dags/example_external_task_marker_dag.py
[2025-10-20T18:03:43.204+0000] {processor.py:753} INFO - DAG(s) dict_keys(['example_external_task_marker_parent', 'example_external_task_marker_child']) retrieved from /home/airflow/.local/lib/python3.7/site-packages/airflow/example_dags/example_external_task_marker_dag.py
[2025-10-20T18:03:43.213+0000] {logging_mixin.py:137} INFO - [2025-10-20T18:03:43.213+0000] {dag.py:2690} INFO - Sync 2 DAGs
[2025-10-20T18:03:43.221+0000] {logging_mixin.py:137} INFO - [2025-10-20T18:03:43.221+0000] {dag.py:3441} INFO - Setting next_dagrun for example_external_task_marker_child to None, run_after=None
[2025-10-20T18:03:43.222+0000] {logging_mixin.py:137} INFO - [2025-10-20T18:03:43.222+0000] {dag.py:3441} INFO - Setting next_dagrun for example_external_task_marker_parent to None, run_after=None
[2025-10-20T18:03:43.227+0000] {processor.py:175} INFO - Processing /home/airflow/.local/lib/python3.7/site-packages/airflow/example_dags/example_external_task_marker_dag.py took 0.030 seconds
[2025-10-20T18:04:13.432+0000] {processor.py:153} INFO - Started process (PID=753) to work on /home/airflow/.local/lib/python3.7/site-packages/airflow/example_dags/example_external_task_marker_dag.py
[2025-10-20T18:04:13.433+0000] {processor.py:743} INFO - Processing file /home/airflow/.local/lib/python3.7/site-packages/airflow/example_dags/example_external_task_marker_dag.py for tasks to queue
[2025-10-20T18:04:13.433+0000] {logging_mixin.py:137} INFO - [2025-10-20T18:04:13.433+0000] {dagbag.py:538} INFO - Filling up the DagBag from /home/airflow/.local/lib/python3.7/site-packages/airflow/example_dags/example_external_task_marker_dag.py
[2025-10-20T18:04:13.438+0000] {processor.py:753} INFO - DAG(s) dict_keys(['example_external_task_marker_child', 'example_external_task_marker_parent']) retrieved from /home/airflow/.local/lib/python3.7/site-packages/airflow/example_dags/example_external_task_marker_dag.py
[2025-10-20T18:04:13.447+0000] {logging_mixin.py:137} INFO - [2025-10-20T18:04:13.447+0000] {dag.py:2690} INFO - Sync 2 DAGs
[2025-10-20T18:04:13.455+0000] {logging_mixin.py:137} INFO - [2025-10-20T18:04:13.455+0000] {dag.py:3441} INFO - Setting next_dagrun for example_external_task_marker_child to None, run_after=None
[2025-10-20T18:04:13.456+0000] {logging_mixin.py:137} INFO - [2025-10-20T18:04:13.456+0000] {dag.py:3441} INFO - Setting next_dagrun for example_external_task_marker_parent to None, run_after=None
[2025-10-20T18:04:13.461+0000] {processor.py:175} INFO - Processing /home/airflow/.local/lib/python3.7/site-packages/airflow/example_dags/example_external_task_marker_dag.py took 0.030 seconds
[2025-10-20T18:04:43.708+0000] {processor.py:153} INFO - Started process (PID=846) to work on /home/airflow/.local/lib/python3.7/site-packages/airflow/example_dags/example_external_task_marker_dag.py
[2025-10-20T18:04:43.708+0000] {processor.py:743} INFO - Processing file /home/airflow/.local/lib/python3.7/site-packages/airflow/example_dags/example_external_task_marker_dag.py for tasks to queue
[2025-10-20T18:04:43.708+0000] {logging_mixin.py:137} INFO - [2025-10-20T18:04:43.708+0000] {dagbag.py:538} INFO - Filling up the DagBag from /home/airflow/.local/lib/python3.7/site-packages/airflow/example_dags/example_external_task_marker_dag.py
[2025-10-20T18:04:43.713+0000] {processor.py:753} INFO - DAG(s) dict_keys(['example_external_task_marker_child', 'example_external_task_marker_parent']) retrieved from /home/airflow/.local/lib/python3.7/site-packages/airflow/example_dags/example_external_task_marker_dag.py
[2025-10-20T18:04:43.724+0000] {logging_mixin.py:137} INFO - [2025-10-20T18:04:43.724+0000] {dag.py:2690} INFO - Sync 2 DAGs
[2025-10-20T18:04:43.732+0000] {logging_mixin.py:137} INFO - [2025-10-20T18:04:43.732+0000] {dag.py:3441} INFO - Setting next_dagrun for example_external_task_marker_child to None, run_after=None
[2025-10-20T18:04:43.734+0000] {logging_mixin.py:137} INFO - [2025-10-20T18:04:43.734+0000] {dag.py:3441} INFO - Setting next_dagrun for example_external_task_marker_parent to None, run_after=None
[2025-10-20T18:04:43.740+0000] {processor.py:175} INFO - Processing /home/airflow/.local/lib/python3.7/site-packages/airflow/example_dags/example_external_task_marker_dag.py took 0.033 seconds
[2025-10-20T18:05:13.939+0000] {processor.py:153} INFO - Started process (PID=939) to work on /home/airflow/.local/lib/python3.7/site-packages/airflow/example_dags/example_external_task_marker_dag.py
[2025-10-20T18:05:13.940+0000] {processor.py:743} INFO - Processing file /home/airflow/.local/lib/python3.7/site-packages/airflow/example_dags/example_external_task_marker_dag.py for tasks to queue
[2025-10-20T18:05:13.940+0000] {logging_mixin.py:137} INFO - [2025-10-20T18:05:13.940+0000] {dagbag.py:538} INFO - Filling up the DagBag from /home/airflow/.local/lib/python3.7/site-packages/airflow/example_dags/example_external_task_marker_dag.py
[2025-10-20T18:05:13.945+0000] {processor.py:753} INFO - DAG(s) dict_keys(['example_external_task_marker_child', 'example_external_task_marker_parent']) retrieved from /home/airflow/.local/lib/python3.7/site-packages/airflow/example_dags/example_external_task_marker_dag.py
[2025-10-20T18:05:13.955+0000] {logging_mixin.py:137} INFO - [2025-10-20T18:05:13.955+0000] {dag.py:2690} INFO - Sync 2 DAGs
[2025-10-20T18:05:13.964+0000] {logging_mixin.py:137} INFO - [2025-10-20T18:05:13.964+0000] {dag.py:3441} INFO - Setting next_dagrun for example_external_task_marker_child to None, run_after=None
[2025-10-20T18:05:13.965+0000] {logging_mixin.py:137} INFO - [2025-10-20T18:05:13.965+0000] {dag.py:3441} INFO - Setting next_dagrun for example_external_task_marker_parent to None, run_after=None
[2025-10-20T18:05:13.971+0000] {processor.py:175} INFO - Processing /home/airflow/.local/lib/python3.7/site-packages/airflow/example_dags/example_external_task_marker_dag.py took 0.033 seconds
[2025-10-20T18:05:44.353+0000] {processor.py:153} INFO - Started process (PID=1014) to work on /home/airflow/.local/lib/python3.7/site-packages/airflow/example_dags/example_external_task_marker_dag.py
[2025-10-20T18:05:44.353+0000] {processor.py:743} INFO - Processing file /home/airflow/.local/lib/python3.7/site-packages/airflow/example_dags/example_external_task_marker_dag.py for tasks to queue
[2025-10-20T18:05:44.354+0000] {logging_mixin.py:137} INFO - [2025-10-20T18:05:44.354+0000] {dagbag.py:538} INFO - Filling up the DagBag from /home/airflow/.local/lib/python3.7/site-packages/airflow/example_dags/example_external_task_marker_dag.py
[2025-10-20T18:05:44.363+0000] {processor.py:753} INFO - DAG(s) dict_keys(['example_external_task_marker_child', 'example_external_task_marker_parent']) retrieved from /home/airflow/.local/lib/python3.7/site-packages/airflow/example_dags/example_external_task_marker_dag.py
[2025-10-20T18:05:44.384+0000] {logging_mixin.py:137} INFO - [2025-10-20T18:05:44.384+0000] {dag.py:2690} INFO - Sync 2 DAGs
[2025-10-20T18:05:44.405+0000] {logging_mixin.py:137} INFO - [2025-10-20T18:05:44.405+0000] {dag.py:3441} INFO - Setting next_dagrun for example_external_task_marker_child to None, run_after=None
[2025-10-20T18:05:44.408+0000] {logging_mixin.py:137} INFO - [2025-10-20T18:05:44.408+0000] {dag.py:3441} INFO - Setting next_dagrun for example_external_task_marker_parent to None, run_after=None
[2025-10-20T18:05:44.423+0000] {processor.py:175} INFO - Processing /home/airflow/.local/lib/python3.7/site-packages/airflow/example_dags/example_external_task_marker_dag.py took 0.072 seconds
[2025-10-20T18:06:14.605+0000] {processor.py:153} INFO - Started process (PID=1107) to work on /home/airflow/.local/lib/python3.7/site-packages/airflow/example_dags/example_external_task_marker_dag.py
[2025-10-20T18:06:14.606+0000] {processor.py:743} INFO - Processing file /home/airflow/.local/lib/python3.7/site-packages/airflow/example_dags/example_external_task_marker_dag.py for tasks to queue
[2025-10-20T18:06:14.606+0000] {logging_mixin.py:137} INFO - [2025-10-20T18:06:14.606+0000] {dagbag.py:538} INFO - Filling up the DagBag from /home/airflow/.local/lib/python3.7/site-packages/airflow/example_dags/example_external_task_marker_dag.py
[2025-10-20T18:06:14.611+0000] {processor.py:753} INFO - DAG(s) dict_keys(['example_external_task_marker_parent', 'example_external_task_marker_child']) retrieved from /home/airflow/.local/lib/python3.7/site-packages/airflow/example_dags/example_external_task_marker_dag.py
[2025-10-20T18:06:14.621+0000] {logging_mixin.py:137} INFO - [2025-10-20T18:06:14.621+0000] {dag.py:2690} INFO - Sync 2 DAGs
[2025-10-20T18:06:14.630+0000] {logging_mixin.py:137} INFO - [2025-10-20T18:06:14.630+0000] {dag.py:3441} INFO - Setting next_dagrun for example_external_task_marker_child to None, run_after=None
[2025-10-20T18:06:14.631+0000] {logging_mixin.py:137} INFO - [2025-10-20T18:06:14.631+0000] {dag.py:3441} INFO - Setting next_dagrun for example_external_task_marker_parent to None, run_after=None
[2025-10-20T18:06:14.637+0000] {processor.py:175} INFO - Processing /home/airflow/.local/lib/python3.7/site-packages/airflow/example_dags/example_external_task_marker_dag.py took 0.033 seconds
[2025-10-20T18:06:44.858+0000] {processor.py:153} INFO - Started process (PID=1200) to work on /home/airflow/.local/lib/python3.7/site-packages/airflow/example_dags/example_external_task_marker_dag.py
[2025-10-20T18:06:44.858+0000] {processor.py:743} INFO - Processing file /home/airflow/.local/lib/python3.7/site-packages/airflow/example_dags/example_external_task_marker_dag.py for tasks to queue
[2025-10-20T18:06:44.858+0000] {logging_mixin.py:137} INFO - [2025-10-20T18:06:44.858+0000] {dagbag.py:538} INFO - Filling up the DagBag from /home/airflow/.local/lib/python3.7/site-packages/airflow/example_dags/example_external_task_marker_dag.py
[2025-10-20T18:06:44.864+0000] {processor.py:753} INFO - DAG(s) dict_keys(['example_external_task_marker_parent', 'example_external_task_marker_child']) retrieved from /home/airflow/.local/lib/python3.7/site-packages/airflow/example_dags/example_external_task_marker_dag.py
[2025-10-20T18:06:44.876+0000] {logging_mixin.py:137} INFO - [2025-10-20T18:06:44.876+0000] {dag.py:2690} INFO - Sync 2 DAGs
[2025-10-20T18:06:44.888+0000] {logging_mixin.py:137} INFO - [2025-10-20T18:06:44.888+0000] {dag.py:3441} INFO - Setting next_dagrun for example_external_task_marker_child to None, run_after=None
[2025-10-20T18:06:44.889+0000] {logging_mixin.py:137} INFO - [2025-10-20T18:06:44.889+0000] {dag.py:3441} INFO - Setting next_dagrun for example_external_task_marker_parent to None, run_after=None
[2025-10-20T18:06:44.895+0000] {processor.py:175} INFO - Processing /home/airflow/.local/lib/python3.7/site-packages/airflow/example_dags/example_external_task_marker_dag.py took 0.039 seconds
[2025-10-20T18:07:15.201+0000] {processor.py:153} INFO - Started process (PID=1293) to work on /home/airflow/.local/lib/python3.7/site-packages/airflow/example_dags/example_external_task_marker_dag.py
[2025-10-20T18:07:15.201+0000] {processor.py:743} INFO - Processing file /home/airflow/.local/lib/python3.7/site-packages/airflow/example_dags/example_external_task_marker_dag.py for tasks to queue
[2025-10-20T18:07:15.202+0000] {logging_mixin.py:137} INFO - [2025-10-20T18:07:15.202+0000] {dagbag.py:538} INFO - Filling up the DagBag from /home/airflow/.local/lib/python3.7/site-packages/airflow/example_dags/example_external_task_marker_dag.py
[2025-10-20T18:07:15.207+0000] {processor.py:753} INFO - DAG(s) dict_keys(['example_external_task_marker_child', 'example_external_task_marker_parent']) retrieved from /home/airflow/.local/lib/python3.7/site-packages/airflow/example_dags/example_external_task_marker_dag.py
[2025-10-20T18:07:15.218+0000] {logging_mixin.py:137} INFO - [2025-10-20T18:07:15.218+0000] {dag.py:2690} INFO - Sync 2 DAGs
[2025-10-20T18:07:15.226+0000] {logging_mixin.py:137} INFO - [2025-10-20T18:07:15.226+0000] {dag.py:3441} INFO - Setting next_dagrun for example_external_task_marker_child to None, run_after=None
[2025-10-20T18:07:15.228+0000] {logging_mixin.py:137} INFO - [2025-10-20T18:07:15.228+0000] {dag.py:3441} INFO - Setting next_dagrun for example_external_task_marker_parent to None, run_after=None
[2025-10-20T18:07:15.233+0000] {processor.py:175} INFO - Processing /home/airflow/.local/lib/python3.7/site-packages/airflow/example_dags/example_external_task_marker_dag.py took 0.034 seconds
[2025-10-20T18:07:45.369+0000] {processor.py:153} INFO - Started process (PID=1368) to work on /home/airflow/.local/lib/python3.7/site-packages/airflow/example_dags/example_external_task_marker_dag.py
[2025-10-20T18:07:45.369+0000] {processor.py:743} INFO - Processing file /home/airflow/.local/lib/python3.7/site-packages/airflow/example_dags/example_external_task_marker_dag.py for tasks to queue
[2025-10-20T18:07:45.369+0000] {logging_mixin.py:137} INFO - [2025-10-20T18:07:45.369+0000] {dagbag.py:538} INFO - Filling up the DagBag from /home/airflow/.local/lib/python3.7/site-packages/airflow/example_dags/example_external_task_marker_dag.py
[2025-10-20T18:07:45.374+0000] {processor.py:753} INFO - DAG(s) dict_keys(['example_external_task_marker_child', 'example_external_task_marker_parent']) retrieved from /home/airflow/.local/lib/python3.7/site-packages/airflow/example_dags/example_external_task_marker_dag.py
[2025-10-20T18:07:45.385+0000] {logging_mixin.py:137} INFO - [2025-10-20T18:07:45.385+0000] {dag.py:2690} INFO - Sync 2 DAGs
[2025-10-20T18:07:45.393+0000] {logging_mixin.py:137} INFO - [2025-10-20T18:07:45.393+0000] {dag.py:3441} INFO - Setting next_dagrun for example_external_task_marker_child to None, run_after=None
[2025-10-20T18:07:45.395+0000] {logging_mixin.py:137} INFO - [2025-10-20T18:07:45.395+0000] {dag.py:3441} INFO - Setting next_dagrun for example_external_task_marker_parent to None, run_after=None
[2025-10-20T18:07:45.400+0000] {processor.py:175} INFO - Processing /home/airflow/.local/lib/python3.7/site-packages/airflow/example_dags/example_external_task_marker_dag.py took 0.033 seconds
[2025-10-20T18:08:15.634+0000] {processor.py:153} INFO - Started process (PID=1461) to work on /home/airflow/.local/lib/python3.7/site-packages/airflow/example_dags/example_external_task_marker_dag.py
[2025-10-20T18:08:15.635+0000] {processor.py:743} INFO - Processing file /home/airflow/.local/lib/python3.7/site-packages/airflow/example_dags/example_external_task_marker_dag.py for tasks to queue
[2025-10-20T18:08:15.635+0000] {logging_mixin.py:137} INFO - [2025-10-20T18:08:15.635+0000] {dagbag.py:538} INFO - Filling up the DagBag from /home/airflow/.local/lib/python3.7/site-packages/airflow/example_dags/example_external_task_marker_dag.py
[2025-10-20T18:08:15.642+0000] {processor.py:753} INFO - DAG(s) dict_keys(['example_external_task_marker_parent', 'example_external_task_marker_child']) retrieved from /home/airflow/.local/lib/python3.7/site-packages/airflow/example_dags/example_external_task_marker_dag.py
[2025-10-20T18:08:15.653+0000] {logging_mixin.py:137} INFO - [2025-10-20T18:08:15.653+0000] {dag.py:2690} INFO - Sync 2 DAGs
[2025-10-20T18:08:15.663+0000] {logging_mixin.py:137} INFO - [2025-10-20T18:08:15.663+0000] {dag.py:3441} INFO - Setting next_dagrun for example_external_task_marker_child to None, run_after=None
[2025-10-20T18:08:15.666+0000] {logging_mixin.py:137} INFO - [2025-10-20T18:08:15.666+0000] {dag.py:3441} INFO - Setting next_dagrun for example_external_task_marker_parent to None, run_after=None
[2025-10-20T18:08:15.673+0000] {processor.py:175} INFO - Processing /home/airflow/.local/lib/python3.7/site-packages/airflow/example_dags/example_external_task_marker_dag.py took 0.040 seconds
[2025-10-20T18:08:45.937+0000] {processor.py:153} INFO - Started process (PID=1554) to work on /home/airflow/.local/lib/python3.7/site-packages/airflow/example_dags/example_external_task_marker_dag.py
[2025-10-20T18:08:45.937+0000] {processor.py:743} INFO - Processing file /home/airflow/.local/lib/python3.7/site-packages/airflow/example_dags/example_external_task_marker_dag.py for tasks to queue
[2025-10-20T18:08:45.937+0000] {logging_mixin.py:137} INFO - [2025-10-20T18:08:45.937+0000] {dagbag.py:538} INFO - Filling up the DagBag from /home/airflow/.local/lib/python3.7/site-packages/airflow/example_dags/example_external_task_marker_dag.py
[2025-10-20T18:08:45.942+0000] {processor.py:753} INFO - DAG(s) dict_keys(['example_external_task_marker_parent', 'example_external_task_marker_child']) retrieved from /home/airflow/.local/lib/python3.7/site-packages/airflow/example_dags/example_external_task_marker_dag.py
[2025-10-20T18:08:45.953+0000] {logging_mixin.py:137} INFO - [2025-10-20T18:08:45.953+0000] {dag.py:2690} INFO - Sync 2 DAGs
[2025-10-20T18:08:45.963+0000] {logging_mixin.py:137} INFO - [2025-10-20T18:08:45.963+0000] {dag.py:3441} INFO - Setting next_dagrun for example_external_task_marker_child to None, run_after=None
[2025-10-20T18:08:45.964+0000] {logging_mixin.py:137} INFO - [2025-10-20T18:08:45.964+0000] {dag.py:3441} INFO - Setting next_dagrun for example_external_task_marker_parent to None, run_after=None
[2025-10-20T18:08:45.970+0000] {processor.py:175} INFO - Processing /home/airflow/.local/lib/python3.7/site-packages/airflow/example_dags/example_external_task_marker_dag.py took 0.034 seconds
