[2025-10-20T18:00:11.328+0000] {processor.py:153} INFO - Started process (PID=58) to work on /home/airflow/.local/lib/python3.7/site-packages/airflow/example_dags/example_branch_operator_decorator.py
[2025-10-20T18:00:11.328+0000] {processor.py:743} INFO - Processing file /home/airflow/.local/lib/python3.7/site-packages/airflow/example_dags/example_branch_operator_decorator.py for tasks to queue
[2025-10-20T18:00:11.329+0000] {logging_mixin.py:137} INFO - [2025-10-20T18:00:11.329+0000] {dagbag.py:538} INFO - Filling up the DagBag from /home/airflow/.local/lib/python3.7/site-packages/airflow/example_dags/example_branch_operator_decorator.py
[2025-10-20T18:00:11.346+0000] {processor.py:753} INFO - DAG(s) dict_keys(['example_branch_python_operator_decorator']) retrieved from /home/airflow/.local/lib/python3.7/site-packages/airflow/example_dags/example_branch_operator_decorator.py
[2025-10-20T18:00:11.358+0000] {logging_mixin.py:137} INFO - [2025-10-20T18:00:11.358+0000] {dag.py:2690} INFO - Sync 1 DAGs
[2025-10-20T18:00:11.377+0000] {logging_mixin.py:137} INFO - [2025-10-20T18:00:11.377+0000] {dag.py:3441} INFO - Setting next_dagrun for example_branch_python_operator_decorator to 2025-10-19T00:00:00+00:00, run_after=2025-10-20T00:00:00+00:00
[2025-10-20T18:00:11.387+0000] {processor.py:175} INFO - Processing /home/airflow/.local/lib/python3.7/site-packages/airflow/example_dags/example_branch_operator_decorator.py took 0.061 seconds
[2025-10-20T18:00:41.728+0000] {processor.py:153} INFO - Started process (PID=151) to work on /home/airflow/.local/lib/python3.7/site-packages/airflow/example_dags/example_branch_operator_decorator.py
[2025-10-20T18:00:41.729+0000] {processor.py:743} INFO - Processing file /home/airflow/.local/lib/python3.7/site-packages/airflow/example_dags/example_branch_operator_decorator.py for tasks to queue
[2025-10-20T18:00:41.729+0000] {logging_mixin.py:137} INFO - [2025-10-20T18:00:41.729+0000] {dagbag.py:538} INFO - Filling up the DagBag from /home/airflow/.local/lib/python3.7/site-packages/airflow/example_dags/example_branch_operator_decorator.py
[2025-10-20T18:00:41.740+0000] {processor.py:753} INFO - DAG(s) dict_keys(['example_branch_python_operator_decorator']) retrieved from /home/airflow/.local/lib/python3.7/site-packages/airflow/example_dags/example_branch_operator_decorator.py
[2025-10-20T18:00:41.750+0000] {logging_mixin.py:137} INFO - [2025-10-20T18:00:41.750+0000] {dag.py:2690} INFO - Sync 1 DAGs
[2025-10-20T18:00:41.761+0000] {logging_mixin.py:137} INFO - [2025-10-20T18:00:41.761+0000] {dag.py:3441} INFO - Setting next_dagrun for example_branch_python_operator_decorator to 2025-10-19T00:00:00+00:00, run_after=2025-10-20T00:00:00+00:00
[2025-10-20T18:00:41.767+0000] {processor.py:175} INFO - Processing /home/airflow/.local/lib/python3.7/site-packages/airflow/example_dags/example_branch_operator_decorator.py took 0.041 seconds
[2025-10-20T18:01:12.206+0000] {processor.py:153} INFO - Started process (PID=244) to work on /home/airflow/.local/lib/python3.7/site-packages/airflow/example_dags/example_branch_operator_decorator.py
[2025-10-20T18:01:12.208+0000] {processor.py:743} INFO - Processing file /home/airflow/.local/lib/python3.7/site-packages/airflow/example_dags/example_branch_operator_decorator.py for tasks to queue
[2025-10-20T18:01:12.211+0000] {logging_mixin.py:137} INFO - [2025-10-20T18:01:12.210+0000] {dagbag.py:538} INFO - Filling up the DagBag from /home/airflow/.local/lib/python3.7/site-packages/airflow/example_dags/example_branch_operator_decorator.py
[2025-10-20T18:01:12.240+0000] {processor.py:753} INFO - DAG(s) dict_keys(['example_branch_python_operator_decorator']) retrieved from /home/airflow/.local/lib/python3.7/site-packages/airflow/example_dags/example_branch_operator_decorator.py
[2025-10-20T18:01:12.253+0000] {logging_mixin.py:137} INFO - [2025-10-20T18:01:12.253+0000] {dag.py:2690} INFO - Sync 1 DAGs
[2025-10-20T18:01:12.266+0000] {logging_mixin.py:137} INFO - [2025-10-20T18:01:12.266+0000] {dag.py:3441} INFO - Setting next_dagrun for example_branch_python_operator_decorator to 2025-10-19T00:00:00+00:00, run_after=2025-10-20T00:00:00+00:00
[2025-10-20T18:01:12.274+0000] {processor.py:175} INFO - Processing /home/airflow/.local/lib/python3.7/site-packages/airflow/example_dags/example_branch_operator_decorator.py took 0.071 seconds
[2025-10-20T18:01:42.556+0000] {processor.py:153} INFO - Started process (PID=319) to work on /home/airflow/.local/lib/python3.7/site-packages/airflow/example_dags/example_branch_operator_decorator.py
[2025-10-20T18:01:42.557+0000] {processor.py:743} INFO - Processing file /home/airflow/.local/lib/python3.7/site-packages/airflow/example_dags/example_branch_operator_decorator.py for tasks to queue
[2025-10-20T18:01:42.559+0000] {logging_mixin.py:137} INFO - [2025-10-20T18:01:42.559+0000] {dagbag.py:538} INFO - Filling up the DagBag from /home/airflow/.local/lib/python3.7/site-packages/airflow/example_dags/example_branch_operator_decorator.py
[2025-10-20T18:01:42.569+0000] {processor.py:753} INFO - DAG(s) dict_keys(['example_branch_python_operator_decorator']) retrieved from /home/airflow/.local/lib/python3.7/site-packages/airflow/example_dags/example_branch_operator_decorator.py
[2025-10-20T18:01:42.578+0000] {logging_mixin.py:137} INFO - [2025-10-20T18:01:42.578+0000] {dag.py:2690} INFO - Sync 1 DAGs
[2025-10-20T18:01:42.588+0000] {logging_mixin.py:137} INFO - [2025-10-20T18:01:42.588+0000] {dag.py:3441} INFO - Setting next_dagrun for example_branch_python_operator_decorator to 2025-10-19T00:00:00+00:00, run_after=2025-10-20T00:00:00+00:00
[2025-10-20T18:01:42.594+0000] {processor.py:175} INFO - Processing /home/airflow/.local/lib/python3.7/site-packages/airflow/example_dags/example_branch_operator_decorator.py took 0.039 seconds
[2025-10-20T18:02:12.759+0000] {processor.py:153} INFO - Started process (PID=412) to work on /home/airflow/.local/lib/python3.7/site-packages/airflow/example_dags/example_branch_operator_decorator.py
[2025-10-20T18:02:12.760+0000] {processor.py:743} INFO - Processing file /home/airflow/.local/lib/python3.7/site-packages/airflow/example_dags/example_branch_operator_decorator.py for tasks to queue
[2025-10-20T18:02:12.760+0000] {logging_mixin.py:137} INFO - [2025-10-20T18:02:12.760+0000] {dagbag.py:538} INFO - Filling up the DagBag from /home/airflow/.local/lib/python3.7/site-packages/airflow/example_dags/example_branch_operator_decorator.py
[2025-10-20T18:02:12.768+0000] {processor.py:753} INFO - DAG(s) dict_keys(['example_branch_python_operator_decorator']) retrieved from /home/airflow/.local/lib/python3.7/site-packages/airflow/example_dags/example_branch_operator_decorator.py
[2025-10-20T18:02:12.778+0000] {logging_mixin.py:137} INFO - [2025-10-20T18:02:12.778+0000] {dag.py:2690} INFO - Sync 1 DAGs
[2025-10-20T18:02:12.788+0000] {logging_mixin.py:137} INFO - [2025-10-20T18:02:12.788+0000] {dag.py:3441} INFO - Setting next_dagrun for example_branch_python_operator_decorator to 2025-10-19T00:00:00+00:00, run_after=2025-10-20T00:00:00+00:00
[2025-10-20T18:02:12.794+0000] {processor.py:175} INFO - Processing /home/airflow/.local/lib/python3.7/site-packages/airflow/example_dags/example_branch_operator_decorator.py took 0.036 seconds
[2025-10-20T18:02:42.881+0000] {processor.py:153} INFO - Started process (PID=504) to work on /home/airflow/.local/lib/python3.7/site-packages/airflow/example_dags/example_branch_operator_decorator.py
[2025-10-20T18:02:42.883+0000] {processor.py:743} INFO - Processing file /home/airflow/.local/lib/python3.7/site-packages/airflow/example_dags/example_branch_operator_decorator.py for tasks to queue
[2025-10-20T18:02:42.883+0000] {logging_mixin.py:137} INFO - [2025-10-20T18:02:42.883+0000] {dagbag.py:538} INFO - Filling up the DagBag from /home/airflow/.local/lib/python3.7/site-packages/airflow/example_dags/example_branch_operator_decorator.py
[2025-10-20T18:02:42.892+0000] {processor.py:753} INFO - DAG(s) dict_keys(['example_branch_python_operator_decorator']) retrieved from /home/airflow/.local/lib/python3.7/site-packages/airflow/example_dags/example_branch_operator_decorator.py
[2025-10-20T18:02:42.902+0000] {logging_mixin.py:137} INFO - [2025-10-20T18:02:42.902+0000] {dag.py:2690} INFO - Sync 1 DAGs
[2025-10-20T18:02:42.912+0000] {logging_mixin.py:137} INFO - [2025-10-20T18:02:42.912+0000] {dag.py:3441} INFO - Setting next_dagrun for example_branch_python_operator_decorator to 2025-10-19T00:00:00+00:00, run_after=2025-10-20T00:00:00+00:00
[2025-10-20T18:02:42.919+0000] {processor.py:175} INFO - Processing /home/airflow/.local/lib/python3.7/site-packages/airflow/example_dags/example_branch_operator_decorator.py took 0.039 seconds
[2025-10-20T18:03:13.283+0000] {processor.py:153} INFO - Started process (PID=597) to work on /home/airflow/.local/lib/python3.7/site-packages/airflow/example_dags/example_branch_operator_decorator.py
[2025-10-20T18:03:13.283+0000] {processor.py:743} INFO - Processing file /home/airflow/.local/lib/python3.7/site-packages/airflow/example_dags/example_branch_operator_decorator.py for tasks to queue
[2025-10-20T18:03:13.284+0000] {logging_mixin.py:137} INFO - [2025-10-20T18:03:13.283+0000] {dagbag.py:538} INFO - Filling up the DagBag from /home/airflow/.local/lib/python3.7/site-packages/airflow/example_dags/example_branch_operator_decorator.py
[2025-10-20T18:03:13.293+0000] {processor.py:753} INFO - DAG(s) dict_keys(['example_branch_python_operator_decorator']) retrieved from /home/airflow/.local/lib/python3.7/site-packages/airflow/example_dags/example_branch_operator_decorator.py
[2025-10-20T18:03:13.304+0000] {logging_mixin.py:137} INFO - [2025-10-20T18:03:13.304+0000] {dag.py:2690} INFO - Sync 1 DAGs
[2025-10-20T18:03:13.314+0000] {logging_mixin.py:137} INFO - [2025-10-20T18:03:13.314+0000] {dag.py:3441} INFO - Setting next_dagrun for example_branch_python_operator_decorator to 2025-10-19T00:00:00+00:00, run_after=2025-10-20T00:00:00+00:00
[2025-10-20T18:03:13.320+0000] {processor.py:175} INFO - Processing /home/airflow/.local/lib/python3.7/site-packages/airflow/example_dags/example_branch_operator_decorator.py took 0.038 seconds
[2025-10-20T18:03:43.498+0000] {processor.py:153} INFO - Started process (PID=672) to work on /home/airflow/.local/lib/python3.7/site-packages/airflow/example_dags/example_branch_operator_decorator.py
[2025-10-20T18:03:43.498+0000] {processor.py:743} INFO - Processing file /home/airflow/.local/lib/python3.7/site-packages/airflow/example_dags/example_branch_operator_decorator.py for tasks to queue
[2025-10-20T18:03:43.499+0000] {logging_mixin.py:137} INFO - [2025-10-20T18:03:43.499+0000] {dagbag.py:538} INFO - Filling up the DagBag from /home/airflow/.local/lib/python3.7/site-packages/airflow/example_dags/example_branch_operator_decorator.py
[2025-10-20T18:03:43.508+0000] {processor.py:753} INFO - DAG(s) dict_keys(['example_branch_python_operator_decorator']) retrieved from /home/airflow/.local/lib/python3.7/site-packages/airflow/example_dags/example_branch_operator_decorator.py
[2025-10-20T18:03:43.520+0000] {logging_mixin.py:137} INFO - [2025-10-20T18:03:43.520+0000] {dag.py:2690} INFO - Sync 1 DAGs
[2025-10-20T18:03:43.529+0000] {logging_mixin.py:137} INFO - [2025-10-20T18:03:43.529+0000] {dag.py:3441} INFO - Setting next_dagrun for example_branch_python_operator_decorator to 2025-10-19T00:00:00+00:00, run_after=2025-10-20T00:00:00+00:00
[2025-10-20T18:03:43.536+0000] {processor.py:175} INFO - Processing /home/airflow/.local/lib/python3.7/site-packages/airflow/example_dags/example_branch_operator_decorator.py took 0.039 seconds
[2025-10-20T18:04:13.733+0000] {processor.py:153} INFO - Started process (PID=765) to work on /home/airflow/.local/lib/python3.7/site-packages/airflow/example_dags/example_branch_operator_decorator.py
[2025-10-20T18:04:13.734+0000] {processor.py:743} INFO - Processing file /home/airflow/.local/lib/python3.7/site-packages/airflow/example_dags/example_branch_operator_decorator.py for tasks to queue
[2025-10-20T18:04:13.734+0000] {logging_mixin.py:137} INFO - [2025-10-20T18:04:13.734+0000] {dagbag.py:538} INFO - Filling up the DagBag from /home/airflow/.local/lib/python3.7/site-packages/airflow/example_dags/example_branch_operator_decorator.py
[2025-10-20T18:04:13.746+0000] {processor.py:753} INFO - DAG(s) dict_keys(['example_branch_python_operator_decorator']) retrieved from /home/airflow/.local/lib/python3.7/site-packages/airflow/example_dags/example_branch_operator_decorator.py
[2025-10-20T18:04:13.756+0000] {logging_mixin.py:137} INFO - [2025-10-20T18:04:13.756+0000] {dag.py:2690} INFO - Sync 1 DAGs
[2025-10-20T18:04:13.765+0000] {logging_mixin.py:137} INFO - [2025-10-20T18:04:13.765+0000] {dag.py:3441} INFO - Setting next_dagrun for example_branch_python_operator_decorator to 2025-10-19T00:00:00+00:00, run_after=2025-10-20T00:00:00+00:00
[2025-10-20T18:04:13.772+0000] {processor.py:175} INFO - Processing /home/airflow/.local/lib/python3.7/site-packages/airflow/example_dags/example_branch_operator_decorator.py took 0.040 seconds
[2025-10-20T18:04:43.975+0000] {processor.py:153} INFO - Started process (PID=858) to work on /home/airflow/.local/lib/python3.7/site-packages/airflow/example_dags/example_branch_operator_decorator.py
[2025-10-20T18:04:43.975+0000] {processor.py:743} INFO - Processing file /home/airflow/.local/lib/python3.7/site-packages/airflow/example_dags/example_branch_operator_decorator.py for tasks to queue
[2025-10-20T18:04:43.976+0000] {logging_mixin.py:137} INFO - [2025-10-20T18:04:43.976+0000] {dagbag.py:538} INFO - Filling up the DagBag from /home/airflow/.local/lib/python3.7/site-packages/airflow/example_dags/example_branch_operator_decorator.py
[2025-10-20T18:04:43.985+0000] {processor.py:753} INFO - DAG(s) dict_keys(['example_branch_python_operator_decorator']) retrieved from /home/airflow/.local/lib/python3.7/site-packages/airflow/example_dags/example_branch_operator_decorator.py
[2025-10-20T18:04:43.997+0000] {logging_mixin.py:137} INFO - [2025-10-20T18:04:43.997+0000] {dag.py:2690} INFO - Sync 1 DAGs
[2025-10-20T18:04:44.007+0000] {logging_mixin.py:137} INFO - [2025-10-20T18:04:44.007+0000] {dag.py:3441} INFO - Setting next_dagrun for example_branch_python_operator_decorator to 2025-10-19T00:00:00+00:00, run_after=2025-10-20T00:00:00+00:00
[2025-10-20T18:04:44.013+0000] {processor.py:175} INFO - Processing /home/airflow/.local/lib/python3.7/site-packages/airflow/example_dags/example_branch_operator_decorator.py took 0.039 seconds
[2025-10-20T18:05:14.210+0000] {processor.py:153} INFO - Started process (PID=951) to work on /home/airflow/.local/lib/python3.7/site-packages/airflow/example_dags/example_branch_operator_decorator.py
[2025-10-20T18:05:14.210+0000] {processor.py:743} INFO - Processing file /home/airflow/.local/lib/python3.7/site-packages/airflow/example_dags/example_branch_operator_decorator.py for tasks to queue
[2025-10-20T18:05:14.211+0000] {logging_mixin.py:137} INFO - [2025-10-20T18:05:14.211+0000] {dagbag.py:538} INFO - Filling up the DagBag from /home/airflow/.local/lib/python3.7/site-packages/airflow/example_dags/example_branch_operator_decorator.py
[2025-10-20T18:05:14.221+0000] {processor.py:753} INFO - DAG(s) dict_keys(['example_branch_python_operator_decorator']) retrieved from /home/airflow/.local/lib/python3.7/site-packages/airflow/example_dags/example_branch_operator_decorator.py
[2025-10-20T18:05:14.230+0000] {logging_mixin.py:137} INFO - [2025-10-20T18:05:14.230+0000] {dag.py:2690} INFO - Sync 1 DAGs
[2025-10-20T18:05:14.240+0000] {logging_mixin.py:137} INFO - [2025-10-20T18:05:14.239+0000] {dag.py:3441} INFO - Setting next_dagrun for example_branch_python_operator_decorator to 2025-10-19T00:00:00+00:00, run_after=2025-10-20T00:00:00+00:00
[2025-10-20T18:05:14.246+0000] {processor.py:175} INFO - Processing /home/airflow/.local/lib/python3.7/site-packages/airflow/example_dags/example_branch_operator_decorator.py took 0.037 seconds
[2025-10-20T18:05:44.742+0000] {processor.py:153} INFO - Started process (PID=1026) to work on /home/airflow/.local/lib/python3.7/site-packages/airflow/example_dags/example_branch_operator_decorator.py
[2025-10-20T18:05:44.742+0000] {processor.py:743} INFO - Processing file /home/airflow/.local/lib/python3.7/site-packages/airflow/example_dags/example_branch_operator_decorator.py for tasks to queue
[2025-10-20T18:05:44.742+0000] {logging_mixin.py:137} INFO - [2025-10-20T18:05:44.742+0000] {dagbag.py:538} INFO - Filling up the DagBag from /home/airflow/.local/lib/python3.7/site-packages/airflow/example_dags/example_branch_operator_decorator.py
[2025-10-20T18:05:44.753+0000] {processor.py:753} INFO - DAG(s) dict_keys(['example_branch_python_operator_decorator']) retrieved from /home/airflow/.local/lib/python3.7/site-packages/airflow/example_dags/example_branch_operator_decorator.py
[2025-10-20T18:05:44.765+0000] {logging_mixin.py:137} INFO - [2025-10-20T18:05:44.764+0000] {dag.py:2690} INFO - Sync 1 DAGs
[2025-10-20T18:05:44.775+0000] {logging_mixin.py:137} INFO - [2025-10-20T18:05:44.775+0000] {dag.py:3441} INFO - Setting next_dagrun for example_branch_python_operator_decorator to 2025-10-19T00:00:00+00:00, run_after=2025-10-20T00:00:00+00:00
[2025-10-20T18:05:44.786+0000] {processor.py:175} INFO - Processing /home/airflow/.local/lib/python3.7/site-packages/airflow/example_dags/example_branch_operator_decorator.py took 0.045 seconds
[2025-10-20T18:06:14.911+0000] {processor.py:153} INFO - Started process (PID=1119) to work on /home/airflow/.local/lib/python3.7/site-packages/airflow/example_dags/example_branch_operator_decorator.py
[2025-10-20T18:06:14.911+0000] {processor.py:743} INFO - Processing file /home/airflow/.local/lib/python3.7/site-packages/airflow/example_dags/example_branch_operator_decorator.py for tasks to queue
[2025-10-20T18:06:14.912+0000] {logging_mixin.py:137} INFO - [2025-10-20T18:06:14.912+0000] {dagbag.py:538} INFO - Filling up the DagBag from /home/airflow/.local/lib/python3.7/site-packages/airflow/example_dags/example_branch_operator_decorator.py
[2025-10-20T18:06:14.922+0000] {processor.py:753} INFO - DAG(s) dict_keys(['example_branch_python_operator_decorator']) retrieved from /home/airflow/.local/lib/python3.7/site-packages/airflow/example_dags/example_branch_operator_decorator.py
[2025-10-20T18:06:14.933+0000] {logging_mixin.py:137} INFO - [2025-10-20T18:06:14.933+0000] {dag.py:2690} INFO - Sync 1 DAGs
[2025-10-20T18:06:14.943+0000] {logging_mixin.py:137} INFO - [2025-10-20T18:06:14.943+0000] {dag.py:3441} INFO - Setting next_dagrun for example_branch_python_operator_decorator to 2025-10-19T00:00:00+00:00, run_after=2025-10-20T00:00:00+00:00
[2025-10-20T18:06:14.949+0000] {processor.py:175} INFO - Processing /home/airflow/.local/lib/python3.7/site-packages/airflow/example_dags/example_branch_operator_decorator.py took 0.040 seconds
[2025-10-20T18:06:45.226+0000] {processor.py:153} INFO - Started process (PID=1212) to work on /home/airflow/.local/lib/python3.7/site-packages/airflow/example_dags/example_branch_operator_decorator.py
[2025-10-20T18:06:45.227+0000] {processor.py:743} INFO - Processing file /home/airflow/.local/lib/python3.7/site-packages/airflow/example_dags/example_branch_operator_decorator.py for tasks to queue
[2025-10-20T18:06:45.227+0000] {logging_mixin.py:137} INFO - [2025-10-20T18:06:45.227+0000] {dagbag.py:538} INFO - Filling up the DagBag from /home/airflow/.local/lib/python3.7/site-packages/airflow/example_dags/example_branch_operator_decorator.py
[2025-10-20T18:06:45.239+0000] {processor.py:753} INFO - DAG(s) dict_keys(['example_branch_python_operator_decorator']) retrieved from /home/airflow/.local/lib/python3.7/site-packages/airflow/example_dags/example_branch_operator_decorator.py
[2025-10-20T18:06:45.272+0000] {logging_mixin.py:137} INFO - [2025-10-20T18:06:45.272+0000] {dag.py:2690} INFO - Sync 1 DAGs
[2025-10-20T18:06:45.284+0000] {logging_mixin.py:137} INFO - [2025-10-20T18:06:45.284+0000] {dag.py:3441} INFO - Setting next_dagrun for example_branch_python_operator_decorator to 2025-10-19T00:00:00+00:00, run_after=2025-10-20T00:00:00+00:00
[2025-10-20T18:06:45.291+0000] {processor.py:175} INFO - Processing /home/airflow/.local/lib/python3.7/site-packages/airflow/example_dags/example_branch_operator_decorator.py took 0.067 seconds
[2025-10-20T18:07:15.471+0000] {processor.py:153} INFO - Started process (PID=1305) to work on /home/airflow/.local/lib/python3.7/site-packages/airflow/example_dags/example_branch_operator_decorator.py
[2025-10-20T18:07:15.472+0000] {processor.py:743} INFO - Processing file /home/airflow/.local/lib/python3.7/site-packages/airflow/example_dags/example_branch_operator_decorator.py for tasks to queue
[2025-10-20T18:07:15.472+0000] {logging_mixin.py:137} INFO - [2025-10-20T18:07:15.472+0000] {dagbag.py:538} INFO - Filling up the DagBag from /home/airflow/.local/lib/python3.7/site-packages/airflow/example_dags/example_branch_operator_decorator.py
[2025-10-20T18:07:15.482+0000] {processor.py:753} INFO - DAG(s) dict_keys(['example_branch_python_operator_decorator']) retrieved from /home/airflow/.local/lib/python3.7/site-packages/airflow/example_dags/example_branch_operator_decorator.py
[2025-10-20T18:07:15.492+0000] {logging_mixin.py:137} INFO - [2025-10-20T18:07:15.492+0000] {dag.py:2690} INFO - Sync 1 DAGs
[2025-10-20T18:07:15.501+0000] {logging_mixin.py:137} INFO - [2025-10-20T18:07:15.501+0000] {dag.py:3441} INFO - Setting next_dagrun for example_branch_python_operator_decorator to 2025-10-19T00:00:00+00:00, run_after=2025-10-20T00:00:00+00:00
[2025-10-20T18:07:15.507+0000] {processor.py:175} INFO - Processing /home/airflow/.local/lib/python3.7/site-packages/airflow/example_dags/example_branch_operator_decorator.py took 0.037 seconds
[2025-10-20T18:07:45.631+0000] {processor.py:153} INFO - Started process (PID=1380) to work on /home/airflow/.local/lib/python3.7/site-packages/airflow/example_dags/example_branch_operator_decorator.py
[2025-10-20T18:07:45.631+0000] {processor.py:743} INFO - Processing file /home/airflow/.local/lib/python3.7/site-packages/airflow/example_dags/example_branch_operator_decorator.py for tasks to queue
[2025-10-20T18:07:45.632+0000] {logging_mixin.py:137} INFO - [2025-10-20T18:07:45.632+0000] {dagbag.py:538} INFO - Filling up the DagBag from /home/airflow/.local/lib/python3.7/site-packages/airflow/example_dags/example_branch_operator_decorator.py
[2025-10-20T18:07:45.640+0000] {processor.py:753} INFO - DAG(s) dict_keys(['example_branch_python_operator_decorator']) retrieved from /home/airflow/.local/lib/python3.7/site-packages/airflow/example_dags/example_branch_operator_decorator.py
[2025-10-20T18:07:45.650+0000] {logging_mixin.py:137} INFO - [2025-10-20T18:07:45.650+0000] {dag.py:2690} INFO - Sync 1 DAGs
[2025-10-20T18:07:45.659+0000] {logging_mixin.py:137} INFO - [2025-10-20T18:07:45.659+0000] {dag.py:3441} INFO - Setting next_dagrun for example_branch_python_operator_decorator to 2025-10-19T00:00:00+00:00, run_after=2025-10-20T00:00:00+00:00
[2025-10-20T18:07:45.665+0000] {processor.py:175} INFO - Processing /home/airflow/.local/lib/python3.7/site-packages/airflow/example_dags/example_branch_operator_decorator.py took 0.035 seconds
[2025-10-20T18:08:15.896+0000] {processor.py:153} INFO - Started process (PID=1472) to work on /home/airflow/.local/lib/python3.7/site-packages/airflow/example_dags/example_branch_operator_decorator.py
[2025-10-20T18:08:15.896+0000] {processor.py:743} INFO - Processing file /home/airflow/.local/lib/python3.7/site-packages/airflow/example_dags/example_branch_operator_decorator.py for tasks to queue
[2025-10-20T18:08:15.897+0000] {logging_mixin.py:137} INFO - [2025-10-20T18:08:15.897+0000] {dagbag.py:538} INFO - Filling up the DagBag from /home/airflow/.local/lib/python3.7/site-packages/airflow/example_dags/example_branch_operator_decorator.py
[2025-10-20T18:08:15.907+0000] {processor.py:753} INFO - DAG(s) dict_keys(['example_branch_python_operator_decorator']) retrieved from /home/airflow/.local/lib/python3.7/site-packages/airflow/example_dags/example_branch_operator_decorator.py
[2025-10-20T18:08:15.918+0000] {logging_mixin.py:137} INFO - [2025-10-20T18:08:15.918+0000] {dag.py:2690} INFO - Sync 1 DAGs
[2025-10-20T18:08:15.928+0000] {logging_mixin.py:137} INFO - [2025-10-20T18:08:15.928+0000] {dag.py:3441} INFO - Setting next_dagrun for example_branch_python_operator_decorator to 2025-10-19T00:00:00+00:00, run_after=2025-10-20T00:00:00+00:00
[2025-10-20T18:08:15.934+0000] {processor.py:175} INFO - Processing /home/airflow/.local/lib/python3.7/site-packages/airflow/example_dags/example_branch_operator_decorator.py took 0.040 seconds
[2025-10-20T18:08:46.232+0000] {processor.py:153} INFO - Started process (PID=1566) to work on /home/airflow/.local/lib/python3.7/site-packages/airflow/example_dags/example_branch_operator_decorator.py
[2025-10-20T18:08:46.232+0000] {processor.py:743} INFO - Processing file /home/airflow/.local/lib/python3.7/site-packages/airflow/example_dags/example_branch_operator_decorator.py for tasks to queue
[2025-10-20T18:08:46.232+0000] {logging_mixin.py:137} INFO - [2025-10-20T18:08:46.232+0000] {dagbag.py:538} INFO - Filling up the DagBag from /home/airflow/.local/lib/python3.7/site-packages/airflow/example_dags/example_branch_operator_decorator.py
[2025-10-20T18:08:46.242+0000] {processor.py:753} INFO - DAG(s) dict_keys(['example_branch_python_operator_decorator']) retrieved from /home/airflow/.local/lib/python3.7/site-packages/airflow/example_dags/example_branch_operator_decorator.py
[2025-10-20T18:08:46.252+0000] {logging_mixin.py:137} INFO - [2025-10-20T18:08:46.252+0000] {dag.py:2690} INFO - Sync 1 DAGs
[2025-10-20T18:08:46.261+0000] {logging_mixin.py:137} INFO - [2025-10-20T18:08:46.261+0000] {dag.py:3441} INFO - Setting next_dagrun for example_branch_python_operator_decorator to 2025-10-19T00:00:00+00:00, run_after=2025-10-20T00:00:00+00:00
[2025-10-20T18:08:46.268+0000] {processor.py:175} INFO - Processing /home/airflow/.local/lib/python3.7/site-packages/airflow/example_dags/example_branch_operator_decorator.py took 0.037 seconds
