[2025-10-20T18:00:10.980+0000] {processor.py:153} INFO - Started process (PID=47) to work on /home/airflow/.local/lib/python3.7/site-packages/airflow/example_dags/tutorial_taskflow_api.py
[2025-10-20T18:00:10.980+0000] {processor.py:743} INFO - Processing file /home/airflow/.local/lib/python3.7/site-packages/airflow/example_dags/tutorial_taskflow_api.py for tasks to queue
[2025-10-20T18:00:10.980+0000] {logging_mixin.py:137} INFO - [2025-10-20T18:00:10.980+0000] {dagbag.py:538} INFO - Filling up the DagBag from /home/airflow/.local/lib/python3.7/site-packages/airflow/example_dags/tutorial_taskflow_api.py
[2025-10-20T18:00:10.990+0000] {processor.py:753} INFO - DAG(s) dict_keys(['tutorial_taskflow_api']) retrieved from /home/airflow/.local/lib/python3.7/site-packages/airflow/example_dags/tutorial_taskflow_api.py
[2025-10-20T18:00:10.997+0000] {logging_mixin.py:137} INFO - [2025-10-20T18:00:10.997+0000] {dag.py:2690} INFO - Sync 1 DAGs
[2025-10-20T18:00:11.007+0000] {logging_mixin.py:137} INFO - [2025-10-20T18:00:11.007+0000] {dag.py:3441} INFO - Setting next_dagrun for tutorial_taskflow_api to None, run_after=None
[2025-10-20T18:00:11.015+0000] {processor.py:175} INFO - Processing /home/airflow/.local/lib/python3.7/site-packages/airflow/example_dags/tutorial_taskflow_api.py took 0.037 seconds
[2025-10-20T18:00:41.461+0000] {processor.py:153} INFO - Started process (PID=140) to work on /home/airflow/.local/lib/python3.7/site-packages/airflow/example_dags/tutorial_taskflow_api.py
[2025-10-20T18:00:41.462+0000] {processor.py:743} INFO - Processing file /home/airflow/.local/lib/python3.7/site-packages/airflow/example_dags/tutorial_taskflow_api.py for tasks to queue
[2025-10-20T18:00:41.462+0000] {logging_mixin.py:137} INFO - [2025-10-20T18:00:41.462+0000] {dagbag.py:538} INFO - Filling up the DagBag from /home/airflow/.local/lib/python3.7/site-packages/airflow/example_dags/tutorial_taskflow_api.py
[2025-10-20T18:00:41.470+0000] {processor.py:753} INFO - DAG(s) dict_keys(['tutorial_taskflow_api']) retrieved from /home/airflow/.local/lib/python3.7/site-packages/airflow/example_dags/tutorial_taskflow_api.py
[2025-10-20T18:00:41.478+0000] {logging_mixin.py:137} INFO - [2025-10-20T18:00:41.478+0000] {dag.py:2690} INFO - Sync 1 DAGs
[2025-10-20T18:00:41.487+0000] {logging_mixin.py:137} INFO - [2025-10-20T18:00:41.487+0000] {dag.py:3441} INFO - Setting next_dagrun for tutorial_taskflow_api to None, run_after=None
[2025-10-20T18:00:41.493+0000] {processor.py:175} INFO - Processing /home/airflow/.local/lib/python3.7/site-packages/airflow/example_dags/tutorial_taskflow_api.py took 0.033 seconds
[2025-10-20T18:01:11.721+0000] {processor.py:153} INFO - Started process (PID=222) to work on /home/airflow/.local/lib/python3.7/site-packages/airflow/example_dags/tutorial_taskflow_api.py
[2025-10-20T18:01:11.722+0000] {processor.py:743} INFO - Processing file /home/airflow/.local/lib/python3.7/site-packages/airflow/example_dags/tutorial_taskflow_api.py for tasks to queue
[2025-10-20T18:01:11.722+0000] {logging_mixin.py:137} INFO - [2025-10-20T18:01:11.722+0000] {dagbag.py:538} INFO - Filling up the DagBag from /home/airflow/.local/lib/python3.7/site-packages/airflow/example_dags/tutorial_taskflow_api.py
[2025-10-20T18:01:11.732+0000] {processor.py:753} INFO - DAG(s) dict_keys(['tutorial_taskflow_api']) retrieved from /home/airflow/.local/lib/python3.7/site-packages/airflow/example_dags/tutorial_taskflow_api.py
[2025-10-20T18:01:11.744+0000] {logging_mixin.py:137} INFO - [2025-10-20T18:01:11.744+0000] {dag.py:2690} INFO - Sync 1 DAGs
[2025-10-20T18:01:11.755+0000] {logging_mixin.py:137} INFO - [2025-10-20T18:01:11.755+0000] {dag.py:3441} INFO - Setting next_dagrun for tutorial_taskflow_api to None, run_after=None
[2025-10-20T18:01:11.763+0000] {processor.py:175} INFO - Processing /home/airflow/.local/lib/python3.7/site-packages/airflow/example_dags/tutorial_taskflow_api.py took 0.042 seconds
[2025-10-20T18:01:42.298+0000] {processor.py:153} INFO - Started process (PID=308) to work on /home/airflow/.local/lib/python3.7/site-packages/airflow/example_dags/tutorial_taskflow_api.py
[2025-10-20T18:01:42.299+0000] {processor.py:743} INFO - Processing file /home/airflow/.local/lib/python3.7/site-packages/airflow/example_dags/tutorial_taskflow_api.py for tasks to queue
[2025-10-20T18:01:42.299+0000] {logging_mixin.py:137} INFO - [2025-10-20T18:01:42.299+0000] {dagbag.py:538} INFO - Filling up the DagBag from /home/airflow/.local/lib/python3.7/site-packages/airflow/example_dags/tutorial_taskflow_api.py
[2025-10-20T18:01:42.307+0000] {processor.py:753} INFO - DAG(s) dict_keys(['tutorial_taskflow_api']) retrieved from /home/airflow/.local/lib/python3.7/site-packages/airflow/example_dags/tutorial_taskflow_api.py
[2025-10-20T18:01:42.315+0000] {logging_mixin.py:137} INFO - [2025-10-20T18:01:42.315+0000] {dag.py:2690} INFO - Sync 1 DAGs
[2025-10-20T18:01:42.323+0000] {logging_mixin.py:137} INFO - [2025-10-20T18:01:42.323+0000] {dag.py:3441} INFO - Setting next_dagrun for tutorial_taskflow_api to None, run_after=None
[2025-10-20T18:01:42.330+0000] {processor.py:175} INFO - Processing /home/airflow/.local/lib/python3.7/site-packages/airflow/example_dags/tutorial_taskflow_api.py took 0.033 seconds
[2025-10-20T18:02:12.495+0000] {processor.py:153} INFO - Started process (PID=401) to work on /home/airflow/.local/lib/python3.7/site-packages/airflow/example_dags/tutorial_taskflow_api.py
[2025-10-20T18:02:12.496+0000] {processor.py:743} INFO - Processing file /home/airflow/.local/lib/python3.7/site-packages/airflow/example_dags/tutorial_taskflow_api.py for tasks to queue
[2025-10-20T18:02:12.496+0000] {logging_mixin.py:137} INFO - [2025-10-20T18:02:12.496+0000] {dagbag.py:538} INFO - Filling up the DagBag from /home/airflow/.local/lib/python3.7/site-packages/airflow/example_dags/tutorial_taskflow_api.py
[2025-10-20T18:02:12.505+0000] {processor.py:753} INFO - DAG(s) dict_keys(['tutorial_taskflow_api']) retrieved from /home/airflow/.local/lib/python3.7/site-packages/airflow/example_dags/tutorial_taskflow_api.py
[2025-10-20T18:02:12.514+0000] {logging_mixin.py:137} INFO - [2025-10-20T18:02:12.514+0000] {dag.py:2690} INFO - Sync 1 DAGs
[2025-10-20T18:02:12.522+0000] {logging_mixin.py:137} INFO - [2025-10-20T18:02:12.522+0000] {dag.py:3441} INFO - Setting next_dagrun for tutorial_taskflow_api to None, run_after=None
[2025-10-20T18:02:12.528+0000] {processor.py:175} INFO - Processing /home/airflow/.local/lib/python3.7/site-packages/airflow/example_dags/tutorial_taskflow_api.py took 0.034 seconds
[2025-10-20T18:02:42.673+0000] {processor.py:153} INFO - Started process (PID=494) to work on /home/airflow/.local/lib/python3.7/site-packages/airflow/example_dags/tutorial_taskflow_api.py
[2025-10-20T18:02:42.673+0000] {processor.py:743} INFO - Processing file /home/airflow/.local/lib/python3.7/site-packages/airflow/example_dags/tutorial_taskflow_api.py for tasks to queue
[2025-10-20T18:02:42.673+0000] {logging_mixin.py:137} INFO - [2025-10-20T18:02:42.673+0000] {dagbag.py:538} INFO - Filling up the DagBag from /home/airflow/.local/lib/python3.7/site-packages/airflow/example_dags/tutorial_taskflow_api.py
[2025-10-20T18:02:42.681+0000] {processor.py:753} INFO - DAG(s) dict_keys(['tutorial_taskflow_api']) retrieved from /home/airflow/.local/lib/python3.7/site-packages/airflow/example_dags/tutorial_taskflow_api.py
[2025-10-20T18:02:42.690+0000] {logging_mixin.py:137} INFO - [2025-10-20T18:02:42.690+0000] {dag.py:2690} INFO - Sync 1 DAGs
[2025-10-20T18:02:42.700+0000] {logging_mixin.py:137} INFO - [2025-10-20T18:02:42.700+0000] {dag.py:3441} INFO - Setting next_dagrun for tutorial_taskflow_api to None, run_after=None
[2025-10-20T18:02:42.706+0000] {processor.py:175} INFO - Processing /home/airflow/.local/lib/python3.7/site-packages/airflow/example_dags/tutorial_taskflow_api.py took 0.035 seconds
[2025-10-20T18:03:12.979+0000] {processor.py:153} INFO - Started process (PID=586) to work on /home/airflow/.local/lib/python3.7/site-packages/airflow/example_dags/tutorial_taskflow_api.py
[2025-10-20T18:03:12.979+0000] {processor.py:743} INFO - Processing file /home/airflow/.local/lib/python3.7/site-packages/airflow/example_dags/tutorial_taskflow_api.py for tasks to queue
[2025-10-20T18:03:12.979+0000] {logging_mixin.py:137} INFO - [2025-10-20T18:03:12.979+0000] {dagbag.py:538} INFO - Filling up the DagBag from /home/airflow/.local/lib/python3.7/site-packages/airflow/example_dags/tutorial_taskflow_api.py
[2025-10-20T18:03:12.987+0000] {processor.py:753} INFO - DAG(s) dict_keys(['tutorial_taskflow_api']) retrieved from /home/airflow/.local/lib/python3.7/site-packages/airflow/example_dags/tutorial_taskflow_api.py
[2025-10-20T18:03:12.997+0000] {logging_mixin.py:137} INFO - [2025-10-20T18:03:12.997+0000] {dag.py:2690} INFO - Sync 1 DAGs
[2025-10-20T18:03:13.007+0000] {logging_mixin.py:137} INFO - [2025-10-20T18:03:13.007+0000] {dag.py:3441} INFO - Setting next_dagrun for tutorial_taskflow_api to None, run_after=None
[2025-10-20T18:03:13.015+0000] {processor.py:175} INFO - Processing /home/airflow/.local/lib/python3.7/site-packages/airflow/example_dags/tutorial_taskflow_api.py took 0.038 seconds
[2025-10-20T18:03:43.235+0000] {processor.py:153} INFO - Started process (PID=661) to work on /home/airflow/.local/lib/python3.7/site-packages/airflow/example_dags/tutorial_taskflow_api.py
[2025-10-20T18:03:43.235+0000] {processor.py:743} INFO - Processing file /home/airflow/.local/lib/python3.7/site-packages/airflow/example_dags/tutorial_taskflow_api.py for tasks to queue
[2025-10-20T18:03:43.235+0000] {logging_mixin.py:137} INFO - [2025-10-20T18:03:43.235+0000] {dagbag.py:538} INFO - Filling up the DagBag from /home/airflow/.local/lib/python3.7/site-packages/airflow/example_dags/tutorial_taskflow_api.py
[2025-10-20T18:03:43.243+0000] {processor.py:753} INFO - DAG(s) dict_keys(['tutorial_taskflow_api']) retrieved from /home/airflow/.local/lib/python3.7/site-packages/airflow/example_dags/tutorial_taskflow_api.py
[2025-10-20T18:03:43.251+0000] {logging_mixin.py:137} INFO - [2025-10-20T18:03:43.251+0000] {dag.py:2690} INFO - Sync 1 DAGs
[2025-10-20T18:03:43.259+0000] {logging_mixin.py:137} INFO - [2025-10-20T18:03:43.259+0000] {dag.py:3441} INFO - Setting next_dagrun for tutorial_taskflow_api to None, run_after=None
[2025-10-20T18:03:43.265+0000] {processor.py:175} INFO - Processing /home/airflow/.local/lib/python3.7/site-packages/airflow/example_dags/tutorial_taskflow_api.py took 0.033 seconds
[2025-10-20T18:04:13.468+0000] {processor.py:153} INFO - Started process (PID=754) to work on /home/airflow/.local/lib/python3.7/site-packages/airflow/example_dags/tutorial_taskflow_api.py
[2025-10-20T18:04:13.468+0000] {processor.py:743} INFO - Processing file /home/airflow/.local/lib/python3.7/site-packages/airflow/example_dags/tutorial_taskflow_api.py for tasks to queue
[2025-10-20T18:04:13.469+0000] {logging_mixin.py:137} INFO - [2025-10-20T18:04:13.469+0000] {dagbag.py:538} INFO - Filling up the DagBag from /home/airflow/.local/lib/python3.7/site-packages/airflow/example_dags/tutorial_taskflow_api.py
[2025-10-20T18:04:13.477+0000] {processor.py:753} INFO - DAG(s) dict_keys(['tutorial_taskflow_api']) retrieved from /home/airflow/.local/lib/python3.7/site-packages/airflow/example_dags/tutorial_taskflow_api.py
[2025-10-20T18:04:13.485+0000] {logging_mixin.py:137} INFO - [2025-10-20T18:04:13.485+0000] {dag.py:2690} INFO - Sync 1 DAGs
[2025-10-20T18:04:13.493+0000] {logging_mixin.py:137} INFO - [2025-10-20T18:04:13.493+0000] {dag.py:3441} INFO - Setting next_dagrun for tutorial_taskflow_api to None, run_after=None
[2025-10-20T18:04:13.500+0000] {processor.py:175} INFO - Processing /home/airflow/.local/lib/python3.7/site-packages/airflow/example_dags/tutorial_taskflow_api.py took 0.033 seconds
[2025-10-20T18:04:43.709+0000] {processor.py:153} INFO - Started process (PID=847) to work on /home/airflow/.local/lib/python3.7/site-packages/airflow/example_dags/tutorial_taskflow_api.py
[2025-10-20T18:04:43.709+0000] {processor.py:743} INFO - Processing file /home/airflow/.local/lib/python3.7/site-packages/airflow/example_dags/tutorial_taskflow_api.py for tasks to queue
[2025-10-20T18:04:43.709+0000] {logging_mixin.py:137} INFO - [2025-10-20T18:04:43.709+0000] {dagbag.py:538} INFO - Filling up the DagBag from /home/airflow/.local/lib/python3.7/site-packages/airflow/example_dags/tutorial_taskflow_api.py
[2025-10-20T18:04:43.717+0000] {processor.py:753} INFO - DAG(s) dict_keys(['tutorial_taskflow_api']) retrieved from /home/airflow/.local/lib/python3.7/site-packages/airflow/example_dags/tutorial_taskflow_api.py
[2025-10-20T18:04:43.726+0000] {logging_mixin.py:137} INFO - [2025-10-20T18:04:43.725+0000] {dag.py:2690} INFO - Sync 1 DAGs
[2025-10-20T18:04:43.734+0000] {logging_mixin.py:137} INFO - [2025-10-20T18:04:43.734+0000] {dag.py:3441} INFO - Setting next_dagrun for tutorial_taskflow_api to None, run_after=None
[2025-10-20T18:04:43.740+0000] {processor.py:175} INFO - Processing /home/airflow/.local/lib/python3.7/site-packages/airflow/example_dags/tutorial_taskflow_api.py took 0.032 seconds
[2025-10-20T18:05:13.940+0000] {processor.py:153} INFO - Started process (PID=940) to work on /home/airflow/.local/lib/python3.7/site-packages/airflow/example_dags/tutorial_taskflow_api.py
[2025-10-20T18:05:13.940+0000] {processor.py:743} INFO - Processing file /home/airflow/.local/lib/python3.7/site-packages/airflow/example_dags/tutorial_taskflow_api.py for tasks to queue
[2025-10-20T18:05:13.941+0000] {logging_mixin.py:137} INFO - [2025-10-20T18:05:13.940+0000] {dagbag.py:538} INFO - Filling up the DagBag from /home/airflow/.local/lib/python3.7/site-packages/airflow/example_dags/tutorial_taskflow_api.py
[2025-10-20T18:05:13.948+0000] {processor.py:753} INFO - DAG(s) dict_keys(['tutorial_taskflow_api']) retrieved from /home/airflow/.local/lib/python3.7/site-packages/airflow/example_dags/tutorial_taskflow_api.py
[2025-10-20T18:05:13.957+0000] {logging_mixin.py:137} INFO - [2025-10-20T18:05:13.957+0000] {dag.py:2690} INFO - Sync 1 DAGs
[2025-10-20T18:05:13.965+0000] {logging_mixin.py:137} INFO - [2025-10-20T18:05:13.965+0000] {dag.py:3441} INFO - Setting next_dagrun for tutorial_taskflow_api to None, run_after=None
[2025-10-20T18:05:13.971+0000] {processor.py:175} INFO - Processing /home/airflow/.local/lib/python3.7/site-packages/airflow/example_dags/tutorial_taskflow_api.py took 0.033 seconds
[2025-10-20T18:05:44.421+0000] {processor.py:153} INFO - Started process (PID=1015) to work on /home/airflow/.local/lib/python3.7/site-packages/airflow/example_dags/tutorial_taskflow_api.py
[2025-10-20T18:05:44.421+0000] {processor.py:743} INFO - Processing file /home/airflow/.local/lib/python3.7/site-packages/airflow/example_dags/tutorial_taskflow_api.py for tasks to queue
[2025-10-20T18:05:44.422+0000] {logging_mixin.py:137} INFO - [2025-10-20T18:05:44.422+0000] {dagbag.py:538} INFO - Filling up the DagBag from /home/airflow/.local/lib/python3.7/site-packages/airflow/example_dags/tutorial_taskflow_api.py
[2025-10-20T18:05:44.437+0000] {processor.py:753} INFO - DAG(s) dict_keys(['tutorial_taskflow_api']) retrieved from /home/airflow/.local/lib/python3.7/site-packages/airflow/example_dags/tutorial_taskflow_api.py
[2025-10-20T18:05:44.450+0000] {logging_mixin.py:137} INFO - [2025-10-20T18:05:44.450+0000] {dag.py:2690} INFO - Sync 1 DAGs
[2025-10-20T18:05:44.461+0000] {logging_mixin.py:137} INFO - [2025-10-20T18:05:44.461+0000] {dag.py:3441} INFO - Setting next_dagrun for tutorial_taskflow_api to None, run_after=None
[2025-10-20T18:05:44.469+0000] {processor.py:175} INFO - Processing /home/airflow/.local/lib/python3.7/site-packages/airflow/example_dags/tutorial_taskflow_api.py took 0.053 seconds
[2025-10-20T18:06:14.606+0000] {processor.py:153} INFO - Started process (PID=1108) to work on /home/airflow/.local/lib/python3.7/site-packages/airflow/example_dags/tutorial_taskflow_api.py
[2025-10-20T18:06:14.607+0000] {processor.py:743} INFO - Processing file /home/airflow/.local/lib/python3.7/site-packages/airflow/example_dags/tutorial_taskflow_api.py for tasks to queue
[2025-10-20T18:06:14.607+0000] {logging_mixin.py:137} INFO - [2025-10-20T18:06:14.607+0000] {dagbag.py:538} INFO - Filling up the DagBag from /home/airflow/.local/lib/python3.7/site-packages/airflow/example_dags/tutorial_taskflow_api.py
[2025-10-20T18:06:14.615+0000] {processor.py:753} INFO - DAG(s) dict_keys(['tutorial_taskflow_api']) retrieved from /home/airflow/.local/lib/python3.7/site-packages/airflow/example_dags/tutorial_taskflow_api.py
[2025-10-20T18:06:14.624+0000] {logging_mixin.py:137} INFO - [2025-10-20T18:06:14.624+0000] {dag.py:2690} INFO - Sync 1 DAGs
[2025-10-20T18:06:14.633+0000] {logging_mixin.py:137} INFO - [2025-10-20T18:06:14.633+0000] {dag.py:3441} INFO - Setting next_dagrun for tutorial_taskflow_api to None, run_after=None
[2025-10-20T18:06:14.640+0000] {processor.py:175} INFO - Processing /home/airflow/.local/lib/python3.7/site-packages/airflow/example_dags/tutorial_taskflow_api.py took 0.034 seconds
[2025-10-20T18:06:44.859+0000] {processor.py:153} INFO - Started process (PID=1201) to work on /home/airflow/.local/lib/python3.7/site-packages/airflow/example_dags/tutorial_taskflow_api.py
[2025-10-20T18:06:44.859+0000] {processor.py:743} INFO - Processing file /home/airflow/.local/lib/python3.7/site-packages/airflow/example_dags/tutorial_taskflow_api.py for tasks to queue
[2025-10-20T18:06:44.859+0000] {logging_mixin.py:137} INFO - [2025-10-20T18:06:44.859+0000] {dagbag.py:538} INFO - Filling up the DagBag from /home/airflow/.local/lib/python3.7/site-packages/airflow/example_dags/tutorial_taskflow_api.py
[2025-10-20T18:06:44.869+0000] {processor.py:753} INFO - DAG(s) dict_keys(['tutorial_taskflow_api']) retrieved from /home/airflow/.local/lib/python3.7/site-packages/airflow/example_dags/tutorial_taskflow_api.py
[2025-10-20T18:06:44.880+0000] {logging_mixin.py:137} INFO - [2025-10-20T18:06:44.880+0000] {dag.py:2690} INFO - Sync 1 DAGs
[2025-10-20T18:06:44.891+0000] {logging_mixin.py:137} INFO - [2025-10-20T18:06:44.891+0000] {dag.py:3441} INFO - Setting next_dagrun for tutorial_taskflow_api to None, run_after=None
[2025-10-20T18:06:44.898+0000] {processor.py:175} INFO - Processing /home/airflow/.local/lib/python3.7/site-packages/airflow/example_dags/tutorial_taskflow_api.py took 0.040 seconds
[2025-10-20T18:07:15.202+0000] {processor.py:153} INFO - Started process (PID=1294) to work on /home/airflow/.local/lib/python3.7/site-packages/airflow/example_dags/tutorial_taskflow_api.py
[2025-10-20T18:07:15.202+0000] {processor.py:743} INFO - Processing file /home/airflow/.local/lib/python3.7/site-packages/airflow/example_dags/tutorial_taskflow_api.py for tasks to queue
[2025-10-20T18:07:15.203+0000] {logging_mixin.py:137} INFO - [2025-10-20T18:07:15.203+0000] {dagbag.py:538} INFO - Filling up the DagBag from /home/airflow/.local/lib/python3.7/site-packages/airflow/example_dags/tutorial_taskflow_api.py
[2025-10-20T18:07:15.210+0000] {processor.py:753} INFO - DAG(s) dict_keys(['tutorial_taskflow_api']) retrieved from /home/airflow/.local/lib/python3.7/site-packages/airflow/example_dags/tutorial_taskflow_api.py
[2025-10-20T18:07:15.219+0000] {logging_mixin.py:137} INFO - [2025-10-20T18:07:15.219+0000] {dag.py:2690} INFO - Sync 1 DAGs
[2025-10-20T18:07:15.227+0000] {logging_mixin.py:137} INFO - [2025-10-20T18:07:15.227+0000] {dag.py:3441} INFO - Setting next_dagrun for tutorial_taskflow_api to None, run_after=None
[2025-10-20T18:07:15.233+0000] {processor.py:175} INFO - Processing /home/airflow/.local/lib/python3.7/site-packages/airflow/example_dags/tutorial_taskflow_api.py took 0.032 seconds
[2025-10-20T18:07:45.370+0000] {processor.py:153} INFO - Started process (PID=1369) to work on /home/airflow/.local/lib/python3.7/site-packages/airflow/example_dags/tutorial_taskflow_api.py
[2025-10-20T18:07:45.370+0000] {processor.py:743} INFO - Processing file /home/airflow/.local/lib/python3.7/site-packages/airflow/example_dags/tutorial_taskflow_api.py for tasks to queue
[2025-10-20T18:07:45.370+0000] {logging_mixin.py:137} INFO - [2025-10-20T18:07:45.370+0000] {dagbag.py:538} INFO - Filling up the DagBag from /home/airflow/.local/lib/python3.7/site-packages/airflow/example_dags/tutorial_taskflow_api.py
[2025-10-20T18:07:45.378+0000] {processor.py:753} INFO - DAG(s) dict_keys(['tutorial_taskflow_api']) retrieved from /home/airflow/.local/lib/python3.7/site-packages/airflow/example_dags/tutorial_taskflow_api.py
[2025-10-20T18:07:45.388+0000] {logging_mixin.py:137} INFO - [2025-10-20T18:07:45.388+0000] {dag.py:2690} INFO - Sync 1 DAGs
[2025-10-20T18:07:45.396+0000] {logging_mixin.py:137} INFO - [2025-10-20T18:07:45.396+0000] {dag.py:3441} INFO - Setting next_dagrun for tutorial_taskflow_api to None, run_after=None
[2025-10-20T18:07:45.402+0000] {processor.py:175} INFO - Processing /home/airflow/.local/lib/python3.7/site-packages/airflow/example_dags/tutorial_taskflow_api.py took 0.034 seconds
[2025-10-20T18:08:15.671+0000] {processor.py:153} INFO - Started process (PID=1462) to work on /home/airflow/.local/lib/python3.7/site-packages/airflow/example_dags/tutorial_taskflow_api.py
[2025-10-20T18:08:15.675+0000] {processor.py:743} INFO - Processing file /home/airflow/.local/lib/python3.7/site-packages/airflow/example_dags/tutorial_taskflow_api.py for tasks to queue
[2025-10-20T18:08:15.676+0000] {logging_mixin.py:137} INFO - [2025-10-20T18:08:15.675+0000] {dagbag.py:538} INFO - Filling up the DagBag from /home/airflow/.local/lib/python3.7/site-packages/airflow/example_dags/tutorial_taskflow_api.py
[2025-10-20T18:08:15.689+0000] {processor.py:753} INFO - DAG(s) dict_keys(['tutorial_taskflow_api']) retrieved from /home/airflow/.local/lib/python3.7/site-packages/airflow/example_dags/tutorial_taskflow_api.py
[2025-10-20T18:08:15.699+0000] {logging_mixin.py:137} INFO - [2025-10-20T18:08:15.699+0000] {dag.py:2690} INFO - Sync 1 DAGs
[2025-10-20T18:08:15.708+0000] {logging_mixin.py:137} INFO - [2025-10-20T18:08:15.708+0000] {dag.py:3441} INFO - Setting next_dagrun for tutorial_taskflow_api to None, run_after=None
[2025-10-20T18:08:15.714+0000] {processor.py:175} INFO - Processing /home/airflow/.local/lib/python3.7/site-packages/airflow/example_dags/tutorial_taskflow_api.py took 0.046 seconds
[2025-10-20T18:08:45.938+0000] {processor.py:153} INFO - Started process (PID=1555) to work on /home/airflow/.local/lib/python3.7/site-packages/airflow/example_dags/tutorial_taskflow_api.py
[2025-10-20T18:08:45.938+0000] {processor.py:743} INFO - Processing file /home/airflow/.local/lib/python3.7/site-packages/airflow/example_dags/tutorial_taskflow_api.py for tasks to queue
[2025-10-20T18:08:45.938+0000] {logging_mixin.py:137} INFO - [2025-10-20T18:08:45.938+0000] {dagbag.py:538} INFO - Filling up the DagBag from /home/airflow/.local/lib/python3.7/site-packages/airflow/example_dags/tutorial_taskflow_api.py
[2025-10-20T18:08:45.945+0000] {processor.py:753} INFO - DAG(s) dict_keys(['tutorial_taskflow_api']) retrieved from /home/airflow/.local/lib/python3.7/site-packages/airflow/example_dags/tutorial_taskflow_api.py
[2025-10-20T18:08:45.955+0000] {logging_mixin.py:137} INFO - [2025-10-20T18:08:45.955+0000] {dag.py:2690} INFO - Sync 1 DAGs
[2025-10-20T18:08:45.963+0000] {logging_mixin.py:137} INFO - [2025-10-20T18:08:45.963+0000] {dag.py:3441} INFO - Setting next_dagrun for tutorial_taskflow_api to None, run_after=None
[2025-10-20T18:08:45.969+0000] {processor.py:175} INFO - Processing /home/airflow/.local/lib/python3.7/site-packages/airflow/example_dags/tutorial_taskflow_api.py took 0.033 seconds
