[2025-10-20T18:00:11.023+0000] {processor.py:153} INFO - Started process (PID=48) to work on /home/airflow/.local/lib/python3.7/site-packages/airflow/example_dags/tutorial_dag.py
[2025-10-20T18:00:11.024+0000] {processor.py:743} INFO - Processing file /home/airflow/.local/lib/python3.7/site-packages/airflow/example_dags/tutorial_dag.py for tasks to queue
[2025-10-20T18:00:11.024+0000] {logging_mixin.py:137} INFO - [2025-10-20T18:00:11.024+0000] {dagbag.py:538} INFO - Filling up the DagBag from /home/airflow/.local/lib/python3.7/site-packages/airflow/example_dags/tutorial_dag.py
[2025-10-20T18:00:11.031+0000] {processor.py:753} INFO - DAG(s) dict_keys(['tutorial_dag']) retrieved from /home/airflow/.local/lib/python3.7/site-packages/airflow/example_dags/tutorial_dag.py
[2025-10-20T18:00:11.037+0000] {logging_mixin.py:137} INFO - [2025-10-20T18:00:11.037+0000] {dag.py:2690} INFO - Sync 1 DAGs
[2025-10-20T18:00:11.050+0000] {logging_mixin.py:137} INFO - [2025-10-20T18:00:11.050+0000] {dag.py:3441} INFO - Setting next_dagrun for tutorial_dag to None, run_after=None
[2025-10-20T18:00:11.058+0000] {processor.py:175} INFO - Processing /home/airflow/.local/lib/python3.7/site-packages/airflow/example_dags/tutorial_dag.py took 0.036 seconds
[2025-10-20T18:00:41.502+0000] {processor.py:153} INFO - Started process (PID=141) to work on /home/airflow/.local/lib/python3.7/site-packages/airflow/example_dags/tutorial_dag.py
[2025-10-20T18:00:41.503+0000] {processor.py:743} INFO - Processing file /home/airflow/.local/lib/python3.7/site-packages/airflow/example_dags/tutorial_dag.py for tasks to queue
[2025-10-20T18:00:41.503+0000] {logging_mixin.py:137} INFO - [2025-10-20T18:00:41.503+0000] {dagbag.py:538} INFO - Filling up the DagBag from /home/airflow/.local/lib/python3.7/site-packages/airflow/example_dags/tutorial_dag.py
[2025-10-20T18:00:41.509+0000] {processor.py:753} INFO - DAG(s) dict_keys(['tutorial_dag']) retrieved from /home/airflow/.local/lib/python3.7/site-packages/airflow/example_dags/tutorial_dag.py
[2025-10-20T18:00:41.519+0000] {logging_mixin.py:137} INFO - [2025-10-20T18:00:41.518+0000] {dag.py:2690} INFO - Sync 1 DAGs
[2025-10-20T18:00:41.528+0000] {logging_mixin.py:137} INFO - [2025-10-20T18:00:41.528+0000] {dag.py:3441} INFO - Setting next_dagrun for tutorial_dag to None, run_after=None
[2025-10-20T18:00:41.535+0000] {processor.py:175} INFO - Processing /home/airflow/.local/lib/python3.7/site-packages/airflow/example_dags/tutorial_dag.py took 0.034 seconds
[2025-10-20T18:01:11.776+0000] {processor.py:153} INFO - Started process (PID=223) to work on /home/airflow/.local/lib/python3.7/site-packages/airflow/example_dags/tutorial_dag.py
[2025-10-20T18:01:11.776+0000] {processor.py:743} INFO - Processing file /home/airflow/.local/lib/python3.7/site-packages/airflow/example_dags/tutorial_dag.py for tasks to queue
[2025-10-20T18:01:11.777+0000] {logging_mixin.py:137} INFO - [2025-10-20T18:01:11.776+0000] {dagbag.py:538} INFO - Filling up the DagBag from /home/airflow/.local/lib/python3.7/site-packages/airflow/example_dags/tutorial_dag.py
[2025-10-20T18:01:11.783+0000] {processor.py:753} INFO - DAG(s) dict_keys(['tutorial_dag']) retrieved from /home/airflow/.local/lib/python3.7/site-packages/airflow/example_dags/tutorial_dag.py
[2025-10-20T18:01:11.796+0000] {logging_mixin.py:137} INFO - [2025-10-20T18:01:11.796+0000] {dag.py:2690} INFO - Sync 1 DAGs
[2025-10-20T18:01:11.815+0000] {logging_mixin.py:137} INFO - [2025-10-20T18:01:11.815+0000] {dag.py:3441} INFO - Setting next_dagrun for tutorial_dag to None, run_after=None
[2025-10-20T18:01:11.823+0000] {processor.py:175} INFO - Processing /home/airflow/.local/lib/python3.7/site-packages/airflow/example_dags/tutorial_dag.py took 0.050 seconds
[2025-10-20T18:01:42.299+0000] {processor.py:153} INFO - Started process (PID=309) to work on /home/airflow/.local/lib/python3.7/site-packages/airflow/example_dags/tutorial_dag.py
[2025-10-20T18:01:42.300+0000] {processor.py:743} INFO - Processing file /home/airflow/.local/lib/python3.7/site-packages/airflow/example_dags/tutorial_dag.py for tasks to queue
[2025-10-20T18:01:42.300+0000] {logging_mixin.py:137} INFO - [2025-10-20T18:01:42.300+0000] {dagbag.py:538} INFO - Filling up the DagBag from /home/airflow/.local/lib/python3.7/site-packages/airflow/example_dags/tutorial_dag.py
[2025-10-20T18:01:42.304+0000] {processor.py:753} INFO - DAG(s) dict_keys(['tutorial_dag']) retrieved from /home/airflow/.local/lib/python3.7/site-packages/airflow/example_dags/tutorial_dag.py
[2025-10-20T18:01:42.314+0000] {logging_mixin.py:137} INFO - [2025-10-20T18:01:42.314+0000] {dag.py:2690} INFO - Sync 1 DAGs
[2025-10-20T18:01:42.323+0000] {logging_mixin.py:137} INFO - [2025-10-20T18:01:42.323+0000] {dag.py:3441} INFO - Setting next_dagrun for tutorial_dag to None, run_after=None
[2025-10-20T18:01:42.329+0000] {processor.py:175} INFO - Processing /home/airflow/.local/lib/python3.7/site-packages/airflow/example_dags/tutorial_dag.py took 0.031 seconds
[2025-10-20T18:02:12.496+0000] {processor.py:153} INFO - Started process (PID=402) to work on /home/airflow/.local/lib/python3.7/site-packages/airflow/example_dags/tutorial_dag.py
[2025-10-20T18:02:12.497+0000] {processor.py:743} INFO - Processing file /home/airflow/.local/lib/python3.7/site-packages/airflow/example_dags/tutorial_dag.py for tasks to queue
[2025-10-20T18:02:12.497+0000] {logging_mixin.py:137} INFO - [2025-10-20T18:02:12.497+0000] {dagbag.py:538} INFO - Filling up the DagBag from /home/airflow/.local/lib/python3.7/site-packages/airflow/example_dags/tutorial_dag.py
[2025-10-20T18:02:12.502+0000] {processor.py:753} INFO - DAG(s) dict_keys(['tutorial_dag']) retrieved from /home/airflow/.local/lib/python3.7/site-packages/airflow/example_dags/tutorial_dag.py
[2025-10-20T18:02:12.512+0000] {logging_mixin.py:137} INFO - [2025-10-20T18:02:12.512+0000] {dag.py:2690} INFO - Sync 1 DAGs
[2025-10-20T18:02:12.521+0000] {logging_mixin.py:137} INFO - [2025-10-20T18:02:12.521+0000] {dag.py:3441} INFO - Setting next_dagrun for tutorial_dag to None, run_after=None
[2025-10-20T18:02:12.527+0000] {processor.py:175} INFO - Processing /home/airflow/.local/lib/python3.7/site-packages/airflow/example_dags/tutorial_dag.py took 0.032 seconds
[2025-10-20T18:02:42.706+0000] {processor.py:153} INFO - Started process (PID=495) to work on /home/airflow/.local/lib/python3.7/site-packages/airflow/example_dags/tutorial_dag.py
[2025-10-20T18:02:42.706+0000] {processor.py:743} INFO - Processing file /home/airflow/.local/lib/python3.7/site-packages/airflow/example_dags/tutorial_dag.py for tasks to queue
[2025-10-20T18:02:42.706+0000] {logging_mixin.py:137} INFO - [2025-10-20T18:02:42.706+0000] {dagbag.py:538} INFO - Filling up the DagBag from /home/airflow/.local/lib/python3.7/site-packages/airflow/example_dags/tutorial_dag.py
[2025-10-20T18:02:42.713+0000] {processor.py:753} INFO - DAG(s) dict_keys(['tutorial_dag']) retrieved from /home/airflow/.local/lib/python3.7/site-packages/airflow/example_dags/tutorial_dag.py
[2025-10-20T18:02:42.722+0000] {logging_mixin.py:137} INFO - [2025-10-20T18:02:42.722+0000] {dag.py:2690} INFO - Sync 1 DAGs
[2025-10-20T18:02:42.730+0000] {logging_mixin.py:137} INFO - [2025-10-20T18:02:42.730+0000] {dag.py:3441} INFO - Setting next_dagrun for tutorial_dag to None, run_after=None
[2025-10-20T18:02:42.737+0000] {processor.py:175} INFO - Processing /home/airflow/.local/lib/python3.7/site-packages/airflow/example_dags/tutorial_dag.py took 0.032 seconds
[2025-10-20T18:03:12.979+0000] {processor.py:153} INFO - Started process (PID=587) to work on /home/airflow/.local/lib/python3.7/site-packages/airflow/example_dags/tutorial_dag.py
[2025-10-20T18:03:12.979+0000] {processor.py:743} INFO - Processing file /home/airflow/.local/lib/python3.7/site-packages/airflow/example_dags/tutorial_dag.py for tasks to queue
[2025-10-20T18:03:12.980+0000] {logging_mixin.py:137} INFO - [2025-10-20T18:03:12.980+0000] {dagbag.py:538} INFO - Filling up the DagBag from /home/airflow/.local/lib/python3.7/site-packages/airflow/example_dags/tutorial_dag.py
[2025-10-20T18:03:12.985+0000] {processor.py:753} INFO - DAG(s) dict_keys(['tutorial_dag']) retrieved from /home/airflow/.local/lib/python3.7/site-packages/airflow/example_dags/tutorial_dag.py
[2025-10-20T18:03:12.995+0000] {logging_mixin.py:137} INFO - [2025-10-20T18:03:12.995+0000] {dag.py:2690} INFO - Sync 1 DAGs
[2025-10-20T18:03:13.005+0000] {logging_mixin.py:137} INFO - [2025-10-20T18:03:13.005+0000] {dag.py:3441} INFO - Setting next_dagrun for tutorial_dag to None, run_after=None
[2025-10-20T18:03:13.014+0000] {processor.py:175} INFO - Processing /home/airflow/.local/lib/python3.7/site-packages/airflow/example_dags/tutorial_dag.py took 0.036 seconds
[2025-10-20T18:03:43.235+0000] {processor.py:153} INFO - Started process (PID=662) to work on /home/airflow/.local/lib/python3.7/site-packages/airflow/example_dags/tutorial_dag.py
[2025-10-20T18:03:43.235+0000] {processor.py:743} INFO - Processing file /home/airflow/.local/lib/python3.7/site-packages/airflow/example_dags/tutorial_dag.py for tasks to queue
[2025-10-20T18:03:43.236+0000] {logging_mixin.py:137} INFO - [2025-10-20T18:03:43.236+0000] {dagbag.py:538} INFO - Filling up the DagBag from /home/airflow/.local/lib/python3.7/site-packages/airflow/example_dags/tutorial_dag.py
[2025-10-20T18:03:43.240+0000] {processor.py:753} INFO - DAG(s) dict_keys(['tutorial_dag']) retrieved from /home/airflow/.local/lib/python3.7/site-packages/airflow/example_dags/tutorial_dag.py
[2025-10-20T18:03:43.250+0000] {logging_mixin.py:137} INFO - [2025-10-20T18:03:43.250+0000] {dag.py:2690} INFO - Sync 1 DAGs
[2025-10-20T18:03:43.258+0000] {logging_mixin.py:137} INFO - [2025-10-20T18:03:43.258+0000] {dag.py:3441} INFO - Setting next_dagrun for tutorial_dag to None, run_after=None
[2025-10-20T18:03:43.265+0000] {processor.py:175} INFO - Processing /home/airflow/.local/lib/python3.7/site-packages/airflow/example_dags/tutorial_dag.py took 0.031 seconds
[2025-10-20T18:04:13.469+0000] {processor.py:153} INFO - Started process (PID=755) to work on /home/airflow/.local/lib/python3.7/site-packages/airflow/example_dags/tutorial_dag.py
[2025-10-20T18:04:13.469+0000] {processor.py:743} INFO - Processing file /home/airflow/.local/lib/python3.7/site-packages/airflow/example_dags/tutorial_dag.py for tasks to queue
[2025-10-20T18:04:13.470+0000] {logging_mixin.py:137} INFO - [2025-10-20T18:04:13.470+0000] {dagbag.py:538} INFO - Filling up the DagBag from /home/airflow/.local/lib/python3.7/site-packages/airflow/example_dags/tutorial_dag.py
[2025-10-20T18:04:13.475+0000] {processor.py:753} INFO - DAG(s) dict_keys(['tutorial_dag']) retrieved from /home/airflow/.local/lib/python3.7/site-packages/airflow/example_dags/tutorial_dag.py
[2025-10-20T18:04:13.485+0000] {logging_mixin.py:137} INFO - [2025-10-20T18:04:13.485+0000] {dag.py:2690} INFO - Sync 1 DAGs
[2025-10-20T18:04:13.493+0000] {logging_mixin.py:137} INFO - [2025-10-20T18:04:13.493+0000] {dag.py:3441} INFO - Setting next_dagrun for tutorial_dag to None, run_after=None
[2025-10-20T18:04:13.500+0000] {processor.py:175} INFO - Processing /home/airflow/.local/lib/python3.7/site-packages/airflow/example_dags/tutorial_dag.py took 0.032 seconds
[2025-10-20T18:04:43.746+0000] {processor.py:153} INFO - Started process (PID=848) to work on /home/airflow/.local/lib/python3.7/site-packages/airflow/example_dags/tutorial_dag.py
[2025-10-20T18:04:43.746+0000] {processor.py:743} INFO - Processing file /home/airflow/.local/lib/python3.7/site-packages/airflow/example_dags/tutorial_dag.py for tasks to queue
[2025-10-20T18:04:43.747+0000] {logging_mixin.py:137} INFO - [2025-10-20T18:04:43.747+0000] {dagbag.py:538} INFO - Filling up the DagBag from /home/airflow/.local/lib/python3.7/site-packages/airflow/example_dags/tutorial_dag.py
[2025-10-20T18:04:43.751+0000] {processor.py:753} INFO - DAG(s) dict_keys(['tutorial_dag']) retrieved from /home/airflow/.local/lib/python3.7/site-packages/airflow/example_dags/tutorial_dag.py
[2025-10-20T18:04:43.760+0000] {logging_mixin.py:137} INFO - [2025-10-20T18:04:43.760+0000] {dag.py:2690} INFO - Sync 1 DAGs
[2025-10-20T18:04:43.768+0000] {logging_mixin.py:137} INFO - [2025-10-20T18:04:43.768+0000] {dag.py:3441} INFO - Setting next_dagrun for tutorial_dag to None, run_after=None
[2025-10-20T18:04:43.774+0000] {processor.py:175} INFO - Processing /home/airflow/.local/lib/python3.7/site-packages/airflow/example_dags/tutorial_dag.py took 0.029 seconds
[2025-10-20T18:05:13.978+0000] {processor.py:153} INFO - Started process (PID=941) to work on /home/airflow/.local/lib/python3.7/site-packages/airflow/example_dags/tutorial_dag.py
[2025-10-20T18:05:13.978+0000] {processor.py:743} INFO - Processing file /home/airflow/.local/lib/python3.7/site-packages/airflow/example_dags/tutorial_dag.py for tasks to queue
[2025-10-20T18:05:13.979+0000] {logging_mixin.py:137} INFO - [2025-10-20T18:05:13.979+0000] {dagbag.py:538} INFO - Filling up the DagBag from /home/airflow/.local/lib/python3.7/site-packages/airflow/example_dags/tutorial_dag.py
[2025-10-20T18:05:13.983+0000] {processor.py:753} INFO - DAG(s) dict_keys(['tutorial_dag']) retrieved from /home/airflow/.local/lib/python3.7/site-packages/airflow/example_dags/tutorial_dag.py
[2025-10-20T18:05:13.992+0000] {logging_mixin.py:137} INFO - [2025-10-20T18:05:13.992+0000] {dag.py:2690} INFO - Sync 1 DAGs
[2025-10-20T18:05:14.000+0000] {logging_mixin.py:137} INFO - [2025-10-20T18:05:14.000+0000] {dag.py:3441} INFO - Setting next_dagrun for tutorial_dag to None, run_after=None
[2025-10-20T18:05:14.005+0000] {processor.py:175} INFO - Processing /home/airflow/.local/lib/python3.7/site-packages/airflow/example_dags/tutorial_dag.py took 0.028 seconds
[2025-10-20T18:05:44.438+0000] {processor.py:153} INFO - Started process (PID=1016) to work on /home/airflow/.local/lib/python3.7/site-packages/airflow/example_dags/tutorial_dag.py
[2025-10-20T18:05:44.439+0000] {processor.py:743} INFO - Processing file /home/airflow/.local/lib/python3.7/site-packages/airflow/example_dags/tutorial_dag.py for tasks to queue
[2025-10-20T18:05:44.440+0000] {logging_mixin.py:137} INFO - [2025-10-20T18:05:44.439+0000] {dagbag.py:538} INFO - Filling up the DagBag from /home/airflow/.local/lib/python3.7/site-packages/airflow/example_dags/tutorial_dag.py
[2025-10-20T18:05:44.446+0000] {processor.py:753} INFO - DAG(s) dict_keys(['tutorial_dag']) retrieved from /home/airflow/.local/lib/python3.7/site-packages/airflow/example_dags/tutorial_dag.py
[2025-10-20T18:05:44.458+0000] {logging_mixin.py:137} INFO - [2025-10-20T18:05:44.458+0000] {dag.py:2690} INFO - Sync 1 DAGs
[2025-10-20T18:05:44.470+0000] {logging_mixin.py:137} INFO - [2025-10-20T18:05:44.470+0000] {dag.py:3441} INFO - Setting next_dagrun for tutorial_dag to None, run_after=None
[2025-10-20T18:05:44.479+0000] {processor.py:175} INFO - Processing /home/airflow/.local/lib/python3.7/site-packages/airflow/example_dags/tutorial_dag.py took 0.043 seconds
[2025-10-20T18:06:14.645+0000] {processor.py:153} INFO - Started process (PID=1109) to work on /home/airflow/.local/lib/python3.7/site-packages/airflow/example_dags/tutorial_dag.py
[2025-10-20T18:06:14.646+0000] {processor.py:743} INFO - Processing file /home/airflow/.local/lib/python3.7/site-packages/airflow/example_dags/tutorial_dag.py for tasks to queue
[2025-10-20T18:06:14.646+0000] {logging_mixin.py:137} INFO - [2025-10-20T18:06:14.646+0000] {dagbag.py:538} INFO - Filling up the DagBag from /home/airflow/.local/lib/python3.7/site-packages/airflow/example_dags/tutorial_dag.py
[2025-10-20T18:06:14.650+0000] {processor.py:753} INFO - DAG(s) dict_keys(['tutorial_dag']) retrieved from /home/airflow/.local/lib/python3.7/site-packages/airflow/example_dags/tutorial_dag.py
[2025-10-20T18:06:14.659+0000] {logging_mixin.py:137} INFO - [2025-10-20T18:06:14.659+0000] {dag.py:2690} INFO - Sync 1 DAGs
[2025-10-20T18:06:14.667+0000] {logging_mixin.py:137} INFO - [2025-10-20T18:06:14.667+0000] {dag.py:3441} INFO - Setting next_dagrun for tutorial_dag to None, run_after=None
[2025-10-20T18:06:14.674+0000] {processor.py:175} INFO - Processing /home/airflow/.local/lib/python3.7/site-packages/airflow/example_dags/tutorial_dag.py took 0.029 seconds
[2025-10-20T18:06:44.904+0000] {processor.py:153} INFO - Started process (PID=1202) to work on /home/airflow/.local/lib/python3.7/site-packages/airflow/example_dags/tutorial_dag.py
[2025-10-20T18:06:44.905+0000] {processor.py:743} INFO - Processing file /home/airflow/.local/lib/python3.7/site-packages/airflow/example_dags/tutorial_dag.py for tasks to queue
[2025-10-20T18:06:44.905+0000] {logging_mixin.py:137} INFO - [2025-10-20T18:06:44.905+0000] {dagbag.py:538} INFO - Filling up the DagBag from /home/airflow/.local/lib/python3.7/site-packages/airflow/example_dags/tutorial_dag.py
[2025-10-20T18:06:44.910+0000] {processor.py:753} INFO - DAG(s) dict_keys(['tutorial_dag']) retrieved from /home/airflow/.local/lib/python3.7/site-packages/airflow/example_dags/tutorial_dag.py
[2025-10-20T18:06:44.920+0000] {logging_mixin.py:137} INFO - [2025-10-20T18:06:44.920+0000] {dag.py:2690} INFO - Sync 1 DAGs
[2025-10-20T18:06:44.929+0000] {logging_mixin.py:137} INFO - [2025-10-20T18:06:44.929+0000] {dag.py:3441} INFO - Setting next_dagrun for tutorial_dag to None, run_after=None
[2025-10-20T18:06:44.936+0000] {processor.py:175} INFO - Processing /home/airflow/.local/lib/python3.7/site-packages/airflow/example_dags/tutorial_dag.py took 0.033 seconds
[2025-10-20T18:07:15.240+0000] {processor.py:153} INFO - Started process (PID=1295) to work on /home/airflow/.local/lib/python3.7/site-packages/airflow/example_dags/tutorial_dag.py
[2025-10-20T18:07:15.240+0000] {processor.py:743} INFO - Processing file /home/airflow/.local/lib/python3.7/site-packages/airflow/example_dags/tutorial_dag.py for tasks to queue
[2025-10-20T18:07:15.241+0000] {logging_mixin.py:137} INFO - [2025-10-20T18:07:15.240+0000] {dagbag.py:538} INFO - Filling up the DagBag from /home/airflow/.local/lib/python3.7/site-packages/airflow/example_dags/tutorial_dag.py
[2025-10-20T18:07:15.245+0000] {processor.py:753} INFO - DAG(s) dict_keys(['tutorial_dag']) retrieved from /home/airflow/.local/lib/python3.7/site-packages/airflow/example_dags/tutorial_dag.py
[2025-10-20T18:07:15.254+0000] {logging_mixin.py:137} INFO - [2025-10-20T18:07:15.254+0000] {dag.py:2690} INFO - Sync 1 DAGs
[2025-10-20T18:07:15.262+0000] {logging_mixin.py:137} INFO - [2025-10-20T18:07:15.262+0000] {dag.py:3441} INFO - Setting next_dagrun for tutorial_dag to None, run_after=None
[2025-10-20T18:07:15.267+0000] {processor.py:175} INFO - Processing /home/airflow/.local/lib/python3.7/site-packages/airflow/example_dags/tutorial_dag.py took 0.029 seconds
[2025-10-20T18:07:45.407+0000] {processor.py:153} INFO - Started process (PID=1370) to work on /home/airflow/.local/lib/python3.7/site-packages/airflow/example_dags/tutorial_dag.py
[2025-10-20T18:07:45.408+0000] {processor.py:743} INFO - Processing file /home/airflow/.local/lib/python3.7/site-packages/airflow/example_dags/tutorial_dag.py for tasks to queue
[2025-10-20T18:07:45.408+0000] {logging_mixin.py:137} INFO - [2025-10-20T18:07:45.408+0000] {dagbag.py:538} INFO - Filling up the DagBag from /home/airflow/.local/lib/python3.7/site-packages/airflow/example_dags/tutorial_dag.py
[2025-10-20T18:07:45.412+0000] {processor.py:753} INFO - DAG(s) dict_keys(['tutorial_dag']) retrieved from /home/airflow/.local/lib/python3.7/site-packages/airflow/example_dags/tutorial_dag.py
[2025-10-20T18:07:45.421+0000] {logging_mixin.py:137} INFO - [2025-10-20T18:07:45.420+0000] {dag.py:2690} INFO - Sync 1 DAGs
[2025-10-20T18:07:45.428+0000] {logging_mixin.py:137} INFO - [2025-10-20T18:07:45.428+0000] {dag.py:3441} INFO - Setting next_dagrun for tutorial_dag to None, run_after=None
[2025-10-20T18:07:45.434+0000] {processor.py:175} INFO - Processing /home/airflow/.local/lib/python3.7/site-packages/airflow/example_dags/tutorial_dag.py took 0.028 seconds
[2025-10-20T18:08:15.684+0000] {processor.py:153} INFO - Started process (PID=1463) to work on /home/airflow/.local/lib/python3.7/site-packages/airflow/example_dags/tutorial_dag.py
[2025-10-20T18:08:15.684+0000] {processor.py:743} INFO - Processing file /home/airflow/.local/lib/python3.7/site-packages/airflow/example_dags/tutorial_dag.py for tasks to queue
[2025-10-20T18:08:15.685+0000] {logging_mixin.py:137} INFO - [2025-10-20T18:08:15.685+0000] {dagbag.py:538} INFO - Filling up the DagBag from /home/airflow/.local/lib/python3.7/site-packages/airflow/example_dags/tutorial_dag.py
[2025-10-20T18:08:15.690+0000] {processor.py:753} INFO - DAG(s) dict_keys(['tutorial_dag']) retrieved from /home/airflow/.local/lib/python3.7/site-packages/airflow/example_dags/tutorial_dag.py
[2025-10-20T18:08:15.699+0000] {logging_mixin.py:137} INFO - [2025-10-20T18:08:15.699+0000] {dag.py:2690} INFO - Sync 1 DAGs
[2025-10-20T18:08:15.708+0000] {logging_mixin.py:137} INFO - [2025-10-20T18:08:15.708+0000] {dag.py:3441} INFO - Setting next_dagrun for tutorial_dag to None, run_after=None
[2025-10-20T18:08:15.715+0000] {processor.py:175} INFO - Processing /home/airflow/.local/lib/python3.7/site-packages/airflow/example_dags/tutorial_dag.py took 0.033 seconds
[2025-10-20T18:08:45.977+0000] {processor.py:153} INFO - Started process (PID=1556) to work on /home/airflow/.local/lib/python3.7/site-packages/airflow/example_dags/tutorial_dag.py
[2025-10-20T18:08:45.977+0000] {processor.py:743} INFO - Processing file /home/airflow/.local/lib/python3.7/site-packages/airflow/example_dags/tutorial_dag.py for tasks to queue
[2025-10-20T18:08:45.978+0000] {logging_mixin.py:137} INFO - [2025-10-20T18:08:45.977+0000] {dagbag.py:538} INFO - Filling up the DagBag from /home/airflow/.local/lib/python3.7/site-packages/airflow/example_dags/tutorial_dag.py
[2025-10-20T18:08:45.982+0000] {processor.py:753} INFO - DAG(s) dict_keys(['tutorial_dag']) retrieved from /home/airflow/.local/lib/python3.7/site-packages/airflow/example_dags/tutorial_dag.py
[2025-10-20T18:08:45.991+0000] {logging_mixin.py:137} INFO - [2025-10-20T18:08:45.991+0000] {dag.py:2690} INFO - Sync 1 DAGs
[2025-10-20T18:08:46.000+0000] {logging_mixin.py:137} INFO - [2025-10-20T18:08:45.999+0000] {dag.py:3441} INFO - Setting next_dagrun for tutorial_dag to None, run_after=None
[2025-10-20T18:08:46.005+0000] {processor.py:175} INFO - Processing /home/airflow/.local/lib/python3.7/site-packages/airflow/example_dags/tutorial_dag.py took 0.030 seconds
