[2025-10-20T18:00:11.495+0000] {processor.py:153} INFO - Started process (PID=63) to work on /home/airflow/.local/lib/python3.7/site-packages/airflow/example_dags/tutorial.py
[2025-10-20T18:00:11.496+0000] {processor.py:743} INFO - Processing file /home/airflow/.local/lib/python3.7/site-packages/airflow/example_dags/tutorial.py for tasks to queue
[2025-10-20T18:00:11.496+0000] {logging_mixin.py:137} INFO - [2025-10-20T18:00:11.496+0000] {dagbag.py:538} INFO - Filling up the DagBag from /home/airflow/.local/lib/python3.7/site-packages/airflow/example_dags/tutorial.py
[2025-10-20T18:00:11.506+0000] {processor.py:753} INFO - DAG(s) dict_keys(['tutorial']) retrieved from /home/airflow/.local/lib/python3.7/site-packages/airflow/example_dags/tutorial.py
[2025-10-20T18:00:11.512+0000] {logging_mixin.py:137} INFO - [2025-10-20T18:00:11.512+0000] {dag.py:2690} INFO - Sync 1 DAGs
[2025-10-20T18:00:11.523+0000] {logging_mixin.py:137} INFO - [2025-10-20T18:00:11.523+0000] {dag.py:3441} INFO - Setting next_dagrun for tutorial to 2025-10-19T18:00:11.523531+00:00, run_after=2025-10-20T18:00:11.523531+00:00
[2025-10-20T18:00:11.532+0000] {processor.py:175} INFO - Processing /home/airflow/.local/lib/python3.7/site-packages/airflow/example_dags/tutorial.py took 0.039 seconds
[2025-10-20T18:00:41.849+0000] {processor.py:153} INFO - Started process (PID=156) to work on /home/airflow/.local/lib/python3.7/site-packages/airflow/example_dags/tutorial.py
[2025-10-20T18:00:41.850+0000] {processor.py:743} INFO - Processing file /home/airflow/.local/lib/python3.7/site-packages/airflow/example_dags/tutorial.py for tasks to queue
[2025-10-20T18:00:41.850+0000] {logging_mixin.py:137} INFO - [2025-10-20T18:00:41.850+0000] {dagbag.py:538} INFO - Filling up the DagBag from /home/airflow/.local/lib/python3.7/site-packages/airflow/example_dags/tutorial.py
[2025-10-20T18:00:41.856+0000] {processor.py:753} INFO - DAG(s) dict_keys(['tutorial']) retrieved from /home/airflow/.local/lib/python3.7/site-packages/airflow/example_dags/tutorial.py
[2025-10-20T18:00:41.865+0000] {logging_mixin.py:137} INFO - [2025-10-20T18:00:41.865+0000] {dag.py:2690} INFO - Sync 1 DAGs
[2025-10-20T18:00:41.874+0000] {logging_mixin.py:137} INFO - [2025-10-20T18:00:41.874+0000] {dag.py:3441} INFO - Setting next_dagrun for tutorial to 2025-10-19T18:00:41.874522+00:00, run_after=2025-10-20T18:00:41.874522+00:00
[2025-10-20T18:00:41.881+0000] {processor.py:175} INFO - Processing /home/airflow/.local/lib/python3.7/site-packages/airflow/example_dags/tutorial.py took 0.034 seconds
[2025-10-20T18:01:12.391+0000] {processor.py:153} INFO - Started process (PID=249) to work on /home/airflow/.local/lib/python3.7/site-packages/airflow/example_dags/tutorial.py
[2025-10-20T18:01:12.392+0000] {processor.py:743} INFO - Processing file /home/airflow/.local/lib/python3.7/site-packages/airflow/example_dags/tutorial.py for tasks to queue
[2025-10-20T18:01:12.392+0000] {logging_mixin.py:137} INFO - [2025-10-20T18:01:12.392+0000] {dagbag.py:538} INFO - Filling up the DagBag from /home/airflow/.local/lib/python3.7/site-packages/airflow/example_dags/tutorial.py
[2025-10-20T18:01:12.401+0000] {processor.py:753} INFO - DAG(s) dict_keys(['tutorial']) retrieved from /home/airflow/.local/lib/python3.7/site-packages/airflow/example_dags/tutorial.py
[2025-10-20T18:01:12.412+0000] {logging_mixin.py:137} INFO - [2025-10-20T18:01:12.412+0000] {dag.py:2690} INFO - Sync 1 DAGs
[2025-10-20T18:01:12.423+0000] {logging_mixin.py:137} INFO - [2025-10-20T18:01:12.423+0000] {dag.py:3441} INFO - Setting next_dagrun for tutorial to 2025-10-19T18:01:12.423363+00:00, run_after=2025-10-20T18:01:12.423363+00:00
[2025-10-20T18:01:12.431+0000] {processor.py:175} INFO - Processing /home/airflow/.local/lib/python3.7/site-packages/airflow/example_dags/tutorial.py took 0.042 seconds
[2025-10-20T18:01:42.668+0000] {processor.py:153} INFO - Started process (PID=324) to work on /home/airflow/.local/lib/python3.7/site-packages/airflow/example_dags/tutorial.py
[2025-10-20T18:01:42.668+0000] {processor.py:743} INFO - Processing file /home/airflow/.local/lib/python3.7/site-packages/airflow/example_dags/tutorial.py for tasks to queue
[2025-10-20T18:01:42.669+0000] {logging_mixin.py:137} INFO - [2025-10-20T18:01:42.669+0000] {dagbag.py:538} INFO - Filling up the DagBag from /home/airflow/.local/lib/python3.7/site-packages/airflow/example_dags/tutorial.py
[2025-10-20T18:01:42.674+0000] {processor.py:753} INFO - DAG(s) dict_keys(['tutorial']) retrieved from /home/airflow/.local/lib/python3.7/site-packages/airflow/example_dags/tutorial.py
[2025-10-20T18:01:42.684+0000] {logging_mixin.py:137} INFO - [2025-10-20T18:01:42.684+0000] {dag.py:2690} INFO - Sync 1 DAGs
[2025-10-20T18:01:42.694+0000] {logging_mixin.py:137} INFO - [2025-10-20T18:01:42.694+0000] {dag.py:3441} INFO - Setting next_dagrun for tutorial to 2025-10-19T18:01:42.693972+00:00, run_after=2025-10-20T18:01:42.693972+00:00
[2025-10-20T18:01:42.700+0000] {processor.py:175} INFO - Processing /home/airflow/.local/lib/python3.7/site-packages/airflow/example_dags/tutorial.py took 0.033 seconds
[2025-10-20T18:02:12.893+0000] {processor.py:153} INFO - Started process (PID=417) to work on /home/airflow/.local/lib/python3.7/site-packages/airflow/example_dags/tutorial.py
[2025-10-20T18:02:12.893+0000] {processor.py:743} INFO - Processing file /home/airflow/.local/lib/python3.7/site-packages/airflow/example_dags/tutorial.py for tasks to queue
[2025-10-20T18:02:12.894+0000] {logging_mixin.py:137} INFO - [2025-10-20T18:02:12.894+0000] {dagbag.py:538} INFO - Filling up the DagBag from /home/airflow/.local/lib/python3.7/site-packages/airflow/example_dags/tutorial.py
[2025-10-20T18:02:12.900+0000] {processor.py:753} INFO - DAG(s) dict_keys(['tutorial']) retrieved from /home/airflow/.local/lib/python3.7/site-packages/airflow/example_dags/tutorial.py
[2025-10-20T18:02:12.911+0000] {logging_mixin.py:137} INFO - [2025-10-20T18:02:12.911+0000] {dag.py:2690} INFO - Sync 1 DAGs
[2025-10-20T18:02:12.920+0000] {logging_mixin.py:137} INFO - [2025-10-20T18:02:12.920+0000] {dag.py:3441} INFO - Setting next_dagrun for tutorial to 2025-10-19T18:02:12.920052+00:00, run_after=2025-10-20T18:02:12.920052+00:00
[2025-10-20T18:02:12.926+0000] {processor.py:175} INFO - Processing /home/airflow/.local/lib/python3.7/site-packages/airflow/example_dags/tutorial.py took 0.035 seconds
[2025-10-20T18:02:43.042+0000] {processor.py:153} INFO - Started process (PID=510) to work on /home/airflow/.local/lib/python3.7/site-packages/airflow/example_dags/tutorial.py
[2025-10-20T18:02:43.043+0000] {processor.py:743} INFO - Processing file /home/airflow/.local/lib/python3.7/site-packages/airflow/example_dags/tutorial.py for tasks to queue
[2025-10-20T18:02:43.043+0000] {logging_mixin.py:137} INFO - [2025-10-20T18:02:43.043+0000] {dagbag.py:538} INFO - Filling up the DagBag from /home/airflow/.local/lib/python3.7/site-packages/airflow/example_dags/tutorial.py
[2025-10-20T18:02:43.048+0000] {processor.py:753} INFO - DAG(s) dict_keys(['tutorial']) retrieved from /home/airflow/.local/lib/python3.7/site-packages/airflow/example_dags/tutorial.py
[2025-10-20T18:02:43.057+0000] {logging_mixin.py:137} INFO - [2025-10-20T18:02:43.056+0000] {dag.py:2690} INFO - Sync 1 DAGs
[2025-10-20T18:02:43.064+0000] {logging_mixin.py:137} INFO - [2025-10-20T18:02:43.064+0000] {dag.py:3441} INFO - Setting next_dagrun for tutorial to 2025-10-19T18:02:43.064711+00:00, run_after=2025-10-20T18:02:43.064711+00:00
[2025-10-20T18:02:43.070+0000] {processor.py:175} INFO - Processing /home/airflow/.local/lib/python3.7/site-packages/airflow/example_dags/tutorial.py took 0.029 seconds
[2025-10-20T18:03:13.391+0000] {processor.py:153} INFO - Started process (PID=602) to work on /home/airflow/.local/lib/python3.7/site-packages/airflow/example_dags/tutorial.py
[2025-10-20T18:03:13.392+0000] {processor.py:743} INFO - Processing file /home/airflow/.local/lib/python3.7/site-packages/airflow/example_dags/tutorial.py for tasks to queue
[2025-10-20T18:03:13.392+0000] {logging_mixin.py:137} INFO - [2025-10-20T18:03:13.392+0000] {dagbag.py:538} INFO - Filling up the DagBag from /home/airflow/.local/lib/python3.7/site-packages/airflow/example_dags/tutorial.py
[2025-10-20T18:03:13.397+0000] {processor.py:753} INFO - DAG(s) dict_keys(['tutorial']) retrieved from /home/airflow/.local/lib/python3.7/site-packages/airflow/example_dags/tutorial.py
[2025-10-20T18:03:13.406+0000] {logging_mixin.py:137} INFO - [2025-10-20T18:03:13.406+0000] {dag.py:2690} INFO - Sync 1 DAGs
[2025-10-20T18:03:13.415+0000] {logging_mixin.py:137} INFO - [2025-10-20T18:03:13.415+0000] {dag.py:3441} INFO - Setting next_dagrun for tutorial to 2025-10-19T18:03:13.415562+00:00, run_after=2025-10-20T18:03:13.415562+00:00
[2025-10-20T18:03:13.421+0000] {processor.py:175} INFO - Processing /home/airflow/.local/lib/python3.7/site-packages/airflow/example_dags/tutorial.py took 0.031 seconds
[2025-10-20T18:03:43.602+0000] {processor.py:153} INFO - Started process (PID=677) to work on /home/airflow/.local/lib/python3.7/site-packages/airflow/example_dags/tutorial.py
[2025-10-20T18:03:43.602+0000] {processor.py:743} INFO - Processing file /home/airflow/.local/lib/python3.7/site-packages/airflow/example_dags/tutorial.py for tasks to queue
[2025-10-20T18:03:43.603+0000] {logging_mixin.py:137} INFO - [2025-10-20T18:03:43.602+0000] {dagbag.py:538} INFO - Filling up the DagBag from /home/airflow/.local/lib/python3.7/site-packages/airflow/example_dags/tutorial.py
[2025-10-20T18:03:43.608+0000] {processor.py:753} INFO - DAG(s) dict_keys(['tutorial']) retrieved from /home/airflow/.local/lib/python3.7/site-packages/airflow/example_dags/tutorial.py
[2025-10-20T18:03:43.617+0000] {logging_mixin.py:137} INFO - [2025-10-20T18:03:43.617+0000] {dag.py:2690} INFO - Sync 1 DAGs
[2025-10-20T18:03:43.626+0000] {logging_mixin.py:137} INFO - [2025-10-20T18:03:43.626+0000] {dag.py:3441} INFO - Setting next_dagrun for tutorial to 2025-10-19T18:03:43.626338+00:00, run_after=2025-10-20T18:03:43.626338+00:00
[2025-10-20T18:03:43.632+0000] {processor.py:175} INFO - Processing /home/airflow/.local/lib/python3.7/site-packages/airflow/example_dags/tutorial.py took 0.031 seconds
[2025-10-20T18:04:13.835+0000] {processor.py:153} INFO - Started process (PID=770) to work on /home/airflow/.local/lib/python3.7/site-packages/airflow/example_dags/tutorial.py
[2025-10-20T18:04:13.836+0000] {processor.py:743} INFO - Processing file /home/airflow/.local/lib/python3.7/site-packages/airflow/example_dags/tutorial.py for tasks to queue
[2025-10-20T18:04:13.836+0000] {logging_mixin.py:137} INFO - [2025-10-20T18:04:13.836+0000] {dagbag.py:538} INFO - Filling up the DagBag from /home/airflow/.local/lib/python3.7/site-packages/airflow/example_dags/tutorial.py
[2025-10-20T18:04:13.841+0000] {processor.py:753} INFO - DAG(s) dict_keys(['tutorial']) retrieved from /home/airflow/.local/lib/python3.7/site-packages/airflow/example_dags/tutorial.py
[2025-10-20T18:04:13.850+0000] {logging_mixin.py:137} INFO - [2025-10-20T18:04:13.850+0000] {dag.py:2690} INFO - Sync 1 DAGs
[2025-10-20T18:04:13.858+0000] {logging_mixin.py:137} INFO - [2025-10-20T18:04:13.858+0000] {dag.py:3441} INFO - Setting next_dagrun for tutorial to 2025-10-19T18:04:13.858689+00:00, run_after=2025-10-20T18:04:13.858689+00:00
[2025-10-20T18:04:13.866+0000] {processor.py:175} INFO - Processing /home/airflow/.local/lib/python3.7/site-packages/airflow/example_dags/tutorial.py took 0.032 seconds
[2025-10-20T18:04:44.100+0000] {processor.py:153} INFO - Started process (PID=863) to work on /home/airflow/.local/lib/python3.7/site-packages/airflow/example_dags/tutorial.py
[2025-10-20T18:04:44.100+0000] {processor.py:743} INFO - Processing file /home/airflow/.local/lib/python3.7/site-packages/airflow/example_dags/tutorial.py for tasks to queue
[2025-10-20T18:04:44.101+0000] {logging_mixin.py:137} INFO - [2025-10-20T18:04:44.101+0000] {dagbag.py:538} INFO - Filling up the DagBag from /home/airflow/.local/lib/python3.7/site-packages/airflow/example_dags/tutorial.py
[2025-10-20T18:04:44.106+0000] {processor.py:753} INFO - DAG(s) dict_keys(['tutorial']) retrieved from /home/airflow/.local/lib/python3.7/site-packages/airflow/example_dags/tutorial.py
[2025-10-20T18:04:44.115+0000] {logging_mixin.py:137} INFO - [2025-10-20T18:04:44.115+0000] {dag.py:2690} INFO - Sync 1 DAGs
[2025-10-20T18:04:44.124+0000] {logging_mixin.py:137} INFO - [2025-10-20T18:04:44.124+0000] {dag.py:3441} INFO - Setting next_dagrun for tutorial to 2025-10-19T18:04:44.124070+00:00, run_after=2025-10-20T18:04:44.124070+00:00
[2025-10-20T18:04:44.130+0000] {processor.py:175} INFO - Processing /home/airflow/.local/lib/python3.7/site-packages/airflow/example_dags/tutorial.py took 0.031 seconds
[2025-10-20T18:05:14.321+0000] {processor.py:153} INFO - Started process (PID=956) to work on /home/airflow/.local/lib/python3.7/site-packages/airflow/example_dags/tutorial.py
[2025-10-20T18:05:14.321+0000] {processor.py:743} INFO - Processing file /home/airflow/.local/lib/python3.7/site-packages/airflow/example_dags/tutorial.py for tasks to queue
[2025-10-20T18:05:14.321+0000] {logging_mixin.py:137} INFO - [2025-10-20T18:05:14.321+0000] {dagbag.py:538} INFO - Filling up the DagBag from /home/airflow/.local/lib/python3.7/site-packages/airflow/example_dags/tutorial.py
[2025-10-20T18:05:14.326+0000] {processor.py:753} INFO - DAG(s) dict_keys(['tutorial']) retrieved from /home/airflow/.local/lib/python3.7/site-packages/airflow/example_dags/tutorial.py
[2025-10-20T18:05:14.336+0000] {logging_mixin.py:137} INFO - [2025-10-20T18:05:14.336+0000] {dag.py:2690} INFO - Sync 1 DAGs
[2025-10-20T18:05:14.346+0000] {logging_mixin.py:137} INFO - [2025-10-20T18:05:14.346+0000] {dag.py:3441} INFO - Setting next_dagrun for tutorial to 2025-10-19T18:05:14.346435+00:00, run_after=2025-10-20T18:05:14.346435+00:00
[2025-10-20T18:05:14.352+0000] {processor.py:175} INFO - Processing /home/airflow/.local/lib/python3.7/site-packages/airflow/example_dags/tutorial.py took 0.033 seconds
[2025-10-20T18:05:44.920+0000] {processor.py:153} INFO - Started process (PID=1031) to work on /home/airflow/.local/lib/python3.7/site-packages/airflow/example_dags/tutorial.py
[2025-10-20T18:05:44.921+0000] {processor.py:743} INFO - Processing file /home/airflow/.local/lib/python3.7/site-packages/airflow/example_dags/tutorial.py for tasks to queue
[2025-10-20T18:05:44.921+0000] {logging_mixin.py:137} INFO - [2025-10-20T18:05:44.921+0000] {dagbag.py:538} INFO - Filling up the DagBag from /home/airflow/.local/lib/python3.7/site-packages/airflow/example_dags/tutorial.py
[2025-10-20T18:05:44.931+0000] {processor.py:753} INFO - DAG(s) dict_keys(['tutorial']) retrieved from /home/airflow/.local/lib/python3.7/site-packages/airflow/example_dags/tutorial.py
[2025-10-20T18:05:44.945+0000] {logging_mixin.py:137} INFO - [2025-10-20T18:05:44.945+0000] {dag.py:2690} INFO - Sync 1 DAGs
[2025-10-20T18:05:44.975+0000] {logging_mixin.py:137} INFO - [2025-10-20T18:05:44.975+0000] {dag.py:3441} INFO - Setting next_dagrun for tutorial to 2025-10-19T18:05:44.974681+00:00, run_after=2025-10-20T18:05:44.974681+00:00
[2025-10-20T18:05:45.084+0000] {processor.py:175} INFO - Processing /home/airflow/.local/lib/python3.7/site-packages/airflow/example_dags/tutorial.py took 0.165 seconds
[2025-10-20T18:06:16.040+0000] {processor.py:153} INFO - Started process (PID=1124) to work on /home/airflow/.local/lib/python3.7/site-packages/airflow/example_dags/tutorial.py
[2025-10-20T18:06:16.042+0000] {processor.py:743} INFO - Processing file /home/airflow/.local/lib/python3.7/site-packages/airflow/example_dags/tutorial.py for tasks to queue
[2025-10-20T18:06:16.043+0000] {logging_mixin.py:137} INFO - [2025-10-20T18:06:16.042+0000] {dagbag.py:538} INFO - Filling up the DagBag from /home/airflow/.local/lib/python3.7/site-packages/airflow/example_dags/tutorial.py
[2025-10-20T18:06:16.055+0000] {processor.py:753} INFO - DAG(s) dict_keys(['tutorial']) retrieved from /home/airflow/.local/lib/python3.7/site-packages/airflow/example_dags/tutorial.py
[2025-10-20T18:06:16.071+0000] {logging_mixin.py:137} INFO - [2025-10-20T18:06:16.070+0000] {dag.py:2690} INFO - Sync 1 DAGs
[2025-10-20T18:06:16.084+0000] {logging_mixin.py:137} INFO - [2025-10-20T18:06:16.083+0000] {dag.py:3441} INFO - Setting next_dagrun for tutorial to 2025-10-19T18:06:16.083878+00:00, run_after=2025-10-20T18:06:16.083878+00:00
[2025-10-20T18:06:16.094+0000] {processor.py:175} INFO - Processing /home/airflow/.local/lib/python3.7/site-packages/airflow/example_dags/tutorial.py took 0.059 seconds
[2025-10-20T18:06:46.421+0000] {processor.py:153} INFO - Started process (PID=1217) to work on /home/airflow/.local/lib/python3.7/site-packages/airflow/example_dags/tutorial.py
[2025-10-20T18:06:46.422+0000] {processor.py:743} INFO - Processing file /home/airflow/.local/lib/python3.7/site-packages/airflow/example_dags/tutorial.py for tasks to queue
[2025-10-20T18:06:46.423+0000] {logging_mixin.py:137} INFO - [2025-10-20T18:06:46.423+0000] {dagbag.py:538} INFO - Filling up the DagBag from /home/airflow/.local/lib/python3.7/site-packages/airflow/example_dags/tutorial.py
[2025-10-20T18:06:46.436+0000] {processor.py:753} INFO - DAG(s) dict_keys(['tutorial']) retrieved from /home/airflow/.local/lib/python3.7/site-packages/airflow/example_dags/tutorial.py
[2025-10-20T18:06:46.450+0000] {logging_mixin.py:137} INFO - [2025-10-20T18:06:46.450+0000] {dag.py:2690} INFO - Sync 1 DAGs
[2025-10-20T18:06:46.462+0000] {logging_mixin.py:137} INFO - [2025-10-20T18:06:46.462+0000] {dag.py:3441} INFO - Setting next_dagrun for tutorial to 2025-10-19T18:06:46.461997+00:00, run_after=2025-10-20T18:06:46.461997+00:00
[2025-10-20T18:06:46.469+0000] {processor.py:175} INFO - Processing /home/airflow/.local/lib/python3.7/site-packages/airflow/example_dags/tutorial.py took 0.052 seconds
[2025-10-20T18:07:16.620+0000] {processor.py:153} INFO - Started process (PID=1310) to work on /home/airflow/.local/lib/python3.7/site-packages/airflow/example_dags/tutorial.py
[2025-10-20T18:07:16.622+0000] {processor.py:743} INFO - Processing file /home/airflow/.local/lib/python3.7/site-packages/airflow/example_dags/tutorial.py for tasks to queue
[2025-10-20T18:07:16.623+0000] {logging_mixin.py:137} INFO - [2025-10-20T18:07:16.623+0000] {dagbag.py:538} INFO - Filling up the DagBag from /home/airflow/.local/lib/python3.7/site-packages/airflow/example_dags/tutorial.py
[2025-10-20T18:07:16.635+0000] {processor.py:753} INFO - DAG(s) dict_keys(['tutorial']) retrieved from /home/airflow/.local/lib/python3.7/site-packages/airflow/example_dags/tutorial.py
[2025-10-20T18:07:16.649+0000] {logging_mixin.py:137} INFO - [2025-10-20T18:07:16.649+0000] {dag.py:2690} INFO - Sync 1 DAGs
[2025-10-20T18:07:16.660+0000] {logging_mixin.py:137} INFO - [2025-10-20T18:07:16.660+0000] {dag.py:3441} INFO - Setting next_dagrun for tutorial to 2025-10-19T18:07:16.660234+00:00, run_after=2025-10-20T18:07:16.660234+00:00
[2025-10-20T18:07:16.667+0000] {processor.py:175} INFO - Processing /home/airflow/.local/lib/python3.7/site-packages/airflow/example_dags/tutorial.py took 0.052 seconds
[2025-10-20T18:07:46.765+0000] {processor.py:153} INFO - Started process (PID=1392) to work on /home/airflow/.local/lib/python3.7/site-packages/airflow/example_dags/tutorial.py
[2025-10-20T18:07:46.766+0000] {processor.py:743} INFO - Processing file /home/airflow/.local/lib/python3.7/site-packages/airflow/example_dags/tutorial.py for tasks to queue
[2025-10-20T18:07:46.766+0000] {logging_mixin.py:137} INFO - [2025-10-20T18:07:46.766+0000] {dagbag.py:538} INFO - Filling up the DagBag from /home/airflow/.local/lib/python3.7/site-packages/airflow/example_dags/tutorial.py
[2025-10-20T18:07:46.773+0000] {processor.py:753} INFO - DAG(s) dict_keys(['tutorial']) retrieved from /home/airflow/.local/lib/python3.7/site-packages/airflow/example_dags/tutorial.py
[2025-10-20T18:07:46.785+0000] {logging_mixin.py:137} INFO - [2025-10-20T18:07:46.785+0000] {dag.py:2690} INFO - Sync 1 DAGs
[2025-10-20T18:07:46.795+0000] {logging_mixin.py:137} INFO - [2025-10-20T18:07:46.795+0000] {dag.py:3441} INFO - Setting next_dagrun for tutorial to 2025-10-19T18:07:46.795411+00:00, run_after=2025-10-20T18:07:46.795411+00:00
[2025-10-20T18:07:46.803+0000] {processor.py:175} INFO - Processing /home/airflow/.local/lib/python3.7/site-packages/airflow/example_dags/tutorial.py took 0.040 seconds
[2025-10-20T18:08:17.064+0000] {processor.py:153} INFO - Started process (PID=1478) to work on /home/airflow/.local/lib/python3.7/site-packages/airflow/example_dags/tutorial.py
[2025-10-20T18:08:17.065+0000] {processor.py:743} INFO - Processing file /home/airflow/.local/lib/python3.7/site-packages/airflow/example_dags/tutorial.py for tasks to queue
[2025-10-20T18:08:17.065+0000] {logging_mixin.py:137} INFO - [2025-10-20T18:08:17.065+0000] {dagbag.py:538} INFO - Filling up the DagBag from /home/airflow/.local/lib/python3.7/site-packages/airflow/example_dags/tutorial.py
[2025-10-20T18:08:17.078+0000] {processor.py:753} INFO - DAG(s) dict_keys(['tutorial']) retrieved from /home/airflow/.local/lib/python3.7/site-packages/airflow/example_dags/tutorial.py
[2025-10-20T18:08:17.093+0000] {logging_mixin.py:137} INFO - [2025-10-20T18:08:17.093+0000] {dag.py:2690} INFO - Sync 1 DAGs
[2025-10-20T18:08:17.107+0000] {logging_mixin.py:137} INFO - [2025-10-20T18:08:17.107+0000] {dag.py:3441} INFO - Setting next_dagrun for tutorial to 2025-10-19T18:08:17.107712+00:00, run_after=2025-10-20T18:08:17.107712+00:00
[2025-10-20T18:08:17.115+0000] {processor.py:175} INFO - Processing /home/airflow/.local/lib/python3.7/site-packages/airflow/example_dags/tutorial.py took 0.056 seconds
[2025-10-20T18:08:47.384+0000] {processor.py:153} INFO - Started process (PID=1571) to work on /home/airflow/.local/lib/python3.7/site-packages/airflow/example_dags/tutorial.py
[2025-10-20T18:08:47.386+0000] {processor.py:743} INFO - Processing file /home/airflow/.local/lib/python3.7/site-packages/airflow/example_dags/tutorial.py for tasks to queue
[2025-10-20T18:08:47.387+0000] {logging_mixin.py:137} INFO - [2025-10-20T18:08:47.387+0000] {dagbag.py:538} INFO - Filling up the DagBag from /home/airflow/.local/lib/python3.7/site-packages/airflow/example_dags/tutorial.py
[2025-10-20T18:08:47.398+0000] {processor.py:753} INFO - DAG(s) dict_keys(['tutorial']) retrieved from /home/airflow/.local/lib/python3.7/site-packages/airflow/example_dags/tutorial.py
[2025-10-20T18:08:47.414+0000] {logging_mixin.py:137} INFO - [2025-10-20T18:08:47.414+0000] {dag.py:2690} INFO - Sync 1 DAGs
[2025-10-20T18:08:47.427+0000] {logging_mixin.py:137} INFO - [2025-10-20T18:08:47.427+0000] {dag.py:3441} INFO - Setting next_dagrun for tutorial to 2025-10-19T18:08:47.427050+00:00, run_after=2025-10-20T18:08:47.427050+00:00
[2025-10-20T18:08:47.435+0000] {processor.py:175} INFO - Processing /home/airflow/.local/lib/python3.7/site-packages/airflow/example_dags/tutorial.py took 0.054 seconds
