[2025-10-20T18:38:16.724+0000] {taskinstance.py:1083} INFO - Dependencies all met for <TaskInstance: your_python_dag.data_preprocessing manual__2025-10-20T18:38:14.846603+00:00 [queued]>
[2025-10-20T18:38:16.727+0000] {taskinstance.py:1083} INFO - Dependencies all met for <TaskInstance: your_python_dag.data_preprocessing manual__2025-10-20T18:38:14.846603+00:00 [queued]>
[2025-10-20T18:38:16.727+0000] {taskinstance.py:1279} INFO - 
--------------------------------------------------------------------------------
[2025-10-20T18:38:16.727+0000] {taskinstance.py:1280} INFO - Starting attempt 1 of 1
[2025-10-20T18:38:16.727+0000] {taskinstance.py:1281} INFO - 
--------------------------------------------------------------------------------
[2025-10-20T18:38:16.731+0000] {taskinstance.py:1300} INFO - Executing <Task(PythonOperator): data_preprocessing> on 2025-10-20 18:38:14.846603+00:00
[2025-10-20T18:38:16.734+0000] {standard_task_runner.py:55} INFO - Started process 773 to run task
[2025-10-20T18:38:16.735+0000] {standard_task_runner.py:82} INFO - Running: ['***', 'tasks', 'run', 'your_python_dag', 'data_preprocessing', 'manual__2025-10-20T18:38:14.846603+00:00', '--job-id', '14', '--raw', '--subdir', 'DAGS_FOLDER/***.py', '--cfg-path', '/tmp/tmp3c86i23i']
[2025-10-20T18:38:16.736+0000] {standard_task_runner.py:83} INFO - Job 14: Subtask data_preprocessing
[2025-10-20T18:38:16.755+0000] {task_command.py:388} INFO - Running <TaskInstance: your_python_dag.data_preprocessing manual__2025-10-20T18:38:14.846603+00:00 [running]> on host a5e1af053224
[2025-10-20T18:38:16.787+0000] {taskinstance.py:1509} INFO - Exporting the following env vars:
AIRFLOW_CTX_DAG_OWNER=sreevarshan
AIRFLOW_CTX_DAG_ID=your_python_dag
AIRFLOW_CTX_TASK_ID=data_preprocessing
AIRFLOW_CTX_EXECUTION_DATE=2025-10-20T18:38:14.846603+00:00
AIRFLOW_CTX_TRY_NUMBER=1
AIRFLOW_CTX_DAG_RUN_ID=manual__2025-10-20T18:38:14.846603+00:00
[2025-10-20T18:38:16.789+0000] {python.py:177} INFO - Done. Returned value was:      magnitude  cdi  mmi  sig  nst  ...  latitude  longitude  Year  Month  tsunami
0          7.0    8    7  768  117  ...   -9.7963    159.596  2022     11        1
1          6.9    4    4  735   99  ...   -4.9559    100.738  2022     11        0
2          7.0    3    3  755  147  ...  -20.0508   -178.346  2022     11        1
3          7.3    5    5  833  149  ...  -19.2918   -172.129  2022     11        1
4          6.6    0    2  670  131  ...  -25.5948    178.278  2022     11        1
..         ...  ...  ...  ...  ...  ...       ...        ...   ...    ...      ...
777        7.7    0    8  912  427  ...   13.0490    -88.660  2001      1        0
778        6.9    5    7  745    0  ...   56.7744   -153.281  2001      1        0
779        7.1    0    7  776  372  ...  -14.9280    167.170  2001      1        0
780        6.8    0    5  711   64  ...    6.6310    126.899  2001      1        0
781        7.5    0    7  865  324  ...    6.8980    126.579  2001      1        0

[782 rows x 13 columns]
[2025-10-20T18:38:16.806+0000] {taskinstance.py:1323} INFO - Marking task as SUCCESS. dag_id=your_python_dag, task_id=data_preprocessing, execution_date=20251020T183814, start_date=20251020T183816, end_date=20251020T183816
[2025-10-20T18:38:16.833+0000] {local_task_job.py:208} INFO - Task exited with return code 0
[2025-10-20T18:38:16.844+0000] {taskinstance.py:2578} INFO - 1 downstream tasks scheduled from follow-on schedule check
