[2025-10-20T18:53:20.930+0000] {taskinstance.py:1083} INFO - Dependencies all met for <TaskInstance: global_earthquake_tsunami_risk_assessment.evaluate_optimal_cluster_elbow manual__2025-10-20T18:53:14.083611+00:00 [queued]>
[2025-10-20T18:53:20.939+0000] {taskinstance.py:1083} INFO - Dependencies all met for <TaskInstance: global_earthquake_tsunami_risk_assessment.evaluate_optimal_cluster_elbow manual__2025-10-20T18:53:14.083611+00:00 [queued]>
[2025-10-20T18:53:20.939+0000] {taskinstance.py:1279} INFO - 
--------------------------------------------------------------------------------
[2025-10-20T18:53:20.939+0000] {taskinstance.py:1280} INFO - Starting attempt 1 of 1
[2025-10-20T18:53:20.939+0000] {taskinstance.py:1281} INFO - 
--------------------------------------------------------------------------------
[2025-10-20T18:53:20.945+0000] {taskinstance.py:1300} INFO - Executing <Task(PythonOperator): evaluate_optimal_cluster_elbow> on 2025-10-20 18:53:14.083611+00:00
[2025-10-20T18:53:20.948+0000] {standard_task_runner.py:55} INFO - Started process 757 to run task
[2025-10-20T18:53:20.951+0000] {standard_task_runner.py:82} INFO - Running: ['***', 'tasks', 'run', 'global_earthquake_tsunami_risk_assessment', 'evaluate_optimal_cluster_elbow', 'manual__2025-10-20T18:53:14.083611+00:00', '--job-id', '30', '--raw', '--subdir', 'DAGS_FOLDER/***.py', '--cfg-path', '/tmp/tmp8_ao3mq3']
[2025-10-20T18:53:20.953+0000] {standard_task_runner.py:83} INFO - Job 30: Subtask evaluate_optimal_cluster_elbow
[2025-10-20T18:53:20.981+0000] {task_command.py:388} INFO - Running <TaskInstance: global_earthquake_tsunami_risk_assessment.evaluate_optimal_cluster_elbow manual__2025-10-20T18:53:14.083611+00:00 [running]> on host a5e1af053224
[2025-10-20T18:53:21.013+0000] {taskinstance.py:1509} INFO - Exporting the following env vars:
AIRFLOW_CTX_DAG_OWNER=sreevarshan
AIRFLOW_CTX_DAG_ID=global_earthquake_tsunami_risk_assessment
AIRFLOW_CTX_TASK_ID=evaluate_optimal_cluster_elbow
AIRFLOW_CTX_EXECUTION_DATE=2025-10-20T18:53:14.083611+00:00
AIRFLOW_CTX_TRY_NUMBER=1
AIRFLOW_CTX_DAG_RUN_ID=manual__2025-10-20T18:53:14.083611+00:00
[2025-10-20T18:53:21.015+0000] {python.py:177} INFO - Done. Returned value was: 3
[2025-10-20T18:53:21.023+0000] {taskinstance.py:1323} INFO - Marking task as SUCCESS. dag_id=global_earthquake_tsunami_risk_assessment, task_id=evaluate_optimal_cluster_elbow, execution_date=20251020T185314, start_date=20251020T185320, end_date=20251020T185321
[2025-10-20T18:53:21.050+0000] {local_task_job.py:208} INFO - Task exited with return code 0
[2025-10-20T18:53:21.058+0000] {taskinstance.py:2578} INFO - 0 downstream tasks scheduled from follow-on schedule check
